[0.036s] Invoking command in '/home/cairlab/teleop-keyboard-husky-foxy-devel/build/husky_gazebo': CMAKE_PREFIX_PATH=/home/cairlab/teleop-keyboard-husky-foxy-devel/install/husky_control:/home/cairlab/teleop-keyboard-husky-foxy-devel/install/husky_description:/home/cairlab/teleop-keyboard-husky-foxy-devel/install/multi_husky_gazebo:/home/cairlab/teleop-keyboard-husky-foxy-devel/install/husky_desktop:/home/cairlab/teleop-keyboard-husky-foxy-devel/install/husky_viz:/home/cairlab/teleop-keyboard-husky-foxy-devel/install/husky_simulator:/home/cairlab/teleop-keyboard-husky-foxy-devel/install/husky_robot:/home/cairlab/teleop-keyboard-husky-foxy-devel/install/husky_bringup:/home/cairlab/teleop-keyboard-husky-foxy-devel/install/husky_base:/home/cairlab/teleop-keyboard-husky-foxy-devel/install/husky_msgs:/home/cairlab/teleop-keyboard-husky-foxy-devel/install/husky_gazebo:/home/cairlab/teleop-keyboard-husky-foxy-devel/install/teleop_twist_keyboard:/opt/ros/foxy /usr/bin/cmake /home/cairlab/teleop-keyboard-husky-foxy-devel/src/husky_gazebo -DAMENT_CMAKE_SYMLINK_INSTALL=1 -DCMAKE_INSTALL_PREFIX=/home/cairlab/teleop-keyboard-husky-foxy-devel/install/husky_gazebo
[0.093s] -- The C compiler identification is GNU 9.4.0
[0.142s] -- The CXX compiler identification is GNU 9.4.0
[0.146s] -- Check for working C compiler: /usr/bin/cc
[0.207s] -- Check for working C compiler: /usr/bin/cc -- works
[0.207s] -- Detecting C compiler ABI info
[0.263s] -- Detecting C compiler ABI info - done
[0.273s] -- Detecting C compile features
[0.273s] -- Detecting C compile features - done
[0.275s] -- Check for working CXX compiler: /usr/bin/c++
[0.341s] -- Check for working CXX compiler: /usr/bin/c++ -- works
[0.342s] -- Detecting CXX compiler ABI info
[0.408s] -- Detecting CXX compiler ABI info - done
[0.418s] -- Detecting CXX compile features
[0.419s] -- Detecting CXX compile features - done
[0.420s] -- Found ament_cmake: 0.9.12 (/opt/ros/foxy/share/ament_cmake/cmake)
[0.445s] -- Found PythonInterp: /usr/bin/python3 (found suitable version "3.8.10", minimum required is "3") 
[0.445s] -- Using PYTHON_EXECUTABLE: /usr/bin/python3
[0.587s] -- Override CMake install command with custom implementation using symlinks instead of copying resources
[0.611s] -- Found urdf: 2.4.0 (/opt/ros/foxy/share/urdf/cmake)
[0.638s] -- Found xacro: 2.0.7 (/opt/ros/foxy/share/xacro/cmake)
[0.712s] -- Configuring done
[0.713s] -- Generating done
[0.714s] -- Build files have been written to: /home/cairlab/teleop-keyboard-husky-foxy-devel/build/husky_gazebo
[0.718s] Invoked command in '/home/cairlab/teleop-keyboard-husky-foxy-devel/build/husky_gazebo' returned '0': CMAKE_PREFIX_PATH=/home/cairlab/teleop-keyboard-husky-foxy-devel/install/husky_control:/home/cairlab/teleop-keyboard-husky-foxy-devel/install/husky_description:/home/cairlab/teleop-keyboard-husky-foxy-devel/install/multi_husky_gazebo:/home/cairlab/teleop-keyboard-husky-foxy-devel/install/husky_desktop:/home/cairlab/teleop-keyboard-husky-foxy-devel/install/husky_viz:/home/cairlab/teleop-keyboard-husky-foxy-devel/install/husky_simulator:/home/cairlab/teleop-keyboard-husky-foxy-devel/install/husky_robot:/home/cairlab/teleop-keyboard-husky-foxy-devel/install/husky_bringup:/home/cairlab/teleop-keyboard-husky-foxy-devel/install/husky_base:/home/cairlab/teleop-keyboard-husky-foxy-devel/install/husky_msgs:/home/cairlab/teleop-keyboard-husky-foxy-devel/install/husky_gazebo:/home/cairlab/teleop-keyboard-husky-foxy-devel/install/teleop_twist_keyboard:/opt/ros/foxy /usr/bin/cmake /home/cairlab/teleop-keyboard-husky-foxy-devel/src/husky_gazebo -DAMENT_CMAKE_SYMLINK_INSTALL=1 -DCMAKE_INSTALL_PREFIX=/home/cairlab/teleop-keyboard-husky-foxy-devel/install/husky_gazebo
[0.720s] Invoking command in '/home/cairlab/teleop-keyboard-husky-foxy-devel/build/husky_gazebo': CMAKE_PREFIX_PATH=/home/cairlab/teleop-keyboard-husky-foxy-devel/install/husky_control:/home/cairlab/teleop-keyboard-husky-foxy-devel/install/husky_description:/home/cairlab/teleop-keyboard-husky-foxy-devel/install/multi_husky_gazebo:/home/cairlab/teleop-keyboard-husky-foxy-devel/install/husky_desktop:/home/cairlab/teleop-keyboard-husky-foxy-devel/install/husky_viz:/home/cairlab/teleop-keyboard-husky-foxy-devel/install/husky_simulator:/home/cairlab/teleop-keyboard-husky-foxy-devel/install/husky_robot:/home/cairlab/teleop-keyboard-husky-foxy-devel/install/husky_bringup:/home/cairlab/teleop-keyboard-husky-foxy-devel/install/husky_base:/home/cairlab/teleop-keyboard-husky-foxy-devel/install/husky_msgs:/home/cairlab/teleop-keyboard-husky-foxy-devel/install/husky_gazebo:/home/cairlab/teleop-keyboard-husky-foxy-devel/install/teleop_twist_keyboard:/opt/ros/foxy /usr/bin/cmake --build /home/cairlab/teleop-keyboard-husky-foxy-devel/build/husky_gazebo -- -j12 -l12
[0.753s] Invoked command in '/home/cairlab/teleop-keyboard-husky-foxy-devel/build/husky_gazebo' returned '0': CMAKE_PREFIX_PATH=/home/cairlab/teleop-keyboard-husky-foxy-devel/install/husky_control:/home/cairlab/teleop-keyboard-husky-foxy-devel/install/husky_description:/home/cairlab/teleop-keyboard-husky-foxy-devel/install/multi_husky_gazebo:/home/cairlab/teleop-keyboard-husky-foxy-devel/install/husky_desktop:/home/cairlab/teleop-keyboard-husky-foxy-devel/install/husky_viz:/home/cairlab/teleop-keyboard-husky-foxy-devel/install/husky_simulator:/home/cairlab/teleop-keyboard-husky-foxy-devel/install/husky_robot:/home/cairlab/teleop-keyboard-husky-foxy-devel/install/husky_bringup:/home/cairlab/teleop-keyboard-husky-foxy-devel/install/husky_base:/home/cairlab/teleop-keyboard-husky-foxy-devel/install/husky_msgs:/home/cairlab/teleop-keyboard-husky-foxy-devel/install/husky_gazebo:/home/cairlab/teleop-keyboard-husky-foxy-devel/install/teleop_twist_keyboard:/opt/ros/foxy /usr/bin/cmake --build /home/cairlab/teleop-keyboard-husky-foxy-devel/build/husky_gazebo -- -j12 -l12
[0.773s] Invoking command in '/home/cairlab/teleop-keyboard-husky-foxy-devel/build/husky_gazebo': CMAKE_PREFIX_PATH=/home/cairlab/teleop-keyboard-husky-foxy-devel/install/husky_control:/home/cairlab/teleop-keyboard-husky-foxy-devel/install/husky_description:/home/cairlab/teleop-keyboard-husky-foxy-devel/install/multi_husky_gazebo:/home/cairlab/teleop-keyboard-husky-foxy-devel/install/husky_desktop:/home/cairlab/teleop-keyboard-husky-foxy-devel/install/husky_viz:/home/cairlab/teleop-keyboard-husky-foxy-devel/install/husky_simulator:/home/cairlab/teleop-keyboard-husky-foxy-devel/install/husky_robot:/home/cairlab/teleop-keyboard-husky-foxy-devel/install/husky_bringup:/home/cairlab/teleop-keyboard-husky-foxy-devel/install/husky_base:/home/cairlab/teleop-keyboard-husky-foxy-devel/install/husky_msgs:/home/cairlab/teleop-keyboard-husky-foxy-devel/install/husky_gazebo:/home/cairlab/teleop-keyboard-husky-foxy-devel/install/teleop_twist_keyboard:/opt/ros/foxy /usr/bin/cmake --install /home/cairlab/teleop-keyboard-husky-foxy-devel/build/husky_gazebo
[0.779s] -- Install configuration: ""
[0.779s] -- Execute custom install script
[0.780s] -- Symlinking: /home/cairlab/teleop-keyboard-husky-foxy-devel/install/husky_gazebo/share/husky_gazebo/launch/gazebo.launch.py
[0.788s] -- Symlinking: /home/cairlab/teleop-keyboard-husky-foxy-devel/install/husky_gazebo/share/husky_gazebo/launch/husky_empty_world.launch
[0.798s] -- Symlinking: /home/cairlab/teleop-keyboard-husky-foxy-devel/install/husky_gazebo/share/husky_gazebo/launch/husky_playpen.launch
[0.806s] -- Symlinking: /home/cairlab/teleop-keyboard-husky-foxy-devel/install/husky_gazebo/share/husky_gazebo/launch/husky_playpen.launch.py
[0.814s] -- Symlinking: /home/cairlab/teleop-keyboard-husky-foxy-devel/install/husky_gazebo/share/husky_gazebo/launch/multi_husky_playpen.launch
[0.821s] -- Symlinking: /home/cairlab/teleop-keyboard-husky-foxy-devel/install/husky_gazebo/share/husky_gazebo/launch/playpen.launch
[0.829s] -- Symlinking: /home/cairlab/teleop-keyboard-husky-foxy-devel/install/husky_gazebo/share/husky_gazebo/launch/realsense.launch
[0.837s] -- Symlinking: /home/cairlab/teleop-keyboard-husky-foxy-devel/install/husky_gazebo/share/husky_gazebo/launch/spawn_husky.launch
[0.845s] -- Symlinking: /home/cairlab/teleop-keyboard-husky-foxy-devel/install/husky_gazebo/share/husky_gazebo/worlds/clearpath_playpen.world
[0.853s] -- Symlinking: /home/cairlab/teleop-keyboard-husky-foxy-devel/install/husky_gazebo/share/ament_index/resource_index/package_run_dependencies/husky_gazebo
[0.860s] -- Symlinking: /home/cairlab/teleop-keyboard-husky-foxy-devel/install/husky_gazebo/share/ament_index/resource_index/parent_prefix_path/husky_gazebo
[0.868s] -- Symlinking: /home/cairlab/teleop-keyboard-husky-foxy-devel/install/husky_gazebo/share/husky_gazebo/environment/ament_prefix_path.sh
[0.875s] -- Symlinking: /home/cairlab/teleop-keyboard-husky-foxy-devel/install/husky_gazebo/share/husky_gazebo/environment/ament_prefix_path.dsv
[0.883s] -- Symlinking: /home/cairlab/teleop-keyboard-husky-foxy-devel/install/husky_gazebo/share/husky_gazebo/environment/path.sh
[0.890s] -- Symlinking: /home/cairlab/teleop-keyboard-husky-foxy-devel/install/husky_gazebo/share/husky_gazebo/environment/path.dsv
[0.900s] -- Symlinking: /home/cairlab/teleop-keyboard-husky-foxy-devel/install/husky_gazebo/share/husky_gazebo/local_setup.bash
[0.908s] -- Symlinking: /home/cairlab/teleop-keyboard-husky-foxy-devel/install/husky_gazebo/share/husky_gazebo/local_setup.sh
[0.916s] -- Symlinking: /home/cairlab/teleop-keyboard-husky-foxy-devel/install/husky_gazebo/share/husky_gazebo/local_setup.zsh
[0.923s] -- Symlinking: /home/cairlab/teleop-keyboard-husky-foxy-devel/install/husky_gazebo/share/husky_gazebo/local_setup.dsv
[0.931s] -- Symlinking: /home/cairlab/teleop-keyboard-husky-foxy-devel/install/husky_gazebo/share/husky_gazebo/package.dsv
[0.939s] -- Symlinking: /home/cairlab/teleop-keyboard-husky-foxy-devel/install/husky_gazebo/share/ament_index/resource_index/packages/husky_gazebo
[0.951s] -- Symlinking: /home/cairlab/teleop-keyboard-husky-foxy-devel/install/husky_gazebo/share/husky_gazebo/cmake/husky_gazeboConfig.cmake
[0.961s] -- Symlinking: /home/cairlab/teleop-keyboard-husky-foxy-devel/install/husky_gazebo/share/husky_gazebo/cmake/husky_gazeboConfig-version.cmake
[0.965s] -- Symlinking: /home/cairlab/teleop-keyboard-husky-foxy-devel/install/husky_gazebo/share/husky_gazebo/package.xml
[0.978s] Invoked command in '/home/cairlab/teleop-keyboard-husky-foxy-devel/build/husky_gazebo' returned '0': CMAKE_PREFIX_PATH=/home/cairlab/teleop-keyboard-husky-foxy-devel/install/husky_control:/home/cairlab/teleop-keyboard-husky-foxy-devel/install/husky_description:/home/cairlab/teleop-keyboard-husky-foxy-devel/install/multi_husky_gazebo:/home/cairlab/teleop-keyboard-husky-foxy-devel/install/husky_desktop:/home/cairlab/teleop-keyboard-husky-foxy-devel/install/husky_viz:/home/cairlab/teleop-keyboard-husky-foxy-devel/install/husky_simulator:/home/cairlab/teleop-keyboard-husky-foxy-devel/install/husky_robot:/home/cairlab/teleop-keyboard-husky-foxy-devel/install/husky_bringup:/home/cairlab/teleop-keyboard-husky-foxy-devel/install/husky_base:/home/cairlab/teleop-keyboard-husky-foxy-devel/install/husky_msgs:/home/cairlab/teleop-keyboard-husky-foxy-devel/install/husky_gazebo:/home/cairlab/teleop-keyboard-husky-foxy-devel/install/teleop_twist_keyboard:/opt/ros/foxy /usr/bin/cmake --install /home/cairlab/teleop-keyboard-husky-foxy-devel/build/husky_gazebo
