[0.120s] Invoking command in '/home/cairlab/teleop-keyboard-husky-foxy-devel/build/husky_control': AMENT_PREFIX_PATH=/home/cairlab/teleop-keyboard-husky-foxy-devel/install/husky_description:${AMENT_PREFIX_PATH} CMAKE_PREFIX_PATH=/home/cairlab/teleop-keyboard-husky-foxy-devel/install/husky_description:/opt/ros/foxy /usr/bin/cmake --build /home/cairlab/teleop-keyboard-husky-foxy-devel/build/husky_control -- -j12 -l12
[0.187s] Invoked command in '/home/cairlab/teleop-keyboard-husky-foxy-devel/build/husky_control' returned '0': AMENT_PREFIX_PATH=/home/cairlab/teleop-keyboard-husky-foxy-devel/install/husky_description:${AMENT_PREFIX_PATH} CMAKE_PREFIX_PATH=/home/cairlab/teleop-keyboard-husky-foxy-devel/install/husky_description:/opt/ros/foxy /usr/bin/cmake --build /home/cairlab/teleop-keyboard-husky-foxy-devel/build/husky_control -- -j12 -l12
[0.224s] Invoking command in '/home/cairlab/teleop-keyboard-husky-foxy-devel/build/husky_control': AMENT_PREFIX_PATH=/home/cairlab/teleop-keyboard-husky-foxy-devel/install/husky_description:${AMENT_PREFIX_PATH} CMAKE_PREFIX_PATH=/home/cairlab/teleop-keyboard-husky-foxy-devel/install/husky_description:/opt/ros/foxy /usr/bin/cmake --install /home/cairlab/teleop-keyboard-husky-foxy-devel/build/husky_control
[0.238s] -- Install configuration: ""
[0.239s] -- Execute custom install script
[0.239s] -- Up-to-date symlink: /home/cairlab/teleop-keyboard-husky-foxy-devel/install/husky_control/share/husky_control/config/control.yaml
[0.240s] -- Up-to-date symlink: /home/cairlab/teleop-keyboard-husky-foxy-devel/install/husky_control/share/husky_control/config/control_h0.yaml
[0.240s] -- Up-to-date symlink: /home/cairlab/teleop-keyboard-husky-foxy-devel/install/husky_control/share/husky_control/config/control_h1.yaml
[0.240s] -- Up-to-date symlink: /home/cairlab/teleop-keyboard-husky-foxy-devel/install/husky_control/share/husky_control/config/empty.yaml
[0.240s] -- Up-to-date symlink: /home/cairlab/teleop-keyboard-husky-foxy-devel/install/husky_control/share/husky_control/config/gazebo_interface.yaml
[0.241s] -- Up-to-date symlink: /home/cairlab/teleop-keyboard-husky-foxy-devel/install/husky_control/share/husky_control/config/imu_filter.yaml
[0.241s] -- Up-to-date symlink: /home/cairlab/teleop-keyboard-husky-foxy-devel/install/husky_control/share/husky_control/config/localization.yaml
[0.241s] -- Up-to-date symlink: /home/cairlab/teleop-keyboard-husky-foxy-devel/install/husky_control/share/husky_control/config/public_interface.yaml
[0.241s] -- Up-to-date symlink: /home/cairlab/teleop-keyboard-husky-foxy-devel/install/husky_control/share/husky_control/config/teleop_interactive_markers.yaml
[0.241s] -- Up-to-date symlink: /home/cairlab/teleop-keyboard-husky-foxy-devel/install/husky_control/share/husky_control/config/teleop_logitech.yaml
[0.242s] -- Up-to-date symlink: /home/cairlab/teleop-keyboard-husky-foxy-devel/install/husky_control/share/husky_control/config/teleop_ps4.yaml
[0.242s] -- Up-to-date symlink: /home/cairlab/teleop-keyboard-husky-foxy-devel/install/husky_control/share/husky_control/config/twist_mux.yaml
[0.243s] -- Up-to-date symlink: /home/cairlab/teleop-keyboard-husky-foxy-devel/install/husky_control/share/husky_control/launch/control.launch
[0.243s] -- Up-to-date symlink: /home/cairlab/teleop-keyboard-husky-foxy-devel/install/husky_control/share/husky_control/launch/control.launch.py
[0.243s] -- Up-to-date symlink: /home/cairlab/teleop-keyboard-husky-foxy-devel/install/husky_control/share/husky_control/launch/teleop.launch
[0.244s] -- Up-to-date symlink: /home/cairlab/teleop-keyboard-husky-foxy-devel/install/husky_control/share/husky_control/launch/teleop_base.launch.py
[0.244s] -- Up-to-date symlink: /home/cairlab/teleop-keyboard-husky-foxy-devel/install/husky_control/share/husky_control/launch/teleop_joy.launch.py
[0.244s] -- Up-to-date symlink: /home/cairlab/teleop-keyboard-husky-foxy-devel/install/husky_control/share/ament_index/resource_index/package_run_dependencies/husky_control
[0.248s] -- Up-to-date symlink: /home/cairlab/teleop-keyboard-husky-foxy-devel/install/husky_control/share/ament_index/resource_index/parent_prefix_path/husky_control
[0.248s] -- Up-to-date symlink: /home/cairlab/teleop-keyboard-husky-foxy-devel/install/husky_control/share/husky_control/environment/ament_prefix_path.sh
[0.248s] -- Up-to-date symlink: /home/cairlab/teleop-keyboard-husky-foxy-devel/install/husky_control/share/husky_control/environment/ament_prefix_path.dsv
[0.249s] -- Up-to-date symlink: /home/cairlab/teleop-keyboard-husky-foxy-devel/install/husky_control/share/husky_control/environment/path.sh
[0.249s] -- Up-to-date symlink: /home/cairlab/teleop-keyboard-husky-foxy-devel/install/husky_control/share/husky_control/environment/path.dsv
[0.250s] -- Up-to-date symlink: /home/cairlab/teleop-keyboard-husky-foxy-devel/install/husky_control/share/husky_control/local_setup.bash
[0.250s] -- Up-to-date symlink: /home/cairlab/teleop-keyboard-husky-foxy-devel/install/husky_control/share/husky_control/local_setup.sh
[0.250s] -- Up-to-date symlink: /home/cairlab/teleop-keyboard-husky-foxy-devel/install/husky_control/share/husky_control/local_setup.zsh
[0.251s] -- Up-to-date symlink: /home/cairlab/teleop-keyboard-husky-foxy-devel/install/husky_control/share/husky_control/local_setup.dsv
[0.251s] -- Symlinking: /home/cairlab/teleop-keyboard-husky-foxy-devel/install/husky_control/share/husky_control/package.dsv
[0.271s] -- Up-to-date symlink: /home/cairlab/teleop-keyboard-husky-foxy-devel/install/husky_control/share/ament_index/resource_index/packages/husky_control
[0.272s] -- Up-to-date symlink: /home/cairlab/teleop-keyboard-husky-foxy-devel/install/husky_control/share/husky_control/cmake/husky_controlConfig.cmake
[0.272s] -- Up-to-date symlink: /home/cairlab/teleop-keyboard-husky-foxy-devel/install/husky_control/share/husky_control/cmake/husky_controlConfig-version.cmake
[0.273s] -- Up-to-date symlink: /home/cairlab/teleop-keyboard-husky-foxy-devel/install/husky_control/share/husky_control/package.xml
[0.285s] Invoked command in '/home/cairlab/teleop-keyboard-husky-foxy-devel/build/husky_control' returned '0': AMENT_PREFIX_PATH=/home/cairlab/teleop-keyboard-husky-foxy-devel/install/husky_description:${AMENT_PREFIX_PATH} CMAKE_PREFIX_PATH=/home/cairlab/teleop-keyboard-husky-foxy-devel/install/husky_description:/opt/ros/foxy /usr/bin/cmake --install /home/cairlab/teleop-keyboard-husky-foxy-devel/build/husky_control
