[0.023s] Invoking command in '/home/cairlab/teleop-keyboard-husky-foxy-devel/build/husky_base': CMAKE_PREFIX_PATH=/home/cairlab/teleop-keyboard-husky-foxy-devel/install/husky_msgs:/home/cairlab/teleop-keyboard-husky-foxy-devel/install/multi_husky_gazebo:/home/cairlab/teleop-keyboard-husky-foxy-devel/install/husky_desktop:/home/cairlab/teleop-keyboard-husky-foxy-devel/install/husky_viz:/home/cairlab/teleop-keyboard-husky-foxy-devel/install/husky_simulator:/home/cairlab/teleop-keyboard-husky-foxy-devel/install/husky_robot:/home/cairlab/teleop-keyboard-husky-foxy-devel/install/husky_bringup:/home/cairlab/teleop-keyboard-husky-foxy-devel/install/husky_base:/home/cairlab/teleop-keyboard-husky-foxy-devel/install/husky_gazebo:/home/cairlab/teleop-keyboard-husky-foxy-devel/install/husky_control:/home/cairlab/teleop-keyboard-husky-foxy-devel/install/husky_description:/home/cairlab/teleop-keyboard-husky-foxy-devel/install/teleop_twist_keyboard:/opt/ros/foxy LD_LIBRARY_PATH=/home/cairlab/teleop-keyboard-husky-foxy-devel/install/husky_msgs/lib:/home/cairlab/teleop-keyboard-husky-foxy-devel/install/husky_base/lib:/usr/lib/x86_64-linux-gnu/gazebo-11/plugins:/opt/ros/foxy/opt/yaml_cpp_vendor/lib:/opt/ros/foxy/opt/rviz_ogre_vendor/lib:/opt/ros/foxy/lib/x86_64-linux-gnu:/opt/ros/foxy/lib PYTHONPATH=/home/cairlab/teleop-keyboard-husky-foxy-devel/install/husky_msgs/lib/python3.8/site-packages:/home/cairlab/teleop-keyboard-husky-foxy-devel/build/teleop_twist_keyboard:/home/cairlab/teleop-keyboard-husky-foxy-devel/install/teleop_twist_keyboard/lib/python3.8/site-packages:/opt/ros/foxy/lib/python3.8/site-packages /usr/bin/cmake --build /home/cairlab/teleop-keyboard-husky-foxy-devel/build/husky_base -- -j12 -l12
[0.090s] [100%] Built target husky_hardware
[0.185s] Invoked command in '/home/cairlab/teleop-keyboard-husky-foxy-devel/build/husky_base' returned '0': CMAKE_PREFIX_PATH=/home/cairlab/teleop-keyboard-husky-foxy-devel/install/husky_msgs:/home/cairlab/teleop-keyboard-husky-foxy-devel/install/multi_husky_gazebo:/home/cairlab/teleop-keyboard-husky-foxy-devel/install/husky_desktop:/home/cairlab/teleop-keyboard-husky-foxy-devel/install/husky_viz:/home/cairlab/teleop-keyboard-husky-foxy-devel/install/husky_simulator:/home/cairlab/teleop-keyboard-husky-foxy-devel/install/husky_robot:/home/cairlab/teleop-keyboard-husky-foxy-devel/install/husky_bringup:/home/cairlab/teleop-keyboard-husky-foxy-devel/install/husky_base:/home/cairlab/teleop-keyboard-husky-foxy-devel/install/husky_gazebo:/home/cairlab/teleop-keyboard-husky-foxy-devel/install/husky_control:/home/cairlab/teleop-keyboard-husky-foxy-devel/install/husky_description:/home/cairlab/teleop-keyboard-husky-foxy-devel/install/teleop_twist_keyboard:/opt/ros/foxy LD_LIBRARY_PATH=/home/cairlab/teleop-keyboard-husky-foxy-devel/install/husky_msgs/lib:/home/cairlab/teleop-keyboard-husky-foxy-devel/install/husky_base/lib:/usr/lib/x86_64-linux-gnu/gazebo-11/plugins:/opt/ros/foxy/opt/yaml_cpp_vendor/lib:/opt/ros/foxy/opt/rviz_ogre_vendor/lib:/opt/ros/foxy/lib/x86_64-linux-gnu:/opt/ros/foxy/lib PYTHONPATH=/home/cairlab/teleop-keyboard-husky-foxy-devel/install/husky_msgs/lib/python3.8/site-packages:/home/cairlab/teleop-keyboard-husky-foxy-devel/build/teleop_twist_keyboard:/home/cairlab/teleop-keyboard-husky-foxy-devel/install/teleop_twist_keyboard/lib/python3.8/site-packages:/opt/ros/foxy/lib/python3.8/site-packages /usr/bin/cmake --build /home/cairlab/teleop-keyboard-husky-foxy-devel/build/husky_base -- -j12 -l12
[0.251s] Invoking command in '/home/cairlab/teleop-keyboard-husky-foxy-devel/build/husky_base': CMAKE_PREFIX_PATH=/home/cairlab/teleop-keyboard-husky-foxy-devel/install/husky_msgs:/home/cairlab/teleop-keyboard-husky-foxy-devel/install/multi_husky_gazebo:/home/cairlab/teleop-keyboard-husky-foxy-devel/install/husky_desktop:/home/cairlab/teleop-keyboard-husky-foxy-devel/install/husky_viz:/home/cairlab/teleop-keyboard-husky-foxy-devel/install/husky_simulator:/home/cairlab/teleop-keyboard-husky-foxy-devel/install/husky_robot:/home/cairlab/teleop-keyboard-husky-foxy-devel/install/husky_bringup:/home/cairlab/teleop-keyboard-husky-foxy-devel/install/husky_base:/home/cairlab/teleop-keyboard-husky-foxy-devel/install/husky_gazebo:/home/cairlab/teleop-keyboard-husky-foxy-devel/install/husky_control:/home/cairlab/teleop-keyboard-husky-foxy-devel/install/husky_description:/home/cairlab/teleop-keyboard-husky-foxy-devel/install/teleop_twist_keyboard:/opt/ros/foxy LD_LIBRARY_PATH=/home/cairlab/teleop-keyboard-husky-foxy-devel/install/husky_msgs/lib:/home/cairlab/teleop-keyboard-husky-foxy-devel/install/husky_base/lib:/usr/lib/x86_64-linux-gnu/gazebo-11/plugins:/opt/ros/foxy/opt/yaml_cpp_vendor/lib:/opt/ros/foxy/opt/rviz_ogre_vendor/lib:/opt/ros/foxy/lib/x86_64-linux-gnu:/opt/ros/foxy/lib PYTHONPATH=/home/cairlab/teleop-keyboard-husky-foxy-devel/install/husky_msgs/lib/python3.8/site-packages:/home/cairlab/teleop-keyboard-husky-foxy-devel/build/teleop_twist_keyboard:/home/cairlab/teleop-keyboard-husky-foxy-devel/install/teleop_twist_keyboard/lib/python3.8/site-packages:/opt/ros/foxy/lib/python3.8/site-packages /usr/bin/cmake --install /home/cairlab/teleop-keyboard-husky-foxy-devel/build/husky_base
[0.260s] -- Install configuration: ""
[0.260s] -- Execute custom install script
[0.261s] -- Up-to-date symlink: /home/cairlab/teleop-keyboard-husky-foxy-devel/install/husky_base/share/husky_base//husky_hardware.xml
[0.261s] -- Up-to-date symlink: /home/cairlab/teleop-keyboard-husky-foxy-devel/install/husky_base/lib/libhusky_hardware.so
[0.262s] -- Up-to-date symlink: /home/cairlab/teleop-keyboard-husky-foxy-devel/install/husky_base/include/husky_base/horizon_legacy/Exception.h
[0.262s] -- Up-to-date symlink: /home/cairlab/teleop-keyboard-husky-foxy-devel/install/husky_base/include/husky_base/horizon_legacy/Logger.h
[0.262s] -- Up-to-date symlink: /home/cairlab/teleop-keyboard-husky-foxy-devel/install/husky_base/include/husky_base/horizon_legacy/Message.h
[0.262s] -- Up-to-date symlink: /home/cairlab/teleop-keyboard-husky-foxy-devel/install/husky_base/include/husky_base/horizon_legacy/Message_cmd.h
[0.262s] -- Up-to-date symlink: /home/cairlab/teleop-keyboard-husky-foxy-devel/install/husky_base/include/husky_base/horizon_legacy/Message_data.h
[0.263s] -- Up-to-date symlink: /home/cairlab/teleop-keyboard-husky-foxy-devel/install/husky_base/include/husky_base/horizon_legacy/Message_request.h
[0.263s] -- Up-to-date symlink: /home/cairlab/teleop-keyboard-husky-foxy-devel/install/husky_base/include/husky_base/horizon_legacy/Number.h
[0.263s] -- Up-to-date symlink: /home/cairlab/teleop-keyboard-husky-foxy-devel/install/husky_base/include/husky_base/horizon_legacy/Transport.h
[0.263s] -- Up-to-date symlink: /home/cairlab/teleop-keyboard-husky-foxy-devel/install/husky_base/include/husky_base/horizon_legacy/clearpath.h
[0.263s] -- Up-to-date symlink: /home/cairlab/teleop-keyboard-husky-foxy-devel/install/husky_base/include/husky_base/horizon_legacy/crc.h
[0.264s] -- Up-to-date symlink: /home/cairlab/teleop-keyboard-husky-foxy-devel/install/husky_base/include/husky_base/horizon_legacy/serial.h
[0.264s] -- Up-to-date symlink: /home/cairlab/teleop-keyboard-husky-foxy-devel/install/husky_base/include/husky_base/horizon_legacy_wrapper.h
[0.264s] -- Up-to-date symlink: /home/cairlab/teleop-keyboard-husky-foxy-devel/install/husky_base/include/husky_base/husky_diagnostics.h
[0.264s] -- Up-to-date symlink: /home/cairlab/teleop-keyboard-husky-foxy-devel/install/husky_base/include/husky_base/husky_hardware.hpp
[0.264s] -- Up-to-date symlink: /home/cairlab/teleop-keyboard-husky-foxy-devel/install/husky_base/include/husky_base/husky_status.hpp
[0.265s] -- Up-to-date symlink: /home/cairlab/teleop-keyboard-husky-foxy-devel/install/husky_base/share/husky_base/launch/base.launch.py
[0.265s] -- Up-to-date symlink: /home/cairlab/teleop-keyboard-husky-foxy-devel/install/husky_base/share/husky_base/environment/library_path.sh
[0.265s] -- Up-to-date symlink: /home/cairlab/teleop-keyboard-husky-foxy-devel/install/husky_base/share/husky_base/environment/library_path.dsv
[0.266s] -- Up-to-date symlink: /home/cairlab/teleop-keyboard-husky-foxy-devel/install/husky_base/share/ament_index/resource_index/package_run_dependencies/husky_base
[0.266s] -- Up-to-date symlink: /home/cairlab/teleop-keyboard-husky-foxy-devel/install/husky_base/share/ament_index/resource_index/parent_prefix_path/husky_base
[0.266s] -- Up-to-date symlink: /home/cairlab/teleop-keyboard-husky-foxy-devel/install/husky_base/share/husky_base/environment/ament_prefix_path.sh
[0.267s] -- Up-to-date symlink: /home/cairlab/teleop-keyboard-husky-foxy-devel/install/husky_base/share/husky_base/environment/ament_prefix_path.dsv
[0.267s] -- Up-to-date symlink: /home/cairlab/teleop-keyboard-husky-foxy-devel/install/husky_base/share/husky_base/environment/path.sh
[0.268s] -- Up-to-date symlink: /home/cairlab/teleop-keyboard-husky-foxy-devel/install/husky_base/share/husky_base/environment/path.dsv
[0.268s] -- Up-to-date symlink: /home/cairlab/teleop-keyboard-husky-foxy-devel/install/husky_base/share/husky_base/local_setup.bash
[0.268s] -- Up-to-date symlink: /home/cairlab/teleop-keyboard-husky-foxy-devel/install/husky_base/share/husky_base/local_setup.sh
[0.268s] -- Up-to-date symlink: /home/cairlab/teleop-keyboard-husky-foxy-devel/install/husky_base/share/husky_base/local_setup.zsh
[0.269s] -- Up-to-date symlink: /home/cairlab/teleop-keyboard-husky-foxy-devel/install/husky_base/share/husky_base/local_setup.dsv
[0.269s] -- Symlinking: /home/cairlab/teleop-keyboard-husky-foxy-devel/install/husky_base/share/husky_base/package.dsv
[0.279s] -- Up-to-date symlink: /home/cairlab/teleop-keyboard-husky-foxy-devel/install/husky_base/share/ament_index/resource_index/packages/husky_base
[0.279s] -- Up-to-date symlink: /home/cairlab/teleop-keyboard-husky-foxy-devel/install/husky_base/share/ament_index/resource_index/hardware_interface__pluginlib__plugin/husky_base
[0.279s] -- Up-to-date symlink: /home/cairlab/teleop-keyboard-husky-foxy-devel/install/husky_base/share/husky_base/cmake/ament_cmake_export_include_directories-extras.cmake
[0.279s] -- Up-to-date symlink: /home/cairlab/teleop-keyboard-husky-foxy-devel/install/husky_base/share/husky_base/cmake/ament_cmake_export_libraries-extras.cmake
[0.280s] -- Up-to-date symlink: /home/cairlab/teleop-keyboard-husky-foxy-devel/install/husky_base/share/husky_base/cmake/ament_cmake_export_dependencies-extras.cmake
[0.280s] -- Up-to-date symlink: /home/cairlab/teleop-keyboard-husky-foxy-devel/install/husky_base/share/husky_base/cmake/husky_baseConfig.cmake
[0.280s] -- Up-to-date symlink: /home/cairlab/teleop-keyboard-husky-foxy-devel/install/husky_base/share/husky_base/cmake/husky_baseConfig-version.cmake
[0.280s] -- Up-to-date symlink: /home/cairlab/teleop-keyboard-husky-foxy-devel/install/husky_base/share/husky_base/package.xml
[0.289s] Invoked command in '/home/cairlab/teleop-keyboard-husky-foxy-devel/build/husky_base' returned '0': CMAKE_PREFIX_PATH=/home/cairlab/teleop-keyboard-husky-foxy-devel/install/husky_msgs:/home/cairlab/teleop-keyboard-husky-foxy-devel/install/multi_husky_gazebo:/home/cairlab/teleop-keyboard-husky-foxy-devel/install/husky_desktop:/home/cairlab/teleop-keyboard-husky-foxy-devel/install/husky_viz:/home/cairlab/teleop-keyboard-husky-foxy-devel/install/husky_simulator:/home/cairlab/teleop-keyboard-husky-foxy-devel/install/husky_robot:/home/cairlab/teleop-keyboard-husky-foxy-devel/install/husky_bringup:/home/cairlab/teleop-keyboard-husky-foxy-devel/install/husky_base:/home/cairlab/teleop-keyboard-husky-foxy-devel/install/husky_gazebo:/home/cairlab/teleop-keyboard-husky-foxy-devel/install/husky_control:/home/cairlab/teleop-keyboard-husky-foxy-devel/install/husky_description:/home/cairlab/teleop-keyboard-husky-foxy-devel/install/teleop_twist_keyboard:/opt/ros/foxy LD_LIBRARY_PATH=/home/cairlab/teleop-keyboard-husky-foxy-devel/install/husky_msgs/lib:/home/cairlab/teleop-keyboard-husky-foxy-devel/install/husky_base/lib:/usr/lib/x86_64-linux-gnu/gazebo-11/plugins:/opt/ros/foxy/opt/yaml_cpp_vendor/lib:/opt/ros/foxy/opt/rviz_ogre_vendor/lib:/opt/ros/foxy/lib/x86_64-linux-gnu:/opt/ros/foxy/lib PYTHONPATH=/home/cairlab/teleop-keyboard-husky-foxy-devel/install/husky_msgs/lib/python3.8/site-packages:/home/cairlab/teleop-keyboard-husky-foxy-devel/build/teleop_twist_keyboard:/home/cairlab/teleop-keyboard-husky-foxy-devel/install/teleop_twist_keyboard/lib/python3.8/site-packages:/opt/ros/foxy/lib/python3.8/site-packages /usr/bin/cmake --install /home/cairlab/teleop-keyboard-husky-foxy-devel/build/husky_base
