[0.072s] Invoking command in '/home/cairlab/teleop-keyboard-husky-foxy-devel/build/husky_control': CMAKE_PREFIX_PATH=/home/cairlab/teleop-keyboard-husky-foxy-devel/install/husky_description:/home/cairlab/teleop-keyboard-husky-foxy-devel/install/multi_husky_gazebo:/home/cairlab/teleop-keyboard-husky-foxy-devel/install/husky_desktop:/home/cairlab/teleop-keyboard-husky-foxy-devel/install/husky_viz:/home/cairlab/teleop-keyboard-husky-foxy-devel/install/husky_simulator:/home/cairlab/teleop-keyboard-husky-foxy-devel/install/husky_robot:/home/cairlab/teleop-keyboard-husky-foxy-devel/install/husky_bringup:/home/cairlab/teleop-keyboard-husky-foxy-devel/install/husky_base:/home/cairlab/teleop-keyboard-husky-foxy-devel/install/husky_msgs:/home/cairlab/teleop-keyboard-husky-foxy-devel/install/husky_gazebo:/home/cairlab/teleop-keyboard-husky-foxy-devel/install/husky_control:/home/cairlab/teleop-keyboard-husky-foxy-devel/install/teleop_twist_keyboard:/opt/ros/foxy /usr/bin/cmake --build /home/cairlab/teleop-keyboard-husky-foxy-devel/build/husky_control -- -j12 -l12
[0.109s] Invoked command in '/home/cairlab/teleop-keyboard-husky-foxy-devel/build/husky_control' returned '0': CMAKE_PREFIX_PATH=/home/cairlab/teleop-keyboard-husky-foxy-devel/install/husky_description:/home/cairlab/teleop-keyboard-husky-foxy-devel/install/multi_husky_gazebo:/home/cairlab/teleop-keyboard-husky-foxy-devel/install/husky_desktop:/home/cairlab/teleop-keyboard-husky-foxy-devel/install/husky_viz:/home/cairlab/teleop-keyboard-husky-foxy-devel/install/husky_simulator:/home/cairlab/teleop-keyboard-husky-foxy-devel/install/husky_robot:/home/cairlab/teleop-keyboard-husky-foxy-devel/install/husky_bringup:/home/cairlab/teleop-keyboard-husky-foxy-devel/install/husky_base:/home/cairlab/teleop-keyboard-husky-foxy-devel/install/husky_msgs:/home/cairlab/teleop-keyboard-husky-foxy-devel/install/husky_gazebo:/home/cairlab/teleop-keyboard-husky-foxy-devel/install/husky_control:/home/cairlab/teleop-keyboard-husky-foxy-devel/install/teleop_twist_keyboard:/opt/ros/foxy /usr/bin/cmake --build /home/cairlab/teleop-keyboard-husky-foxy-devel/build/husky_control -- -j12 -l12
[0.177s] Invoking command in '/home/cairlab/teleop-keyboard-husky-foxy-devel/build/husky_control': CMAKE_PREFIX_PATH=/home/cairlab/teleop-keyboard-husky-foxy-devel/install/husky_description:/home/cairlab/teleop-keyboard-husky-foxy-devel/install/multi_husky_gazebo:/home/cairlab/teleop-keyboard-husky-foxy-devel/install/husky_desktop:/home/cairlab/teleop-keyboard-husky-foxy-devel/install/husky_viz:/home/cairlab/teleop-keyboard-husky-foxy-devel/install/husky_simulator:/home/cairlab/teleop-keyboard-husky-foxy-devel/install/husky_robot:/home/cairlab/teleop-keyboard-husky-foxy-devel/install/husky_bringup:/home/cairlab/teleop-keyboard-husky-foxy-devel/install/husky_base:/home/cairlab/teleop-keyboard-husky-foxy-devel/install/husky_msgs:/home/cairlab/teleop-keyboard-husky-foxy-devel/install/husky_gazebo:/home/cairlab/teleop-keyboard-husky-foxy-devel/install/husky_control:/home/cairlab/teleop-keyboard-husky-foxy-devel/install/teleop_twist_keyboard:/opt/ros/foxy /usr/bin/cmake --install /home/cairlab/teleop-keyboard-husky-foxy-devel/build/husky_control
[0.188s] -- Install configuration: ""
[0.189s] -- Execute custom install script
[0.189s] -- Up-to-date symlink: /home/cairlab/teleop-keyboard-husky-foxy-devel/install/husky_control/share/husky_control/config/control.yaml
[0.189s] -- Up-to-date symlink: /home/cairlab/teleop-keyboard-husky-foxy-devel/install/husky_control/share/husky_control/config/empty.yaml
[0.190s] -- Up-to-date symlink: /home/cairlab/teleop-keyboard-husky-foxy-devel/install/husky_control/share/husky_control/config/gazebo_interface.yaml
[0.190s] -- Up-to-date symlink: /home/cairlab/teleop-keyboard-husky-foxy-devel/install/husky_control/share/husky_control/config/imu_filter.yaml
[0.190s] -- Up-to-date symlink: /home/cairlab/teleop-keyboard-husky-foxy-devel/install/husky_control/share/husky_control/config/localization.yaml
[0.190s] -- Up-to-date symlink: /home/cairlab/teleop-keyboard-husky-foxy-devel/install/husky_control/share/husky_control/config/public_interface.yaml
[0.190s] -- Up-to-date symlink: /home/cairlab/teleop-keyboard-husky-foxy-devel/install/husky_control/share/husky_control/config/teleop_interactive_markers.yaml
[0.190s] -- Up-to-date symlink: /home/cairlab/teleop-keyboard-husky-foxy-devel/install/husky_control/share/husky_control/config/teleop_logitech.yaml
[0.190s] -- Up-to-date symlink: /home/cairlab/teleop-keyboard-husky-foxy-devel/install/husky_control/share/husky_control/config/teleop_ps4.yaml
[0.190s] -- Up-to-date symlink: /home/cairlab/teleop-keyboard-husky-foxy-devel/install/husky_control/share/husky_control/config/twist_mux.yaml
[0.191s] -- Up-to-date symlink: /home/cairlab/teleop-keyboard-husky-foxy-devel/install/husky_control/share/husky_control/launch/control.launch
[0.191s] -- Up-to-date symlink: /home/cairlab/teleop-keyboard-husky-foxy-devel/install/husky_control/share/husky_control/launch/control.launch.py
[0.191s] -- Up-to-date symlink: /home/cairlab/teleop-keyboard-husky-foxy-devel/install/husky_control/share/husky_control/launch/teleop.launch
[0.191s] -- Up-to-date symlink: /home/cairlab/teleop-keyboard-husky-foxy-devel/install/husky_control/share/husky_control/launch/teleop_base.launch.py
[0.191s] -- Up-to-date symlink: /home/cairlab/teleop-keyboard-husky-foxy-devel/install/husky_control/share/husky_control/launch/teleop_joy.launch.py
[0.192s] -- Up-to-date symlink: /home/cairlab/teleop-keyboard-husky-foxy-devel/install/husky_control/share/ament_index/resource_index/package_run_dependencies/husky_control
[0.192s] -- Up-to-date symlink: /home/cairlab/teleop-keyboard-husky-foxy-devel/install/husky_control/share/ament_index/resource_index/parent_prefix_path/husky_control
[0.192s] -- Up-to-date symlink: /home/cairlab/teleop-keyboard-husky-foxy-devel/install/husky_control/share/husky_control/environment/ament_prefix_path.sh
[0.192s] -- Up-to-date symlink: /home/cairlab/teleop-keyboard-husky-foxy-devel/install/husky_control/share/husky_control/environment/ament_prefix_path.dsv
[0.192s] -- Up-to-date symlink: /home/cairlab/teleop-keyboard-husky-foxy-devel/install/husky_control/share/husky_control/environment/path.sh
[0.193s] -- Up-to-date symlink: /home/cairlab/teleop-keyboard-husky-foxy-devel/install/husky_control/share/husky_control/environment/path.dsv
[0.193s] -- Up-to-date symlink: /home/cairlab/teleop-keyboard-husky-foxy-devel/install/husky_control/share/husky_control/local_setup.bash
[0.193s] -- Up-to-date symlink: /home/cairlab/teleop-keyboard-husky-foxy-devel/install/husky_control/share/husky_control/local_setup.sh
[0.194s] -- Up-to-date symlink: /home/cairlab/teleop-keyboard-husky-foxy-devel/install/husky_control/share/husky_control/local_setup.zsh
[0.194s] -- Up-to-date symlink: /home/cairlab/teleop-keyboard-husky-foxy-devel/install/husky_control/share/husky_control/local_setup.dsv
[0.194s] -- Symlinking: /home/cairlab/teleop-keyboard-husky-foxy-devel/install/husky_control/share/husky_control/package.dsv
[0.203s] -- Up-to-date symlink: /home/cairlab/teleop-keyboard-husky-foxy-devel/install/husky_control/share/ament_index/resource_index/packages/husky_control
[0.204s] -- Up-to-date symlink: /home/cairlab/teleop-keyboard-husky-foxy-devel/install/husky_control/share/husky_control/cmake/husky_controlConfig.cmake
[0.204s] -- Up-to-date symlink: /home/cairlab/teleop-keyboard-husky-foxy-devel/install/husky_control/share/husky_control/cmake/husky_controlConfig-version.cmake
[0.204s] -- Up-to-date symlink: /home/cairlab/teleop-keyboard-husky-foxy-devel/install/husky_control/share/husky_control/package.xml
[0.217s] Invoked command in '/home/cairlab/teleop-keyboard-husky-foxy-devel/build/husky_control' returned '0': CMAKE_PREFIX_PATH=/home/cairlab/teleop-keyboard-husky-foxy-devel/install/husky_description:/home/cairlab/teleop-keyboard-husky-foxy-devel/install/multi_husky_gazebo:/home/cairlab/teleop-keyboard-husky-foxy-devel/install/husky_desktop:/home/cairlab/teleop-keyboard-husky-foxy-devel/install/husky_viz:/home/cairlab/teleop-keyboard-husky-foxy-devel/install/husky_simulator:/home/cairlab/teleop-keyboard-husky-foxy-devel/install/husky_robot:/home/cairlab/teleop-keyboard-husky-foxy-devel/install/husky_bringup:/home/cairlab/teleop-keyboard-husky-foxy-devel/install/husky_base:/home/cairlab/teleop-keyboard-husky-foxy-devel/install/husky_msgs:/home/cairlab/teleop-keyboard-husky-foxy-devel/install/husky_gazebo:/home/cairlab/teleop-keyboard-husky-foxy-devel/install/husky_control:/home/cairlab/teleop-keyboard-husky-foxy-devel/install/teleop_twist_keyboard:/opt/ros/foxy /usr/bin/cmake --install /home/cairlab/teleop-keyboard-husky-foxy-devel/build/husky_control
