[0.045s] Invoking command in '/home/cairlab/teleop-keyboard-husky-foxy-devel/build/husky_msgs': CMAKE_PREFIX_PATH=${CMAKE_PREFIX_PATH}:/home/cairlab/teleop-keyboard-husky-foxy-devel/install/teleop_twist_keyboard:/opt/ros/foxy /usr/bin/cmake --build /home/cairlab/teleop-keyboard-husky-foxy-devel/build/husky_msgs -- -j12 -l12
[0.096s] [  9%] Built target husky_msgs__cpp
[0.096s] [ 12%] Built target husky_msgs__rosidl_generator_c
[0.116s] [ 38%] Built target husky_msgs__rosidl_typesupport_c
[0.116s] [ 41%] Built target husky_msgs__rosidl_typesupport_introspection_cpp
[0.117s] [ 41%] Built target husky_msgs__rosidl_typesupport_cpp
[0.121s] [ 51%] Built target husky_msgs__rosidl_typesupport_fastrtps_cpp
[0.124s] [ 61%] Built target husky_msgs__rosidl_typesupport_introspection_c
[0.146s] [ 70%] Built target husky_msgs__rosidl_typesupport_fastrtps_c
[0.163s] [ 70%] Built target husky_msgs
[0.186s] [ 74%] Built target husky_msgs__py
[0.210s] [ 80%] Built target husky_msgs__python
[0.236s] [100%] Built target husky_msgs__rosidl_typesupport_introspection_c__pyext
[0.236s] [100%] Built target husky_msgs__rosidl_typesupport_fastrtps_c__pyext
[0.236s] [100%] Built target husky_msgs__rosidl_typesupport_c__pyext
[0.290s] Invoked command in '/home/cairlab/teleop-keyboard-husky-foxy-devel/build/husky_msgs' returned '0': CMAKE_PREFIX_PATH=${CMAKE_PREFIX_PATH}:/home/cairlab/teleop-keyboard-husky-foxy-devel/install/teleop_twist_keyboard:/opt/ros/foxy /usr/bin/cmake --build /home/cairlab/teleop-keyboard-husky-foxy-devel/build/husky_msgs -- -j12 -l12
[0.341s] Invoking command in '/home/cairlab/teleop-keyboard-husky-foxy-devel/build/husky_msgs': CMAKE_PREFIX_PATH=${CMAKE_PREFIX_PATH}:/home/cairlab/teleop-keyboard-husky-foxy-devel/install/teleop_twist_keyboard:/opt/ros/foxy /usr/bin/cmake --install /home/cairlab/teleop-keyboard-husky-foxy-devel/build/husky_msgs
[0.347s] -- Install configuration: ""
[0.347s] -- Execute custom install script
[0.347s] -- Up-to-date symlink: /home/cairlab/teleop-keyboard-husky-foxy-devel/install/husky_msgs/share/ament_index/resource_index/rosidl_interfaces/husky_msgs
[0.348s] -- Up-to-date symlink: /home/cairlab/teleop-keyboard-husky-foxy-devel/install/husky_msgs/include/husky_msgs/msg/detail/husky_status__functions.h
[0.348s] -- Up-to-date symlink: /home/cairlab/teleop-keyboard-husky-foxy-devel/install/husky_msgs/include/husky_msgs/msg/detail/husky_status__struct.h
[0.348s] -- Up-to-date symlink: /home/cairlab/teleop-keyboard-husky-foxy-devel/install/husky_msgs/include/husky_msgs/msg/detail/husky_status__type_support.h
[0.348s] -- Up-to-date symlink: /home/cairlab/teleop-keyboard-husky-foxy-devel/install/husky_msgs/include/husky_msgs/msg/husky_status.h
[0.348s] -- Up-to-date symlink: /home/cairlab/teleop-keyboard-husky-foxy-devel/install/husky_msgs/include/husky_msgs/msg/rosidl_generator_c__visibility_control.h
[0.349s] -- Up-to-date symlink: /home/cairlab/teleop-keyboard-husky-foxy-devel/install/husky_msgs/share/husky_msgs/environment/library_path.sh
[0.349s] -- Up-to-date symlink: /home/cairlab/teleop-keyboard-husky-foxy-devel/install/husky_msgs/share/husky_msgs/environment/library_path.dsv
[0.352s] -- Up-to-date symlink: /home/cairlab/teleop-keyboard-husky-foxy-devel/install/husky_msgs/include/husky_msgs/msg/detail/husky_status__rosidl_typesupport_fastrtps_c.h
[0.352s] -- Up-to-date symlink: /home/cairlab/teleop-keyboard-husky-foxy-devel/install/husky_msgs/include/husky_msgs/msg/rosidl_typesupport_fastrtps_c__visibility_control.h
[0.352s] -- Up-to-date symlink: /home/cairlab/teleop-keyboard-husky-foxy-devel/install/husky_msgs/lib/libhusky_msgs__rosidl_typesupport_fastrtps_c.so
[0.353s] -- Up-to-date symlink: /home/cairlab/teleop-keyboard-husky-foxy-devel/install/husky_msgs/include/husky_msgs/msg/detail/husky_status__rosidl_typesupport_fastrtps_cpp.hpp
[0.354s] -- Up-to-date symlink: /home/cairlab/teleop-keyboard-husky-foxy-devel/install/husky_msgs/include/husky_msgs/msg/rosidl_typesupport_fastrtps_cpp__visibility_control.h
[0.355s] -- Up-to-date symlink: /home/cairlab/teleop-keyboard-husky-foxy-devel/install/husky_msgs/lib/libhusky_msgs__rosidl_typesupport_fastrtps_cpp.so
[0.355s] -- Up-to-date symlink: /home/cairlab/teleop-keyboard-husky-foxy-devel/install/husky_msgs/include/husky_msgs/msg/detail/husky_status__rosidl_typesupport_introspection_c.h
[0.355s] -- Up-to-date symlink: /home/cairlab/teleop-keyboard-husky-foxy-devel/install/husky_msgs/include/husky_msgs/msg/rosidl_typesupport_introspection_c__visibility_control.h
[0.355s] -- Up-to-date symlink: /home/cairlab/teleop-keyboard-husky-foxy-devel/install/husky_msgs/include/husky_msgs/msg/detail/husky_status__builder.hpp
[0.357s] -- Up-to-date symlink: /home/cairlab/teleop-keyboard-husky-foxy-devel/install/husky_msgs/include/husky_msgs/msg/detail/husky_status__struct.hpp
[0.357s] -- Up-to-date symlink: /home/cairlab/teleop-keyboard-husky-foxy-devel/install/husky_msgs/include/husky_msgs/msg/detail/husky_status__traits.hpp
[0.357s] -- Up-to-date symlink: /home/cairlab/teleop-keyboard-husky-foxy-devel/install/husky_msgs/include/husky_msgs/msg/detail/husky_status__type_support.hpp
[0.358s] -- Up-to-date symlink: /home/cairlab/teleop-keyboard-husky-foxy-devel/install/husky_msgs/include/husky_msgs/msg/husky_status.hpp
[0.359s] -- Up-to-date symlink: /home/cairlab/teleop-keyboard-husky-foxy-devel/install/husky_msgs/include/husky_msgs/msg/rosidl_generator_cpp__visibility_control.hpp
[0.359s] -- Up-to-date symlink: /home/cairlab/teleop-keyboard-husky-foxy-devel/install/husky_msgs/include/husky_msgs/msg/detail/husky_status__rosidl_typesupport_introspection_cpp.hpp
[0.362s] -- Up-to-date symlink: /home/cairlab/teleop-keyboard-husky-foxy-devel/install/husky_msgs/share/husky_msgs/environment/pythonpath.sh
[0.362s] -- Up-to-date symlink: /home/cairlab/teleop-keyboard-husky-foxy-devel/install/husky_msgs/share/husky_msgs/environment/pythonpath.dsv
[0.363s] -- Up-to-date symlink: /home/cairlab/teleop-keyboard-husky-foxy-devel/install/husky_msgs/lib/python3.8/site-packages/husky_msgs/__init__.py
[0.363s] -- Up-to-date symlink: /home/cairlab/teleop-keyboard-husky-foxy-devel/install/husky_msgs/lib/python3.8/site-packages/husky_msgs/msg/__init__.py
[0.363s] -- Up-to-date symlink: /home/cairlab/teleop-keyboard-husky-foxy-devel/install/husky_msgs/lib/python3.8/site-packages/husky_msgs/msg/_husky_status.py
[0.363s] -- Up-to-date symlink: /home/cairlab/teleop-keyboard-husky-foxy-devel/install/husky_msgs/lib/python3.8/site-packages/husky_msgs/husky_msgs_s__rosidl_typesupport_fastrtps_c.cpython-38-x86_64-linux-gnu.so
[0.363s] -- Up-to-date symlink: /home/cairlab/teleop-keyboard-husky-foxy-devel/install/husky_msgs/lib/python3.8/site-packages/husky_msgs/husky_msgs_s__rosidl_typesupport_introspection_c.cpython-38-x86_64-linux-gnu.so
[0.366s] -- Up-to-date symlink: /home/cairlab/teleop-keyboard-husky-foxy-devel/install/husky_msgs/lib/python3.8/site-packages/husky_msgs/husky_msgs_s__rosidl_typesupport_c.cpython-38-x86_64-linux-gnu.so
[0.366s] -- Up-to-date symlink: /home/cairlab/teleop-keyboard-husky-foxy-devel/install/husky_msgs/lib/libhusky_msgs__python.so
[0.366s] -- Up-to-date symlink: /home/cairlab/teleop-keyboard-husky-foxy-devel/install/husky_msgs/share/husky_msgs/msg/HuskyStatus.idl
[0.366s] -- Up-to-date symlink: /home/cairlab/teleop-keyboard-husky-foxy-devel/install/husky_msgs/share/husky_msgs/msg/HuskyStatus.msg
[0.366s] -- Up-to-date symlink: /home/cairlab/teleop-keyboard-husky-foxy-devel/install/husky_msgs/share/ament_index/resource_index/package_run_dependencies/husky_msgs
[0.366s] -- Up-to-date symlink: /home/cairlab/teleop-keyboard-husky-foxy-devel/install/husky_msgs/share/ament_index/resource_index/parent_prefix_path/husky_msgs
[0.367s] -- Up-to-date symlink: /home/cairlab/teleop-keyboard-husky-foxy-devel/install/husky_msgs/share/husky_msgs/environment/ament_prefix_path.sh
[0.367s] -- Up-to-date symlink: /home/cairlab/teleop-keyboard-husky-foxy-devel/install/husky_msgs/share/husky_msgs/environment/ament_prefix_path.dsv
[0.367s] -- Up-to-date symlink: /home/cairlab/teleop-keyboard-husky-foxy-devel/install/husky_msgs/share/husky_msgs/environment/path.sh
[0.367s] -- Up-to-date symlink: /home/cairlab/teleop-keyboard-husky-foxy-devel/install/husky_msgs/share/husky_msgs/environment/path.dsv
[0.367s] -- Up-to-date symlink: /home/cairlab/teleop-keyboard-husky-foxy-devel/install/husky_msgs/share/husky_msgs/local_setup.bash
[0.367s] -- Up-to-date symlink: /home/cairlab/teleop-keyboard-husky-foxy-devel/install/husky_msgs/share/husky_msgs/local_setup.sh
[0.368s] -- Up-to-date symlink: /home/cairlab/teleop-keyboard-husky-foxy-devel/install/husky_msgs/share/husky_msgs/local_setup.zsh
[0.368s] -- Up-to-date symlink: /home/cairlab/teleop-keyboard-husky-foxy-devel/install/husky_msgs/share/husky_msgs/local_setup.dsv
[0.368s] -- Symlinking: /home/cairlab/teleop-keyboard-husky-foxy-devel/install/husky_msgs/share/husky_msgs/package.dsv
[0.377s] -- Up-to-date symlink: /home/cairlab/teleop-keyboard-husky-foxy-devel/install/husky_msgs/share/ament_index/resource_index/packages/husky_msgs
[0.378s] -- Up-to-date symlink: /home/cairlab/teleop-keyboard-husky-foxy-devel/install/husky_msgs/share/husky_msgs/cmake/rosidl_cmake-extras.cmake
[0.378s] -- Up-to-date symlink: /home/cairlab/teleop-keyboard-husky-foxy-devel/install/husky_msgs/share/husky_msgs/cmake/ament_cmake_export_dependencies-extras.cmake
[0.378s] -- Up-to-date symlink: /home/cairlab/teleop-keyboard-husky-foxy-devel/install/husky_msgs/share/husky_msgs/cmake/ament_cmake_export_libraries-extras.cmake
[0.378s] -- Up-to-date symlink: /home/cairlab/teleop-keyboard-husky-foxy-devel/install/husky_msgs/share/husky_msgs/cmake/ament_cmake_export_targets-extras.cmake
[0.378s] -- Up-to-date symlink: /home/cairlab/teleop-keyboard-husky-foxy-devel/install/husky_msgs/share/husky_msgs/cmake/ament_cmake_export_include_directories-extras.cmake
[0.378s] -- Up-to-date symlink: /home/cairlab/teleop-keyboard-husky-foxy-devel/install/husky_msgs/share/husky_msgs/cmake/rosidl_cmake_export_typesupport_libraries-extras.cmake
[0.379s] -- Up-to-date symlink: /home/cairlab/teleop-keyboard-husky-foxy-devel/install/husky_msgs/share/husky_msgs/cmake/rosidl_cmake_export_typesupport_targets-extras.cmake
[0.379s] -- Up-to-date symlink: /home/cairlab/teleop-keyboard-husky-foxy-devel/install/husky_msgs/share/husky_msgs/cmake/husky_msgsConfig.cmake
[0.379s] -- Up-to-date symlink: /home/cairlab/teleop-keyboard-husky-foxy-devel/install/husky_msgs/share/husky_msgs/cmake/husky_msgsConfig-version.cmake
[0.380s] -- Up-to-date symlink: /home/cairlab/teleop-keyboard-husky-foxy-devel/install/husky_msgs/share/husky_msgs/package.xml
[0.380s] -- Up-to-date: /home/cairlab/teleop-keyboard-husky-foxy-devel/install/husky_msgs/lib/libhusky_msgs__rosidl_generator_c.so
[0.380s] -- Up-to-date: /home/cairlab/teleop-keyboard-husky-foxy-devel/install/husky_msgs/lib/libhusky_msgs__rosidl_typesupport_introspection_c.so
[0.387s] -- Up-to-date: /home/cairlab/teleop-keyboard-husky-foxy-devel/install/husky_msgs/lib/libhusky_msgs__rosidl_typesupport_c.so
[0.388s] -- Up-to-date: /home/cairlab/teleop-keyboard-husky-foxy-devel/install/husky_msgs/lib/libhusky_msgs__rosidl_typesupport_introspection_cpp.so
[0.388s] -- Up-to-date: /home/cairlab/teleop-keyboard-husky-foxy-devel/install/husky_msgs/lib/libhusky_msgs__rosidl_typesupport_cpp.so
[0.406s] -- Up-to-date: /home/cairlab/teleop-keyboard-husky-foxy-devel/install/husky_msgs/share/husky_msgs/cmake/husky_msgs__rosidl_generator_cExport.cmake
[0.406s] -- Up-to-date: /home/cairlab/teleop-keyboard-husky-foxy-devel/install/husky_msgs/share/husky_msgs/cmake/husky_msgs__rosidl_generator_cExport-noconfig.cmake
[0.406s] -- Up-to-date: /home/cairlab/teleop-keyboard-husky-foxy-devel/install/husky_msgs/share/husky_msgs/cmake/husky_msgs__rosidl_typesupport_introspection_cExport.cmake
[0.406s] -- Up-to-date: /home/cairlab/teleop-keyboard-husky-foxy-devel/install/husky_msgs/share/husky_msgs/cmake/husky_msgs__rosidl_typesupport_introspection_cExport-noconfig.cmake
[0.406s] -- Up-to-date: /home/cairlab/teleop-keyboard-husky-foxy-devel/install/husky_msgs/share/husky_msgs/cmake/husky_msgs__rosidl_typesupport_cExport.cmake
[0.406s] -- Up-to-date: /home/cairlab/teleop-keyboard-husky-foxy-devel/install/husky_msgs/share/husky_msgs/cmake/husky_msgs__rosidl_typesupport_cExport-noconfig.cmake
[0.407s] -- Up-to-date: /home/cairlab/teleop-keyboard-husky-foxy-devel/install/husky_msgs/share/husky_msgs/cmake/husky_msgs__rosidl_generator_cppExport.cmake
[0.407s] -- Up-to-date: /home/cairlab/teleop-keyboard-husky-foxy-devel/install/husky_msgs/share/husky_msgs/cmake/husky_msgs__rosidl_typesupport_introspection_cppExport.cmake
[0.407s] -- Up-to-date: /home/cairlab/teleop-keyboard-husky-foxy-devel/install/husky_msgs/share/husky_msgs/cmake/husky_msgs__rosidl_typesupport_introspection_cppExport-noconfig.cmake
[0.407s] -- Up-to-date: /home/cairlab/teleop-keyboard-husky-foxy-devel/install/husky_msgs/share/husky_msgs/cmake/husky_msgs__rosidl_typesupport_cppExport.cmake
[0.407s] -- Up-to-date: /home/cairlab/teleop-keyboard-husky-foxy-devel/install/husky_msgs/share/husky_msgs/cmake/husky_msgs__rosidl_typesupport_cppExport-noconfig.cmake
[0.474s] Invoked command in '/home/cairlab/teleop-keyboard-husky-foxy-devel/build/husky_msgs' returned '0': CMAKE_PREFIX_PATH=${CMAKE_PREFIX_PATH}:/home/cairlab/teleop-keyboard-husky-foxy-devel/install/teleop_twist_keyboard:/opt/ros/foxy /usr/bin/cmake --install /home/cairlab/teleop-keyboard-husky-foxy-devel/build/husky_msgs
