[0.152s] Invoking command in '/home/cairlab/teleop-keyboard-husky-foxy-devel/build/husky_simulator': AMENT_PREFIX_PATH=/home/cairlab/teleop-keyboard-husky-foxy-devel/install/husky_gazebo:/home/cairlab/teleop-keyboard-husky-foxy-devel/install/husky_control:/home/cairlab/teleop-keyboard-husky-foxy-devel/install/husky_description:${AMENT_PREFIX_PATH} CMAKE_PREFIX_PATH=/home/cairlab/teleop-keyboard-husky-foxy-devel/install/husky_gazebo:/home/cairlab/teleop-keyboard-husky-foxy-devel/install/husky_control:/home/cairlab/teleop-keyboard-husky-foxy-devel/install/husky_description:/opt/ros/foxy /usr/bin/cmake --build /home/cairlab/teleop-keyboard-husky-foxy-devel/build/husky_simulator -- -j12 -l12
[0.194s] Invoked command in '/home/cairlab/teleop-keyboard-husky-foxy-devel/build/husky_simulator' returned '0': AMENT_PREFIX_PATH=/home/cairlab/teleop-keyboard-husky-foxy-devel/install/husky_gazebo:/home/cairlab/teleop-keyboard-husky-foxy-devel/install/husky_control:/home/cairlab/teleop-keyboard-husky-foxy-devel/install/husky_description:${AMENT_PREFIX_PATH} CMAKE_PREFIX_PATH=/home/cairlab/teleop-keyboard-husky-foxy-devel/install/husky_gazebo:/home/cairlab/teleop-keyboard-husky-foxy-devel/install/husky_control:/home/cairlab/teleop-keyboard-husky-foxy-devel/install/husky_description:/opt/ros/foxy /usr/bin/cmake --build /home/cairlab/teleop-keyboard-husky-foxy-devel/build/husky_simulator -- -j12 -l12
[0.228s] Invoking command in '/home/cairlab/teleop-keyboard-husky-foxy-devel/build/husky_simulator': AMENT_PREFIX_PATH=/home/cairlab/teleop-keyboard-husky-foxy-devel/install/husky_gazebo:/home/cairlab/teleop-keyboard-husky-foxy-devel/install/husky_control:/home/cairlab/teleop-keyboard-husky-foxy-devel/install/husky_description:${AMENT_PREFIX_PATH} CMAKE_PREFIX_PATH=/home/cairlab/teleop-keyboard-husky-foxy-devel/install/husky_gazebo:/home/cairlab/teleop-keyboard-husky-foxy-devel/install/husky_control:/home/cairlab/teleop-keyboard-husky-foxy-devel/install/husky_description:/opt/ros/foxy /usr/bin/cmake --install /home/cairlab/teleop-keyboard-husky-foxy-devel/build/husky_simulator
[0.239s] -- Install configuration: ""
[0.240s] -- Execute custom install script
[0.240s] -- Up-to-date symlink: /home/cairlab/teleop-keyboard-husky-foxy-devel/install/husky_simulator/share/ament_index/resource_index/package_run_dependencies/husky_simulator
[0.240s] -- Up-to-date symlink: /home/cairlab/teleop-keyboard-husky-foxy-devel/install/husky_simulator/share/ament_index/resource_index/parent_prefix_path/husky_simulator
[0.241s] -- Up-to-date symlink: /home/cairlab/teleop-keyboard-husky-foxy-devel/install/husky_simulator/share/husky_simulator/environment/ament_prefix_path.sh
[0.241s] -- Up-to-date symlink: /home/cairlab/teleop-keyboard-husky-foxy-devel/install/husky_simulator/share/husky_simulator/environment/ament_prefix_path.dsv
[0.241s] -- Up-to-date symlink: /home/cairlab/teleop-keyboard-husky-foxy-devel/install/husky_simulator/share/husky_simulator/environment/path.sh
[0.241s] -- Up-to-date symlink: /home/cairlab/teleop-keyboard-husky-foxy-devel/install/husky_simulator/share/husky_simulator/environment/path.dsv
[0.242s] -- Up-to-date symlink: /home/cairlab/teleop-keyboard-husky-foxy-devel/install/husky_simulator/share/husky_simulator/local_setup.bash
[0.242s] -- Up-to-date symlink: /home/cairlab/teleop-keyboard-husky-foxy-devel/install/husky_simulator/share/husky_simulator/local_setup.sh
[0.242s] -- Up-to-date symlink: /home/cairlab/teleop-keyboard-husky-foxy-devel/install/husky_simulator/share/husky_simulator/local_setup.zsh
[0.243s] -- Up-to-date symlink: /home/cairlab/teleop-keyboard-husky-foxy-devel/install/husky_simulator/share/husky_simulator/local_setup.dsv
[0.243s] -- Symlinking: /home/cairlab/teleop-keyboard-husky-foxy-devel/install/husky_simulator/share/husky_simulator/package.dsv
[0.256s] -- Up-to-date symlink: /home/cairlab/teleop-keyboard-husky-foxy-devel/install/husky_simulator/share/ament_index/resource_index/packages/husky_simulator
[0.256s] -- Up-to-date symlink: /home/cairlab/teleop-keyboard-husky-foxy-devel/install/husky_simulator/share/husky_simulator/cmake/husky_simulatorConfig.cmake
[0.256s] -- Up-to-date symlink: /home/cairlab/teleop-keyboard-husky-foxy-devel/install/husky_simulator/share/husky_simulator/cmake/husky_simulatorConfig-version.cmake
[0.257s] -- Up-to-date symlink: /home/cairlab/teleop-keyboard-husky-foxy-devel/install/husky_simulator/share/husky_simulator/package.xml
[0.265s] Invoked command in '/home/cairlab/teleop-keyboard-husky-foxy-devel/build/husky_simulator' returned '0': AMENT_PREFIX_PATH=/home/cairlab/teleop-keyboard-husky-foxy-devel/install/husky_gazebo:/home/cairlab/teleop-keyboard-husky-foxy-devel/install/husky_control:/home/cairlab/teleop-keyboard-husky-foxy-devel/install/husky_description:${AMENT_PREFIX_PATH} CMAKE_PREFIX_PATH=/home/cairlab/teleop-keyboard-husky-foxy-devel/install/husky_gazebo:/home/cairlab/teleop-keyboard-husky-foxy-devel/install/husky_control:/home/cairlab/teleop-keyboard-husky-foxy-devel/install/husky_description:/opt/ros/foxy /usr/bin/cmake --install /home/cairlab/teleop-keyboard-husky-foxy-devel/build/husky_simulator
