[0.041s] Invoking command in '/home/cairlab/Documents/teleop-keyboard-husky-foxy-devel/src/build/husky_msgs': CMAKE_PREFIX_PATH=${CMAKE_PREFIX_PATH}:/opt/ros/foxy /usr/bin/cmake /home/cairlab/Documents/teleop-keyboard-husky-foxy-devel/src/husky_msgs -DCMAKE_INSTALL_PREFIX=/home/cairlab/Documents/teleop-keyboard-husky-foxy-devel/src/install/husky_msgs
[0.091s] -- The C compiler identification is GNU 9.4.0
[0.137s] -- The CXX compiler identification is GNU 9.4.0
[0.142s] -- Check for working C compiler: /usr/bin/cc
[0.199s] -- Check for working C compiler: /usr/bin/cc -- works
[0.200s] -- Detecting C compiler ABI info
[0.257s] -- Detecting C compiler ABI info - done
[0.275s] -- Detecting C compile features
[0.276s] -- Detecting C compile features - done
[0.279s] -- Check for working CXX compiler: /usr/bin/c++
[0.346s] -- Check for working CXX compiler: /usr/bin/c++ -- works
[0.347s] -- Detecting CXX compiler ABI info
[0.415s] -- Detecting CXX compiler ABI info - done
[0.424s] -- Detecting CXX compile features
[0.425s] -- Detecting CXX compile features - done
[0.427s] -- Found ament_cmake: 0.9.12 (/opt/ros/foxy/share/ament_cmake/cmake)
[0.447s] -- Found PythonInterp: /usr/bin/python3 (found suitable version "3.8.10", minimum required is "3") 
[0.447s] -- Using PYTHON_EXECUTABLE: /usr/bin/python3
[0.609s] -- Found std_msgs: 2.0.5 (/opt/ros/foxy/share/std_msgs/cmake)
[0.637s] -- Using all available rosidl_typesupport_c: rosidl_typesupport_fastrtps_c;rosidl_typesupport_introspection_c
[0.645s] -- Found rosidl_adapter: 1.3.1 (/opt/ros/foxy/share/rosidl_adapter/cmake)
[0.718s] -- Found OpenSSL: /usr/lib/x86_64-linux-gnu/libcrypto.so (found version "1.1.1f")  
[0.744s] -- Found FastRTPS: /opt/ros/foxy/include  
[0.816s] -- Using all available rosidl_typesupport_cpp: rosidl_typesupport_fastrtps_cpp;rosidl_typesupport_introspection_cpp
[0.861s] -- Found rosidl_default_generators: 1.0.1 (/opt/ros/foxy/share/rosidl_default_generators/cmake)
[0.887s] -- Found PythonInterp: /usr/bin/python3 (found version "3.8.10") 
[1.036s] -- Found ament_cmake_ros: 0.9.2 (/opt/ros/foxy/share/ament_cmake_ros/cmake)
[1.199s] -- Using all available rosidl_typesupport_c: rosidl_typesupport_fastrtps_c;rosidl_typesupport_introspection_c
[1.256s] -- Using all available rosidl_typesupport_cpp: rosidl_typesupport_fastrtps_cpp;rosidl_typesupport_introspection_cpp
[1.276s] -- Found PythonInterp: /usr/bin/python3 (found suitable version "3.8.10", minimum required is "3.5") 
[1.278s] -- Found python_cmake_module: 0.8.1 (/opt/ros/foxy/share/python_cmake_module/cmake)
[1.299s] -- Found PythonLibs: /usr/lib/x86_64-linux-gnu/libpython3.8.so (found suitable version "3.8.10", minimum required is "3.5") 
[1.299s] -- Using PYTHON_EXECUTABLE: /usr/bin/python3
[1.299s] -- Using PYTHON_INCLUDE_DIRS: /usr/include/python3.8
[1.300s] -- Using PYTHON_LIBRARIES: /usr/lib/x86_64-linux-gnu/libpython3.8.so
[1.316s] -- Found PythonExtra: .so  
[1.374s] -- Configuring done
[1.412s] -- Generating done
[1.415s] -- Build files have been written to: /home/cairlab/Documents/teleop-keyboard-husky-foxy-devel/src/build/husky_msgs
[1.423s] Invoked command in '/home/cairlab/Documents/teleop-keyboard-husky-foxy-devel/src/build/husky_msgs' returned '0': CMAKE_PREFIX_PATH=${CMAKE_PREFIX_PATH}:/opt/ros/foxy /usr/bin/cmake /home/cairlab/Documents/teleop-keyboard-husky-foxy-devel/src/husky_msgs -DCMAKE_INSTALL_PREFIX=/home/cairlab/Documents/teleop-keyboard-husky-foxy-devel/src/install/husky_msgs
[1.424s] Invoking command in '/home/cairlab/Documents/teleop-keyboard-husky-foxy-devel/src/build/husky_msgs': CMAKE_PREFIX_PATH=${CMAKE_PREFIX_PATH}:/opt/ros/foxy /usr/bin/cmake --build /home/cairlab/Documents/teleop-keyboard-husky-foxy-devel/src/build/husky_msgs -- -j12 -l12
[1.460s] [  3%] [34m[1mGenerating C code for ROS interfaces[0m
[1.460s] [35m[1mScanning dependencies of target husky_msgs__cpp[0m
[1.469s] [  6%] [34m[1mGenerating C++ code for ROS interfaces[0m
[1.709s] [35m[1mScanning dependencies of target husky_msgs__rosidl_generator_c[0m
[1.719s] [  6%] Built target husky_msgs__cpp
[1.719s] [  9%] [32mBuilding C object CMakeFiles/husky_msgs__rosidl_generator_c.dir/rosidl_generator_c/husky_msgs/msg/detail/husky_status__functions.c.o[0m
[1.728s] [ 19%] [34m[1mGenerating C++ type support dispatch for ROS interfaces[0m
[1.729s] [ 19%] [34m[1mGenerating C++ type support for eProsima Fast-RTPS[0m
[1.729s] [ 19%] [34m[1mGenerating C++ introspection for ROS interfaces[0m
[1.761s] [ 22%] [32m[1mLinking C shared library libhusky_msgs__rosidl_generator_c.so[0m
[1.794s] [ 22%] Built target husky_msgs__rosidl_generator_c
[1.804s] [ 25%] [34m[1mGenerating C type support dispatch for ROS interfaces[0m
[1.804s] [ 29%] [34m[1mGenerating C introspection for ROS interfaces[0m
[1.945s] [35m[1mScanning dependencies of target husky_msgs__rosidl_typesupport_cpp[0m
[1.959s] [ 32%] [32mBuilding CXX object CMakeFiles/husky_msgs__rosidl_typesupport_cpp.dir/rosidl_typesupport_cpp/husky_msgs/msg/husky_status__type_support.cpp.o[0m
[1.968s] [35m[1mScanning dependencies of target husky_msgs__rosidl_typesupport_introspection_cpp[0m
[1.981s] [ 35%] [32mBuilding CXX object CMakeFiles/husky_msgs__rosidl_typesupport_introspection_cpp.dir/rosidl_typesupport_introspection_cpp/husky_msgs/msg/detail/husky_status__type_support.cpp.o[0m
[1.991s] [35m[1mScanning dependencies of target husky_msgs__rosidl_typesupport_fastrtps_cpp[0m
[2.006s] [ 38%] [32mBuilding CXX object CMakeFiles/husky_msgs__rosidl_typesupport_fastrtps_cpp.dir/rosidl_typesupport_fastrtps_cpp/husky_msgs/msg/detail/dds_fastrtps/husky_status__type_support.cpp.o[0m
[2.039s] [35m[1mScanning dependencies of target husky_msgs__rosidl_typesupport_c[0m
[2.041s] [35m[1mScanning dependencies of target husky_msgs__rosidl_typesupport_introspection_c[0m
[2.051s] [ 41%] [32mBuilding CXX object CMakeFiles/husky_msgs__rosidl_typesupport_c.dir/rosidl_typesupport_c/husky_msgs/msg/husky_status__type_support.cpp.o[0m
[2.055s] [ 45%] [32mBuilding C object CMakeFiles/husky_msgs__rosidl_typesupport_introspection_c.dir/rosidl_typesupport_introspection_c/husky_msgs/msg/detail/husky_status__type_support.c.o[0m
[2.078s] [ 48%] [32m[1mLinking CXX shared library libhusky_msgs__rosidl_typesupport_c.so[0m
[2.084s] [ 51%] [32m[1mLinking C shared library libhusky_msgs__rosidl_typesupport_introspection_c.so[0m
[2.115s] [ 51%] Built target husky_msgs__rosidl_typesupport_c
[2.116s] [ 51%] Built target husky_msgs__rosidl_typesupport_introspection_c
[2.189s] [ 54%] [32m[1mLinking CXX shared library libhusky_msgs__rosidl_typesupport_cpp.so[0m
[2.220s] [ 58%] [32m[1mLinking CXX shared library libhusky_msgs__rosidl_typesupport_introspection_cpp.so[0m
[2.225s] [ 58%] Built target husky_msgs__rosidl_typesupport_cpp
[2.270s] [ 58%] Built target husky_msgs__rosidl_typesupport_introspection_cpp
[2.336s] [ 61%] [32m[1mLinking CXX shared library libhusky_msgs__rosidl_typesupport_fastrtps_cpp.so[0m
[2.408s] [ 61%] Built target husky_msgs__rosidl_typesupport_fastrtps_cpp
[2.414s] [ 64%] [34m[1mGenerating C type support for eProsima Fast-RTPS[0m
[2.643s] [35m[1mScanning dependencies of target husky_msgs__rosidl_typesupport_fastrtps_c[0m
[2.657s] [ 67%] [32mBuilding CXX object CMakeFiles/husky_msgs__rosidl_typesupport_fastrtps_c.dir/rosidl_typesupport_fastrtps_c/husky_msgs/msg/detail/husky_status__type_support_c.cpp.o[0m
[2.932s] [ 70%] [32m[1mLinking CXX shared library libhusky_msgs__rosidl_typesupport_fastrtps_c.so[0m
[3.002s] [ 70%] Built target husky_msgs__rosidl_typesupport_fastrtps_c
[3.011s] [35m[1mScanning dependencies of target husky_msgs[0m
[3.020s] [ 70%] Built target husky_msgs
[3.029s] [35m[1mScanning dependencies of target husky_msgs__py[0m
[3.038s] [ 74%] [34m[1mGenerating Python code for ROS interfaces[0m
[3.460s] [ 74%] Built target husky_msgs__py
[3.468s] [35m[1mScanning dependencies of target husky_msgs__python[0m
[3.482s] [ 77%] [32mBuilding C object CMakeFiles/husky_msgs__python.dir/rosidl_generator_py/husky_msgs/msg/_husky_status_s.c.o[0m
[3.558s] [ 80%] [32m[1mLinking C shared library rosidl_generator_py/husky_msgs/libhusky_msgs__python.so[0m
[3.590s] [ 80%] Built target husky_msgs__python
[3.599s] [35m[1mScanning dependencies of target husky_msgs__rosidl_typesupport_c__pyext[0m
[3.599s] [35m[1mScanning dependencies of target husky_msgs__rosidl_typesupport_introspection_c__pyext[0m
[3.599s] [35m[1mScanning dependencies of target husky_msgs__rosidl_typesupport_fastrtps_c__pyext[0m
[3.614s] [ 87%] [32mBuilding C object CMakeFiles/husky_msgs__rosidl_typesupport_introspection_c__pyext.dir/rosidl_generator_py/husky_msgs/_husky_msgs_s.ep.rosidl_typesupport_introspection_c.c.o[0m
[3.614s] [ 87%] [32mBuilding C object CMakeFiles/husky_msgs__rosidl_typesupport_c__pyext.dir/rosidl_generator_py/husky_msgs/_husky_msgs_s.ep.rosidl_typesupport_c.c.o[0m
[3.617s] [ 90%] [32mBuilding C object CMakeFiles/husky_msgs__rosidl_typesupport_fastrtps_c__pyext.dir/rosidl_generator_py/husky_msgs/_husky_msgs_s.ep.rosidl_typesupport_fastrtps_c.c.o[0m
[3.677s] [ 96%] [32m[1mLinking C shared library rosidl_generator_py/husky_msgs/husky_msgs_s__rosidl_typesupport_introspection_c.cpython-38-x86_64-linux-gnu.so[0m
[3.677s] [ 96%] [32m[1mLinking C shared library rosidl_generator_py/husky_msgs/husky_msgs_s__rosidl_typesupport_c.cpython-38-x86_64-linux-gnu.so[0m
[3.681s] [100%] [32m[1mLinking CXX shared library rosidl_generator_py/husky_msgs/husky_msgs_s__rosidl_typesupport_fastrtps_c.cpython-38-x86_64-linux-gnu.so[0m
[3.709s] [100%] Built target husky_msgs__rosidl_typesupport_c__pyext
[3.709s] [100%] Built target husky_msgs__rosidl_typesupport_introspection_c__pyext
[3.736s] [100%] Built target husky_msgs__rosidl_typesupport_fastrtps_c__pyext
[3.745s] Invoked command in '/home/cairlab/Documents/teleop-keyboard-husky-foxy-devel/src/build/husky_msgs' returned '0': CMAKE_PREFIX_PATH=${CMAKE_PREFIX_PATH}:/opt/ros/foxy /usr/bin/cmake --build /home/cairlab/Documents/teleop-keyboard-husky-foxy-devel/src/build/husky_msgs -- -j12 -l12
[3.787s] Invoking command in '/home/cairlab/Documents/teleop-keyboard-husky-foxy-devel/src/build/husky_msgs': CMAKE_PREFIX_PATH=${CMAKE_PREFIX_PATH}:/opt/ros/foxy /usr/bin/cmake --install /home/cairlab/Documents/teleop-keyboard-husky-foxy-devel/src/build/husky_msgs
[3.794s] -- Install configuration: ""
[3.795s] -- Installing: /home/cairlab/Documents/teleop-keyboard-husky-foxy-devel/src/install/husky_msgs/share/ament_index/resource_index/rosidl_interfaces/husky_msgs
[3.795s] -- Installing: /home/cairlab/Documents/teleop-keyboard-husky-foxy-devel/src/install/husky_msgs/include/husky_msgs
[3.795s] -- Installing: /home/cairlab/Documents/teleop-keyboard-husky-foxy-devel/src/install/husky_msgs/include/husky_msgs/msg
[3.795s] -- Installing: /home/cairlab/Documents/teleop-keyboard-husky-foxy-devel/src/install/husky_msgs/include/husky_msgs/msg/husky_status.h
[3.795s] -- Installing: /home/cairlab/Documents/teleop-keyboard-husky-foxy-devel/src/install/husky_msgs/include/husky_msgs/msg/rosidl_generator_c__visibility_control.h
[3.795s] -- Installing: /home/cairlab/Documents/teleop-keyboard-husky-foxy-devel/src/install/husky_msgs/include/husky_msgs/msg/detail
[3.795s] -- Installing: /home/cairlab/Documents/teleop-keyboard-husky-foxy-devel/src/install/husky_msgs/include/husky_msgs/msg/detail/husky_status__struct.h
[3.795s] -- Installing: /home/cairlab/Documents/teleop-keyboard-husky-foxy-devel/src/install/husky_msgs/include/husky_msgs/msg/detail/husky_status__type_support.h
[3.795s] -- Installing: /home/cairlab/Documents/teleop-keyboard-husky-foxy-devel/src/install/husky_msgs/include/husky_msgs/msg/detail/husky_status__functions.h
[3.795s] -- Installing: /home/cairlab/Documents/teleop-keyboard-husky-foxy-devel/src/install/husky_msgs/include/husky_msgs/msg/detail/husky_status__functions.c
[3.795s] -- Installing: /home/cairlab/Documents/teleop-keyboard-husky-foxy-devel/src/install/husky_msgs/share/husky_msgs/environment/library_path.sh
[3.796s] -- Installing: /home/cairlab/Documents/teleop-keyboard-husky-foxy-devel/src/install/husky_msgs/share/husky_msgs/environment/library_path.dsv
[3.796s] -- Installing: /home/cairlab/Documents/teleop-keyboard-husky-foxy-devel/src/install/husky_msgs/lib/libhusky_msgs__rosidl_generator_c.so
[3.796s] -- Set runtime path of "/home/cairlab/Documents/teleop-keyboard-husky-foxy-devel/src/install/husky_msgs/lib/libhusky_msgs__rosidl_generator_c.so" to ""
[3.796s] -- Up-to-date: /home/cairlab/Documents/teleop-keyboard-husky-foxy-devel/src/install/husky_msgs/include/husky_msgs
[3.796s] -- Up-to-date: /home/cairlab/Documents/teleop-keyboard-husky-foxy-devel/src/install/husky_msgs/include/husky_msgs/msg
[3.797s] -- Installing: /home/cairlab/Documents/teleop-keyboard-husky-foxy-devel/src/install/husky_msgs/include/husky_msgs/msg/rosidl_typesupport_fastrtps_c__visibility_control.h
[3.797s] -- Up-to-date: /home/cairlab/Documents/teleop-keyboard-husky-foxy-devel/src/install/husky_msgs/include/husky_msgs/msg/detail
[3.797s] -- Installing: /home/cairlab/Documents/teleop-keyboard-husky-foxy-devel/src/install/husky_msgs/include/husky_msgs/msg/detail/husky_status__rosidl_typesupport_fastrtps_c.h
[3.797s] -- Installing: /home/cairlab/Documents/teleop-keyboard-husky-foxy-devel/src/install/husky_msgs/lib/libhusky_msgs__rosidl_typesupport_fastrtps_c.so
[3.797s] -- Set runtime path of "/home/cairlab/Documents/teleop-keyboard-husky-foxy-devel/src/install/husky_msgs/lib/libhusky_msgs__rosidl_typesupport_fastrtps_c.so" to ""
[3.797s] -- Up-to-date: /home/cairlab/Documents/teleop-keyboard-husky-foxy-devel/src/install/husky_msgs/include/husky_msgs
[3.797s] -- Up-to-date: /home/cairlab/Documents/teleop-keyboard-husky-foxy-devel/src/install/husky_msgs/include/husky_msgs/msg
[3.797s] -- Installing: /home/cairlab/Documents/teleop-keyboard-husky-foxy-devel/src/install/husky_msgs/include/husky_msgs/msg/rosidl_typesupport_fastrtps_cpp__visibility_control.h
[3.797s] -- Up-to-date: /home/cairlab/Documents/teleop-keyboard-husky-foxy-devel/src/install/husky_msgs/include/husky_msgs/msg/detail
[3.797s] -- Installing: /home/cairlab/Documents/teleop-keyboard-husky-foxy-devel/src/install/husky_msgs/include/husky_msgs/msg/detail/dds_fastrtps
[3.797s] -- Installing: /home/cairlab/Documents/teleop-keyboard-husky-foxy-devel/src/install/husky_msgs/include/husky_msgs/msg/detail/husky_status__rosidl_typesupport_fastrtps_cpp.hpp
[3.797s] -- Installing: /home/cairlab/Documents/teleop-keyboard-husky-foxy-devel/src/install/husky_msgs/lib/libhusky_msgs__rosidl_typesupport_fastrtps_cpp.so
[3.798s] -- Set runtime path of "/home/cairlab/Documents/teleop-keyboard-husky-foxy-devel/src/install/husky_msgs/lib/libhusky_msgs__rosidl_typesupport_fastrtps_cpp.so" to ""
[3.798s] -- Up-to-date: /home/cairlab/Documents/teleop-keyboard-husky-foxy-devel/src/install/husky_msgs/include/husky_msgs
[3.798s] -- Up-to-date: /home/cairlab/Documents/teleop-keyboard-husky-foxy-devel/src/install/husky_msgs/include/husky_msgs/msg
[3.798s] -- Installing: /home/cairlab/Documents/teleop-keyboard-husky-foxy-devel/src/install/husky_msgs/include/husky_msgs/msg/rosidl_typesupport_introspection_c__visibility_control.h
[3.798s] -- Up-to-date: /home/cairlab/Documents/teleop-keyboard-husky-foxy-devel/src/install/husky_msgs/include/husky_msgs/msg/detail
[3.798s] -- Installing: /home/cairlab/Documents/teleop-keyboard-husky-foxy-devel/src/install/husky_msgs/include/husky_msgs/msg/detail/husky_status__type_support.c
[3.798s] -- Installing: /home/cairlab/Documents/teleop-keyboard-husky-foxy-devel/src/install/husky_msgs/include/husky_msgs/msg/detail/husky_status__rosidl_typesupport_introspection_c.h
[3.798s] -- Installing: /home/cairlab/Documents/teleop-keyboard-husky-foxy-devel/src/install/husky_msgs/lib/libhusky_msgs__rosidl_typesupport_introspection_c.so
[3.799s] -- Set runtime path of "/home/cairlab/Documents/teleop-keyboard-husky-foxy-devel/src/install/husky_msgs/lib/libhusky_msgs__rosidl_typesupport_introspection_c.so" to ""
[3.799s] -- Installing: /home/cairlab/Documents/teleop-keyboard-husky-foxy-devel/src/install/husky_msgs/lib/libhusky_msgs__rosidl_typesupport_c.so
[3.799s] -- Set runtime path of "/home/cairlab/Documents/teleop-keyboard-husky-foxy-devel/src/install/husky_msgs/lib/libhusky_msgs__rosidl_typesupport_c.so" to ""
[3.799s] -- Up-to-date: /home/cairlab/Documents/teleop-keyboard-husky-foxy-devel/src/install/husky_msgs/include/husky_msgs
[3.799s] -- Up-to-date: /home/cairlab/Documents/teleop-keyboard-husky-foxy-devel/src/install/husky_msgs/include/husky_msgs/msg
[3.800s] -- Installing: /home/cairlab/Documents/teleop-keyboard-husky-foxy-devel/src/install/husky_msgs/include/husky_msgs/msg/rosidl_generator_cpp__visibility_control.hpp
[3.800s] -- Up-to-date: /home/cairlab/Documents/teleop-keyboard-husky-foxy-devel/src/install/husky_msgs/include/husky_msgs/msg/detail
[3.800s] -- Installing: /home/cairlab/Documents/teleop-keyboard-husky-foxy-devel/src/install/husky_msgs/include/husky_msgs/msg/detail/husky_status__struct.hpp
[3.800s] -- Installing: /home/cairlab/Documents/teleop-keyboard-husky-foxy-devel/src/install/husky_msgs/include/husky_msgs/msg/detail/husky_status__type_support.hpp
[3.800s] -- Installing: /home/cairlab/Documents/teleop-keyboard-husky-foxy-devel/src/install/husky_msgs/include/husky_msgs/msg/detail/husky_status__traits.hpp
[3.800s] -- Installing: /home/cairlab/Documents/teleop-keyboard-husky-foxy-devel/src/install/husky_msgs/include/husky_msgs/msg/detail/husky_status__builder.hpp
[3.800s] -- Installing: /home/cairlab/Documents/teleop-keyboard-husky-foxy-devel/src/install/husky_msgs/include/husky_msgs/msg/husky_status.hpp
[3.800s] -- Up-to-date: /home/cairlab/Documents/teleop-keyboard-husky-foxy-devel/src/install/husky_msgs/include/husky_msgs
[3.800s] -- Up-to-date: /home/cairlab/Documents/teleop-keyboard-husky-foxy-devel/src/install/husky_msgs/include/husky_msgs/msg
[3.800s] -- Up-to-date: /home/cairlab/Documents/teleop-keyboard-husky-foxy-devel/src/install/husky_msgs/include/husky_msgs/msg/detail
[3.800s] -- Installing: /home/cairlab/Documents/teleop-keyboard-husky-foxy-devel/src/install/husky_msgs/include/husky_msgs/msg/detail/husky_status__type_support.cpp
[3.800s] -- Installing: /home/cairlab/Documents/teleop-keyboard-husky-foxy-devel/src/install/husky_msgs/include/husky_msgs/msg/detail/husky_status__rosidl_typesupport_introspection_cpp.hpp
[3.800s] -- Installing: /home/cairlab/Documents/teleop-keyboard-husky-foxy-devel/src/install/husky_msgs/lib/libhusky_msgs__rosidl_typesupport_introspection_cpp.so
[3.801s] -- Set runtime path of "/home/cairlab/Documents/teleop-keyboard-husky-foxy-devel/src/install/husky_msgs/lib/libhusky_msgs__rosidl_typesupport_introspection_cpp.so" to ""
[3.801s] -- Installing: /home/cairlab/Documents/teleop-keyboard-husky-foxy-devel/src/install/husky_msgs/lib/libhusky_msgs__rosidl_typesupport_cpp.so
[3.801s] -- Set runtime path of "/home/cairlab/Documents/teleop-keyboard-husky-foxy-devel/src/install/husky_msgs/lib/libhusky_msgs__rosidl_typesupport_cpp.so" to ""
[3.801s] -- Installing: /home/cairlab/Documents/teleop-keyboard-husky-foxy-devel/src/install/husky_msgs/share/husky_msgs/environment/pythonpath.sh
[3.801s] -- Installing: /home/cairlab/Documents/teleop-keyboard-husky-foxy-devel/src/install/husky_msgs/share/husky_msgs/environment/pythonpath.dsv
[3.802s] -- Installing: /home/cairlab/Documents/teleop-keyboard-husky-foxy-devel/src/install/husky_msgs/lib/python3.8/site-packages/husky_msgs/__init__.py
[3.825s] Compiling '/home/cairlab/Documents/teleop-keyboard-husky-foxy-devel/src/install/husky_msgs/lib/python3.8/site-packages/husky_msgs/__init__.py'...
[3.827s] -- Installing: /home/cairlab/Documents/teleop-keyboard-husky-foxy-devel/src/install/husky_msgs/lib/python3.8/site-packages/husky_msgs/msg
[3.827s] -- Installing: /home/cairlab/Documents/teleop-keyboard-husky-foxy-devel/src/install/husky_msgs/lib/python3.8/site-packages/husky_msgs/msg/_husky_status.py
[3.827s] -- Installing: /home/cairlab/Documents/teleop-keyboard-husky-foxy-devel/src/install/husky_msgs/lib/python3.8/site-packages/husky_msgs/msg/__init__.py
[3.828s] -- Installing: /home/cairlab/Documents/teleop-keyboard-husky-foxy-devel/src/install/husky_msgs/lib/python3.8/site-packages/husky_msgs/msg/_husky_status_s.c
[3.828s] -- Installing: /home/cairlab/Documents/teleop-keyboard-husky-foxy-devel/src/install/husky_msgs/lib/python3.8/site-packages/husky_msgs/husky_msgs_s__rosidl_typesupport_fastrtps_c.cpython-38-x86_64-linux-gnu.so
[3.828s] -- Set runtime path of "/home/cairlab/Documents/teleop-keyboard-husky-foxy-devel/src/install/husky_msgs/lib/python3.8/site-packages/husky_msgs/husky_msgs_s__rosidl_typesupport_fastrtps_c.cpython-38-x86_64-linux-gnu.so" to ""
[3.828s] -- Installing: /home/cairlab/Documents/teleop-keyboard-husky-foxy-devel/src/install/husky_msgs/lib/python3.8/site-packages/husky_msgs/husky_msgs_s__rosidl_typesupport_introspection_c.cpython-38-x86_64-linux-gnu.so
[3.829s] -- Set runtime path of "/home/cairlab/Documents/teleop-keyboard-husky-foxy-devel/src/install/husky_msgs/lib/python3.8/site-packages/husky_msgs/husky_msgs_s__rosidl_typesupport_introspection_c.cpython-38-x86_64-linux-gnu.so" to ""
[3.829s] -- Installing: /home/cairlab/Documents/teleop-keyboard-husky-foxy-devel/src/install/husky_msgs/lib/python3.8/site-packages/husky_msgs/husky_msgs_s__rosidl_typesupport_c.cpython-38-x86_64-linux-gnu.so
[3.829s] -- Set runtime path of "/home/cairlab/Documents/teleop-keyboard-husky-foxy-devel/src/install/husky_msgs/lib/python3.8/site-packages/husky_msgs/husky_msgs_s__rosidl_typesupport_c.cpython-38-x86_64-linux-gnu.so" to ""
[3.829s] -- Installing: /home/cairlab/Documents/teleop-keyboard-husky-foxy-devel/src/install/husky_msgs/lib/libhusky_msgs__python.so
[3.830s] -- Set runtime path of "/home/cairlab/Documents/teleop-keyboard-husky-foxy-devel/src/install/husky_msgs/lib/libhusky_msgs__python.so" to ""
[3.830s] -- Installing: /home/cairlab/Documents/teleop-keyboard-husky-foxy-devel/src/install/husky_msgs/share/husky_msgs/msg/HuskyStatus.idl
[3.830s] -- Installing: /home/cairlab/Documents/teleop-keyboard-husky-foxy-devel/src/install/husky_msgs/share/husky_msgs/msg/HuskyStatus.msg
[3.830s] -- Installing: /home/cairlab/Documents/teleop-keyboard-husky-foxy-devel/src/install/husky_msgs/share/ament_index/resource_index/package_run_dependencies/husky_msgs
[3.830s] -- Installing: /home/cairlab/Documents/teleop-keyboard-husky-foxy-devel/src/install/husky_msgs/share/ament_index/resource_index/parent_prefix_path/husky_msgs
[3.830s] -- Installing: /home/cairlab/Documents/teleop-keyboard-husky-foxy-devel/src/install/husky_msgs/share/husky_msgs/environment/ament_prefix_path.sh
[3.830s] -- Installing: /home/cairlab/Documents/teleop-keyboard-husky-foxy-devel/src/install/husky_msgs/share/husky_msgs/environment/ament_prefix_path.dsv
[3.830s] -- Installing: /home/cairlab/Documents/teleop-keyboard-husky-foxy-devel/src/install/husky_msgs/share/husky_msgs/environment/path.sh
[3.831s] -- Installing: /home/cairlab/Documents/teleop-keyboard-husky-foxy-devel/src/install/husky_msgs/share/husky_msgs/environment/path.dsv
[3.831s] -- Installing: /home/cairlab/Documents/teleop-keyboard-husky-foxy-devel/src/install/husky_msgs/share/husky_msgs/local_setup.bash
[3.831s] -- Installing: /home/cairlab/Documents/teleop-keyboard-husky-foxy-devel/src/install/husky_msgs/share/husky_msgs/local_setup.sh
[3.831s] -- Installing: /home/cairlab/Documents/teleop-keyboard-husky-foxy-devel/src/install/husky_msgs/share/husky_msgs/local_setup.zsh
[3.831s] -- Installing: /home/cairlab/Documents/teleop-keyboard-husky-foxy-devel/src/install/husky_msgs/share/husky_msgs/local_setup.dsv
[3.831s] -- Installing: /home/cairlab/Documents/teleop-keyboard-husky-foxy-devel/src/install/husky_msgs/share/husky_msgs/package.dsv
[3.831s] -- Installing: /home/cairlab/Documents/teleop-keyboard-husky-foxy-devel/src/install/husky_msgs/share/ament_index/resource_index/packages/husky_msgs
[3.832s] -- Installing: /home/cairlab/Documents/teleop-keyboard-husky-foxy-devel/src/install/husky_msgs/share/husky_msgs/cmake/husky_msgs__rosidl_generator_cExport.cmake
[3.832s] -- Installing: /home/cairlab/Documents/teleop-keyboard-husky-foxy-devel/src/install/husky_msgs/share/husky_msgs/cmake/husky_msgs__rosidl_generator_cExport-noconfig.cmake
[3.832s] -- Installing: /home/cairlab/Documents/teleop-keyboard-husky-foxy-devel/src/install/husky_msgs/share/husky_msgs/cmake/husky_msgs__rosidl_typesupport_introspection_cExport.cmake
[3.832s] -- Installing: /home/cairlab/Documents/teleop-keyboard-husky-foxy-devel/src/install/husky_msgs/share/husky_msgs/cmake/husky_msgs__rosidl_typesupport_introspection_cExport-noconfig.cmake
[3.832s] -- Installing: /home/cairlab/Documents/teleop-keyboard-husky-foxy-devel/src/install/husky_msgs/share/husky_msgs/cmake/husky_msgs__rosidl_typesupport_cExport.cmake
[3.832s] -- Installing: /home/cairlab/Documents/teleop-keyboard-husky-foxy-devel/src/install/husky_msgs/share/husky_msgs/cmake/husky_msgs__rosidl_typesupport_cExport-noconfig.cmake
[3.833s] -- Installing: /home/cairlab/Documents/teleop-keyboard-husky-foxy-devel/src/install/husky_msgs/share/husky_msgs/cmake/husky_msgs__rosidl_generator_cppExport.cmake
[3.833s] -- Installing: /home/cairlab/Documents/teleop-keyboard-husky-foxy-devel/src/install/husky_msgs/share/husky_msgs/cmake/husky_msgs__rosidl_typesupport_introspection_cppExport.cmake
[3.833s] -- Installing: /home/cairlab/Documents/teleop-keyboard-husky-foxy-devel/src/install/husky_msgs/share/husky_msgs/cmake/husky_msgs__rosidl_typesupport_introspection_cppExport-noconfig.cmake
[3.833s] -- Installing: /home/cairlab/Documents/teleop-keyboard-husky-foxy-devel/src/install/husky_msgs/share/husky_msgs/cmake/husky_msgs__rosidl_typesupport_cppExport.cmake
[3.833s] -- Installing: /home/cairlab/Documents/teleop-keyboard-husky-foxy-devel/src/install/husky_msgs/share/husky_msgs/cmake/husky_msgs__rosidl_typesupport_cppExport-noconfig.cmake
[3.833s] -- Installing: /home/cairlab/Documents/teleop-keyboard-husky-foxy-devel/src/install/husky_msgs/share/husky_msgs/cmake/rosidl_cmake-extras.cmake
[3.833s] -- Installing: /home/cairlab/Documents/teleop-keyboard-husky-foxy-devel/src/install/husky_msgs/share/husky_msgs/cmake/ament_cmake_export_dependencies-extras.cmake
[3.833s] -- Installing: /home/cairlab/Documents/teleop-keyboard-husky-foxy-devel/src/install/husky_msgs/share/husky_msgs/cmake/ament_cmake_export_libraries-extras.cmake
[3.834s] -- Installing: /home/cairlab/Documents/teleop-keyboard-husky-foxy-devel/src/install/husky_msgs/share/husky_msgs/cmake/ament_cmake_export_targets-extras.cmake
[3.834s] -- Installing: /home/cairlab/Documents/teleop-keyboard-husky-foxy-devel/src/install/husky_msgs/share/husky_msgs/cmake/ament_cmake_export_include_directories-extras.cmake
[3.834s] -- Installing: /home/cairlab/Documents/teleop-keyboard-husky-foxy-devel/src/install/husky_msgs/share/husky_msgs/cmake/rosidl_cmake_export_typesupport_libraries-extras.cmake
[3.834s] -- Installing: /home/cairlab/Documents/teleop-keyboard-husky-foxy-devel/src/install/husky_msgs/share/husky_msgs/cmake/rosidl_cmake_export_typesupport_targets-extras.cmake
[3.834s] -- Installing: /home/cairlab/Documents/teleop-keyboard-husky-foxy-devel/src/install/husky_msgs/share/husky_msgs/cmake/husky_msgsConfig.cmake
[3.834s] -- Installing: /home/cairlab/Documents/teleop-keyboard-husky-foxy-devel/src/install/husky_msgs/share/husky_msgs/cmake/husky_msgsConfig-version.cmake
[3.834s] -- Installing: /home/cairlab/Documents/teleop-keyboard-husky-foxy-devel/src/install/husky_msgs/share/husky_msgs/package.xml
[3.842s] Invoked command in '/home/cairlab/Documents/teleop-keyboard-husky-foxy-devel/src/build/husky_msgs' returned '0': CMAKE_PREFIX_PATH=${CMAKE_PREFIX_PATH}:/opt/ros/foxy /usr/bin/cmake --install /home/cairlab/Documents/teleop-keyboard-husky-foxy-devel/src/build/husky_msgs
