[0.528s] Invoking command in '/home/cairlab/Documents/teleop-keyboard-husky-foxy-devel/src/teleop_twist_keyboard': PYTHONPATH=/home/cairlab/Documents/teleop-keyboard-husky-foxy-devel/src/build/teleop_twist_keyboard/prefix_override:/home/cairlab/Documents/teleop-keyboard-husky-foxy-devel/src/install/teleop_twist_keyboard/lib/python3.8/site-packages:${PYTHONPATH} /usr/bin/python3 setup.py egg_info --egg-base ../build/teleop_twist_keyboard build --build-base /home/cairlab/Documents/teleop-keyboard-husky-foxy-devel/src/build/teleop_twist_keyboard/build install --record /home/cairlab/Documents/teleop-keyboard-husky-foxy-devel/src/build/teleop_twist_keyboard/install.log --single-version-externally-managed
[0.683s] running egg_info
[0.683s] creating ../build/teleop_twist_keyboard/teleop_twist_keyboard.egg-info
[0.683s] writing ../build/teleop_twist_keyboard/teleop_twist_keyboard.egg-info/PKG-INFO
[0.683s] writing dependency_links to ../build/teleop_twist_keyboard/teleop_twist_keyboard.egg-info/dependency_links.txt
[0.683s] writing entry points to ../build/teleop_twist_keyboard/teleop_twist_keyboard.egg-info/entry_points.txt
[0.684s] writing requirements to ../build/teleop_twist_keyboard/teleop_twist_keyboard.egg-info/requires.txt
[0.684s] writing top-level names to ../build/teleop_twist_keyboard/teleop_twist_keyboard.egg-info/top_level.txt
[0.685s] writing manifest file '../build/teleop_twist_keyboard/teleop_twist_keyboard.egg-info/SOURCES.txt'
[0.710s] reading manifest file '../build/teleop_twist_keyboard/teleop_twist_keyboard.egg-info/SOURCES.txt'
[0.710s] writing manifest file '../build/teleop_twist_keyboard/teleop_twist_keyboard.egg-info/SOURCES.txt'
[0.711s] running build
[0.711s] running build_py
[0.711s] creating /home/cairlab/Documents/teleop-keyboard-husky-foxy-devel/src/build/teleop_twist_keyboard/build
[0.711s] creating /home/cairlab/Documents/teleop-keyboard-husky-foxy-devel/src/build/teleop_twist_keyboard/build/lib
[0.711s] copying teleop_twist_keyboard.py -> /home/cairlab/Documents/teleop-keyboard-husky-foxy-devel/src/build/teleop_twist_keyboard/build/lib
[0.711s] running install
[0.711s] running install_lib
[0.712s] copying /home/cairlab/Documents/teleop-keyboard-husky-foxy-devel/src/build/teleop_twist_keyboard/build/lib/teleop_twist_keyboard.py -> /home/cairlab/Documents/teleop-keyboard-husky-foxy-devel/src/install/teleop_twist_keyboard/lib/python3.8/site-packages
[0.713s] byte-compiling /home/cairlab/Documents/teleop-keyboard-husky-foxy-devel/src/install/teleop_twist_keyboard/lib/python3.8/site-packages/teleop_twist_keyboard.py to teleop_twist_keyboard.cpython-38.pyc
[0.714s] running install_data
[0.715s] creating /home/cairlab/Documents/teleop-keyboard-husky-foxy-devel/src/install/teleop_twist_keyboard/share/ament_index
[0.715s] creating /home/cairlab/Documents/teleop-keyboard-husky-foxy-devel/src/install/teleop_twist_keyboard/share/ament_index/resource_index
[0.715s] creating /home/cairlab/Documents/teleop-keyboard-husky-foxy-devel/src/install/teleop_twist_keyboard/share/ament_index/resource_index/packages
[0.715s] copying resource/teleop_twist_keyboard -> /home/cairlab/Documents/teleop-keyboard-husky-foxy-devel/src/install/teleop_twist_keyboard/share/ament_index/resource_index/packages
[0.715s] copying package.xml -> /home/cairlab/Documents/teleop-keyboard-husky-foxy-devel/src/install/teleop_twist_keyboard/share/teleop_twist_keyboard
[0.715s] running install_egg_info
[0.716s] Copying ../build/teleop_twist_keyboard/teleop_twist_keyboard.egg-info to /home/cairlab/Documents/teleop-keyboard-husky-foxy-devel/src/install/teleop_twist_keyboard/lib/python3.8/site-packages/teleop_twist_keyboard-2.3.2-py3.8.egg-info
[0.716s] running install_scripts
[0.730s] Installing teleop_twist_keyboard script to /home/cairlab/Documents/teleop-keyboard-husky-foxy-devel/src/install/teleop_twist_keyboard/lib/teleop_twist_keyboard
[0.730s] writing list of installed files to '/home/cairlab/Documents/teleop-keyboard-husky-foxy-devel/src/build/teleop_twist_keyboard/install.log'
[0.751s] Invoked command in '/home/cairlab/Documents/teleop-keyboard-husky-foxy-devel/src/teleop_twist_keyboard' returned '0': PYTHONPATH=/home/cairlab/Documents/teleop-keyboard-husky-foxy-devel/src/build/teleop_twist_keyboard/prefix_override:/home/cairlab/Documents/teleop-keyboard-husky-foxy-devel/src/install/teleop_twist_keyboard/lib/python3.8/site-packages:${PYTHONPATH} /usr/bin/python3 setup.py egg_info --egg-base ../build/teleop_twist_keyboard build --build-base /home/cairlab/Documents/teleop-keyboard-husky-foxy-devel/src/build/teleop_twist_keyboard/build install --record /home/cairlab/Documents/teleop-keyboard-husky-foxy-devel/src/build/teleop_twist_keyboard/install.log --single-version-externally-managed
