-- The C compiler identification is GNU 9.4.0
-- The CXX compiler identification is GNU 9.4.0
-- Check for working C compiler: /usr/bin/cc
-- Check for working C compiler: /usr/bin/cc -- works
-- Detecting C compiler ABI info
-- Detecting C compiler ABI info - done
-- Detecting C compile features
-- Detecting C compile features - done
-- Check for working CXX compiler: /usr/bin/c++
-- Check for working CXX compiler: /usr/bin/c++ -- works
-- Detecting CXX compiler ABI info
-- Detecting CXX compiler ABI info - done
-- Detecting CXX compile features
-- Detecting CXX compile features - done
-- Found ament_cmake: 0.9.12 (/opt/ros/foxy/share/ament_cmake/cmake)
-- Found PythonInterp: /usr/bin/python3 (found suitable version "3.8.10", minimum required is "3") 
-- Using PYTHON_EXECUTABLE: /usr/bin/python3
-- Override CMake install command with custom implementation using symlinks instead of copying resources
-- Configuring done
-- Generating done
-- Build files have been written to: /home/cairlab/teleop-keyboard-husky-foxy-devel/build/husky_viz
-- Install configuration: ""
-- Execute custom install script
-- Symlinking: /home/cairlab/teleop-keyboard-husky-foxy-devel/install/husky_viz/share/husky_viz/launch/view_model.launch
-- Symlinking: /home/cairlab/teleop-keyboard-husky-foxy-devel/install/husky_viz/share/husky_viz/launch/view_model.launch.py
-- Symlinking: /home/cairlab/teleop-keyboard-husky-foxy-devel/install/husky_viz/share/husky_viz/launch/view_robot.launch
-- Symlinking: /home/cairlab/teleop-keyboard-husky-foxy-devel/install/husky_viz/share/husky_viz/launch/view_robot.launch.py
-- Symlinking: /home/cairlab/teleop-keyboard-husky-foxy-devel/install/husky_viz/share/husky_viz/rviz/model.rviz
-- Symlinking: /home/cairlab/teleop-keyboard-husky-foxy-devel/install/husky_viz/share/husky_viz/rviz/robot.rviz
-- Symlinking: /home/cairlab/teleop-keyboard-husky-foxy-devel/install/husky_viz/share/husky_viz/rviz/test.rviz
-- Symlinking: /home/cairlab/teleop-keyboard-husky-foxy-devel/install/husky_viz/share/ament_index/resource_index/package_run_dependencies/husky_viz
-- Symlinking: /home/cairlab/teleop-keyboard-husky-foxy-devel/install/husky_viz/share/ament_index/resource_index/parent_prefix_path/husky_viz
-- Symlinking: /home/cairlab/teleop-keyboard-husky-foxy-devel/install/husky_viz/share/husky_viz/environment/ament_prefix_path.sh
-- Symlinking: /home/cairlab/teleop-keyboard-husky-foxy-devel/install/husky_viz/share/husky_viz/environment/ament_prefix_path.dsv
-- Symlinking: /home/cairlab/teleop-keyboard-husky-foxy-devel/install/husky_viz/share/husky_viz/environment/path.sh
-- Symlinking: /home/cairlab/teleop-keyboard-husky-foxy-devel/install/husky_viz/share/husky_viz/environment/path.dsv
-- Symlinking: /home/cairlab/teleop-keyboard-husky-foxy-devel/install/husky_viz/share/husky_viz/local_setup.bash
-- Symlinking: /home/cairlab/teleop-keyboard-husky-foxy-devel/install/husky_viz/share/husky_viz/local_setup.sh
-- Symlinking: /home/cairlab/teleop-keyboard-husky-foxy-devel/install/husky_viz/share/husky_viz/local_setup.zsh
-- Symlinking: /home/cairlab/teleop-keyboard-husky-foxy-devel/install/husky_viz/share/husky_viz/local_setup.dsv
-- Symlinking: /home/cairlab/teleop-keyboard-husky-foxy-devel/install/husky_viz/share/husky_viz/package.dsv
-- Symlinking: /home/cairlab/teleop-keyboard-husky-foxy-devel/install/husky_viz/share/ament_index/resource_index/packages/husky_viz
-- Symlinking: /home/cairlab/teleop-keyboard-husky-foxy-devel/install/husky_viz/share/husky_viz/cmake/husky_vizConfig.cmake
-- Symlinking: /home/cairlab/teleop-keyboard-husky-foxy-devel/install/husky_viz/share/husky_viz/cmake/husky_vizConfig-version.cmake
-- Symlinking: /home/cairlab/teleop-keyboard-husky-foxy-devel/install/husky_viz/share/husky_viz/package.xml
