[0.024s] Invoking command in '/home/cairlab/teleop-keyboard-husky-foxy-devel/build/husky_viz': CMAKE_PREFIX_PATH=/home/cairlab/teleop-keyboard-husky-foxy-devel/install/husky_description:/home/cairlab/teleop-keyboard-husky-foxy-devel/install/multi_husky_gazebo:/home/cairlab/teleop-keyboard-husky-foxy-devel/install/husky_desktop:/home/cairlab/teleop-keyboard-husky-foxy-devel/install/husky_viz:/home/cairlab/teleop-keyboard-husky-foxy-devel/install/husky_simulator:/home/cairlab/teleop-keyboard-husky-foxy-devel/install/husky_robot:/home/cairlab/teleop-keyboard-husky-foxy-devel/install/husky_bringup:/home/cairlab/teleop-keyboard-husky-foxy-devel/install/husky_base:/home/cairlab/teleop-keyboard-husky-foxy-devel/install/husky_msgs:/home/cairlab/teleop-keyboard-husky-foxy-devel/install/husky_gazebo:/home/cairlab/teleop-keyboard-husky-foxy-devel/install/husky_control:/home/cairlab/teleop-keyboard-husky-foxy-devel/install/teleop_twist_keyboard:/opt/ros/foxy /usr/bin/cmake /home/cairlab/teleop-keyboard-husky-foxy-devel/src/husky_viz -DAMENT_CMAKE_SYMLINK_INSTALL=1 -DCMAKE_INSTALL_PREFIX=/home/cairlab/teleop-keyboard-husky-foxy-devel/install/husky_viz
[0.072s] -- The C compiler identification is GNU 9.4.0
[0.123s] -- The CXX compiler identification is GNU 9.4.0
[0.127s] -- Check for working C compiler: /usr/bin/cc
[0.183s] -- Check for working C compiler: /usr/bin/cc -- works
[0.184s] -- Detecting C compiler ABI info
[0.244s] -- Detecting C compiler ABI info - done
[0.253s] -- Detecting C compile features
[0.254s] -- Detecting C compile features - done
[0.255s] -- Check for working CXX compiler: /usr/bin/c++
[0.324s] -- Check for working CXX compiler: /usr/bin/c++ -- works
[0.324s] -- Detecting CXX compiler ABI info
[0.393s] -- Detecting CXX compiler ABI info - done
[0.403s] -- Detecting CXX compile features
[0.404s] -- Detecting CXX compile features - done
[0.405s] -- Found ament_cmake: 0.9.12 (/opt/ros/foxy/share/ament_cmake/cmake)
[0.432s] -- Found PythonInterp: /usr/bin/python3 (found suitable version "3.8.10", minimum required is "3") 
[0.432s] -- Using PYTHON_EXECUTABLE: /usr/bin/python3
[0.590s] -- Override CMake install command with custom implementation using symlinks instead of copying resources
[0.695s] -- Configuring done
[0.697s] -- Generating done
[0.698s] -- Build files have been written to: /home/cairlab/teleop-keyboard-husky-foxy-devel/build/husky_viz
[0.702s] Invoked command in '/home/cairlab/teleop-keyboard-husky-foxy-devel/build/husky_viz' returned '0': CMAKE_PREFIX_PATH=/home/cairlab/teleop-keyboard-husky-foxy-devel/install/husky_description:/home/cairlab/teleop-keyboard-husky-foxy-devel/install/multi_husky_gazebo:/home/cairlab/teleop-keyboard-husky-foxy-devel/install/husky_desktop:/home/cairlab/teleop-keyboard-husky-foxy-devel/install/husky_viz:/home/cairlab/teleop-keyboard-husky-foxy-devel/install/husky_simulator:/home/cairlab/teleop-keyboard-husky-foxy-devel/install/husky_robot:/home/cairlab/teleop-keyboard-husky-foxy-devel/install/husky_bringup:/home/cairlab/teleop-keyboard-husky-foxy-devel/install/husky_base:/home/cairlab/teleop-keyboard-husky-foxy-devel/install/husky_msgs:/home/cairlab/teleop-keyboard-husky-foxy-devel/install/husky_gazebo:/home/cairlab/teleop-keyboard-husky-foxy-devel/install/husky_control:/home/cairlab/teleop-keyboard-husky-foxy-devel/install/teleop_twist_keyboard:/opt/ros/foxy /usr/bin/cmake /home/cairlab/teleop-keyboard-husky-foxy-devel/src/husky_viz -DAMENT_CMAKE_SYMLINK_INSTALL=1 -DCMAKE_INSTALL_PREFIX=/home/cairlab/teleop-keyboard-husky-foxy-devel/install/husky_viz
[0.703s] Invoking command in '/home/cairlab/teleop-keyboard-husky-foxy-devel/build/husky_viz': CMAKE_PREFIX_PATH=/home/cairlab/teleop-keyboard-husky-foxy-devel/install/husky_description:/home/cairlab/teleop-keyboard-husky-foxy-devel/install/multi_husky_gazebo:/home/cairlab/teleop-keyboard-husky-foxy-devel/install/husky_desktop:/home/cairlab/teleop-keyboard-husky-foxy-devel/install/husky_viz:/home/cairlab/teleop-keyboard-husky-foxy-devel/install/husky_simulator:/home/cairlab/teleop-keyboard-husky-foxy-devel/install/husky_robot:/home/cairlab/teleop-keyboard-husky-foxy-devel/install/husky_bringup:/home/cairlab/teleop-keyboard-husky-foxy-devel/install/husky_base:/home/cairlab/teleop-keyboard-husky-foxy-devel/install/husky_msgs:/home/cairlab/teleop-keyboard-husky-foxy-devel/install/husky_gazebo:/home/cairlab/teleop-keyboard-husky-foxy-devel/install/husky_control:/home/cairlab/teleop-keyboard-husky-foxy-devel/install/teleop_twist_keyboard:/opt/ros/foxy /usr/bin/cmake --build /home/cairlab/teleop-keyboard-husky-foxy-devel/build/husky_viz -- -j12 -l12
[0.742s] Invoked command in '/home/cairlab/teleop-keyboard-husky-foxy-devel/build/husky_viz' returned '0': CMAKE_PREFIX_PATH=/home/cairlab/teleop-keyboard-husky-foxy-devel/install/husky_description:/home/cairlab/teleop-keyboard-husky-foxy-devel/install/multi_husky_gazebo:/home/cairlab/teleop-keyboard-husky-foxy-devel/install/husky_desktop:/home/cairlab/teleop-keyboard-husky-foxy-devel/install/husky_viz:/home/cairlab/teleop-keyboard-husky-foxy-devel/install/husky_simulator:/home/cairlab/teleop-keyboard-husky-foxy-devel/install/husky_robot:/home/cairlab/teleop-keyboard-husky-foxy-devel/install/husky_bringup:/home/cairlab/teleop-keyboard-husky-foxy-devel/install/husky_base:/home/cairlab/teleop-keyboard-husky-foxy-devel/install/husky_msgs:/home/cairlab/teleop-keyboard-husky-foxy-devel/install/husky_gazebo:/home/cairlab/teleop-keyboard-husky-foxy-devel/install/husky_control:/home/cairlab/teleop-keyboard-husky-foxy-devel/install/teleop_twist_keyboard:/opt/ros/foxy /usr/bin/cmake --build /home/cairlab/teleop-keyboard-husky-foxy-devel/build/husky_viz -- -j12 -l12
[0.761s] Invoking command in '/home/cairlab/teleop-keyboard-husky-foxy-devel/build/husky_viz': CMAKE_PREFIX_PATH=/home/cairlab/teleop-keyboard-husky-foxy-devel/install/husky_description:/home/cairlab/teleop-keyboard-husky-foxy-devel/install/multi_husky_gazebo:/home/cairlab/teleop-keyboard-husky-foxy-devel/install/husky_desktop:/home/cairlab/teleop-keyboard-husky-foxy-devel/install/husky_viz:/home/cairlab/teleop-keyboard-husky-foxy-devel/install/husky_simulator:/home/cairlab/teleop-keyboard-husky-foxy-devel/install/husky_robot:/home/cairlab/teleop-keyboard-husky-foxy-devel/install/husky_bringup:/home/cairlab/teleop-keyboard-husky-foxy-devel/install/husky_base:/home/cairlab/teleop-keyboard-husky-foxy-devel/install/husky_msgs:/home/cairlab/teleop-keyboard-husky-foxy-devel/install/husky_gazebo:/home/cairlab/teleop-keyboard-husky-foxy-devel/install/husky_control:/home/cairlab/teleop-keyboard-husky-foxy-devel/install/teleop_twist_keyboard:/opt/ros/foxy /usr/bin/cmake --install /home/cairlab/teleop-keyboard-husky-foxy-devel/build/husky_viz
[0.771s] -- Install configuration: ""
[0.771s] -- Execute custom install script
[0.772s] -- Symlinking: /home/cairlab/teleop-keyboard-husky-foxy-devel/install/husky_viz/share/husky_viz/launch/view_model.launch
[0.782s] -- Symlinking: /home/cairlab/teleop-keyboard-husky-foxy-devel/install/husky_viz/share/husky_viz/launch/view_model.launch.py
[0.790s] -- Symlinking: /home/cairlab/teleop-keyboard-husky-foxy-devel/install/husky_viz/share/husky_viz/launch/view_robot.launch
[0.799s] -- Symlinking: /home/cairlab/teleop-keyboard-husky-foxy-devel/install/husky_viz/share/husky_viz/launch/view_robot.launch.py
[0.807s] -- Symlinking: /home/cairlab/teleop-keyboard-husky-foxy-devel/install/husky_viz/share/husky_viz/rviz/model.rviz
[0.814s] -- Symlinking: /home/cairlab/teleop-keyboard-husky-foxy-devel/install/husky_viz/share/husky_viz/rviz/robot.rviz
[0.823s] -- Symlinking: /home/cairlab/teleop-keyboard-husky-foxy-devel/install/husky_viz/share/husky_viz/rviz/test.rviz
[0.833s] -- Symlinking: /home/cairlab/teleop-keyboard-husky-foxy-devel/install/husky_viz/share/ament_index/resource_index/package_run_dependencies/husky_viz
[0.842s] -- Symlinking: /home/cairlab/teleop-keyboard-husky-foxy-devel/install/husky_viz/share/ament_index/resource_index/parent_prefix_path/husky_viz
[0.852s] -- Symlinking: /home/cairlab/teleop-keyboard-husky-foxy-devel/install/husky_viz/share/husky_viz/environment/ament_prefix_path.sh
[0.861s] -- Symlinking: /home/cairlab/teleop-keyboard-husky-foxy-devel/install/husky_viz/share/husky_viz/environment/ament_prefix_path.dsv
[0.870s] -- Symlinking: /home/cairlab/teleop-keyboard-husky-foxy-devel/install/husky_viz/share/husky_viz/environment/path.sh
[0.882s] -- Symlinking: /home/cairlab/teleop-keyboard-husky-foxy-devel/install/husky_viz/share/husky_viz/environment/path.dsv
[0.892s] -- Symlinking: /home/cairlab/teleop-keyboard-husky-foxy-devel/install/husky_viz/share/husky_viz/local_setup.bash
[0.903s] -- Symlinking: /home/cairlab/teleop-keyboard-husky-foxy-devel/install/husky_viz/share/husky_viz/local_setup.sh
[0.912s] -- Symlinking: /home/cairlab/teleop-keyboard-husky-foxy-devel/install/husky_viz/share/husky_viz/local_setup.zsh
[0.920s] -- Symlinking: /home/cairlab/teleop-keyboard-husky-foxy-devel/install/husky_viz/share/husky_viz/local_setup.dsv
[0.928s] -- Symlinking: /home/cairlab/teleop-keyboard-husky-foxy-devel/install/husky_viz/share/husky_viz/package.dsv
[0.940s] -- Symlinking: /home/cairlab/teleop-keyboard-husky-foxy-devel/install/husky_viz/share/ament_index/resource_index/packages/husky_viz
[0.951s] -- Symlinking: /home/cairlab/teleop-keyboard-husky-foxy-devel/install/husky_viz/share/husky_viz/cmake/husky_vizConfig.cmake
[0.962s] -- Symlinking: /home/cairlab/teleop-keyboard-husky-foxy-devel/install/husky_viz/share/husky_viz/cmake/husky_vizConfig-version.cmake
[0.973s] -- Symlinking: /home/cairlab/teleop-keyboard-husky-foxy-devel/install/husky_viz/share/husky_viz/package.xml
[0.996s] Invoked command in '/home/cairlab/teleop-keyboard-husky-foxy-devel/build/husky_viz' returned '0': CMAKE_PREFIX_PATH=/home/cairlab/teleop-keyboard-husky-foxy-devel/install/husky_description:/home/cairlab/teleop-keyboard-husky-foxy-devel/install/multi_husky_gazebo:/home/cairlab/teleop-keyboard-husky-foxy-devel/install/husky_desktop:/home/cairlab/teleop-keyboard-husky-foxy-devel/install/husky_viz:/home/cairlab/teleop-keyboard-husky-foxy-devel/install/husky_simulator:/home/cairlab/teleop-keyboard-husky-foxy-devel/install/husky_robot:/home/cairlab/teleop-keyboard-husky-foxy-devel/install/husky_bringup:/home/cairlab/teleop-keyboard-husky-foxy-devel/install/husky_base:/home/cairlab/teleop-keyboard-husky-foxy-devel/install/husky_msgs:/home/cairlab/teleop-keyboard-husky-foxy-devel/install/husky_gazebo:/home/cairlab/teleop-keyboard-husky-foxy-devel/install/husky_control:/home/cairlab/teleop-keyboard-husky-foxy-devel/install/teleop_twist_keyboard:/opt/ros/foxy /usr/bin/cmake --install /home/cairlab/teleop-keyboard-husky-foxy-devel/build/husky_viz
