[0.091s] Invoking command in '/home/cairlab/teleop-keyboard-husky-foxy-devel/build/husky_bringup': AMENT_PREFIX_PATH=/home/cairlab/teleop-keyboard-husky-foxy-devel/install/husky_control:/home/cairlab/teleop-keyboard-husky-foxy-devel/install/husky_base:/home/cairlab/teleop-keyboard-husky-foxy-devel/install/husky_msgs:/home/cairlab/teleop-keyboard-husky-foxy-devel/install/husky_description:${AMENT_PREFIX_PATH} CMAKE_PREFIX_PATH=/home/cairlab/teleop-keyboard-husky-foxy-devel/install/husky_control:/home/cairlab/teleop-keyboard-husky-foxy-devel/install/husky_base:/home/cairlab/teleop-keyboard-husky-foxy-devel/install/husky_msgs:/home/cairlab/teleop-keyboard-husky-foxy-devel/install/husky_description:/opt/ros/foxy LD_LIBRARY_PATH=/home/cairlab/teleop-keyboard-husky-foxy-devel/install/husky_base/lib:/home/cairlab/teleop-keyboard-husky-foxy-devel/install/husky_msgs/lib:${LD_LIBRARY_PATH} PYTHONPATH=/home/cairlab/teleop-keyboard-husky-foxy-devel/install/husky_msgs/lib/python3.8/site-packages:${PYTHONPATH} /usr/bin/cmake --build /home/cairlab/teleop-keyboard-husky-foxy-devel/build/husky_bringup -- -j12 -l12
[0.166s] Invoked command in '/home/cairlab/teleop-keyboard-husky-foxy-devel/build/husky_bringup' returned '0': AMENT_PREFIX_PATH=/home/cairlab/teleop-keyboard-husky-foxy-devel/install/husky_control:/home/cairlab/teleop-keyboard-husky-foxy-devel/install/husky_base:/home/cairlab/teleop-keyboard-husky-foxy-devel/install/husky_msgs:/home/cairlab/teleop-keyboard-husky-foxy-devel/install/husky_description:${AMENT_PREFIX_PATH} CMAKE_PREFIX_PATH=/home/cairlab/teleop-keyboard-husky-foxy-devel/install/husky_control:/home/cairlab/teleop-keyboard-husky-foxy-devel/install/husky_base:/home/cairlab/teleop-keyboard-husky-foxy-devel/install/husky_msgs:/home/cairlab/teleop-keyboard-husky-foxy-devel/install/husky_description:/opt/ros/foxy LD_LIBRARY_PATH=/home/cairlab/teleop-keyboard-husky-foxy-devel/install/husky_base/lib:/home/cairlab/teleop-keyboard-husky-foxy-devel/install/husky_msgs/lib:${LD_LIBRARY_PATH} PYTHONPATH=/home/cairlab/teleop-keyboard-husky-foxy-devel/install/husky_msgs/lib/python3.8/site-packages:${PYTHONPATH} /usr/bin/cmake --build /home/cairlab/teleop-keyboard-husky-foxy-devel/build/husky_bringup -- -j12 -l12
[0.199s] Invoking command in '/home/cairlab/teleop-keyboard-husky-foxy-devel/build/husky_bringup': AMENT_PREFIX_PATH=/home/cairlab/teleop-keyboard-husky-foxy-devel/install/husky_control:/home/cairlab/teleop-keyboard-husky-foxy-devel/install/husky_base:/home/cairlab/teleop-keyboard-husky-foxy-devel/install/husky_msgs:/home/cairlab/teleop-keyboard-husky-foxy-devel/install/husky_description:${AMENT_PREFIX_PATH} CMAKE_PREFIX_PATH=/home/cairlab/teleop-keyboard-husky-foxy-devel/install/husky_control:/home/cairlab/teleop-keyboard-husky-foxy-devel/install/husky_base:/home/cairlab/teleop-keyboard-husky-foxy-devel/install/husky_msgs:/home/cairlab/teleop-keyboard-husky-foxy-devel/install/husky_description:/opt/ros/foxy LD_LIBRARY_PATH=/home/cairlab/teleop-keyboard-husky-foxy-devel/install/husky_base/lib:/home/cairlab/teleop-keyboard-husky-foxy-devel/install/husky_msgs/lib:${LD_LIBRARY_PATH} PYTHONPATH=/home/cairlab/teleop-keyboard-husky-foxy-devel/install/husky_msgs/lib/python3.8/site-packages:${PYTHONPATH} /usr/bin/cmake --install /home/cairlab/teleop-keyboard-husky-foxy-devel/build/husky_bringup
[0.205s] -- Install configuration: ""
[0.205s] -- Execute custom install script
[0.206s] -- Up-to-date symlink: /home/cairlab/teleop-keyboard-husky-foxy-devel/install/husky_bringup/share/husky_bringup/config/mag_config_default.yaml
[0.207s] -- Up-to-date symlink: /home/cairlab/teleop-keyboard-husky-foxy-devel/install/husky_bringup/share/husky_bringup/launch/accessories.launch.py
[0.208s] -- Up-to-date symlink: /home/cairlab/teleop-keyboard-husky-foxy-devel/install/husky_bringup/share/husky_bringup/udev/10-microstrain.rules
[0.208s] -- Up-to-date symlink: /home/cairlab/teleop-keyboard-husky-foxy-devel/install/husky_bringup/share/husky_bringup/udev/41-clearpath.rules
[0.208s] -- Up-to-date symlink: /home/cairlab/teleop-keyboard-husky-foxy-devel/install/husky_bringup/share/husky_bringup/udev/41-hokuyo.rules
[0.208s] -- Up-to-date symlink: /home/cairlab/teleop-keyboard-husky-foxy-devel/install/husky_bringup/share/husky_bringup/udev/41-logitech.rules
[0.209s] -- Up-to-date symlink: /home/cairlab/teleop-keyboard-husky-foxy-devel/install/husky_bringup/share/husky_bringup/udev/52-ftdi.rules
[0.209s] -- Up-to-date symlink: /home/cairlab/teleop-keyboard-husky-foxy-devel/install/husky_bringup/share/husky_bringup/udev/README.md
[0.210s] -- Up-to-date symlink: /home/cairlab/teleop-keyboard-husky-foxy-devel/install/husky_bringup/lib/husky_bringup/install
[0.210s] -- Up-to-date symlink: /home/cairlab/teleop-keyboard-husky-foxy-devel/install/husky_bringup/share/ament_index/resource_index/package_run_dependencies/husky_bringup
[0.211s] -- Up-to-date symlink: /home/cairlab/teleop-keyboard-husky-foxy-devel/install/husky_bringup/share/ament_index/resource_index/parent_prefix_path/husky_bringup
[0.212s] -- Up-to-date symlink: /home/cairlab/teleop-keyboard-husky-foxy-devel/install/husky_bringup/share/husky_bringup/environment/ament_prefix_path.sh
[0.212s] -- Up-to-date symlink: /home/cairlab/teleop-keyboard-husky-foxy-devel/install/husky_bringup/share/husky_bringup/environment/ament_prefix_path.dsv
[0.212s] -- Up-to-date symlink: /home/cairlab/teleop-keyboard-husky-foxy-devel/install/husky_bringup/share/husky_bringup/environment/path.sh
[0.213s] -- Up-to-date symlink: /home/cairlab/teleop-keyboard-husky-foxy-devel/install/husky_bringup/share/husky_bringup/environment/path.dsv
[0.213s] -- Up-to-date symlink: /home/cairlab/teleop-keyboard-husky-foxy-devel/install/husky_bringup/share/husky_bringup/local_setup.bash
[0.213s] -- Up-to-date symlink: /home/cairlab/teleop-keyboard-husky-foxy-devel/install/husky_bringup/share/husky_bringup/local_setup.sh
[0.214s] -- Up-to-date symlink: /home/cairlab/teleop-keyboard-husky-foxy-devel/install/husky_bringup/share/husky_bringup/local_setup.zsh
[0.214s] -- Up-to-date symlink: /home/cairlab/teleop-keyboard-husky-foxy-devel/install/husky_bringup/share/husky_bringup/local_setup.dsv
[0.214s] -- Symlinking: /home/cairlab/teleop-keyboard-husky-foxy-devel/install/husky_bringup/share/husky_bringup/package.dsv
[0.222s] -- Up-to-date symlink: /home/cairlab/teleop-keyboard-husky-foxy-devel/install/husky_bringup/share/ament_index/resource_index/packages/husky_bringup
[0.222s] -- Up-to-date symlink: /home/cairlab/teleop-keyboard-husky-foxy-devel/install/husky_bringup/share/husky_bringup/cmake/husky_bringupConfig.cmake
[0.222s] -- Up-to-date symlink: /home/cairlab/teleop-keyboard-husky-foxy-devel/install/husky_bringup/share/husky_bringup/cmake/husky_bringupConfig-version.cmake
[0.223s] -- Up-to-date symlink: /home/cairlab/teleop-keyboard-husky-foxy-devel/install/husky_bringup/share/husky_bringup/package.xml
[0.224s] Invoked command in '/home/cairlab/teleop-keyboard-husky-foxy-devel/build/husky_bringup' returned '0': AMENT_PREFIX_PATH=/home/cairlab/teleop-keyboard-husky-foxy-devel/install/husky_control:/home/cairlab/teleop-keyboard-husky-foxy-devel/install/husky_base:/home/cairlab/teleop-keyboard-husky-foxy-devel/install/husky_msgs:/home/cairlab/teleop-keyboard-husky-foxy-devel/install/husky_description:${AMENT_PREFIX_PATH} CMAKE_PREFIX_PATH=/home/cairlab/teleop-keyboard-husky-foxy-devel/install/husky_control:/home/cairlab/teleop-keyboard-husky-foxy-devel/install/husky_base:/home/cairlab/teleop-keyboard-husky-foxy-devel/install/husky_msgs:/home/cairlab/teleop-keyboard-husky-foxy-devel/install/husky_description:/opt/ros/foxy LD_LIBRARY_PATH=/home/cairlab/teleop-keyboard-husky-foxy-devel/install/husky_base/lib:/home/cairlab/teleop-keyboard-husky-foxy-devel/install/husky_msgs/lib:${LD_LIBRARY_PATH} PYTHONPATH=/home/cairlab/teleop-keyboard-husky-foxy-devel/install/husky_msgs/lib/python3.8/site-packages:${PYTHONPATH} /usr/bin/cmake --install /home/cairlab/teleop-keyboard-husky-foxy-devel/build/husky_bringup
