-- Install configuration: ""
-- Execute custom install script
-- Up-to-date symlink: /home/cairlab/teleop-keyboard-husky-foxy-devel/install/multi_husky_gazebo/share/multi_husky_gazebo/launch/multi_gazebo.launch.py
-- Up-to-date symlink: /home/cairlab/teleop-keyboard-husky-foxy-devel/install/multi_husky_gazebo/share/multi_husky_gazebo/launch/multi_husky_playpen.launch.py
-- Up-to-date symlink: /home/cairlab/teleop-keyboard-husky-foxy-devel/install/multi_husky_gazebo/share/multi_husky_gazebo/launch/spawn_multi_husky.launch.py
-- Up-to-date symlink: /home/cairlab/teleop-keyboard-husky-foxy-devel/install/multi_husky_gazebo/share/ament_index/resource_index/package_run_dependencies/multi_husky_gazebo
-- Up-to-date symlink: /home/cairlab/teleop-keyboard-husky-foxy-devel/install/multi_husky_gazebo/share/ament_index/resource_index/parent_prefix_path/multi_husky_gazebo
-- Up-to-date symlink: /home/cairlab/teleop-keyboard-husky-foxy-devel/install/multi_husky_gazebo/share/multi_husky_gazebo/environment/ament_prefix_path.sh
-- Up-to-date symlink: /home/cairlab/teleop-keyboard-husky-foxy-devel/install/multi_husky_gazebo/share/multi_husky_gazebo/environment/ament_prefix_path.dsv
-- Up-to-date symlink: /home/cairlab/teleop-keyboard-husky-foxy-devel/install/multi_husky_gazebo/share/multi_husky_gazebo/environment/path.sh
-- Up-to-date symlink: /home/cairlab/teleop-keyboard-husky-foxy-devel/install/multi_husky_gazebo/share/multi_husky_gazebo/environment/path.dsv
-- Up-to-date symlink: /home/cairlab/teleop-keyboard-husky-foxy-devel/install/multi_husky_gazebo/share/multi_husky_gazebo/local_setup.bash
-- Up-to-date symlink: /home/cairlab/teleop-keyboard-husky-foxy-devel/install/multi_husky_gazebo/share/multi_husky_gazebo/local_setup.sh
-- Up-to-date symlink: /home/cairlab/teleop-keyboard-husky-foxy-devel/install/multi_husky_gazebo/share/multi_husky_gazebo/local_setup.zsh
-- Up-to-date symlink: /home/cairlab/teleop-keyboard-husky-foxy-devel/install/multi_husky_gazebo/share/multi_husky_gazebo/local_setup.dsv
-- Symlinking: /home/cairlab/teleop-keyboard-husky-foxy-devel/install/multi_husky_gazebo/share/multi_husky_gazebo/package.dsv
-- Up-to-date symlink: /home/cairlab/teleop-keyboard-husky-foxy-devel/install/multi_husky_gazebo/share/ament_index/resource_index/packages/multi_husky_gazebo
-- Up-to-date symlink: /home/cairlab/teleop-keyboard-husky-foxy-devel/install/multi_husky_gazebo/share/multi_husky_gazebo/cmake/multi_husky_gazeboConfig.cmake
-- Up-to-date symlink: /home/cairlab/teleop-keyboard-husky-foxy-devel/install/multi_husky_gazebo/share/multi_husky_gazebo/cmake/multi_husky_gazeboConfig-version.cmake
-- Up-to-date symlink: /home/cairlab/teleop-keyboard-husky-foxy-devel/install/multi_husky_gazebo/share/multi_husky_gazebo/package.xml
