[0.219s] Invoking command in '/home/cairlab/teleop-keyboard-husky-foxy-devel/build/multi_husky_gazebo': AMENT_PREFIX_PATH=/home/cairlab/teleop-keyboard-husky-foxy-devel/install/husky_control:/home/cairlab/teleop-keyboard-husky-foxy-devel/install/husky_description:${AMENT_PREFIX_PATH} CMAKE_PREFIX_PATH=/home/cairlab/teleop-keyboard-husky-foxy-devel/install/husky_control:/home/cairlab/teleop-keyboard-husky-foxy-devel/install/husky_description:/opt/ros/foxy /usr/bin/cmake --build /home/cairlab/teleop-keyboard-husky-foxy-devel/build/multi_husky_gazebo -- -j12 -l12
[0.356s] Invoked command in '/home/cairlab/teleop-keyboard-husky-foxy-devel/build/multi_husky_gazebo' returned '0': AMENT_PREFIX_PATH=/home/cairlab/teleop-keyboard-husky-foxy-devel/install/husky_control:/home/cairlab/teleop-keyboard-husky-foxy-devel/install/husky_description:${AMENT_PREFIX_PATH} CMAKE_PREFIX_PATH=/home/cairlab/teleop-keyboard-husky-foxy-devel/install/husky_control:/home/cairlab/teleop-keyboard-husky-foxy-devel/install/husky_description:/opt/ros/foxy /usr/bin/cmake --build /home/cairlab/teleop-keyboard-husky-foxy-devel/build/multi_husky_gazebo -- -j12 -l12
[0.428s] Invoking command in '/home/cairlab/teleop-keyboard-husky-foxy-devel/build/multi_husky_gazebo': AMENT_PREFIX_PATH=/home/cairlab/teleop-keyboard-husky-foxy-devel/install/husky_control:/home/cairlab/teleop-keyboard-husky-foxy-devel/install/husky_description:${AMENT_PREFIX_PATH} CMAKE_PREFIX_PATH=/home/cairlab/teleop-keyboard-husky-foxy-devel/install/husky_control:/home/cairlab/teleop-keyboard-husky-foxy-devel/install/husky_description:/opt/ros/foxy /usr/bin/cmake --install /home/cairlab/teleop-keyboard-husky-foxy-devel/build/multi_husky_gazebo
[0.438s] -- Install configuration: ""
[0.438s] -- Execute custom install script
[0.440s] -- Up-to-date symlink: /home/cairlab/teleop-keyboard-husky-foxy-devel/install/multi_husky_gazebo/share/multi_husky_gazebo/launch/multi_gazebo.launch.py
[0.456s] -- Up-to-date symlink: /home/cairlab/teleop-keyboard-husky-foxy-devel/install/multi_husky_gazebo/share/multi_husky_gazebo/launch/multi_husky_playpen.launch.py
[0.456s] -- Up-to-date symlink: /home/cairlab/teleop-keyboard-husky-foxy-devel/install/multi_husky_gazebo/share/multi_husky_gazebo/launch/spawn_multi_husky.launch.py
[0.469s] -- Up-to-date symlink: /home/cairlab/teleop-keyboard-husky-foxy-devel/install/multi_husky_gazebo/share/ament_index/resource_index/package_run_dependencies/multi_husky_gazebo
[0.470s] -- Up-to-date symlink: /home/cairlab/teleop-keyboard-husky-foxy-devel/install/multi_husky_gazebo/share/ament_index/resource_index/parent_prefix_path/multi_husky_gazebo
[0.470s] -- Up-to-date symlink: /home/cairlab/teleop-keyboard-husky-foxy-devel/install/multi_husky_gazebo/share/multi_husky_gazebo/environment/ament_prefix_path.sh
[0.471s] -- Up-to-date symlink: /home/cairlab/teleop-keyboard-husky-foxy-devel/install/multi_husky_gazebo/share/multi_husky_gazebo/environment/ament_prefix_path.dsv
[0.471s] -- Up-to-date symlink: /home/cairlab/teleop-keyboard-husky-foxy-devel/install/multi_husky_gazebo/share/multi_husky_gazebo/environment/path.sh
[0.486s] -- Up-to-date symlink: /home/cairlab/teleop-keyboard-husky-foxy-devel/install/multi_husky_gazebo/share/multi_husky_gazebo/environment/path.dsv
[0.486s] -- Up-to-date symlink: /home/cairlab/teleop-keyboard-husky-foxy-devel/install/multi_husky_gazebo/share/multi_husky_gazebo/local_setup.bash
[0.487s] -- Up-to-date symlink: /home/cairlab/teleop-keyboard-husky-foxy-devel/install/multi_husky_gazebo/share/multi_husky_gazebo/local_setup.sh
[0.487s] -- Up-to-date symlink: /home/cairlab/teleop-keyboard-husky-foxy-devel/install/multi_husky_gazebo/share/multi_husky_gazebo/local_setup.zsh
[0.487s] -- Up-to-date symlink: /home/cairlab/teleop-keyboard-husky-foxy-devel/install/multi_husky_gazebo/share/multi_husky_gazebo/local_setup.dsv
[0.488s] -- Symlinking: /home/cairlab/teleop-keyboard-husky-foxy-devel/install/multi_husky_gazebo/share/multi_husky_gazebo/package.dsv
[0.499s] -- Up-to-date symlink: /home/cairlab/teleop-keyboard-husky-foxy-devel/install/multi_husky_gazebo/share/ament_index/resource_index/packages/multi_husky_gazebo
[0.499s] -- Up-to-date symlink: /home/cairlab/teleop-keyboard-husky-foxy-devel/install/multi_husky_gazebo/share/multi_husky_gazebo/cmake/multi_husky_gazeboConfig.cmake
[0.499s] -- Up-to-date symlink: /home/cairlab/teleop-keyboard-husky-foxy-devel/install/multi_husky_gazebo/share/multi_husky_gazebo/cmake/multi_husky_gazeboConfig-version.cmake
[0.500s] -- Up-to-date symlink: /home/cairlab/teleop-keyboard-husky-foxy-devel/install/multi_husky_gazebo/share/multi_husky_gazebo/package.xml
[0.536s] Invoked command in '/home/cairlab/teleop-keyboard-husky-foxy-devel/build/multi_husky_gazebo' returned '0': AMENT_PREFIX_PATH=/home/cairlab/teleop-keyboard-husky-foxy-devel/install/husky_control:/home/cairlab/teleop-keyboard-husky-foxy-devel/install/husky_description:${AMENT_PREFIX_PATH} CMAKE_PREFIX_PATH=/home/cairlab/teleop-keyboard-husky-foxy-devel/install/husky_control:/home/cairlab/teleop-keyboard-husky-foxy-devel/install/husky_description:/opt/ros/foxy /usr/bin/cmake --install /home/cairlab/teleop-keyboard-husky-foxy-devel/build/multi_husky_gazebo
