[0.021s] Invoking command in '/home/cairlab/Documents/teleop-keyboard-husky-foxy-devel/src/build/husky_viz': AMENT_PREFIX_PATH=/home/cairlab/Documents/teleop-keyboard-husky-foxy-devel/src/install/husky_description:${AMENT_PREFIX_PATH} CMAKE_PREFIX_PATH=/home/cairlab/Documents/teleop-keyboard-husky-foxy-devel/src/install/husky_description:/home/cairlab/Documents/husky-foxy-devel/install/husky_desktop:/home/cairlab/Documents/husky-foxy-devel/install/husky_viz:/home/cairlab/Documents/husky-foxy-devel/install/husky_simulator:/home/cairlab/Documents/husky-foxy-devel/install/husky_robot:/home/cairlab/Documents/husky-foxy-devel/install/husky_bringup:/home/cairlab/Documents/husky-foxy-devel/install/husky_base:/home/cairlab/Documents/husky-foxy-devel/install/husky_msgs:/home/cairlab/Documents/husky-foxy-devel/install/husky_gazebo:/home/cairlab/Documents/husky-foxy-devel/install/husky_control:/home/cairlab/Documents/husky-foxy-devel/install/husky_description:/path/to/xacro:/opt/ros/foxy /usr/bin/cmake /home/cairlab/Documents/teleop-keyboard-husky-foxy-devel/src/husky_viz -DCMAKE_INSTALL_PREFIX=/home/cairlab/Documents/teleop-keyboard-husky-foxy-devel/src/install/husky_viz
[0.065s] -- The C compiler identification is GNU 9.4.0
[0.110s] -- The CXX compiler identification is GNU 9.4.0
[0.114s] -- Check for working C compiler: /usr/bin/cc
[0.172s] -- Check for working C compiler: /usr/bin/cc -- works
[0.172s] -- Detecting C compiler ABI info
[0.229s] -- Detecting C compiler ABI info - done
[0.243s] -- Detecting C compile features
[0.244s] -- Detecting C compile features - done
[0.247s] -- Check for working CXX compiler: /usr/bin/c++
[0.314s] -- Check for working CXX compiler: /usr/bin/c++ -- works
[0.314s] -- Detecting CXX compiler ABI info
[0.379s] -- Detecting CXX compiler ABI info - done
[0.389s] -- Detecting CXX compile features
[0.390s] -- Detecting CXX compile features - done
[0.392s] -- Found ament_cmake: 0.9.12 (/opt/ros/foxy/share/ament_cmake/cmake)
[0.412s] -- Found PythonInterp: /usr/bin/python3 (found suitable version "3.8.10", minimum required is "3") 
[0.412s] -- Using PYTHON_EXECUTABLE: /usr/bin/python3
[0.632s] -- Configuring done
[0.634s] -- Generating done
[0.635s] -- Build files have been written to: /home/cairlab/Documents/teleop-keyboard-husky-foxy-devel/src/build/husky_viz
[0.641s] Invoked command in '/home/cairlab/Documents/teleop-keyboard-husky-foxy-devel/src/build/husky_viz' returned '0': AMENT_PREFIX_PATH=/home/cairlab/Documents/teleop-keyboard-husky-foxy-devel/src/install/husky_description:${AMENT_PREFIX_PATH} CMAKE_PREFIX_PATH=/home/cairlab/Documents/teleop-keyboard-husky-foxy-devel/src/install/husky_description:/home/cairlab/Documents/husky-foxy-devel/install/husky_desktop:/home/cairlab/Documents/husky-foxy-devel/install/husky_viz:/home/cairlab/Documents/husky-foxy-devel/install/husky_simulator:/home/cairlab/Documents/husky-foxy-devel/install/husky_robot:/home/cairlab/Documents/husky-foxy-devel/install/husky_bringup:/home/cairlab/Documents/husky-foxy-devel/install/husky_base:/home/cairlab/Documents/husky-foxy-devel/install/husky_msgs:/home/cairlab/Documents/husky-foxy-devel/install/husky_gazebo:/home/cairlab/Documents/husky-foxy-devel/install/husky_control:/home/cairlab/Documents/husky-foxy-devel/install/husky_description:/path/to/xacro:/opt/ros/foxy /usr/bin/cmake /home/cairlab/Documents/teleop-keyboard-husky-foxy-devel/src/husky_viz -DCMAKE_INSTALL_PREFIX=/home/cairlab/Documents/teleop-keyboard-husky-foxy-devel/src/install/husky_viz
[0.643s] Invoking command in '/home/cairlab/Documents/teleop-keyboard-husky-foxy-devel/src/build/husky_viz': AMENT_PREFIX_PATH=/home/cairlab/Documents/teleop-keyboard-husky-foxy-devel/src/install/husky_description:${AMENT_PREFIX_PATH} CMAKE_PREFIX_PATH=/home/cairlab/Documents/teleop-keyboard-husky-foxy-devel/src/install/husky_description:/home/cairlab/Documents/husky-foxy-devel/install/husky_desktop:/home/cairlab/Documents/husky-foxy-devel/install/husky_viz:/home/cairlab/Documents/husky-foxy-devel/install/husky_simulator:/home/cairlab/Documents/husky-foxy-devel/install/husky_robot:/home/cairlab/Documents/husky-foxy-devel/install/husky_bringup:/home/cairlab/Documents/husky-foxy-devel/install/husky_base:/home/cairlab/Documents/husky-foxy-devel/install/husky_msgs:/home/cairlab/Documents/husky-foxy-devel/install/husky_gazebo:/home/cairlab/Documents/husky-foxy-devel/install/husky_control:/home/cairlab/Documents/husky-foxy-devel/install/husky_description:/path/to/xacro:/opt/ros/foxy /usr/bin/cmake --build /home/cairlab/Documents/teleop-keyboard-husky-foxy-devel/src/build/husky_viz -- -j12 -l12
[0.674s] Invoked command in '/home/cairlab/Documents/teleop-keyboard-husky-foxy-devel/src/build/husky_viz' returned '0': AMENT_PREFIX_PATH=/home/cairlab/Documents/teleop-keyboard-husky-foxy-devel/src/install/husky_description:${AMENT_PREFIX_PATH} CMAKE_PREFIX_PATH=/home/cairlab/Documents/teleop-keyboard-husky-foxy-devel/src/install/husky_description:/home/cairlab/Documents/husky-foxy-devel/install/husky_desktop:/home/cairlab/Documents/husky-foxy-devel/install/husky_viz:/home/cairlab/Documents/husky-foxy-devel/install/husky_simulator:/home/cairlab/Documents/husky-foxy-devel/install/husky_robot:/home/cairlab/Documents/husky-foxy-devel/install/husky_bringup:/home/cairlab/Documents/husky-foxy-devel/install/husky_base:/home/cairlab/Documents/husky-foxy-devel/install/husky_msgs:/home/cairlab/Documents/husky-foxy-devel/install/husky_gazebo:/home/cairlab/Documents/husky-foxy-devel/install/husky_control:/home/cairlab/Documents/husky-foxy-devel/install/husky_description:/path/to/xacro:/opt/ros/foxy /usr/bin/cmake --build /home/cairlab/Documents/teleop-keyboard-husky-foxy-devel/src/build/husky_viz -- -j12 -l12
[0.694s] Invoking command in '/home/cairlab/Documents/teleop-keyboard-husky-foxy-devel/src/build/husky_viz': AMENT_PREFIX_PATH=/home/cairlab/Documents/teleop-keyboard-husky-foxy-devel/src/install/husky_description:${AMENT_PREFIX_PATH} CMAKE_PREFIX_PATH=/home/cairlab/Documents/teleop-keyboard-husky-foxy-devel/src/install/husky_description:/home/cairlab/Documents/husky-foxy-devel/install/husky_desktop:/home/cairlab/Documents/husky-foxy-devel/install/husky_viz:/home/cairlab/Documents/husky-foxy-devel/install/husky_simulator:/home/cairlab/Documents/husky-foxy-devel/install/husky_robot:/home/cairlab/Documents/husky-foxy-devel/install/husky_bringup:/home/cairlab/Documents/husky-foxy-devel/install/husky_base:/home/cairlab/Documents/husky-foxy-devel/install/husky_msgs:/home/cairlab/Documents/husky-foxy-devel/install/husky_gazebo:/home/cairlab/Documents/husky-foxy-devel/install/husky_control:/home/cairlab/Documents/husky-foxy-devel/install/husky_description:/path/to/xacro:/opt/ros/foxy /usr/bin/cmake --install /home/cairlab/Documents/teleop-keyboard-husky-foxy-devel/src/build/husky_viz
[0.706s] -- Install configuration: ""
[0.706s] -- Installing: /home/cairlab/Documents/teleop-keyboard-husky-foxy-devel/src/install/husky_viz/share/husky_viz/launch
[0.706s] -- Installing: /home/cairlab/Documents/teleop-keyboard-husky-foxy-devel/src/install/husky_viz/share/husky_viz/launch/view_robot.launch
[0.706s] -- Installing: /home/cairlab/Documents/teleop-keyboard-husky-foxy-devel/src/install/husky_viz/share/husky_viz/launch/view_robot.launch.py
[0.706s] -- Installing: /home/cairlab/Documents/teleop-keyboard-husky-foxy-devel/src/install/husky_viz/share/husky_viz/launch/view_model.launch
[0.706s] -- Installing: /home/cairlab/Documents/teleop-keyboard-husky-foxy-devel/src/install/husky_viz/share/husky_viz/launch/view_model.launch.py
[0.706s] -- Installing: /home/cairlab/Documents/teleop-keyboard-husky-foxy-devel/src/install/husky_viz/share/husky_viz/rviz
[0.706s] -- Installing: /home/cairlab/Documents/teleop-keyboard-husky-foxy-devel/src/install/husky_viz/share/husky_viz/rviz/test.rviz
[0.707s] -- Installing: /home/cairlab/Documents/teleop-keyboard-husky-foxy-devel/src/install/husky_viz/share/husky_viz/rviz/robot.rviz
[0.707s] -- Installing: /home/cairlab/Documents/teleop-keyboard-husky-foxy-devel/src/install/husky_viz/share/husky_viz/rviz/model.rviz
[0.707s] -- Installing: /home/cairlab/Documents/teleop-keyboard-husky-foxy-devel/src/install/husky_viz/share/ament_index/resource_index/package_run_dependencies/husky_viz
[0.707s] -- Installing: /home/cairlab/Documents/teleop-keyboard-husky-foxy-devel/src/install/husky_viz/share/ament_index/resource_index/parent_prefix_path/husky_viz
[0.707s] -- Installing: /home/cairlab/Documents/teleop-keyboard-husky-foxy-devel/src/install/husky_viz/share/husky_viz/environment/ament_prefix_path.sh
[0.707s] -- Installing: /home/cairlab/Documents/teleop-keyboard-husky-foxy-devel/src/install/husky_viz/share/husky_viz/environment/ament_prefix_path.dsv
[0.708s] -- Installing: /home/cairlab/Documents/teleop-keyboard-husky-foxy-devel/src/install/husky_viz/share/husky_viz/environment/path.sh
[0.715s] -- Installing: /home/cairlab/Documents/teleop-keyboard-husky-foxy-devel/src/install/husky_viz/share/husky_viz/environment/path.dsv
[0.716s] -- Installing: /home/cairlab/Documents/teleop-keyboard-husky-foxy-devel/src/install/husky_viz/share/husky_viz/local_setup.bash
[0.716s] -- Installing: /home/cairlab/Documents/teleop-keyboard-husky-foxy-devel/src/install/husky_viz/share/husky_viz/local_setup.sh
[0.716s] -- Installing: /home/cairlab/Documents/teleop-keyboard-husky-foxy-devel/src/install/husky_viz/share/husky_viz/local_setup.zsh
[0.716s] -- Installing: /home/cairlab/Documents/teleop-keyboard-husky-foxy-devel/src/install/husky_viz/share/husky_viz/local_setup.dsv
[0.717s] -- Installing: /home/cairlab/Documents/teleop-keyboard-husky-foxy-devel/src/install/husky_viz/share/husky_viz/package.dsv
[0.717s] -- Installing: /home/cairlab/Documents/teleop-keyboard-husky-foxy-devel/src/install/husky_viz/share/ament_index/resource_index/packages/husky_viz
[0.717s] -- Installing: /home/cairlab/Documents/teleop-keyboard-husky-foxy-devel/src/install/husky_viz/share/husky_viz/cmake/husky_vizConfig.cmake
[0.717s] -- Installing: /home/cairlab/Documents/teleop-keyboard-husky-foxy-devel/src/install/husky_viz/share/husky_viz/cmake/husky_vizConfig-version.cmake
[0.717s] -- Installing: /home/cairlab/Documents/teleop-keyboard-husky-foxy-devel/src/install/husky_viz/share/husky_viz/package.xml
[0.717s] Invoked command in '/home/cairlab/Documents/teleop-keyboard-husky-foxy-devel/src/build/husky_viz' returned '0': AMENT_PREFIX_PATH=/home/cairlab/Documents/teleop-keyboard-husky-foxy-devel/src/install/husky_description:${AMENT_PREFIX_PATH} CMAKE_PREFIX_PATH=/home/cairlab/Documents/teleop-keyboard-husky-foxy-devel/src/install/husky_description:/home/cairlab/Documents/husky-foxy-devel/install/husky_desktop:/home/cairlab/Documents/husky-foxy-devel/install/husky_viz:/home/cairlab/Documents/husky-foxy-devel/install/husky_simulator:/home/cairlab/Documents/husky-foxy-devel/install/husky_robot:/home/cairlab/Documents/husky-foxy-devel/install/husky_bringup:/home/cairlab/Documents/husky-foxy-devel/install/husky_base:/home/cairlab/Documents/husky-foxy-devel/install/husky_msgs:/home/cairlab/Documents/husky-foxy-devel/install/husky_gazebo:/home/cairlab/Documents/husky-foxy-devel/install/husky_control:/home/cairlab/Documents/husky-foxy-devel/install/husky_description:/path/to/xacro:/opt/ros/foxy /usr/bin/cmake --install /home/cairlab/Documents/teleop-keyboard-husky-foxy-devel/src/build/husky_viz
