[0.017s] Invoking command in '/home/cairlab/teleop-keyboard-husky-foxy-devel/build/husky_simulator': CMAKE_PREFIX_PATH=/home/cairlab/teleop-keyboard-husky-foxy-devel/install/husky_gazebo:/home/cairlab/teleop-keyboard-husky-foxy-devel/install/husky_control:/home/cairlab/teleop-keyboard-husky-foxy-devel/install/husky_description:/home/cairlab/teleop-keyboard-husky-foxy-devel/install/multi_husky_gazebo:/home/cairlab/teleop-keyboard-husky-foxy-devel/install/husky_desktop:/home/cairlab/teleop-keyboard-husky-foxy-devel/install/husky_viz:/home/cairlab/teleop-keyboard-husky-foxy-devel/install/husky_simulator:/home/cairlab/teleop-keyboard-husky-foxy-devel/install/husky_robot:/home/cairlab/teleop-keyboard-husky-foxy-devel/install/husky_bringup:/home/cairlab/teleop-keyboard-husky-foxy-devel/install/husky_base:/home/cairlab/teleop-keyboard-husky-foxy-devel/install/husky_msgs:/home/cairlab/teleop-keyboard-husky-foxy-devel/install/teleop_twist_keyboard:/opt/ros/foxy /usr/bin/cmake /home/cairlab/teleop-keyboard-husky-foxy-devel/src/husky_simulator -DAMENT_CMAKE_SYMLINK_INSTALL=1 -DCMAKE_INSTALL_PREFIX=/home/cairlab/teleop-keyboard-husky-foxy-devel/install/husky_simulator
[0.066s] -- The C compiler identification is GNU 9.4.0
[0.112s] -- The CXX compiler identification is GNU 9.4.0
[0.117s] -- Check for working C compiler: /usr/bin/cc
[0.177s] -- Check for working C compiler: /usr/bin/cc -- works
[0.178s] -- Detecting C compiler ABI info
[0.232s] -- Detecting C compiler ABI info - done
[0.242s] -- Detecting C compile features
[0.242s] -- Detecting C compile features - done
[0.244s] -- Check for working CXX compiler: /usr/bin/c++
[0.311s] -- Check for working CXX compiler: /usr/bin/c++ -- works
[0.312s] -- Detecting CXX compiler ABI info
[0.381s] -- Detecting CXX compiler ABI info - done
[0.390s] -- Detecting CXX compile features
[0.391s] -- Detecting CXX compile features - done
[0.393s] -- Found ament_cmake: 0.9.12 (/opt/ros/foxy/share/ament_cmake/cmake)
[0.416s] -- Found PythonInterp: /usr/bin/python3 (found suitable version "3.8.10", minimum required is "3") 
[0.417s] -- Using PYTHON_EXECUTABLE: /usr/bin/python3
[0.565s] -- Override CMake install command with custom implementation using symlinks instead of copying resources
[0.657s] -- Configuring done
[0.658s] -- Generating done
[0.659s] -- Build files have been written to: /home/cairlab/teleop-keyboard-husky-foxy-devel/build/husky_simulator
[0.662s] Invoked command in '/home/cairlab/teleop-keyboard-husky-foxy-devel/build/husky_simulator' returned '0': CMAKE_PREFIX_PATH=/home/cairlab/teleop-keyboard-husky-foxy-devel/install/husky_gazebo:/home/cairlab/teleop-keyboard-husky-foxy-devel/install/husky_control:/home/cairlab/teleop-keyboard-husky-foxy-devel/install/husky_description:/home/cairlab/teleop-keyboard-husky-foxy-devel/install/multi_husky_gazebo:/home/cairlab/teleop-keyboard-husky-foxy-devel/install/husky_desktop:/home/cairlab/teleop-keyboard-husky-foxy-devel/install/husky_viz:/home/cairlab/teleop-keyboard-husky-foxy-devel/install/husky_simulator:/home/cairlab/teleop-keyboard-husky-foxy-devel/install/husky_robot:/home/cairlab/teleop-keyboard-husky-foxy-devel/install/husky_bringup:/home/cairlab/teleop-keyboard-husky-foxy-devel/install/husky_base:/home/cairlab/teleop-keyboard-husky-foxy-devel/install/husky_msgs:/home/cairlab/teleop-keyboard-husky-foxy-devel/install/teleop_twist_keyboard:/opt/ros/foxy /usr/bin/cmake /home/cairlab/teleop-keyboard-husky-foxy-devel/src/husky_simulator -DAMENT_CMAKE_SYMLINK_INSTALL=1 -DCMAKE_INSTALL_PREFIX=/home/cairlab/teleop-keyboard-husky-foxy-devel/install/husky_simulator
[0.664s] Invoking command in '/home/cairlab/teleop-keyboard-husky-foxy-devel/build/husky_simulator': CMAKE_PREFIX_PATH=/home/cairlab/teleop-keyboard-husky-foxy-devel/install/husky_gazebo:/home/cairlab/teleop-keyboard-husky-foxy-devel/install/husky_control:/home/cairlab/teleop-keyboard-husky-foxy-devel/install/husky_description:/home/cairlab/teleop-keyboard-husky-foxy-devel/install/multi_husky_gazebo:/home/cairlab/teleop-keyboard-husky-foxy-devel/install/husky_desktop:/home/cairlab/teleop-keyboard-husky-foxy-devel/install/husky_viz:/home/cairlab/teleop-keyboard-husky-foxy-devel/install/husky_simulator:/home/cairlab/teleop-keyboard-husky-foxy-devel/install/husky_robot:/home/cairlab/teleop-keyboard-husky-foxy-devel/install/husky_bringup:/home/cairlab/teleop-keyboard-husky-foxy-devel/install/husky_base:/home/cairlab/teleop-keyboard-husky-foxy-devel/install/husky_msgs:/home/cairlab/teleop-keyboard-husky-foxy-devel/install/teleop_twist_keyboard:/opt/ros/foxy /usr/bin/cmake --build /home/cairlab/teleop-keyboard-husky-foxy-devel/build/husky_simulator -- -j12 -l12
[0.696s] Invoked command in '/home/cairlab/teleop-keyboard-husky-foxy-devel/build/husky_simulator' returned '0': CMAKE_PREFIX_PATH=/home/cairlab/teleop-keyboard-husky-foxy-devel/install/husky_gazebo:/home/cairlab/teleop-keyboard-husky-foxy-devel/install/husky_control:/home/cairlab/teleop-keyboard-husky-foxy-devel/install/husky_description:/home/cairlab/teleop-keyboard-husky-foxy-devel/install/multi_husky_gazebo:/home/cairlab/teleop-keyboard-husky-foxy-devel/install/husky_desktop:/home/cairlab/teleop-keyboard-husky-foxy-devel/install/husky_viz:/home/cairlab/teleop-keyboard-husky-foxy-devel/install/husky_simulator:/home/cairlab/teleop-keyboard-husky-foxy-devel/install/husky_robot:/home/cairlab/teleop-keyboard-husky-foxy-devel/install/husky_bringup:/home/cairlab/teleop-keyboard-husky-foxy-devel/install/husky_base:/home/cairlab/teleop-keyboard-husky-foxy-devel/install/husky_msgs:/home/cairlab/teleop-keyboard-husky-foxy-devel/install/teleop_twist_keyboard:/opt/ros/foxy /usr/bin/cmake --build /home/cairlab/teleop-keyboard-husky-foxy-devel/build/husky_simulator -- -j12 -l12
[0.716s] Invoking command in '/home/cairlab/teleop-keyboard-husky-foxy-devel/build/husky_simulator': CMAKE_PREFIX_PATH=/home/cairlab/teleop-keyboard-husky-foxy-devel/install/husky_gazebo:/home/cairlab/teleop-keyboard-husky-foxy-devel/install/husky_control:/home/cairlab/teleop-keyboard-husky-foxy-devel/install/husky_description:/home/cairlab/teleop-keyboard-husky-foxy-devel/install/multi_husky_gazebo:/home/cairlab/teleop-keyboard-husky-foxy-devel/install/husky_desktop:/home/cairlab/teleop-keyboard-husky-foxy-devel/install/husky_viz:/home/cairlab/teleop-keyboard-husky-foxy-devel/install/husky_simulator:/home/cairlab/teleop-keyboard-husky-foxy-devel/install/husky_robot:/home/cairlab/teleop-keyboard-husky-foxy-devel/install/husky_bringup:/home/cairlab/teleop-keyboard-husky-foxy-devel/install/husky_base:/home/cairlab/teleop-keyboard-husky-foxy-devel/install/husky_msgs:/home/cairlab/teleop-keyboard-husky-foxy-devel/install/teleop_twist_keyboard:/opt/ros/foxy /usr/bin/cmake --install /home/cairlab/teleop-keyboard-husky-foxy-devel/build/husky_simulator
[0.724s] -- Install configuration: ""
[0.724s] -- Execute custom install script
[0.724s] -- Symlinking: /home/cairlab/teleop-keyboard-husky-foxy-devel/install/husky_simulator/share/ament_index/resource_index/package_run_dependencies/husky_simulator
[0.732s] -- Symlinking: /home/cairlab/teleop-keyboard-husky-foxy-devel/install/husky_simulator/share/ament_index/resource_index/parent_prefix_path/husky_simulator
[0.739s] -- Symlinking: /home/cairlab/teleop-keyboard-husky-foxy-devel/install/husky_simulator/share/husky_simulator/environment/ament_prefix_path.sh
[0.746s] -- Symlinking: /home/cairlab/teleop-keyboard-husky-foxy-devel/install/husky_simulator/share/husky_simulator/environment/ament_prefix_path.dsv
[0.756s] -- Symlinking: /home/cairlab/teleop-keyboard-husky-foxy-devel/install/husky_simulator/share/husky_simulator/environment/path.sh
[0.763s] -- Symlinking: /home/cairlab/teleop-keyboard-husky-foxy-devel/install/husky_simulator/share/husky_simulator/environment/path.dsv
[0.771s] -- Symlinking: /home/cairlab/teleop-keyboard-husky-foxy-devel/install/husky_simulator/share/husky_simulator/local_setup.bash
[0.778s] -- Symlinking: /home/cairlab/teleop-keyboard-husky-foxy-devel/install/husky_simulator/share/husky_simulator/local_setup.sh
[0.786s] -- Symlinking: /home/cairlab/teleop-keyboard-husky-foxy-devel/install/husky_simulator/share/husky_simulator/local_setup.zsh
[0.793s] -- Symlinking: /home/cairlab/teleop-keyboard-husky-foxy-devel/install/husky_simulator/share/husky_simulator/local_setup.dsv
[0.800s] -- Symlinking: /home/cairlab/teleop-keyboard-husky-foxy-devel/install/husky_simulator/share/husky_simulator/package.dsv
[0.808s] -- Symlinking: /home/cairlab/teleop-keyboard-husky-foxy-devel/install/husky_simulator/share/ament_index/resource_index/packages/husky_simulator
[0.815s] -- Symlinking: /home/cairlab/teleop-keyboard-husky-foxy-devel/install/husky_simulator/share/husky_simulator/cmake/husky_simulatorConfig.cmake
[0.822s] -- Symlinking: /home/cairlab/teleop-keyboard-husky-foxy-devel/install/husky_simulator/share/husky_simulator/cmake/husky_simulatorConfig-version.cmake
[0.829s] -- Symlinking: /home/cairlab/teleop-keyboard-husky-foxy-devel/install/husky_simulator/share/husky_simulator/package.xml
[0.843s] Invoked command in '/home/cairlab/teleop-keyboard-husky-foxy-devel/build/husky_simulator' returned '0': CMAKE_PREFIX_PATH=/home/cairlab/teleop-keyboard-husky-foxy-devel/install/husky_gazebo:/home/cairlab/teleop-keyboard-husky-foxy-devel/install/husky_control:/home/cairlab/teleop-keyboard-husky-foxy-devel/install/husky_description:/home/cairlab/teleop-keyboard-husky-foxy-devel/install/multi_husky_gazebo:/home/cairlab/teleop-keyboard-husky-foxy-devel/install/husky_desktop:/home/cairlab/teleop-keyboard-husky-foxy-devel/install/husky_viz:/home/cairlab/teleop-keyboard-husky-foxy-devel/install/husky_simulator:/home/cairlab/teleop-keyboard-husky-foxy-devel/install/husky_robot:/home/cairlab/teleop-keyboard-husky-foxy-devel/install/husky_bringup:/home/cairlab/teleop-keyboard-husky-foxy-devel/install/husky_base:/home/cairlab/teleop-keyboard-husky-foxy-devel/install/husky_msgs:/home/cairlab/teleop-keyboard-husky-foxy-devel/install/teleop_twist_keyboard:/opt/ros/foxy /usr/bin/cmake --install /home/cairlab/teleop-keyboard-husky-foxy-devel/build/husky_simulator
