[0.076s] Invoking command in '/home/cairlab/teleop-keyboard-husky-foxy-devel/build/husky_description': CMAKE_PREFIX_PATH=${CMAKE_PREFIX_PATH}:/home/cairlab/teleop-keyboard-husky-foxy-devel/install/teleop_twist_keyboard:/opt/ros/foxy /usr/bin/cmake /home/cairlab/teleop-keyboard-husky-foxy-devel/src/husky_description -DAMENT_CMAKE_SYMLINK_INSTALL=1 -DCMAKE_INSTALL_PREFIX=/home/cairlab/teleop-keyboard-husky-foxy-devel/install/husky_description
[0.130s] -- The C compiler identification is GNU 9.4.0
[0.183s] -- The CXX compiler identification is GNU 9.4.0
[0.189s] -- Check for working C compiler: /usr/bin/cc
[0.249s] -- Check for working C compiler: /usr/bin/cc -- works
[0.250s] -- Detecting C compiler ABI info
[0.306s] -- Detecting C compiler ABI info - done
[0.315s] -- Detecting C compile features
[0.315s] -- Detecting C compile features - done
[0.317s] -- Check for working CXX compiler: /usr/bin/c++
[0.383s] -- Check for working CXX compiler: /usr/bin/c++ -- works
[0.383s] -- Detecting CXX compiler ABI info
[0.454s] -- Detecting CXX compiler ABI info - done
[0.463s] -- Detecting CXX compile features
[0.464s] -- Detecting CXX compile features - done
[0.465s] -- Found ament_cmake: 0.9.12 (/opt/ros/foxy/share/ament_cmake/cmake)
[0.485s] -- Found PythonInterp: /usr/bin/python3 (found suitable version "3.8.10", minimum required is "3") 
[0.485s] -- Using PYTHON_EXECUTABLE: /usr/bin/python3
[0.628s] -- Override CMake install command with custom implementation using symlinks instead of copying resources
[0.647s] -- Found urdf: 2.4.0 (/opt/ros/foxy/share/urdf/cmake)
[0.736s] -- Configuring done
[0.737s] -- Generating done
[0.738s] -- Build files have been written to: /home/cairlab/teleop-keyboard-husky-foxy-devel/build/husky_description
[0.742s] Invoked command in '/home/cairlab/teleop-keyboard-husky-foxy-devel/build/husky_description' returned '0': CMAKE_PREFIX_PATH=${CMAKE_PREFIX_PATH}:/home/cairlab/teleop-keyboard-husky-foxy-devel/install/teleop_twist_keyboard:/opt/ros/foxy /usr/bin/cmake /home/cairlab/teleop-keyboard-husky-foxy-devel/src/husky_description -DAMENT_CMAKE_SYMLINK_INSTALL=1 -DCMAKE_INSTALL_PREFIX=/home/cairlab/teleop-keyboard-husky-foxy-devel/install/husky_description
[0.745s] Invoking command in '/home/cairlab/teleop-keyboard-husky-foxy-devel/build/husky_description': CMAKE_PREFIX_PATH=${CMAKE_PREFIX_PATH}:/home/cairlab/teleop-keyboard-husky-foxy-devel/install/teleop_twist_keyboard:/opt/ros/foxy /usr/bin/cmake --build /home/cairlab/teleop-keyboard-husky-foxy-devel/build/husky_description -- -j12 -l12
[0.780s] Invoked command in '/home/cairlab/teleop-keyboard-husky-foxy-devel/build/husky_description' returned '0': CMAKE_PREFIX_PATH=${CMAKE_PREFIX_PATH}:/home/cairlab/teleop-keyboard-husky-foxy-devel/install/teleop_twist_keyboard:/opt/ros/foxy /usr/bin/cmake --build /home/cairlab/teleop-keyboard-husky-foxy-devel/build/husky_description -- -j12 -l12
[0.807s] Invoking command in '/home/cairlab/teleop-keyboard-husky-foxy-devel/build/husky_description': CMAKE_PREFIX_PATH=${CMAKE_PREFIX_PATH}:/home/cairlab/teleop-keyboard-husky-foxy-devel/install/teleop_twist_keyboard:/opt/ros/foxy /usr/bin/cmake --install /home/cairlab/teleop-keyboard-husky-foxy-devel/build/husky_description
[0.815s] -- Install configuration: ""
[0.815s] -- Execute custom install script
[0.816s] -- Symlinking: /home/cairlab/teleop-keyboard-husky-foxy-devel/install/husky_description/share/husky_description/launch/description.launch
[0.823s] -- Symlinking: /home/cairlab/teleop-keyboard-husky-foxy-devel/install/husky_description/share/husky_description/launch/description.launch.py
[0.831s] -- Symlinking: /home/cairlab/teleop-keyboard-husky-foxy-devel/install/husky_description/share/husky_description/meshes/accessories/300_mm_sensor_arch.dae
[0.838s] -- Symlinking: /home/cairlab/teleop-keyboard-husky-foxy-devel/install/husky_description/share/husky_description/meshes/accessories/300_mm_sensor_arch.stl
[0.845s] -- Symlinking: /home/cairlab/teleop-keyboard-husky-foxy-devel/install/husky_description/share/husky_description/meshes/accessories/510_mm_sensor_arch.dae
[0.853s] -- Symlinking: /home/cairlab/teleop-keyboard-husky-foxy-devel/install/husky_description/share/husky_description/meshes/accessories/510_mm_sensor_arch.stl
[0.860s] -- Symlinking: /home/cairlab/teleop-keyboard-husky-foxy-devel/install/husky_description/share/husky_description/meshes/accessories/lidar_mount.stl
[0.867s] -- Symlinking: /home/cairlab/teleop-keyboard-husky-foxy-devel/install/husky_description/share/husky_description/meshes/accessories/lms1xx_mount.dae
[0.874s] -- Symlinking: /home/cairlab/teleop-keyboard-husky-foxy-devel/install/husky_description/share/husky_description/meshes/accessories/lms1xx_mount.stl
[0.881s] -- Symlinking: /home/cairlab/teleop-keyboard-husky-foxy-devel/install/husky_description/share/husky_description/meshes/base_link.dae
[0.888s] -- Symlinking: /home/cairlab/teleop-keyboard-husky-foxy-devel/install/husky_description/share/husky_description/meshes/base_link.stl
[0.896s] -- Symlinking: /home/cairlab/teleop-keyboard-husky-foxy-devel/install/husky_description/share/husky_description/meshes/bumper.dae
[0.903s] -- Symlinking: /home/cairlab/teleop-keyboard-husky-foxy-devel/install/husky_description/share/husky_description/meshes/bumper_extension.dae
[0.910s] -- Symlinking: /home/cairlab/teleop-keyboard-husky-foxy-devel/install/husky_description/share/husky_description/meshes/large_top_plate.dae
[0.918s] -- Symlinking: /home/cairlab/teleop-keyboard-husky-foxy-devel/install/husky_description/share/husky_description/meshes/large_top_plate_collision.stl
[0.925s] -- Symlinking: /home/cairlab/teleop-keyboard-husky-foxy-devel/install/husky_description/share/husky_description/meshes/top_chassis.dae
[0.934s] -- Symlinking: /home/cairlab/teleop-keyboard-husky-foxy-devel/install/husky_description/share/husky_description/meshes/top_chassis.stl
[0.942s] -- Symlinking: /home/cairlab/teleop-keyboard-husky-foxy-devel/install/husky_description/share/husky_description/meshes/top_plate.dae
[0.950s] -- Symlinking: /home/cairlab/teleop-keyboard-husky-foxy-devel/install/husky_description/share/husky_description/meshes/top_plate.stl
[0.958s] -- Symlinking: /home/cairlab/teleop-keyboard-husky-foxy-devel/install/husky_description/share/husky_description/meshes/user_rail.dae
[0.966s] -- Symlinking: /home/cairlab/teleop-keyboard-husky-foxy-devel/install/husky_description/share/husky_description/meshes/user_rail.stl
[0.974s] -- Symlinking: /home/cairlab/teleop-keyboard-husky-foxy-devel/install/husky_description/share/husky_description/meshes/wheel.dae
[0.981s] -- Symlinking: /home/cairlab/teleop-keyboard-husky-foxy-devel/install/husky_description/share/husky_description/meshes/wheel.stl
[0.993s] -- Symlinking: /home/cairlab/teleop-keyboard-husky-foxy-devel/install/husky_description/share/husky_description/urdf/accessories/intel_realsense.urdf.xacro
[0.997s] -- Symlinking: /home/cairlab/teleop-keyboard-husky-foxy-devel/install/husky_description/share/husky_description/urdf/accessories/sensor_arch.urdf.xacro
[1.004s] -- Symlinking: /home/cairlab/teleop-keyboard-husky-foxy-devel/install/husky_description/share/husky_description/urdf/accessories/sick_lms1xx_mount.urdf.xacro
[1.012s] -- Symlinking: /home/cairlab/teleop-keyboard-husky-foxy-devel/install/husky_description/share/husky_description/urdf/decorations.urdf.xacro
[1.020s] -- Symlinking: /home/cairlab/teleop-keyboard-husky-foxy-devel/install/husky_description/share/husky_description/urdf/empty.urdf
[1.027s] -- Symlinking: /home/cairlab/teleop-keyboard-husky-foxy-devel/install/husky_description/share/husky_description/urdf/husky.urdf.xacro
[1.035s] -- Symlinking: /home/cairlab/teleop-keyboard-husky-foxy-devel/install/husky_description/share/husky_description/urdf/husky_macro.urdf.xacro
[1.042s] -- Symlinking: /home/cairlab/teleop-keyboard-husky-foxy-devel/install/husky_description/share/husky_description/urdf/wheel.urdf.xacro
[1.052s] -- Symlinking: /home/cairlab/teleop-keyboard-husky-foxy-devel/install/husky_description/share/ament_index/resource_index/package_run_dependencies/husky_description
[1.060s] -- Symlinking: /home/cairlab/teleop-keyboard-husky-foxy-devel/install/husky_description/share/ament_index/resource_index/parent_prefix_path/husky_description
[1.067s] -- Symlinking: /home/cairlab/teleop-keyboard-husky-foxy-devel/install/husky_description/share/husky_description/environment/ament_prefix_path.sh
[1.074s] -- Symlinking: /home/cairlab/teleop-keyboard-husky-foxy-devel/install/husky_description/share/husky_description/environment/ament_prefix_path.dsv
[1.081s] -- Symlinking: /home/cairlab/teleop-keyboard-husky-foxy-devel/install/husky_description/share/husky_description/environment/path.sh
[1.088s] -- Symlinking: /home/cairlab/teleop-keyboard-husky-foxy-devel/install/husky_description/share/husky_description/environment/path.dsv
[1.095s] -- Symlinking: /home/cairlab/teleop-keyboard-husky-foxy-devel/install/husky_description/share/husky_description/local_setup.bash
[1.102s] -- Symlinking: /home/cairlab/teleop-keyboard-husky-foxy-devel/install/husky_description/share/husky_description/local_setup.sh
[1.109s] -- Symlinking: /home/cairlab/teleop-keyboard-husky-foxy-devel/install/husky_description/share/husky_description/local_setup.zsh
[1.116s] -- Symlinking: /home/cairlab/teleop-keyboard-husky-foxy-devel/install/husky_description/share/husky_description/local_setup.dsv
[1.123s] -- Symlinking: /home/cairlab/teleop-keyboard-husky-foxy-devel/install/husky_description/share/husky_description/package.dsv
[1.131s] -- Symlinking: /home/cairlab/teleop-keyboard-husky-foxy-devel/install/husky_description/share/ament_index/resource_index/packages/husky_description
[1.139s] -- Symlinking: /home/cairlab/teleop-keyboard-husky-foxy-devel/install/husky_description/share/husky_description/cmake/ament_cmake_export_dependencies-extras.cmake
[1.146s] -- Symlinking: /home/cairlab/teleop-keyboard-husky-foxy-devel/install/husky_description/share/husky_description/cmake/husky_descriptionConfig.cmake
[1.153s] -- Symlinking: /home/cairlab/teleop-keyboard-husky-foxy-devel/install/husky_description/share/husky_description/cmake/husky_descriptionConfig-version.cmake
[1.163s] -- Symlinking: /home/cairlab/teleop-keyboard-husky-foxy-devel/install/husky_description/share/husky_description/package.xml
[1.179s] Invoked command in '/home/cairlab/teleop-keyboard-husky-foxy-devel/build/husky_description' returned '0': CMAKE_PREFIX_PATH=${CMAKE_PREFIX_PATH}:/home/cairlab/teleop-keyboard-husky-foxy-devel/install/teleop_twist_keyboard:/opt/ros/foxy /usr/bin/cmake --install /home/cairlab/teleop-keyboard-husky-foxy-devel/build/husky_description
