-- The C compiler identification is GNU 9.4.0
-- The CXX compiler identification is GNU 9.4.0
-- Check for working C compiler: /usr/bin/cc
-- Check for working C compiler: /usr/bin/cc -- works
-- Detecting C compiler ABI info
-- Detecting C compiler ABI info - done
-- Detecting C compile features
-- Detecting C compile features - done
-- Check for working CXX compiler: /usr/bin/c++
-- Check for working CXX compiler: /usr/bin/c++ -- works
-- Detecting CXX compiler ABI info
-- Detecting CXX compiler ABI info - done
-- Detecting CXX compile features
-- Detecting CXX compile features - done
-- Found ament_cmake: 0.9.12 (/opt/ros/foxy/share/ament_cmake/cmake)
-- Found PythonInterp: /usr/bin/python3 (found suitable version "3.8.10", minimum required is "3") 
-- Using PYTHON_EXECUTABLE: /usr/bin/python3
-- Override CMake install command with custom implementation using symlinks instead of copying resources
-- Configuring done
-- Generating done
-- Build files have been written to: /home/cairlab/teleop-keyboard-husky-foxy-devel/build/husky_bringup
-- Install configuration: ""
-- Execute custom install script
-- Symlinking: /home/cairlab/teleop-keyboard-husky-foxy-devel/install/husky_bringup/share/husky_bringup/config/mag_config_default.yaml
-- Symlinking: /home/cairlab/teleop-keyboard-husky-foxy-devel/install/husky_bringup/share/husky_bringup/launch/accessories.launch.py
-- Symlinking: /home/cairlab/teleop-keyboard-husky-foxy-devel/install/husky_bringup/share/husky_bringup/udev/10-microstrain.rules
-- Symlinking: /home/cairlab/teleop-keyboard-husky-foxy-devel/install/husky_bringup/share/husky_bringup/udev/41-clearpath.rules
-- Symlinking: /home/cairlab/teleop-keyboard-husky-foxy-devel/install/husky_bringup/share/husky_bringup/udev/41-hokuyo.rules
-- Symlinking: /home/cairlab/teleop-keyboard-husky-foxy-devel/install/husky_bringup/share/husky_bringup/udev/41-logitech.rules
-- Symlinking: /home/cairlab/teleop-keyboard-husky-foxy-devel/install/husky_bringup/share/husky_bringup/udev/52-ftdi.rules
-- Symlinking: /home/cairlab/teleop-keyboard-husky-foxy-devel/install/husky_bringup/share/husky_bringup/udev/README.md
-- Symlinking: /home/cairlab/teleop-keyboard-husky-foxy-devel/install/husky_bringup/lib/husky_bringup/install
-- Symlinking: /home/cairlab/teleop-keyboard-husky-foxy-devel/install/husky_bringup/share/ament_index/resource_index/package_run_dependencies/husky_bringup
-- Symlinking: /home/cairlab/teleop-keyboard-husky-foxy-devel/install/husky_bringup/share/ament_index/resource_index/parent_prefix_path/husky_bringup
-- Symlinking: /home/cairlab/teleop-keyboard-husky-foxy-devel/install/husky_bringup/share/husky_bringup/environment/ament_prefix_path.sh
-- Symlinking: /home/cairlab/teleop-keyboard-husky-foxy-devel/install/husky_bringup/share/husky_bringup/environment/ament_prefix_path.dsv
-- Symlinking: /home/cairlab/teleop-keyboard-husky-foxy-devel/install/husky_bringup/share/husky_bringup/environment/path.sh
-- Symlinking: /home/cairlab/teleop-keyboard-husky-foxy-devel/install/husky_bringup/share/husky_bringup/environment/path.dsv
-- Symlinking: /home/cairlab/teleop-keyboard-husky-foxy-devel/install/husky_bringup/share/husky_bringup/local_setup.bash
-- Symlinking: /home/cairlab/teleop-keyboard-husky-foxy-devel/install/husky_bringup/share/husky_bringup/local_setup.sh
-- Symlinking: /home/cairlab/teleop-keyboard-husky-foxy-devel/install/husky_bringup/share/husky_bringup/local_setup.zsh
-- Symlinking: /home/cairlab/teleop-keyboard-husky-foxy-devel/install/husky_bringup/share/husky_bringup/local_setup.dsv
-- Symlinking: /home/cairlab/teleop-keyboard-husky-foxy-devel/install/husky_bringup/share/husky_bringup/package.dsv
-- Symlinking: /home/cairlab/teleop-keyboard-husky-foxy-devel/install/husky_bringup/share/ament_index/resource_index/packages/husky_bringup
-- Symlinking: /home/cairlab/teleop-keyboard-husky-foxy-devel/install/husky_bringup/share/husky_bringup/cmake/husky_bringupConfig.cmake
-- Symlinking: /home/cairlab/teleop-keyboard-husky-foxy-devel/install/husky_bringup/share/husky_bringup/cmake/husky_bringupConfig-version.cmake
-- Symlinking: /home/cairlab/teleop-keyboard-husky-foxy-devel/install/husky_bringup/share/husky_bringup/package.xml
