[0.020s] Invoking command in '/home/cairlab/teleop-keyboard-husky-foxy-devel/build/husky_bringup': CMAKE_PREFIX_PATH=/home/cairlab/teleop-keyboard-husky-foxy-devel/install/husky_control:/home/cairlab/teleop-keyboard-husky-foxy-devel/install/husky_base:/home/cairlab/teleop-keyboard-husky-foxy-devel/install/husky_msgs:/home/cairlab/teleop-keyboard-husky-foxy-devel/install/husky_description:/home/cairlab/teleop-keyboard-husky-foxy-devel/install/multi_husky_gazebo:/home/cairlab/teleop-keyboard-husky-foxy-devel/install/husky_desktop:/home/cairlab/teleop-keyboard-husky-foxy-devel/install/husky_viz:/home/cairlab/teleop-keyboard-husky-foxy-devel/install/husky_simulator:/home/cairlab/teleop-keyboard-husky-foxy-devel/install/husky_robot:/home/cairlab/teleop-keyboard-husky-foxy-devel/install/husky_bringup:/home/cairlab/teleop-keyboard-husky-foxy-devel/install/husky_gazebo:/home/cairlab/teleop-keyboard-husky-foxy-devel/install/teleop_twist_keyboard:/opt/ros/foxy PYTHONPATH=/home/cairlab/teleop-keyboard-husky-foxy-devel/install/husky_msgs/lib/python3.8/site-packages:/home/cairlab/teleop-keyboard-husky-foxy-devel/build/teleop_twist_keyboard:/home/cairlab/teleop-keyboard-husky-foxy-devel/install/teleop_twist_keyboard/lib/python3.8/site-packages:/opt/ros/foxy/lib/python3.8/site-packages /usr/bin/cmake /home/cairlab/teleop-keyboard-husky-foxy-devel/src/husky_bringup -DAMENT_CMAKE_SYMLINK_INSTALL=1 -DCMAKE_INSTALL_PREFIX=/home/cairlab/teleop-keyboard-husky-foxy-devel/install/husky_bringup
[0.072s] -- The C compiler identification is GNU 9.4.0
[0.118s] -- The CXX compiler identification is GNU 9.4.0
[0.122s] -- Check for working C compiler: /usr/bin/cc
[0.180s] -- Check for working C compiler: /usr/bin/cc -- works
[0.181s] -- Detecting C compiler ABI info
[0.236s] -- Detecting C compiler ABI info - done
[0.245s] -- Detecting C compile features
[0.245s] -- Detecting C compile features - done
[0.247s] -- Check for working CXX compiler: /usr/bin/c++
[0.313s] -- Check for working CXX compiler: /usr/bin/c++ -- works
[0.314s] -- Detecting CXX compiler ABI info
[0.381s] -- Detecting CXX compiler ABI info - done
[0.390s] -- Detecting CXX compile features
[0.391s] -- Detecting CXX compile features - done
[0.393s] -- Found ament_cmake: 0.9.12 (/opt/ros/foxy/share/ament_cmake/cmake)
[0.417s] -- Found PythonInterp: /usr/bin/python3 (found suitable version "3.8.10", minimum required is "3") 
[0.417s] -- Using PYTHON_EXECUTABLE: /usr/bin/python3
[0.553s] -- Override CMake install command with custom implementation using symlinks instead of copying resources
[0.642s] -- Configuring done
[0.643s] -- Generating done
[0.644s] -- Build files have been written to: /home/cairlab/teleop-keyboard-husky-foxy-devel/build/husky_bringup
[0.647s] Invoked command in '/home/cairlab/teleop-keyboard-husky-foxy-devel/build/husky_bringup' returned '0': CMAKE_PREFIX_PATH=/home/cairlab/teleop-keyboard-husky-foxy-devel/install/husky_control:/home/cairlab/teleop-keyboard-husky-foxy-devel/install/husky_base:/home/cairlab/teleop-keyboard-husky-foxy-devel/install/husky_msgs:/home/cairlab/teleop-keyboard-husky-foxy-devel/install/husky_description:/home/cairlab/teleop-keyboard-husky-foxy-devel/install/multi_husky_gazebo:/home/cairlab/teleop-keyboard-husky-foxy-devel/install/husky_desktop:/home/cairlab/teleop-keyboard-husky-foxy-devel/install/husky_viz:/home/cairlab/teleop-keyboard-husky-foxy-devel/install/husky_simulator:/home/cairlab/teleop-keyboard-husky-foxy-devel/install/husky_robot:/home/cairlab/teleop-keyboard-husky-foxy-devel/install/husky_bringup:/home/cairlab/teleop-keyboard-husky-foxy-devel/install/husky_gazebo:/home/cairlab/teleop-keyboard-husky-foxy-devel/install/teleop_twist_keyboard:/opt/ros/foxy PYTHONPATH=/home/cairlab/teleop-keyboard-husky-foxy-devel/install/husky_msgs/lib/python3.8/site-packages:/home/cairlab/teleop-keyboard-husky-foxy-devel/build/teleop_twist_keyboard:/home/cairlab/teleop-keyboard-husky-foxy-devel/install/teleop_twist_keyboard/lib/python3.8/site-packages:/opt/ros/foxy/lib/python3.8/site-packages /usr/bin/cmake /home/cairlab/teleop-keyboard-husky-foxy-devel/src/husky_bringup -DAMENT_CMAKE_SYMLINK_INSTALL=1 -DCMAKE_INSTALL_PREFIX=/home/cairlab/teleop-keyboard-husky-foxy-devel/install/husky_bringup
[0.649s] Invoking command in '/home/cairlab/teleop-keyboard-husky-foxy-devel/build/husky_bringup': CMAKE_PREFIX_PATH=/home/cairlab/teleop-keyboard-husky-foxy-devel/install/husky_control:/home/cairlab/teleop-keyboard-husky-foxy-devel/install/husky_base:/home/cairlab/teleop-keyboard-husky-foxy-devel/install/husky_msgs:/home/cairlab/teleop-keyboard-husky-foxy-devel/install/husky_description:/home/cairlab/teleop-keyboard-husky-foxy-devel/install/multi_husky_gazebo:/home/cairlab/teleop-keyboard-husky-foxy-devel/install/husky_desktop:/home/cairlab/teleop-keyboard-husky-foxy-devel/install/husky_viz:/home/cairlab/teleop-keyboard-husky-foxy-devel/install/husky_simulator:/home/cairlab/teleop-keyboard-husky-foxy-devel/install/husky_robot:/home/cairlab/teleop-keyboard-husky-foxy-devel/install/husky_bringup:/home/cairlab/teleop-keyboard-husky-foxy-devel/install/husky_gazebo:/home/cairlab/teleop-keyboard-husky-foxy-devel/install/teleop_twist_keyboard:/opt/ros/foxy PYTHONPATH=/home/cairlab/teleop-keyboard-husky-foxy-devel/install/husky_msgs/lib/python3.8/site-packages:/home/cairlab/teleop-keyboard-husky-foxy-devel/build/teleop_twist_keyboard:/home/cairlab/teleop-keyboard-husky-foxy-devel/install/teleop_twist_keyboard/lib/python3.8/site-packages:/opt/ros/foxy/lib/python3.8/site-packages /usr/bin/cmake --build /home/cairlab/teleop-keyboard-husky-foxy-devel/build/husky_bringup -- -j12 -l12
[0.681s] Invoked command in '/home/cairlab/teleop-keyboard-husky-foxy-devel/build/husky_bringup' returned '0': CMAKE_PREFIX_PATH=/home/cairlab/teleop-keyboard-husky-foxy-devel/install/husky_control:/home/cairlab/teleop-keyboard-husky-foxy-devel/install/husky_base:/home/cairlab/teleop-keyboard-husky-foxy-devel/install/husky_msgs:/home/cairlab/teleop-keyboard-husky-foxy-devel/install/husky_description:/home/cairlab/teleop-keyboard-husky-foxy-devel/install/multi_husky_gazebo:/home/cairlab/teleop-keyboard-husky-foxy-devel/install/husky_desktop:/home/cairlab/teleop-keyboard-husky-foxy-devel/install/husky_viz:/home/cairlab/teleop-keyboard-husky-foxy-devel/install/husky_simulator:/home/cairlab/teleop-keyboard-husky-foxy-devel/install/husky_robot:/home/cairlab/teleop-keyboard-husky-foxy-devel/install/husky_bringup:/home/cairlab/teleop-keyboard-husky-foxy-devel/install/husky_gazebo:/home/cairlab/teleop-keyboard-husky-foxy-devel/install/teleop_twist_keyboard:/opt/ros/foxy PYTHONPATH=/home/cairlab/teleop-keyboard-husky-foxy-devel/install/husky_msgs/lib/python3.8/site-packages:/home/cairlab/teleop-keyboard-husky-foxy-devel/build/teleop_twist_keyboard:/home/cairlab/teleop-keyboard-husky-foxy-devel/install/teleop_twist_keyboard/lib/python3.8/site-packages:/opt/ros/foxy/lib/python3.8/site-packages /usr/bin/cmake --build /home/cairlab/teleop-keyboard-husky-foxy-devel/build/husky_bringup -- -j12 -l12
[0.701s] Invoking command in '/home/cairlab/teleop-keyboard-husky-foxy-devel/build/husky_bringup': CMAKE_PREFIX_PATH=/home/cairlab/teleop-keyboard-husky-foxy-devel/install/husky_control:/home/cairlab/teleop-keyboard-husky-foxy-devel/install/husky_base:/home/cairlab/teleop-keyboard-husky-foxy-devel/install/husky_msgs:/home/cairlab/teleop-keyboard-husky-foxy-devel/install/husky_description:/home/cairlab/teleop-keyboard-husky-foxy-devel/install/multi_husky_gazebo:/home/cairlab/teleop-keyboard-husky-foxy-devel/install/husky_desktop:/home/cairlab/teleop-keyboard-husky-foxy-devel/install/husky_viz:/home/cairlab/teleop-keyboard-husky-foxy-devel/install/husky_simulator:/home/cairlab/teleop-keyboard-husky-foxy-devel/install/husky_robot:/home/cairlab/teleop-keyboard-husky-foxy-devel/install/husky_bringup:/home/cairlab/teleop-keyboard-husky-foxy-devel/install/husky_gazebo:/home/cairlab/teleop-keyboard-husky-foxy-devel/install/teleop_twist_keyboard:/opt/ros/foxy PYTHONPATH=/home/cairlab/teleop-keyboard-husky-foxy-devel/install/husky_msgs/lib/python3.8/site-packages:/home/cairlab/teleop-keyboard-husky-foxy-devel/build/teleop_twist_keyboard:/home/cairlab/teleop-keyboard-husky-foxy-devel/install/teleop_twist_keyboard/lib/python3.8/site-packages:/opt/ros/foxy/lib/python3.8/site-packages /usr/bin/cmake --install /home/cairlab/teleop-keyboard-husky-foxy-devel/build/husky_bringup
[0.708s] -- Install configuration: ""
[0.708s] -- Execute custom install script
[0.709s] -- Symlinking: /home/cairlab/teleop-keyboard-husky-foxy-devel/install/husky_bringup/share/husky_bringup/config/mag_config_default.yaml
[0.717s] -- Symlinking: /home/cairlab/teleop-keyboard-husky-foxy-devel/install/husky_bringup/share/husky_bringup/launch/accessories.launch.py
[0.724s] -- Symlinking: /home/cairlab/teleop-keyboard-husky-foxy-devel/install/husky_bringup/share/husky_bringup/udev/10-microstrain.rules
[0.731s] -- Symlinking: /home/cairlab/teleop-keyboard-husky-foxy-devel/install/husky_bringup/share/husky_bringup/udev/41-clearpath.rules
[0.738s] -- Symlinking: /home/cairlab/teleop-keyboard-husky-foxy-devel/install/husky_bringup/share/husky_bringup/udev/41-hokuyo.rules
[0.745s] -- Symlinking: /home/cairlab/teleop-keyboard-husky-foxy-devel/install/husky_bringup/share/husky_bringup/udev/41-logitech.rules
[0.752s] -- Symlinking: /home/cairlab/teleop-keyboard-husky-foxy-devel/install/husky_bringup/share/husky_bringup/udev/52-ftdi.rules
[0.758s] -- Symlinking: /home/cairlab/teleop-keyboard-husky-foxy-devel/install/husky_bringup/share/husky_bringup/udev/README.md
[0.766s] -- Symlinking: /home/cairlab/teleop-keyboard-husky-foxy-devel/install/husky_bringup/lib/husky_bringup/install
[0.776s] -- Symlinking: /home/cairlab/teleop-keyboard-husky-foxy-devel/install/husky_bringup/share/ament_index/resource_index/package_run_dependencies/husky_bringup
[0.783s] -- Symlinking: /home/cairlab/teleop-keyboard-husky-foxy-devel/install/husky_bringup/share/ament_index/resource_index/parent_prefix_path/husky_bringup
[0.790s] -- Symlinking: /home/cairlab/teleop-keyboard-husky-foxy-devel/install/husky_bringup/share/husky_bringup/environment/ament_prefix_path.sh
[0.797s] -- Symlinking: /home/cairlab/teleop-keyboard-husky-foxy-devel/install/husky_bringup/share/husky_bringup/environment/ament_prefix_path.dsv
[0.804s] -- Symlinking: /home/cairlab/teleop-keyboard-husky-foxy-devel/install/husky_bringup/share/husky_bringup/environment/path.sh
[0.811s] -- Symlinking: /home/cairlab/teleop-keyboard-husky-foxy-devel/install/husky_bringup/share/husky_bringup/environment/path.dsv
[0.819s] -- Symlinking: /home/cairlab/teleop-keyboard-husky-foxy-devel/install/husky_bringup/share/husky_bringup/local_setup.bash
[0.826s] -- Symlinking: /home/cairlab/teleop-keyboard-husky-foxy-devel/install/husky_bringup/share/husky_bringup/local_setup.sh
[0.833s] -- Symlinking: /home/cairlab/teleop-keyboard-husky-foxy-devel/install/husky_bringup/share/husky_bringup/local_setup.zsh
[0.840s] -- Symlinking: /home/cairlab/teleop-keyboard-husky-foxy-devel/install/husky_bringup/share/husky_bringup/local_setup.dsv
[0.847s] -- Symlinking: /home/cairlab/teleop-keyboard-husky-foxy-devel/install/husky_bringup/share/husky_bringup/package.dsv
[0.855s] -- Symlinking: /home/cairlab/teleop-keyboard-husky-foxy-devel/install/husky_bringup/share/ament_index/resource_index/packages/husky_bringup
[0.862s] -- Symlinking: /home/cairlab/teleop-keyboard-husky-foxy-devel/install/husky_bringup/share/husky_bringup/cmake/husky_bringupConfig.cmake
[0.871s] -- Symlinking: /home/cairlab/teleop-keyboard-husky-foxy-devel/install/husky_bringup/share/husky_bringup/cmake/husky_bringupConfig-version.cmake
[0.878s] -- Symlinking: /home/cairlab/teleop-keyboard-husky-foxy-devel/install/husky_bringup/share/husky_bringup/package.xml
[0.887s] Invoked command in '/home/cairlab/teleop-keyboard-husky-foxy-devel/build/husky_bringup' returned '0': CMAKE_PREFIX_PATH=/home/cairlab/teleop-keyboard-husky-foxy-devel/install/husky_control:/home/cairlab/teleop-keyboard-husky-foxy-devel/install/husky_base:/home/cairlab/teleop-keyboard-husky-foxy-devel/install/husky_msgs:/home/cairlab/teleop-keyboard-husky-foxy-devel/install/husky_description:/home/cairlab/teleop-keyboard-husky-foxy-devel/install/multi_husky_gazebo:/home/cairlab/teleop-keyboard-husky-foxy-devel/install/husky_desktop:/home/cairlab/teleop-keyboard-husky-foxy-devel/install/husky_viz:/home/cairlab/teleop-keyboard-husky-foxy-devel/install/husky_simulator:/home/cairlab/teleop-keyboard-husky-foxy-devel/install/husky_robot:/home/cairlab/teleop-keyboard-husky-foxy-devel/install/husky_bringup:/home/cairlab/teleop-keyboard-husky-foxy-devel/install/husky_gazebo:/home/cairlab/teleop-keyboard-husky-foxy-devel/install/teleop_twist_keyboard:/opt/ros/foxy PYTHONPATH=/home/cairlab/teleop-keyboard-husky-foxy-devel/install/husky_msgs/lib/python3.8/site-packages:/home/cairlab/teleop-keyboard-husky-foxy-devel/build/teleop_twist_keyboard:/home/cairlab/teleop-keyboard-husky-foxy-devel/install/teleop_twist_keyboard/lib/python3.8/site-packages:/opt/ros/foxy/lib/python3.8/site-packages /usr/bin/cmake --install /home/cairlab/teleop-keyboard-husky-foxy-devel/build/husky_bringup
