[0.100s] Invoking command in '/home/cairlab/teleop-keyboard-husky-foxy-devel/build/husky_desktop': AMENT_PREFIX_PATH=/home/cairlab/teleop-keyboard-husky-foxy-devel/install/husky_viz:/home/cairlab/teleop-keyboard-husky-foxy-devel/install/husky_msgs:/home/cairlab/teleop-keyboard-husky-foxy-devel/install/husky_description:${AMENT_PREFIX_PATH} CMAKE_PREFIX_PATH=/home/cairlab/teleop-keyboard-husky-foxy-devel/install/husky_viz:/home/cairlab/teleop-keyboard-husky-foxy-devel/install/husky_msgs:/home/cairlab/teleop-keyboard-husky-foxy-devel/install/husky_description:/opt/ros/foxy LD_LIBRARY_PATH=/home/cairlab/teleop-keyboard-husky-foxy-devel/install/husky_msgs/lib:${LD_LIBRARY_PATH} PYTHONPATH=/home/cairlab/teleop-keyboard-husky-foxy-devel/install/husky_msgs/lib/python3.8/site-packages:${PYTHONPATH} /usr/bin/cmake --build /home/cairlab/teleop-keyboard-husky-foxy-devel/build/husky_desktop -- -j12 -l12
[0.234s] Invoked command in '/home/cairlab/teleop-keyboard-husky-foxy-devel/build/husky_desktop' returned '0': AMENT_PREFIX_PATH=/home/cairlab/teleop-keyboard-husky-foxy-devel/install/husky_viz:/home/cairlab/teleop-keyboard-husky-foxy-devel/install/husky_msgs:/home/cairlab/teleop-keyboard-husky-foxy-devel/install/husky_description:${AMENT_PREFIX_PATH} CMAKE_PREFIX_PATH=/home/cairlab/teleop-keyboard-husky-foxy-devel/install/husky_viz:/home/cairlab/teleop-keyboard-husky-foxy-devel/install/husky_msgs:/home/cairlab/teleop-keyboard-husky-foxy-devel/install/husky_description:/opt/ros/foxy LD_LIBRARY_PATH=/home/cairlab/teleop-keyboard-husky-foxy-devel/install/husky_msgs/lib:${LD_LIBRARY_PATH} PYTHONPATH=/home/cairlab/teleop-keyboard-husky-foxy-devel/install/husky_msgs/lib/python3.8/site-packages:${PYTHONPATH} /usr/bin/cmake --build /home/cairlab/teleop-keyboard-husky-foxy-devel/build/husky_desktop -- -j12 -l12
[0.301s] Invoking command in '/home/cairlab/teleop-keyboard-husky-foxy-devel/build/husky_desktop': AMENT_PREFIX_PATH=/home/cairlab/teleop-keyboard-husky-foxy-devel/install/husky_viz:/home/cairlab/teleop-keyboard-husky-foxy-devel/install/husky_msgs:/home/cairlab/teleop-keyboard-husky-foxy-devel/install/husky_description:${AMENT_PREFIX_PATH} CMAKE_PREFIX_PATH=/home/cairlab/teleop-keyboard-husky-foxy-devel/install/husky_viz:/home/cairlab/teleop-keyboard-husky-foxy-devel/install/husky_msgs:/home/cairlab/teleop-keyboard-husky-foxy-devel/install/husky_description:/opt/ros/foxy LD_LIBRARY_PATH=/home/cairlab/teleop-keyboard-husky-foxy-devel/install/husky_msgs/lib:${LD_LIBRARY_PATH} PYTHONPATH=/home/cairlab/teleop-keyboard-husky-foxy-devel/install/husky_msgs/lib/python3.8/site-packages:${PYTHONPATH} /usr/bin/cmake --install /home/cairlab/teleop-keyboard-husky-foxy-devel/build/husky_desktop
[0.340s] -- Install configuration: ""
[0.341s] -- Execute custom install script
[0.341s] -- Up-to-date symlink: /home/cairlab/teleop-keyboard-husky-foxy-devel/install/husky_desktop/share/ament_index/resource_index/package_run_dependencies/husky_desktop
[0.341s] -- Up-to-date symlink: /home/cairlab/teleop-keyboard-husky-foxy-devel/install/husky_desktop/share/ament_index/resource_index/parent_prefix_path/husky_desktop
[0.341s] -- Up-to-date symlink: /home/cairlab/teleop-keyboard-husky-foxy-devel/install/husky_desktop/share/husky_desktop/environment/ament_prefix_path.sh
[0.341s] -- Up-to-date symlink: /home/cairlab/teleop-keyboard-husky-foxy-devel/install/husky_desktop/share/husky_desktop/environment/ament_prefix_path.dsv
[0.342s] -- Up-to-date symlink: /home/cairlab/teleop-keyboard-husky-foxy-devel/install/husky_desktop/share/husky_desktop/environment/path.sh
[0.343s] -- Up-to-date symlink: /home/cairlab/teleop-keyboard-husky-foxy-devel/install/husky_desktop/share/husky_desktop/environment/path.dsv
[0.344s] -- Up-to-date symlink: /home/cairlab/teleop-keyboard-husky-foxy-devel/install/husky_desktop/share/husky_desktop/local_setup.bash
[0.345s] -- Up-to-date symlink: /home/cairlab/teleop-keyboard-husky-foxy-devel/install/husky_desktop/share/husky_desktop/local_setup.sh
[0.345s] -- Up-to-date symlink: /home/cairlab/teleop-keyboard-husky-foxy-devel/install/husky_desktop/share/husky_desktop/local_setup.zsh
[0.345s] -- Up-to-date symlink: /home/cairlab/teleop-keyboard-husky-foxy-devel/install/husky_desktop/share/husky_desktop/local_setup.dsv
[0.350s] -- Symlinking: /home/cairlab/teleop-keyboard-husky-foxy-devel/install/husky_desktop/share/husky_desktop/package.dsv
[0.354s] -- Up-to-date symlink: /home/cairlab/teleop-keyboard-husky-foxy-devel/install/husky_desktop/share/ament_index/resource_index/packages/husky_desktop
[0.354s] -- Up-to-date symlink: /home/cairlab/teleop-keyboard-husky-foxy-devel/install/husky_desktop/share/husky_desktop/cmake/husky_desktopConfig.cmake
[0.355s] -- Up-to-date symlink: /home/cairlab/teleop-keyboard-husky-foxy-devel/install/husky_desktop/share/husky_desktop/cmake/husky_desktopConfig-version.cmake
[0.355s] -- Up-to-date symlink: /home/cairlab/teleop-keyboard-husky-foxy-devel/install/husky_desktop/share/husky_desktop/package.xml
[0.444s] Invoked command in '/home/cairlab/teleop-keyboard-husky-foxy-devel/build/husky_desktop' returned '0': AMENT_PREFIX_PATH=/home/cairlab/teleop-keyboard-husky-foxy-devel/install/husky_viz:/home/cairlab/teleop-keyboard-husky-foxy-devel/install/husky_msgs:/home/cairlab/teleop-keyboard-husky-foxy-devel/install/husky_description:${AMENT_PREFIX_PATH} CMAKE_PREFIX_PATH=/home/cairlab/teleop-keyboard-husky-foxy-devel/install/husky_viz:/home/cairlab/teleop-keyboard-husky-foxy-devel/install/husky_msgs:/home/cairlab/teleop-keyboard-husky-foxy-devel/install/husky_description:/opt/ros/foxy LD_LIBRARY_PATH=/home/cairlab/teleop-keyboard-husky-foxy-devel/install/husky_msgs/lib:${LD_LIBRARY_PATH} PYTHONPATH=/home/cairlab/teleop-keyboard-husky-foxy-devel/install/husky_msgs/lib/python3.8/site-packages:${PYTHONPATH} /usr/bin/cmake --install /home/cairlab/teleop-keyboard-husky-foxy-devel/build/husky_desktop
