[0.057s] Invoking command in '/home/cairlab/teleop-keyboard-husky-foxy-devel/build/husky_msgs': CMAKE_PREFIX_PATH=/opt/ros/foxy /usr/bin/cmake --build /home/cairlab/teleop-keyboard-husky-foxy-devel/build/husky_msgs -- -j12 -l12
[0.355s] [  3%] Built target husky_msgs__cpp
[0.355s] [ 12%] Built target husky_msgs__rosidl_generator_c
[0.355s] [ 32%] Built target husky_msgs__rosidl_typesupport_introspection_cpp
[0.356s] [ 32%] Built target husky_msgs__rosidl_typesupport_cpp
[0.357s] [ 41%] Built target husky_msgs__rosidl_typesupport_fastrtps_cpp
[0.358s] [ 61%] Built target husky_msgs__rosidl_typesupport_introspection_c
[0.359s] [ 61%] Built target husky_msgs__rosidl_typesupport_c
[0.361s] [ 70%] Built target husky_msgs__rosidl_typesupport_fastrtps_c
[0.362s] [ 70%] Built target husky_msgs
[0.362s] [ 74%] Built target husky_msgs__py
[0.363s] [ 80%] Built target husky_msgs__python
[0.364s] [ 93%] Built target husky_msgs__rosidl_typesupport_fastrtps_c__pyext
[0.365s] [ 93%] Built target husky_msgs__rosidl_typesupport_c__pyext
[0.365s] [100%] Built target husky_msgs__rosidl_typesupport_introspection_c__pyext
[0.368s] Invoked command in '/home/cairlab/teleop-keyboard-husky-foxy-devel/build/husky_msgs' returned '0': CMAKE_PREFIX_PATH=/opt/ros/foxy /usr/bin/cmake --build /home/cairlab/teleop-keyboard-husky-foxy-devel/build/husky_msgs -- -j12 -l12
[0.412s] Invoking command in '/home/cairlab/teleop-keyboard-husky-foxy-devel/build/husky_msgs': CMAKE_PREFIX_PATH=/opt/ros/foxy /usr/bin/cmake --install /home/cairlab/teleop-keyboard-husky-foxy-devel/build/husky_msgs
[0.421s] -- Install configuration: ""
[0.421s] -- Execute custom install script
[0.422s] -- Up-to-date symlink: /home/cairlab/teleop-keyboard-husky-foxy-devel/install/husky_msgs/share/ament_index/resource_index/rosidl_interfaces/husky_msgs
[0.422s] -- Up-to-date symlink: /home/cairlab/teleop-keyboard-husky-foxy-devel/install/husky_msgs/include/husky_msgs/msg/detail/husky_status__functions.h
[0.423s] -- Up-to-date symlink: /home/cairlab/teleop-keyboard-husky-foxy-devel/install/husky_msgs/include/husky_msgs/msg/detail/husky_status__struct.h
[0.423s] -- Up-to-date symlink: /home/cairlab/teleop-keyboard-husky-foxy-devel/install/husky_msgs/include/husky_msgs/msg/detail/husky_status__type_support.h
[0.423s] -- Up-to-date symlink: /home/cairlab/teleop-keyboard-husky-foxy-devel/install/husky_msgs/include/husky_msgs/msg/husky_status.h
[0.423s] -- Up-to-date symlink: /home/cairlab/teleop-keyboard-husky-foxy-devel/install/husky_msgs/include/husky_msgs/msg/rosidl_generator_c__visibility_control.h
[0.423s] -- Up-to-date symlink: /home/cairlab/teleop-keyboard-husky-foxy-devel/install/husky_msgs/share/husky_msgs/environment/library_path.sh
[0.424s] -- Up-to-date symlink: /home/cairlab/teleop-keyboard-husky-foxy-devel/install/husky_msgs/share/husky_msgs/environment/library_path.dsv
[0.427s] -- Up-to-date symlink: /home/cairlab/teleop-keyboard-husky-foxy-devel/install/husky_msgs/include/husky_msgs/msg/detail/husky_status__rosidl_typesupport_fastrtps_c.h
[0.429s] -- Up-to-date symlink: /home/cairlab/teleop-keyboard-husky-foxy-devel/install/husky_msgs/include/husky_msgs/msg/rosidl_typesupport_fastrtps_c__visibility_control.h
[0.430s] -- Up-to-date symlink: /home/cairlab/teleop-keyboard-husky-foxy-devel/install/husky_msgs/lib/libhusky_msgs__rosidl_typesupport_fastrtps_c.so
[0.430s] -- Up-to-date symlink: /home/cairlab/teleop-keyboard-husky-foxy-devel/install/husky_msgs/include/husky_msgs/msg/detail/husky_status__rosidl_typesupport_fastrtps_cpp.hpp
[0.430s] -- Up-to-date symlink: /home/cairlab/teleop-keyboard-husky-foxy-devel/install/husky_msgs/include/husky_msgs/msg/rosidl_typesupport_fastrtps_cpp__visibility_control.h
[0.430s] -- Up-to-date symlink: /home/cairlab/teleop-keyboard-husky-foxy-devel/install/husky_msgs/lib/libhusky_msgs__rosidl_typesupport_fastrtps_cpp.so
[0.430s] -- Up-to-date symlink: /home/cairlab/teleop-keyboard-husky-foxy-devel/install/husky_msgs/include/husky_msgs/msg/detail/husky_status__rosidl_typesupport_introspection_c.h
[0.431s] -- Up-to-date symlink: /home/cairlab/teleop-keyboard-husky-foxy-devel/install/husky_msgs/include/husky_msgs/msg/rosidl_typesupport_introspection_c__visibility_control.h
[0.431s] -- Up-to-date symlink: /home/cairlab/teleop-keyboard-husky-foxy-devel/install/husky_msgs/include/husky_msgs/msg/detail/husky_status__builder.hpp
[0.431s] -- Up-to-date symlink: /home/cairlab/teleop-keyboard-husky-foxy-devel/install/husky_msgs/include/husky_msgs/msg/detail/husky_status__struct.hpp
[0.431s] -- Up-to-date symlink: /home/cairlab/teleop-keyboard-husky-foxy-devel/install/husky_msgs/include/husky_msgs/msg/detail/husky_status__traits.hpp
[0.431s] -- Up-to-date symlink: /home/cairlab/teleop-keyboard-husky-foxy-devel/install/husky_msgs/include/husky_msgs/msg/detail/husky_status__type_support.hpp
[0.431s] -- Up-to-date symlink: /home/cairlab/teleop-keyboard-husky-foxy-devel/install/husky_msgs/include/husky_msgs/msg/husky_status.hpp
[0.431s] -- Up-to-date symlink: /home/cairlab/teleop-keyboard-husky-foxy-devel/install/husky_msgs/include/husky_msgs/msg/rosidl_generator_cpp__visibility_control.hpp
[0.432s] -- Up-to-date symlink: /home/cairlab/teleop-keyboard-husky-foxy-devel/install/husky_msgs/include/husky_msgs/msg/detail/husky_status__rosidl_typesupport_introspection_cpp.hpp
[0.432s] -- Up-to-date symlink: /home/cairlab/teleop-keyboard-husky-foxy-devel/install/husky_msgs/share/husky_msgs/environment/pythonpath.sh
[0.432s] -- Up-to-date symlink: /home/cairlab/teleop-keyboard-husky-foxy-devel/install/husky_msgs/share/husky_msgs/environment/pythonpath.dsv
[0.434s] -- Up-to-date symlink: /home/cairlab/teleop-keyboard-husky-foxy-devel/install/husky_msgs/lib/python3.8/site-packages/husky_msgs/__init__.py
[0.434s] -- Up-to-date symlink: /home/cairlab/teleop-keyboard-husky-foxy-devel/install/husky_msgs/lib/python3.8/site-packages/husky_msgs/msg/__init__.py
[0.434s] -- Up-to-date symlink: /home/cairlab/teleop-keyboard-husky-foxy-devel/install/husky_msgs/lib/python3.8/site-packages/husky_msgs/msg/_husky_status.py
[0.434s] -- Up-to-date symlink: /home/cairlab/teleop-keyboard-husky-foxy-devel/install/husky_msgs/lib/python3.8/site-packages/husky_msgs/husky_msgs_s__rosidl_typesupport_fastrtps_c.cpython-38-x86_64-linux-gnu.so
[0.434s] -- Up-to-date symlink: /home/cairlab/teleop-keyboard-husky-foxy-devel/install/husky_msgs/lib/python3.8/site-packages/husky_msgs/husky_msgs_s__rosidl_typesupport_introspection_c.cpython-38-x86_64-linux-gnu.so
[0.435s] -- Up-to-date symlink: /home/cairlab/teleop-keyboard-husky-foxy-devel/install/husky_msgs/lib/python3.8/site-packages/husky_msgs/husky_msgs_s__rosidl_typesupport_c.cpython-38-x86_64-linux-gnu.so
[0.435s] -- Up-to-date symlink: /home/cairlab/teleop-keyboard-husky-foxy-devel/install/husky_msgs/lib/libhusky_msgs__python.so
[0.435s] -- Up-to-date symlink: /home/cairlab/teleop-keyboard-husky-foxy-devel/install/husky_msgs/share/husky_msgs/msg/HuskyStatus.idl
[0.435s] -- Up-to-date symlink: /home/cairlab/teleop-keyboard-husky-foxy-devel/install/husky_msgs/share/husky_msgs/msg/HuskyStatus.msg
[0.436s] -- Up-to-date symlink: /home/cairlab/teleop-keyboard-husky-foxy-devel/install/husky_msgs/share/ament_index/resource_index/package_run_dependencies/husky_msgs
[0.438s] -- Up-to-date symlink: /home/cairlab/teleop-keyboard-husky-foxy-devel/install/husky_msgs/share/ament_index/resource_index/parent_prefix_path/husky_msgs
[0.440s] -- Up-to-date symlink: /home/cairlab/teleop-keyboard-husky-foxy-devel/install/husky_msgs/share/husky_msgs/environment/ament_prefix_path.sh
[0.442s] -- Up-to-date symlink: /home/cairlab/teleop-keyboard-husky-foxy-devel/install/husky_msgs/share/husky_msgs/environment/ament_prefix_path.dsv
[0.443s] -- Up-to-date symlink: /home/cairlab/teleop-keyboard-husky-foxy-devel/install/husky_msgs/share/husky_msgs/environment/path.sh
[0.444s] -- Up-to-date symlink: /home/cairlab/teleop-keyboard-husky-foxy-devel/install/husky_msgs/share/husky_msgs/environment/path.dsv
[0.446s] -- Up-to-date symlink: /home/cairlab/teleop-keyboard-husky-foxy-devel/install/husky_msgs/share/husky_msgs/local_setup.bash
[0.446s] -- Up-to-date symlink: /home/cairlab/teleop-keyboard-husky-foxy-devel/install/husky_msgs/share/husky_msgs/local_setup.sh
[0.447s] -- Up-to-date symlink: /home/cairlab/teleop-keyboard-husky-foxy-devel/install/husky_msgs/share/husky_msgs/local_setup.zsh
[0.447s] -- Up-to-date symlink: /home/cairlab/teleop-keyboard-husky-foxy-devel/install/husky_msgs/share/husky_msgs/local_setup.dsv
[0.447s] -- Symlinking: /home/cairlab/teleop-keyboard-husky-foxy-devel/install/husky_msgs/share/husky_msgs/package.dsv
[0.456s] -- Up-to-date symlink: /home/cairlab/teleop-keyboard-husky-foxy-devel/install/husky_msgs/share/ament_index/resource_index/packages/husky_msgs
[0.456s] -- Up-to-date symlink: /home/cairlab/teleop-keyboard-husky-foxy-devel/install/husky_msgs/share/husky_msgs/cmake/rosidl_cmake-extras.cmake
[0.456s] -- Up-to-date symlink: /home/cairlab/teleop-keyboard-husky-foxy-devel/install/husky_msgs/share/husky_msgs/cmake/ament_cmake_export_dependencies-extras.cmake
[0.456s] -- Up-to-date symlink: /home/cairlab/teleop-keyboard-husky-foxy-devel/install/husky_msgs/share/husky_msgs/cmake/ament_cmake_export_libraries-extras.cmake
[0.456s] -- Up-to-date symlink: /home/cairlab/teleop-keyboard-husky-foxy-devel/install/husky_msgs/share/husky_msgs/cmake/ament_cmake_export_targets-extras.cmake
[0.456s] -- Up-to-date symlink: /home/cairlab/teleop-keyboard-husky-foxy-devel/install/husky_msgs/share/husky_msgs/cmake/ament_cmake_export_include_directories-extras.cmake
[0.457s] -- Up-to-date symlink: /home/cairlab/teleop-keyboard-husky-foxy-devel/install/husky_msgs/share/husky_msgs/cmake/rosidl_cmake_export_typesupport_libraries-extras.cmake
[0.457s] -- Up-to-date symlink: /home/cairlab/teleop-keyboard-husky-foxy-devel/install/husky_msgs/share/husky_msgs/cmake/rosidl_cmake_export_typesupport_targets-extras.cmake
[0.457s] -- Up-to-date symlink: /home/cairlab/teleop-keyboard-husky-foxy-devel/install/husky_msgs/share/husky_msgs/cmake/husky_msgsConfig.cmake
[0.457s] -- Up-to-date symlink: /home/cairlab/teleop-keyboard-husky-foxy-devel/install/husky_msgs/share/husky_msgs/cmake/husky_msgsConfig-version.cmake
[0.457s] -- Up-to-date symlink: /home/cairlab/teleop-keyboard-husky-foxy-devel/install/husky_msgs/share/husky_msgs/package.xml
[0.457s] -- Up-to-date: /home/cairlab/teleop-keyboard-husky-foxy-devel/install/husky_msgs/lib/libhusky_msgs__rosidl_generator_c.so
[0.457s] -- Up-to-date: /home/cairlab/teleop-keyboard-husky-foxy-devel/install/husky_msgs/lib/libhusky_msgs__rosidl_typesupport_introspection_c.so
[0.457s] -- Up-to-date: /home/cairlab/teleop-keyboard-husky-foxy-devel/install/husky_msgs/lib/libhusky_msgs__rosidl_typesupport_c.so
[0.457s] -- Up-to-date: /home/cairlab/teleop-keyboard-husky-foxy-devel/install/husky_msgs/lib/libhusky_msgs__rosidl_typesupport_introspection_cpp.so
[0.457s] -- Up-to-date: /home/cairlab/teleop-keyboard-husky-foxy-devel/install/husky_msgs/lib/libhusky_msgs__rosidl_typesupport_cpp.so
[0.507s] -- Up-to-date: /home/cairlab/teleop-keyboard-husky-foxy-devel/install/husky_msgs/share/husky_msgs/cmake/husky_msgs__rosidl_generator_cExport.cmake
[0.508s] -- Up-to-date: /home/cairlab/teleop-keyboard-husky-foxy-devel/install/husky_msgs/share/husky_msgs/cmake/husky_msgs__rosidl_generator_cExport-noconfig.cmake
[0.508s] -- Up-to-date: /home/cairlab/teleop-keyboard-husky-foxy-devel/install/husky_msgs/share/husky_msgs/cmake/husky_msgs__rosidl_typesupport_introspection_cExport.cmake
[0.508s] -- Up-to-date: /home/cairlab/teleop-keyboard-husky-foxy-devel/install/husky_msgs/share/husky_msgs/cmake/husky_msgs__rosidl_typesupport_introspection_cExport-noconfig.cmake
[0.509s] -- Up-to-date: /home/cairlab/teleop-keyboard-husky-foxy-devel/install/husky_msgs/share/husky_msgs/cmake/husky_msgs__rosidl_typesupport_cExport.cmake
[0.509s] -- Up-to-date: /home/cairlab/teleop-keyboard-husky-foxy-devel/install/husky_msgs/share/husky_msgs/cmake/husky_msgs__rosidl_typesupport_cExport-noconfig.cmake
[0.509s] -- Up-to-date: /home/cairlab/teleop-keyboard-husky-foxy-devel/install/husky_msgs/share/husky_msgs/cmake/husky_msgs__rosidl_generator_cppExport.cmake
[0.509s] -- Up-to-date: /home/cairlab/teleop-keyboard-husky-foxy-devel/install/husky_msgs/share/husky_msgs/cmake/husky_msgs__rosidl_typesupport_introspection_cppExport.cmake
[0.509s] -- Up-to-date: /home/cairlab/teleop-keyboard-husky-foxy-devel/install/husky_msgs/share/husky_msgs/cmake/husky_msgs__rosidl_typesupport_introspection_cppExport-noconfig.cmake
[0.509s] -- Up-to-date: /home/cairlab/teleop-keyboard-husky-foxy-devel/install/husky_msgs/share/husky_msgs/cmake/husky_msgs__rosidl_typesupport_cppExport.cmake
[0.509s] -- Up-to-date: /home/cairlab/teleop-keyboard-husky-foxy-devel/install/husky_msgs/share/husky_msgs/cmake/husky_msgs__rosidl_typesupport_cppExport-noconfig.cmake
[0.567s] Invoked command in '/home/cairlab/teleop-keyboard-husky-foxy-devel/build/husky_msgs' returned '0': CMAKE_PREFIX_PATH=/opt/ros/foxy /usr/bin/cmake --install /home/cairlab/teleop-keyboard-husky-foxy-devel/build/husky_msgs
