[0.019s] Invoking command in '/home/cairlab/teleop-keyboard-husky-foxy-devel/build/husky_base': AMENT_PREFIX_PATH=/home/cairlab/teleop-keyboard-husky-foxy-devel/install/husky_msgs:${AMENT_PREFIX_PATH} CMAKE_PREFIX_PATH=/home/cairlab/teleop-keyboard-husky-foxy-devel/install/husky_msgs:/opt/ros/foxy LD_LIBRARY_PATH=/home/cairlab/teleop-keyboard-husky-foxy-devel/install/husky_msgs/lib:${LD_LIBRARY_PATH} PYTHONPATH=/home/cairlab/teleop-keyboard-husky-foxy-devel/install/husky_msgs/lib/python3.8/site-packages:${PYTHONPATH} /usr/bin/cmake --build /home/cairlab/teleop-keyboard-husky-foxy-devel/build/husky_base -- -j12 -l12
[0.115s] [100%] Built target husky_hardware
[0.144s] Invoked command in '/home/cairlab/teleop-keyboard-husky-foxy-devel/build/husky_base' returned '0': AMENT_PREFIX_PATH=/home/cairlab/teleop-keyboard-husky-foxy-devel/install/husky_msgs:${AMENT_PREFIX_PATH} CMAKE_PREFIX_PATH=/home/cairlab/teleop-keyboard-husky-foxy-devel/install/husky_msgs:/opt/ros/foxy LD_LIBRARY_PATH=/home/cairlab/teleop-keyboard-husky-foxy-devel/install/husky_msgs/lib:${LD_LIBRARY_PATH} PYTHONPATH=/home/cairlab/teleop-keyboard-husky-foxy-devel/install/husky_msgs/lib/python3.8/site-packages:${PYTHONPATH} /usr/bin/cmake --build /home/cairlab/teleop-keyboard-husky-foxy-devel/build/husky_base -- -j12 -l12
[0.250s] Invoking command in '/home/cairlab/teleop-keyboard-husky-foxy-devel/build/husky_base': AMENT_PREFIX_PATH=/home/cairlab/teleop-keyboard-husky-foxy-devel/install/husky_msgs:${AMENT_PREFIX_PATH} CMAKE_PREFIX_PATH=/home/cairlab/teleop-keyboard-husky-foxy-devel/install/husky_msgs:/opt/ros/foxy LD_LIBRARY_PATH=/home/cairlab/teleop-keyboard-husky-foxy-devel/install/husky_msgs/lib:${LD_LIBRARY_PATH} PYTHONPATH=/home/cairlab/teleop-keyboard-husky-foxy-devel/install/husky_msgs/lib/python3.8/site-packages:${PYTHONPATH} /usr/bin/cmake --install /home/cairlab/teleop-keyboard-husky-foxy-devel/build/husky_base
[0.298s] -- Install configuration: ""
[0.299s] -- Execute custom install script
[0.299s] -- Up-to-date symlink: /home/cairlab/teleop-keyboard-husky-foxy-devel/install/husky_base/share/husky_base//husky_hardware.xml
[0.299s] -- Up-to-date symlink: /home/cairlab/teleop-keyboard-husky-foxy-devel/install/husky_base/lib/libhusky_hardware.so
[0.300s] -- Up-to-date symlink: /home/cairlab/teleop-keyboard-husky-foxy-devel/install/husky_base/include/husky_base/horizon_legacy/Exception.h
[0.300s] -- Up-to-date symlink: /home/cairlab/teleop-keyboard-husky-foxy-devel/install/husky_base/include/husky_base/horizon_legacy/Logger.h
[0.300s] -- Up-to-date symlink: /home/cairlab/teleop-keyboard-husky-foxy-devel/install/husky_base/include/husky_base/horizon_legacy/Message.h
[0.300s] -- Up-to-date symlink: /home/cairlab/teleop-keyboard-husky-foxy-devel/install/husky_base/include/husky_base/horizon_legacy/Message_cmd.h
[0.300s] -- Up-to-date symlink: /home/cairlab/teleop-keyboard-husky-foxy-devel/install/husky_base/include/husky_base/horizon_legacy/Message_data.h
[0.301s] -- Up-to-date symlink: /home/cairlab/teleop-keyboard-husky-foxy-devel/install/husky_base/include/husky_base/horizon_legacy/Message_request.h
[0.303s] -- Up-to-date symlink: /home/cairlab/teleop-keyboard-husky-foxy-devel/install/husky_base/include/husky_base/horizon_legacy/Number.h
[0.303s] -- Up-to-date symlink: /home/cairlab/teleop-keyboard-husky-foxy-devel/install/husky_base/include/husky_base/horizon_legacy/Transport.h
[0.303s] -- Up-to-date symlink: /home/cairlab/teleop-keyboard-husky-foxy-devel/install/husky_base/include/husky_base/horizon_legacy/clearpath.h
[0.314s] -- Up-to-date symlink: /home/cairlab/teleop-keyboard-husky-foxy-devel/install/husky_base/include/husky_base/horizon_legacy/crc.h
[0.314s] -- Up-to-date symlink: /home/cairlab/teleop-keyboard-husky-foxy-devel/install/husky_base/include/husky_base/horizon_legacy/serial.h
[0.314s] -- Up-to-date symlink: /home/cairlab/teleop-keyboard-husky-foxy-devel/install/husky_base/include/husky_base/horizon_legacy_wrapper.h
[0.315s] -- Up-to-date symlink: /home/cairlab/teleop-keyboard-husky-foxy-devel/install/husky_base/include/husky_base/husky_diagnostics.h
[0.315s] -- Up-to-date symlink: /home/cairlab/teleop-keyboard-husky-foxy-devel/install/husky_base/include/husky_base/husky_hardware.hpp
[0.315s] -- Up-to-date symlink: /home/cairlab/teleop-keyboard-husky-foxy-devel/install/husky_base/include/husky_base/husky_status.hpp
[0.315s] -- Up-to-date symlink: /home/cairlab/teleop-keyboard-husky-foxy-devel/install/husky_base/share/husky_base/launch/base.launch.py
[0.315s] -- Up-to-date symlink: /home/cairlab/teleop-keyboard-husky-foxy-devel/install/husky_base/share/husky_base/environment/library_path.sh
[0.315s] -- Up-to-date symlink: /home/cairlab/teleop-keyboard-husky-foxy-devel/install/husky_base/share/husky_base/environment/library_path.dsv
[0.315s] -- Up-to-date symlink: /home/cairlab/teleop-keyboard-husky-foxy-devel/install/husky_base/share/ament_index/resource_index/package_run_dependencies/husky_base
[0.316s] -- Up-to-date symlink: /home/cairlab/teleop-keyboard-husky-foxy-devel/install/husky_base/share/ament_index/resource_index/parent_prefix_path/husky_base
[0.316s] -- Up-to-date symlink: /home/cairlab/teleop-keyboard-husky-foxy-devel/install/husky_base/share/husky_base/environment/ament_prefix_path.sh
[0.316s] -- Up-to-date symlink: /home/cairlab/teleop-keyboard-husky-foxy-devel/install/husky_base/share/husky_base/environment/ament_prefix_path.dsv
[0.316s] -- Up-to-date symlink: /home/cairlab/teleop-keyboard-husky-foxy-devel/install/husky_base/share/husky_base/environment/path.sh
[0.316s] -- Up-to-date symlink: /home/cairlab/teleop-keyboard-husky-foxy-devel/install/husky_base/share/husky_base/environment/path.dsv
[0.316s] -- Up-to-date symlink: /home/cairlab/teleop-keyboard-husky-foxy-devel/install/husky_base/share/husky_base/local_setup.bash
[0.316s] -- Up-to-date symlink: /home/cairlab/teleop-keyboard-husky-foxy-devel/install/husky_base/share/husky_base/local_setup.sh
[0.316s] -- Up-to-date symlink: /home/cairlab/teleop-keyboard-husky-foxy-devel/install/husky_base/share/husky_base/local_setup.zsh
[0.316s] -- Up-to-date symlink: /home/cairlab/teleop-keyboard-husky-foxy-devel/install/husky_base/share/husky_base/local_setup.dsv
[0.317s] -- Symlinking: /home/cairlab/teleop-keyboard-husky-foxy-devel/install/husky_base/share/husky_base/package.dsv
[0.317s] -- Up-to-date symlink: /home/cairlab/teleop-keyboard-husky-foxy-devel/install/husky_base/share/ament_index/resource_index/packages/husky_base
[0.317s] -- Up-to-date symlink: /home/cairlab/teleop-keyboard-husky-foxy-devel/install/husky_base/share/ament_index/resource_index/hardware_interface__pluginlib__plugin/husky_base
[0.317s] -- Up-to-date symlink: /home/cairlab/teleop-keyboard-husky-foxy-devel/install/husky_base/share/husky_base/cmake/ament_cmake_export_include_directories-extras.cmake
[0.317s] -- Up-to-date symlink: /home/cairlab/teleop-keyboard-husky-foxy-devel/install/husky_base/share/husky_base/cmake/ament_cmake_export_libraries-extras.cmake
[0.317s] -- Up-to-date symlink: /home/cairlab/teleop-keyboard-husky-foxy-devel/install/husky_base/share/husky_base/cmake/ament_cmake_export_dependencies-extras.cmake
[0.317s] -- Up-to-date symlink: /home/cairlab/teleop-keyboard-husky-foxy-devel/install/husky_base/share/husky_base/cmake/husky_baseConfig.cmake
[0.323s] -- Up-to-date symlink: /home/cairlab/teleop-keyboard-husky-foxy-devel/install/husky_base/share/husky_base/cmake/husky_baseConfig-version.cmake
[0.323s] -- Up-to-date symlink: /home/cairlab/teleop-keyboard-husky-foxy-devel/install/husky_base/share/husky_base/package.xml
[0.326s] Invoked command in '/home/cairlab/teleop-keyboard-husky-foxy-devel/build/husky_base' returned '0': AMENT_PREFIX_PATH=/home/cairlab/teleop-keyboard-husky-foxy-devel/install/husky_msgs:${AMENT_PREFIX_PATH} CMAKE_PREFIX_PATH=/home/cairlab/teleop-keyboard-husky-foxy-devel/install/husky_msgs:/opt/ros/foxy LD_LIBRARY_PATH=/home/cairlab/teleop-keyboard-husky-foxy-devel/install/husky_msgs/lib:${LD_LIBRARY_PATH} PYTHONPATH=/home/cairlab/teleop-keyboard-husky-foxy-devel/install/husky_msgs/lib/python3.8/site-packages:${PYTHONPATH} /usr/bin/cmake --install /home/cairlab/teleop-keyboard-husky-foxy-devel/build/husky_base
