-- The C compiler identification is GNU 9.4.0
-- The CXX compiler identification is GNU 9.4.0
-- Check for working C compiler: /usr/bin/cc
-- Check for working C compiler: /usr/bin/cc -- works
-- Detecting C compiler ABI info
-- Detecting C compiler ABI info - done
-- Detecting C compile features
-- Detecting C compile features - done
-- Check for working CXX compiler: /usr/bin/c++
-- Check for working CXX compiler: /usr/bin/c++ -- works
-- Detecting CXX compiler ABI info
-- Detecting CXX compiler ABI info - done
-- Detecting CXX compile features
-- Detecting CXX compile features - done
-- Found ament_cmake: 0.9.12 (/opt/ros/foxy/share/ament_cmake/cmake)
-- Found PythonInterp: /usr/bin/python3 (found suitable version "3.8.10", minimum required is "3") 
-- Using PYTHON_EXECUTABLE: /usr/bin/python3
-- Configuring done
-- Generating done
-- Build files have been written to: /home/cairlab/Documents/teleop-keyboard-husky-foxy-devel/src/build/husky_desktop
-- Install configuration: ""
-- Installing: /home/cairlab/Documents/teleop-keyboard-husky-foxy-devel/src/install/husky_desktop/share/ament_index/resource_index/package_run_dependencies/husky_desktop
-- Installing: /home/cairlab/Documents/teleop-keyboard-husky-foxy-devel/src/install/husky_desktop/share/ament_index/resource_index/parent_prefix_path/husky_desktop
-- Installing: /home/cairlab/Documents/teleop-keyboard-husky-foxy-devel/src/install/husky_desktop/share/husky_desktop/environment/ament_prefix_path.sh
-- Installing: /home/cairlab/Documents/teleop-keyboard-husky-foxy-devel/src/install/husky_desktop/share/husky_desktop/environment/ament_prefix_path.dsv
-- Installing: /home/cairlab/Documents/teleop-keyboard-husky-foxy-devel/src/install/husky_desktop/share/husky_desktop/environment/path.sh
-- Installing: /home/cairlab/Documents/teleop-keyboard-husky-foxy-devel/src/install/husky_desktop/share/husky_desktop/environment/path.dsv
-- Installing: /home/cairlab/Documents/teleop-keyboard-husky-foxy-devel/src/install/husky_desktop/share/husky_desktop/local_setup.bash
-- Installing: /home/cairlab/Documents/teleop-keyboard-husky-foxy-devel/src/install/husky_desktop/share/husky_desktop/local_setup.sh
-- Installing: /home/cairlab/Documents/teleop-keyboard-husky-foxy-devel/src/install/husky_desktop/share/husky_desktop/local_setup.zsh
-- Installing: /home/cairlab/Documents/teleop-keyboard-husky-foxy-devel/src/install/husky_desktop/share/husky_desktop/local_setup.dsv
-- Installing: /home/cairlab/Documents/teleop-keyboard-husky-foxy-devel/src/install/husky_desktop/share/husky_desktop/package.dsv
-- Installing: /home/cairlab/Documents/teleop-keyboard-husky-foxy-devel/src/install/husky_desktop/share/ament_index/resource_index/packages/husky_desktop
-- Installing: /home/cairlab/Documents/teleop-keyboard-husky-foxy-devel/src/install/husky_desktop/share/husky_desktop/cmake/husky_desktopConfig.cmake
-- Installing: /home/cairlab/Documents/teleop-keyboard-husky-foxy-devel/src/install/husky_desktop/share/husky_desktop/cmake/husky_desktopConfig-version.cmake
-- Installing: /home/cairlab/Documents/teleop-keyboard-husky-foxy-devel/src/install/husky_desktop/share/husky_desktop/package.xml
