[0.021s] Invoking command in '/home/cairlab/teleop-keyboard-husky-foxy-devel/build/multi_husky_gazebo': CMAKE_PREFIX_PATH=/home/cairlab/teleop-keyboard-husky-foxy-devel/install/husky_control:/home/cairlab/teleop-keyboard-husky-foxy-devel/install/husky_description:/home/cairlab/teleop-keyboard-husky-foxy-devel/install/multi_husky_gazebo:/home/cairlab/teleop-keyboard-husky-foxy-devel/install/husky_desktop:/home/cairlab/teleop-keyboard-husky-foxy-devel/install/husky_viz:/home/cairlab/teleop-keyboard-husky-foxy-devel/install/husky_simulator:/home/cairlab/teleop-keyboard-husky-foxy-devel/install/husky_robot:/home/cairlab/teleop-keyboard-husky-foxy-devel/install/husky_bringup:/home/cairlab/teleop-keyboard-husky-foxy-devel/install/husky_base:/home/cairlab/teleop-keyboard-husky-foxy-devel/install/husky_msgs:/home/cairlab/teleop-keyboard-husky-foxy-devel/install/husky_gazebo:/home/cairlab/teleop-keyboard-husky-foxy-devel/install/teleop_twist_keyboard:/opt/ros/foxy /usr/bin/cmake /home/cairlab/teleop-keyboard-husky-foxy-devel/src/multi_husky_gazebo -DAMENT_CMAKE_SYMLINK_INSTALL=1 -DCMAKE_INSTALL_PREFIX=/home/cairlab/teleop-keyboard-husky-foxy-devel/install/multi_husky_gazebo
[0.074s] -- The C compiler identification is GNU 9.4.0
[0.123s] -- The CXX compiler identification is GNU 9.4.0
[0.127s] -- Check for working C compiler: /usr/bin/cc
[0.187s] -- Check for working C compiler: /usr/bin/cc -- works
[0.187s] -- Detecting C compiler ABI info
[0.244s] -- Detecting C compiler ABI info - done
[0.253s] -- Detecting C compile features
[0.253s] -- Detecting C compile features - done
[0.255s] -- Check for working CXX compiler: /usr/bin/c++
[0.321s] -- Check for working CXX compiler: /usr/bin/c++ -- works
[0.322s] -- Detecting CXX compiler ABI info
[0.388s] -- Detecting CXX compiler ABI info - done
[0.398s] -- Detecting CXX compile features
[0.399s] -- Detecting CXX compile features - done
[0.400s] -- Found ament_cmake: 0.9.12 (/opt/ros/foxy/share/ament_cmake/cmake)
[0.425s] -- Found PythonInterp: /usr/bin/python3 (found suitable version "3.8.10", minimum required is "3") 
[0.425s] -- Using PYTHON_EXECUTABLE: /usr/bin/python3
[0.568s] -- Override CMake install command with custom implementation using symlinks instead of copying resources
[0.600s] -- Found urdf: 2.4.0 (/opt/ros/foxy/share/urdf/cmake)
[0.633s] -- Found xacro: 2.0.7 (/opt/ros/foxy/share/xacro/cmake)
[0.706s] -- Configuring done
[0.707s] -- Generating done
[0.708s] -- Build files have been written to: /home/cairlab/teleop-keyboard-husky-foxy-devel/build/multi_husky_gazebo
[0.714s] Invoked command in '/home/cairlab/teleop-keyboard-husky-foxy-devel/build/multi_husky_gazebo' returned '0': CMAKE_PREFIX_PATH=/home/cairlab/teleop-keyboard-husky-foxy-devel/install/husky_control:/home/cairlab/teleop-keyboard-husky-foxy-devel/install/husky_description:/home/cairlab/teleop-keyboard-husky-foxy-devel/install/multi_husky_gazebo:/home/cairlab/teleop-keyboard-husky-foxy-devel/install/husky_desktop:/home/cairlab/teleop-keyboard-husky-foxy-devel/install/husky_viz:/home/cairlab/teleop-keyboard-husky-foxy-devel/install/husky_simulator:/home/cairlab/teleop-keyboard-husky-foxy-devel/install/husky_robot:/home/cairlab/teleop-keyboard-husky-foxy-devel/install/husky_bringup:/home/cairlab/teleop-keyboard-husky-foxy-devel/install/husky_base:/home/cairlab/teleop-keyboard-husky-foxy-devel/install/husky_msgs:/home/cairlab/teleop-keyboard-husky-foxy-devel/install/husky_gazebo:/home/cairlab/teleop-keyboard-husky-foxy-devel/install/teleop_twist_keyboard:/opt/ros/foxy /usr/bin/cmake /home/cairlab/teleop-keyboard-husky-foxy-devel/src/multi_husky_gazebo -DAMENT_CMAKE_SYMLINK_INSTALL=1 -DCMAKE_INSTALL_PREFIX=/home/cairlab/teleop-keyboard-husky-foxy-devel/install/multi_husky_gazebo
[0.715s] Invoking command in '/home/cairlab/teleop-keyboard-husky-foxy-devel/build/multi_husky_gazebo': CMAKE_PREFIX_PATH=/home/cairlab/teleop-keyboard-husky-foxy-devel/install/husky_control:/home/cairlab/teleop-keyboard-husky-foxy-devel/install/husky_description:/home/cairlab/teleop-keyboard-husky-foxy-devel/install/multi_husky_gazebo:/home/cairlab/teleop-keyboard-husky-foxy-devel/install/husky_desktop:/home/cairlab/teleop-keyboard-husky-foxy-devel/install/husky_viz:/home/cairlab/teleop-keyboard-husky-foxy-devel/install/husky_simulator:/home/cairlab/teleop-keyboard-husky-foxy-devel/install/husky_robot:/home/cairlab/teleop-keyboard-husky-foxy-devel/install/husky_bringup:/home/cairlab/teleop-keyboard-husky-foxy-devel/install/husky_base:/home/cairlab/teleop-keyboard-husky-foxy-devel/install/husky_msgs:/home/cairlab/teleop-keyboard-husky-foxy-devel/install/husky_gazebo:/home/cairlab/teleop-keyboard-husky-foxy-devel/install/teleop_twist_keyboard:/opt/ros/foxy /usr/bin/cmake --build /home/cairlab/teleop-keyboard-husky-foxy-devel/build/multi_husky_gazebo -- -j12 -l12
[0.746s] Invoked command in '/home/cairlab/teleop-keyboard-husky-foxy-devel/build/multi_husky_gazebo' returned '0': CMAKE_PREFIX_PATH=/home/cairlab/teleop-keyboard-husky-foxy-devel/install/husky_control:/home/cairlab/teleop-keyboard-husky-foxy-devel/install/husky_description:/home/cairlab/teleop-keyboard-husky-foxy-devel/install/multi_husky_gazebo:/home/cairlab/teleop-keyboard-husky-foxy-devel/install/husky_desktop:/home/cairlab/teleop-keyboard-husky-foxy-devel/install/husky_viz:/home/cairlab/teleop-keyboard-husky-foxy-devel/install/husky_simulator:/home/cairlab/teleop-keyboard-husky-foxy-devel/install/husky_robot:/home/cairlab/teleop-keyboard-husky-foxy-devel/install/husky_bringup:/home/cairlab/teleop-keyboard-husky-foxy-devel/install/husky_base:/home/cairlab/teleop-keyboard-husky-foxy-devel/install/husky_msgs:/home/cairlab/teleop-keyboard-husky-foxy-devel/install/husky_gazebo:/home/cairlab/teleop-keyboard-husky-foxy-devel/install/teleop_twist_keyboard:/opt/ros/foxy /usr/bin/cmake --build /home/cairlab/teleop-keyboard-husky-foxy-devel/build/multi_husky_gazebo -- -j12 -l12
[0.767s] Invoking command in '/home/cairlab/teleop-keyboard-husky-foxy-devel/build/multi_husky_gazebo': CMAKE_PREFIX_PATH=/home/cairlab/teleop-keyboard-husky-foxy-devel/install/husky_control:/home/cairlab/teleop-keyboard-husky-foxy-devel/install/husky_description:/home/cairlab/teleop-keyboard-husky-foxy-devel/install/multi_husky_gazebo:/home/cairlab/teleop-keyboard-husky-foxy-devel/install/husky_desktop:/home/cairlab/teleop-keyboard-husky-foxy-devel/install/husky_viz:/home/cairlab/teleop-keyboard-husky-foxy-devel/install/husky_simulator:/home/cairlab/teleop-keyboard-husky-foxy-devel/install/husky_robot:/home/cairlab/teleop-keyboard-husky-foxy-devel/install/husky_bringup:/home/cairlab/teleop-keyboard-husky-foxy-devel/install/husky_base:/home/cairlab/teleop-keyboard-husky-foxy-devel/install/husky_msgs:/home/cairlab/teleop-keyboard-husky-foxy-devel/install/husky_gazebo:/home/cairlab/teleop-keyboard-husky-foxy-devel/install/teleop_twist_keyboard:/opt/ros/foxy /usr/bin/cmake --install /home/cairlab/teleop-keyboard-husky-foxy-devel/build/multi_husky_gazebo
[0.774s] -- Install configuration: ""
[0.774s] -- Execute custom install script
[0.775s] -- Symlinking: /home/cairlab/teleop-keyboard-husky-foxy-devel/install/multi_husky_gazebo/share/multi_husky_gazebo/launch/multi_gazebo.launch.py
[0.785s] -- Symlinking: /home/cairlab/teleop-keyboard-husky-foxy-devel/install/multi_husky_gazebo/share/multi_husky_gazebo/launch/multi_husky_playpen.launch.py
[0.793s] -- Symlinking: /home/cairlab/teleop-keyboard-husky-foxy-devel/install/multi_husky_gazebo/share/multi_husky_gazebo/launch/spawn_multi_husky.launch.py
[0.801s] -- Symlinking: /home/cairlab/teleop-keyboard-husky-foxy-devel/install/multi_husky_gazebo/share/ament_index/resource_index/package_run_dependencies/multi_husky_gazebo
[0.809s] -- Symlinking: /home/cairlab/teleop-keyboard-husky-foxy-devel/install/multi_husky_gazebo/share/ament_index/resource_index/parent_prefix_path/multi_husky_gazebo
[0.818s] -- Symlinking: /home/cairlab/teleop-keyboard-husky-foxy-devel/install/multi_husky_gazebo/share/multi_husky_gazebo/environment/ament_prefix_path.sh
[0.825s] -- Symlinking: /home/cairlab/teleop-keyboard-husky-foxy-devel/install/multi_husky_gazebo/share/multi_husky_gazebo/environment/ament_prefix_path.dsv
[0.833s] -- Symlinking: /home/cairlab/teleop-keyboard-husky-foxy-devel/install/multi_husky_gazebo/share/multi_husky_gazebo/environment/path.sh
[0.840s] -- Symlinking: /home/cairlab/teleop-keyboard-husky-foxy-devel/install/multi_husky_gazebo/share/multi_husky_gazebo/environment/path.dsv
[0.848s] -- Symlinking: /home/cairlab/teleop-keyboard-husky-foxy-devel/install/multi_husky_gazebo/share/multi_husky_gazebo/local_setup.bash
[0.855s] -- Symlinking: /home/cairlab/teleop-keyboard-husky-foxy-devel/install/multi_husky_gazebo/share/multi_husky_gazebo/local_setup.sh
[0.863s] -- Symlinking: /home/cairlab/teleop-keyboard-husky-foxy-devel/install/multi_husky_gazebo/share/multi_husky_gazebo/local_setup.zsh
[0.871s] -- Symlinking: /home/cairlab/teleop-keyboard-husky-foxy-devel/install/multi_husky_gazebo/share/multi_husky_gazebo/local_setup.dsv
[0.881s] -- Symlinking: /home/cairlab/teleop-keyboard-husky-foxy-devel/install/multi_husky_gazebo/share/multi_husky_gazebo/package.dsv
[0.888s] -- Symlinking: /home/cairlab/teleop-keyboard-husky-foxy-devel/install/multi_husky_gazebo/share/ament_index/resource_index/packages/multi_husky_gazebo
[0.896s] -- Symlinking: /home/cairlab/teleop-keyboard-husky-foxy-devel/install/multi_husky_gazebo/share/multi_husky_gazebo/cmake/multi_husky_gazeboConfig.cmake
[0.903s] -- Symlinking: /home/cairlab/teleop-keyboard-husky-foxy-devel/install/multi_husky_gazebo/share/multi_husky_gazebo/cmake/multi_husky_gazeboConfig-version.cmake
[0.911s] -- Symlinking: /home/cairlab/teleop-keyboard-husky-foxy-devel/install/multi_husky_gazebo/share/multi_husky_gazebo/package.xml
[0.921s] Invoked command in '/home/cairlab/teleop-keyboard-husky-foxy-devel/build/multi_husky_gazebo' returned '0': CMAKE_PREFIX_PATH=/home/cairlab/teleop-keyboard-husky-foxy-devel/install/husky_control:/home/cairlab/teleop-keyboard-husky-foxy-devel/install/husky_description:/home/cairlab/teleop-keyboard-husky-foxy-devel/install/multi_husky_gazebo:/home/cairlab/teleop-keyboard-husky-foxy-devel/install/husky_desktop:/home/cairlab/teleop-keyboard-husky-foxy-devel/install/husky_viz:/home/cairlab/teleop-keyboard-husky-foxy-devel/install/husky_simulator:/home/cairlab/teleop-keyboard-husky-foxy-devel/install/husky_robot:/home/cairlab/teleop-keyboard-husky-foxy-devel/install/husky_bringup:/home/cairlab/teleop-keyboard-husky-foxy-devel/install/husky_base:/home/cairlab/teleop-keyboard-husky-foxy-devel/install/husky_msgs:/home/cairlab/teleop-keyboard-husky-foxy-devel/install/husky_gazebo:/home/cairlab/teleop-keyboard-husky-foxy-devel/install/teleop_twist_keyboard:/opt/ros/foxy /usr/bin/cmake --install /home/cairlab/teleop-keyboard-husky-foxy-devel/build/multi_husky_gazebo
