[0.064s] Invoking command in '/home/cairlab/teleop-keyboard-husky-foxy-devel/build/husky_msgs': CMAKE_PREFIX_PATH=/opt/ros/foxy /usr/bin/cmake --build /home/cairlab/teleop-keyboard-husky-foxy-devel/build/husky_msgs -- -j12 -l12
[0.142s] [  3%] Built target husky_msgs__cpp
[0.142s] [ 12%] Built target husky_msgs__rosidl_generator_c
[0.173s] [ 22%] Built target husky_msgs__rosidl_typesupport_introspection_cpp
[0.173s] [ 32%] Built target husky_msgs__rosidl_typesupport_introspection_c
[0.175s] [ 41%] Built target husky_msgs__rosidl_typesupport_c
[0.176s] [ 54%] Built target husky_msgs__rosidl_typesupport_fastrtps_cpp
[0.176s] [ 61%] Built target husky_msgs__rosidl_typesupport_cpp
[0.216s] [ 70%] Built target husky_msgs__rosidl_typesupport_fastrtps_c
[0.244s] [ 70%] Built target husky_msgs
[0.271s] [ 74%] Built target husky_msgs__py
[0.310s] [ 80%] Built target husky_msgs__python
[0.352s] [100%] Built target husky_msgs__rosidl_typesupport_introspection_c__pyext
[0.352s] [100%] Built target husky_msgs__rosidl_typesupport_fastrtps_c__pyext
[0.352s] [100%] Built target husky_msgs__rosidl_typesupport_c__pyext
[0.460s] Invoked command in '/home/cairlab/teleop-keyboard-husky-foxy-devel/build/husky_msgs' returned '0': CMAKE_PREFIX_PATH=/opt/ros/foxy /usr/bin/cmake --build /home/cairlab/teleop-keyboard-husky-foxy-devel/build/husky_msgs -- -j12 -l12
[0.531s] Invoking command in '/home/cairlab/teleop-keyboard-husky-foxy-devel/build/husky_msgs': CMAKE_PREFIX_PATH=/opt/ros/foxy /usr/bin/cmake --install /home/cairlab/teleop-keyboard-husky-foxy-devel/build/husky_msgs
[0.541s] -- Install configuration: ""
[0.542s] -- Execute custom install script
[0.542s] -- Up-to-date symlink: /home/cairlab/teleop-keyboard-husky-foxy-devel/install/husky_msgs/share/ament_index/resource_index/rosidl_interfaces/husky_msgs
[0.543s] -- Up-to-date symlink: /home/cairlab/teleop-keyboard-husky-foxy-devel/install/husky_msgs/include/husky_msgs/msg/detail/husky_status__functions.h
[0.543s] -- Up-to-date symlink: /home/cairlab/teleop-keyboard-husky-foxy-devel/install/husky_msgs/include/husky_msgs/msg/detail/husky_status__struct.h
[0.543s] -- Up-to-date symlink: /home/cairlab/teleop-keyboard-husky-foxy-devel/install/husky_msgs/include/husky_msgs/msg/detail/husky_status__type_support.h
[0.543s] -- Up-to-date symlink: /home/cairlab/teleop-keyboard-husky-foxy-devel/install/husky_msgs/include/husky_msgs/msg/husky_status.h
[0.544s] -- Up-to-date symlink: /home/cairlab/teleop-keyboard-husky-foxy-devel/install/husky_msgs/include/husky_msgs/msg/rosidl_generator_c__visibility_control.h
[0.544s] -- Up-to-date symlink: /home/cairlab/teleop-keyboard-husky-foxy-devel/install/husky_msgs/share/husky_msgs/environment/library_path.sh
[0.544s] -- Up-to-date symlink: /home/cairlab/teleop-keyboard-husky-foxy-devel/install/husky_msgs/share/husky_msgs/environment/library_path.dsv
[0.545s] -- Up-to-date symlink: /home/cairlab/teleop-keyboard-husky-foxy-devel/install/husky_msgs/include/husky_msgs/msg/detail/husky_status__rosidl_typesupport_fastrtps_c.h
[0.545s] -- Up-to-date symlink: /home/cairlab/teleop-keyboard-husky-foxy-devel/install/husky_msgs/include/husky_msgs/msg/rosidl_typesupport_fastrtps_c__visibility_control.h
[0.546s] -- Up-to-date symlink: /home/cairlab/teleop-keyboard-husky-foxy-devel/install/husky_msgs/lib/libhusky_msgs__rosidl_typesupport_fastrtps_c.so
[0.547s] -- Up-to-date symlink: /home/cairlab/teleop-keyboard-husky-foxy-devel/install/husky_msgs/include/husky_msgs/msg/detail/husky_status__rosidl_typesupport_fastrtps_cpp.hpp
[0.548s] -- Up-to-date symlink: /home/cairlab/teleop-keyboard-husky-foxy-devel/install/husky_msgs/include/husky_msgs/msg/rosidl_typesupport_fastrtps_cpp__visibility_control.h
[0.548s] -- Up-to-date symlink: /home/cairlab/teleop-keyboard-husky-foxy-devel/install/husky_msgs/lib/libhusky_msgs__rosidl_typesupport_fastrtps_cpp.so
[0.549s] -- Up-to-date symlink: /home/cairlab/teleop-keyboard-husky-foxy-devel/install/husky_msgs/include/husky_msgs/msg/detail/husky_status__rosidl_typesupport_introspection_c.h
[0.550s] -- Up-to-date symlink: /home/cairlab/teleop-keyboard-husky-foxy-devel/install/husky_msgs/include/husky_msgs/msg/rosidl_typesupport_introspection_c__visibility_control.h
[0.552s] -- Up-to-date symlink: /home/cairlab/teleop-keyboard-husky-foxy-devel/install/husky_msgs/include/husky_msgs/msg/detail/husky_status__builder.hpp
[0.553s] -- Up-to-date symlink: /home/cairlab/teleop-keyboard-husky-foxy-devel/install/husky_msgs/include/husky_msgs/msg/detail/husky_status__struct.hpp
[0.553s] -- Up-to-date symlink: /home/cairlab/teleop-keyboard-husky-foxy-devel/install/husky_msgs/include/husky_msgs/msg/detail/husky_status__traits.hpp
[0.553s] -- Up-to-date symlink: /home/cairlab/teleop-keyboard-husky-foxy-devel/install/husky_msgs/include/husky_msgs/msg/detail/husky_status__type_support.hpp
[0.553s] -- Up-to-date symlink: /home/cairlab/teleop-keyboard-husky-foxy-devel/install/husky_msgs/include/husky_msgs/msg/husky_status.hpp
[0.553s] -- Up-to-date symlink: /home/cairlab/teleop-keyboard-husky-foxy-devel/install/husky_msgs/include/husky_msgs/msg/rosidl_generator_cpp__visibility_control.hpp
[0.554s] -- Up-to-date symlink: /home/cairlab/teleop-keyboard-husky-foxy-devel/install/husky_msgs/include/husky_msgs/msg/detail/husky_status__rosidl_typesupport_introspection_cpp.hpp
[0.555s] -- Up-to-date symlink: /home/cairlab/teleop-keyboard-husky-foxy-devel/install/husky_msgs/share/husky_msgs/environment/pythonpath.sh
[0.556s] -- Up-to-date symlink: /home/cairlab/teleop-keyboard-husky-foxy-devel/install/husky_msgs/share/husky_msgs/environment/pythonpath.dsv
[0.556s] -- Up-to-date symlink: /home/cairlab/teleop-keyboard-husky-foxy-devel/install/husky_msgs/lib/python3.8/site-packages/husky_msgs/__init__.py
[0.557s] -- Up-to-date symlink: /home/cairlab/teleop-keyboard-husky-foxy-devel/install/husky_msgs/lib/python3.8/site-packages/husky_msgs/msg/__init__.py
[0.557s] -- Up-to-date symlink: /home/cairlab/teleop-keyboard-husky-foxy-devel/install/husky_msgs/lib/python3.8/site-packages/husky_msgs/msg/_husky_status.py
[0.557s] -- Up-to-date symlink: /home/cairlab/teleop-keyboard-husky-foxy-devel/install/husky_msgs/lib/python3.8/site-packages/husky_msgs/husky_msgs_s__rosidl_typesupport_fastrtps_c.cpython-38-x86_64-linux-gnu.so
[0.558s] -- Up-to-date symlink: /home/cairlab/teleop-keyboard-husky-foxy-devel/install/husky_msgs/lib/python3.8/site-packages/husky_msgs/husky_msgs_s__rosidl_typesupport_introspection_c.cpython-38-x86_64-linux-gnu.so
[0.559s] -- Up-to-date symlink: /home/cairlab/teleop-keyboard-husky-foxy-devel/install/husky_msgs/lib/python3.8/site-packages/husky_msgs/husky_msgs_s__rosidl_typesupport_c.cpython-38-x86_64-linux-gnu.so
[0.559s] -- Up-to-date symlink: /home/cairlab/teleop-keyboard-husky-foxy-devel/install/husky_msgs/lib/libhusky_msgs__python.so
[0.559s] -- Up-to-date symlink: /home/cairlab/teleop-keyboard-husky-foxy-devel/install/husky_msgs/share/husky_msgs/msg/HuskyStatus.idl
[0.560s] -- Up-to-date symlink: /home/cairlab/teleop-keyboard-husky-foxy-devel/install/husky_msgs/share/husky_msgs/msg/HuskyStatus.msg
[0.563s] -- Up-to-date symlink: /home/cairlab/teleop-keyboard-husky-foxy-devel/install/husky_msgs/share/ament_index/resource_index/package_run_dependencies/husky_msgs
[0.564s] -- Up-to-date symlink: /home/cairlab/teleop-keyboard-husky-foxy-devel/install/husky_msgs/share/ament_index/resource_index/parent_prefix_path/husky_msgs
[0.564s] -- Up-to-date symlink: /home/cairlab/teleop-keyboard-husky-foxy-devel/install/husky_msgs/share/husky_msgs/environment/ament_prefix_path.sh
[0.564s] -- Up-to-date symlink: /home/cairlab/teleop-keyboard-husky-foxy-devel/install/husky_msgs/share/husky_msgs/environment/ament_prefix_path.dsv
[0.564s] -- Up-to-date symlink: /home/cairlab/teleop-keyboard-husky-foxy-devel/install/husky_msgs/share/husky_msgs/environment/path.sh
[0.564s] -- Up-to-date symlink: /home/cairlab/teleop-keyboard-husky-foxy-devel/install/husky_msgs/share/husky_msgs/environment/path.dsv
[0.565s] -- Up-to-date symlink: /home/cairlab/teleop-keyboard-husky-foxy-devel/install/husky_msgs/share/husky_msgs/local_setup.bash
[0.565s] -- Up-to-date symlink: /home/cairlab/teleop-keyboard-husky-foxy-devel/install/husky_msgs/share/husky_msgs/local_setup.sh
[0.567s] -- Up-to-date symlink: /home/cairlab/teleop-keyboard-husky-foxy-devel/install/husky_msgs/share/husky_msgs/local_setup.zsh
[0.567s] -- Up-to-date symlink: /home/cairlab/teleop-keyboard-husky-foxy-devel/install/husky_msgs/share/husky_msgs/local_setup.dsv
[0.567s] -- Symlinking: /home/cairlab/teleop-keyboard-husky-foxy-devel/install/husky_msgs/share/husky_msgs/package.dsv
[0.577s] -- Up-to-date symlink: /home/cairlab/teleop-keyboard-husky-foxy-devel/install/husky_msgs/share/ament_index/resource_index/packages/husky_msgs
[0.577s] -- Up-to-date symlink: /home/cairlab/teleop-keyboard-husky-foxy-devel/install/husky_msgs/share/husky_msgs/cmake/rosidl_cmake-extras.cmake
[0.578s] -- Up-to-date symlink: /home/cairlab/teleop-keyboard-husky-foxy-devel/install/husky_msgs/share/husky_msgs/cmake/ament_cmake_export_dependencies-extras.cmake
[0.582s] -- Up-to-date symlink: /home/cairlab/teleop-keyboard-husky-foxy-devel/install/husky_msgs/share/husky_msgs/cmake/ament_cmake_export_libraries-extras.cmake
[0.583s] -- Up-to-date symlink: /home/cairlab/teleop-keyboard-husky-foxy-devel/install/husky_msgs/share/husky_msgs/cmake/ament_cmake_export_targets-extras.cmake
[0.584s] -- Up-to-date symlink: /home/cairlab/teleop-keyboard-husky-foxy-devel/install/husky_msgs/share/husky_msgs/cmake/ament_cmake_export_include_directories-extras.cmake
[0.584s] -- Up-to-date symlink: /home/cairlab/teleop-keyboard-husky-foxy-devel/install/husky_msgs/share/husky_msgs/cmake/rosidl_cmake_export_typesupport_libraries-extras.cmake
[0.584s] -- Up-to-date symlink: /home/cairlab/teleop-keyboard-husky-foxy-devel/install/husky_msgs/share/husky_msgs/cmake/rosidl_cmake_export_typesupport_targets-extras.cmake
[0.584s] -- Up-to-date symlink: /home/cairlab/teleop-keyboard-husky-foxy-devel/install/husky_msgs/share/husky_msgs/cmake/husky_msgsConfig.cmake
[0.584s] -- Up-to-date symlink: /home/cairlab/teleop-keyboard-husky-foxy-devel/install/husky_msgs/share/husky_msgs/cmake/husky_msgsConfig-version.cmake
[0.584s] -- Up-to-date symlink: /home/cairlab/teleop-keyboard-husky-foxy-devel/install/husky_msgs/share/husky_msgs/package.xml
[0.584s] -- Up-to-date: /home/cairlab/teleop-keyboard-husky-foxy-devel/install/husky_msgs/lib/libhusky_msgs__rosidl_generator_c.so
[0.584s] -- Up-to-date: /home/cairlab/teleop-keyboard-husky-foxy-devel/install/husky_msgs/lib/libhusky_msgs__rosidl_typesupport_introspection_c.so
[0.585s] -- Up-to-date: /home/cairlab/teleop-keyboard-husky-foxy-devel/install/husky_msgs/lib/libhusky_msgs__rosidl_typesupport_c.so
[0.585s] -- Up-to-date: /home/cairlab/teleop-keyboard-husky-foxy-devel/install/husky_msgs/lib/libhusky_msgs__rosidl_typesupport_introspection_cpp.so
[0.585s] -- Up-to-date: /home/cairlab/teleop-keyboard-husky-foxy-devel/install/husky_msgs/lib/libhusky_msgs__rosidl_typesupport_cpp.so
[0.625s] -- Up-to-date: /home/cairlab/teleop-keyboard-husky-foxy-devel/install/husky_msgs/share/husky_msgs/cmake/husky_msgs__rosidl_generator_cExport.cmake
[0.625s] -- Up-to-date: /home/cairlab/teleop-keyboard-husky-foxy-devel/install/husky_msgs/share/husky_msgs/cmake/husky_msgs__rosidl_generator_cExport-noconfig.cmake
[0.625s] -- Up-to-date: /home/cairlab/teleop-keyboard-husky-foxy-devel/install/husky_msgs/share/husky_msgs/cmake/husky_msgs__rosidl_typesupport_introspection_cExport.cmake
[0.625s] -- Up-to-date: /home/cairlab/teleop-keyboard-husky-foxy-devel/install/husky_msgs/share/husky_msgs/cmake/husky_msgs__rosidl_typesupport_introspection_cExport-noconfig.cmake
[0.626s] -- Up-to-date: /home/cairlab/teleop-keyboard-husky-foxy-devel/install/husky_msgs/share/husky_msgs/cmake/husky_msgs__rosidl_typesupport_cExport.cmake
[0.626s] -- Up-to-date: /home/cairlab/teleop-keyboard-husky-foxy-devel/install/husky_msgs/share/husky_msgs/cmake/husky_msgs__rosidl_typesupport_cExport-noconfig.cmake
[0.626s] -- Up-to-date: /home/cairlab/teleop-keyboard-husky-foxy-devel/install/husky_msgs/share/husky_msgs/cmake/husky_msgs__rosidl_generator_cppExport.cmake
[0.626s] -- Up-to-date: /home/cairlab/teleop-keyboard-husky-foxy-devel/install/husky_msgs/share/husky_msgs/cmake/husky_msgs__rosidl_typesupport_introspection_cppExport.cmake
[0.626s] -- Up-to-date: /home/cairlab/teleop-keyboard-husky-foxy-devel/install/husky_msgs/share/husky_msgs/cmake/husky_msgs__rosidl_typesupport_introspection_cppExport-noconfig.cmake
[0.626s] -- Up-to-date: /home/cairlab/teleop-keyboard-husky-foxy-devel/install/husky_msgs/share/husky_msgs/cmake/husky_msgs__rosidl_typesupport_cppExport.cmake
[0.627s] -- Up-to-date: /home/cairlab/teleop-keyboard-husky-foxy-devel/install/husky_msgs/share/husky_msgs/cmake/husky_msgs__rosidl_typesupport_cppExport-noconfig.cmake
[0.643s] Invoked command in '/home/cairlab/teleop-keyboard-husky-foxy-devel/build/husky_msgs' returned '0': CMAKE_PREFIX_PATH=/opt/ros/foxy /usr/bin/cmake --install /home/cairlab/teleop-keyboard-husky-foxy-devel/build/husky_msgs
