[0.090s] Invoking command in '/home/cairlab/teleop-keyboard-husky-foxy-devel/build/husky_gazebo': AMENT_PREFIX_PATH=/home/cairlab/teleop-keyboard-husky-foxy-devel/install/husky_control:/home/cairlab/teleop-keyboard-husky-foxy-devel/install/husky_description:${AMENT_PREFIX_PATH} CMAKE_PREFIX_PATH=/home/cairlab/teleop-keyboard-husky-foxy-devel/install/husky_control:/home/cairlab/teleop-keyboard-husky-foxy-devel/install/husky_description:/opt/ros/foxy /usr/bin/cmake --build /home/cairlab/teleop-keyboard-husky-foxy-devel/build/husky_gazebo -- -j12 -l12
[0.277s] Invoked command in '/home/cairlab/teleop-keyboard-husky-foxy-devel/build/husky_gazebo' returned '0': AMENT_PREFIX_PATH=/home/cairlab/teleop-keyboard-husky-foxy-devel/install/husky_control:/home/cairlab/teleop-keyboard-husky-foxy-devel/install/husky_description:${AMENT_PREFIX_PATH} CMAKE_PREFIX_PATH=/home/cairlab/teleop-keyboard-husky-foxy-devel/install/husky_control:/home/cairlab/teleop-keyboard-husky-foxy-devel/install/husky_description:/opt/ros/foxy /usr/bin/cmake --build /home/cairlab/teleop-keyboard-husky-foxy-devel/build/husky_gazebo -- -j12 -l12
[0.343s] Invoking command in '/home/cairlab/teleop-keyboard-husky-foxy-devel/build/husky_gazebo': AMENT_PREFIX_PATH=/home/cairlab/teleop-keyboard-husky-foxy-devel/install/husky_control:/home/cairlab/teleop-keyboard-husky-foxy-devel/install/husky_description:${AMENT_PREFIX_PATH} CMAKE_PREFIX_PATH=/home/cairlab/teleop-keyboard-husky-foxy-devel/install/husky_control:/home/cairlab/teleop-keyboard-husky-foxy-devel/install/husky_description:/opt/ros/foxy /usr/bin/cmake --install /home/cairlab/teleop-keyboard-husky-foxy-devel/build/husky_gazebo
[0.356s] -- Install configuration: ""
[0.357s] -- Execute custom install script
[0.357s] -- Up-to-date symlink: /home/cairlab/teleop-keyboard-husky-foxy-devel/install/husky_gazebo/share/husky_gazebo/launch/gazebo.launch.py
[0.357s] -- Up-to-date symlink: /home/cairlab/teleop-keyboard-husky-foxy-devel/install/husky_gazebo/share/husky_gazebo/launch/husky_empty_world.launch
[0.357s] -- Up-to-date symlink: /home/cairlab/teleop-keyboard-husky-foxy-devel/install/husky_gazebo/share/husky_gazebo/launch/husky_playpen.launch
[0.357s] -- Up-to-date symlink: /home/cairlab/teleop-keyboard-husky-foxy-devel/install/husky_gazebo/share/husky_gazebo/launch/husky_playpen.launch.py
[0.357s] -- Up-to-date symlink: /home/cairlab/teleop-keyboard-husky-foxy-devel/install/husky_gazebo/share/husky_gazebo/launch/multi_husky_playpen.launch
[0.358s] -- Up-to-date symlink: /home/cairlab/teleop-keyboard-husky-foxy-devel/install/husky_gazebo/share/husky_gazebo/launch/playpen.launch
[0.358s] -- Up-to-date symlink: /home/cairlab/teleop-keyboard-husky-foxy-devel/install/husky_gazebo/share/husky_gazebo/launch/realsense.launch
[0.358s] -- Up-to-date symlink: /home/cairlab/teleop-keyboard-husky-foxy-devel/install/husky_gazebo/share/husky_gazebo/launch/spawn_husky.launch
[0.358s] -- Up-to-date symlink: /home/cairlab/teleop-keyboard-husky-foxy-devel/install/husky_gazebo/share/husky_gazebo/worlds/clearpath_playpen.world
[0.358s] -- Up-to-date symlink: /home/cairlab/teleop-keyboard-husky-foxy-devel/install/husky_gazebo/share/ament_index/resource_index/package_run_dependencies/husky_gazebo
[0.358s] -- Up-to-date symlink: /home/cairlab/teleop-keyboard-husky-foxy-devel/install/husky_gazebo/share/ament_index/resource_index/parent_prefix_path/husky_gazebo
[0.358s] -- Up-to-date symlink: /home/cairlab/teleop-keyboard-husky-foxy-devel/install/husky_gazebo/share/husky_gazebo/environment/ament_prefix_path.sh
[0.358s] -- Up-to-date symlink: /home/cairlab/teleop-keyboard-husky-foxy-devel/install/husky_gazebo/share/husky_gazebo/environment/ament_prefix_path.dsv
[0.358s] -- Up-to-date symlink: /home/cairlab/teleop-keyboard-husky-foxy-devel/install/husky_gazebo/share/husky_gazebo/environment/path.sh
[0.359s] -- Up-to-date symlink: /home/cairlab/teleop-keyboard-husky-foxy-devel/install/husky_gazebo/share/husky_gazebo/environment/path.dsv
[0.359s] -- Up-to-date symlink: /home/cairlab/teleop-keyboard-husky-foxy-devel/install/husky_gazebo/share/husky_gazebo/local_setup.bash
[0.359s] -- Up-to-date symlink: /home/cairlab/teleop-keyboard-husky-foxy-devel/install/husky_gazebo/share/husky_gazebo/local_setup.sh
[0.359s] -- Up-to-date symlink: /home/cairlab/teleop-keyboard-husky-foxy-devel/install/husky_gazebo/share/husky_gazebo/local_setup.zsh
[0.359s] -- Up-to-date symlink: /home/cairlab/teleop-keyboard-husky-foxy-devel/install/husky_gazebo/share/husky_gazebo/local_setup.dsv
[0.359s] -- Symlinking: /home/cairlab/teleop-keyboard-husky-foxy-devel/install/husky_gazebo/share/husky_gazebo/package.dsv
[0.377s] -- Up-to-date symlink: /home/cairlab/teleop-keyboard-husky-foxy-devel/install/husky_gazebo/share/ament_index/resource_index/packages/husky_gazebo
[0.377s] -- Up-to-date symlink: /home/cairlab/teleop-keyboard-husky-foxy-devel/install/husky_gazebo/share/husky_gazebo/cmake/husky_gazeboConfig.cmake
[0.377s] -- Up-to-date symlink: /home/cairlab/teleop-keyboard-husky-foxy-devel/install/husky_gazebo/share/husky_gazebo/cmake/husky_gazeboConfig-version.cmake
[0.378s] -- Up-to-date symlink: /home/cairlab/teleop-keyboard-husky-foxy-devel/install/husky_gazebo/share/husky_gazebo/package.xml
[0.396s] Invoked command in '/home/cairlab/teleop-keyboard-husky-foxy-devel/build/husky_gazebo' returned '0': AMENT_PREFIX_PATH=/home/cairlab/teleop-keyboard-husky-foxy-devel/install/husky_control:/home/cairlab/teleop-keyboard-husky-foxy-devel/install/husky_description:${AMENT_PREFIX_PATH} CMAKE_PREFIX_PATH=/home/cairlab/teleop-keyboard-husky-foxy-devel/install/husky_control:/home/cairlab/teleop-keyboard-husky-foxy-devel/install/husky_description:/opt/ros/foxy /usr/bin/cmake --install /home/cairlab/teleop-keyboard-husky-foxy-devel/build/husky_gazebo
