[0.021s] Invoking command in '/home/cairlab/teleop-keyboard-husky-foxy-devel/build/husky_robot': CMAKE_PREFIX_PATH=/home/cairlab/teleop-keyboard-husky-foxy-devel/install/husky_bringup:/home/cairlab/teleop-keyboard-husky-foxy-devel/install/husky_control:/home/cairlab/teleop-keyboard-husky-foxy-devel/install/husky_base:/home/cairlab/teleop-keyboard-husky-foxy-devel/install/husky_msgs:/home/cairlab/teleop-keyboard-husky-foxy-devel/install/husky_description:/home/cairlab/teleop-keyboard-husky-foxy-devel/install/multi_husky_gazebo:/home/cairlab/teleop-keyboard-husky-foxy-devel/install/husky_desktop:/home/cairlab/teleop-keyboard-husky-foxy-devel/install/husky_viz:/home/cairlab/teleop-keyboard-husky-foxy-devel/install/husky_simulator:/home/cairlab/teleop-keyboard-husky-foxy-devel/install/husky_robot:/home/cairlab/teleop-keyboard-husky-foxy-devel/install/husky_gazebo:/home/cairlab/teleop-keyboard-husky-foxy-devel/install/teleop_twist_keyboard:/opt/ros/foxy PYTHONPATH=/home/cairlab/teleop-keyboard-husky-foxy-devel/install/husky_msgs/lib/python3.8/site-packages:/home/cairlab/teleop-keyboard-husky-foxy-devel/build/teleop_twist_keyboard:/home/cairlab/teleop-keyboard-husky-foxy-devel/install/teleop_twist_keyboard/lib/python3.8/site-packages:/opt/ros/foxy/lib/python3.8/site-packages /usr/bin/cmake /home/cairlab/teleop-keyboard-husky-foxy-devel/src/husky_robot -DAMENT_CMAKE_SYMLINK_INSTALL=1 -DCMAKE_INSTALL_PREFIX=/home/cairlab/teleop-keyboard-husky-foxy-devel/install/husky_robot
[0.067s] -- The C compiler identification is GNU 9.4.0
[0.116s] -- The CXX compiler identification is GNU 9.4.0
[0.121s] -- Check for working C compiler: /usr/bin/cc
[0.186s] -- Check for working C compiler: /usr/bin/cc -- works
[0.186s] -- Detecting C compiler ABI info
[0.252s] -- Detecting C compiler ABI info - done
[0.264s] -- Detecting C compile features
[0.264s] -- Detecting C compile features - done
[0.266s] -- Check for working CXX compiler: /usr/bin/c++
[0.340s] -- Check for working CXX compiler: /usr/bin/c++ -- works
[0.341s] -- Detecting CXX compiler ABI info
[0.405s] -- Detecting CXX compiler ABI info - done
[0.415s] -- Detecting CXX compile features
[0.415s] -- Detecting CXX compile features - done
[0.418s] -- Found ament_cmake: 0.9.12 (/opt/ros/foxy/share/ament_cmake/cmake)
[0.443s] -- Found PythonInterp: /usr/bin/python3 (found suitable version "3.8.10", minimum required is "3") 
[0.444s] -- Using PYTHON_EXECUTABLE: /usr/bin/python3
[0.577s] -- Override CMake install command with custom implementation using symlinks instead of copying resources
[0.667s] -- Configuring done
[0.668s] -- Generating done
[0.669s] -- Build files have been written to: /home/cairlab/teleop-keyboard-husky-foxy-devel/build/husky_robot
[0.673s] Invoked command in '/home/cairlab/teleop-keyboard-husky-foxy-devel/build/husky_robot' returned '0': CMAKE_PREFIX_PATH=/home/cairlab/teleop-keyboard-husky-foxy-devel/install/husky_bringup:/home/cairlab/teleop-keyboard-husky-foxy-devel/install/husky_control:/home/cairlab/teleop-keyboard-husky-foxy-devel/install/husky_base:/home/cairlab/teleop-keyboard-husky-foxy-devel/install/husky_msgs:/home/cairlab/teleop-keyboard-husky-foxy-devel/install/husky_description:/home/cairlab/teleop-keyboard-husky-foxy-devel/install/multi_husky_gazebo:/home/cairlab/teleop-keyboard-husky-foxy-devel/install/husky_desktop:/home/cairlab/teleop-keyboard-husky-foxy-devel/install/husky_viz:/home/cairlab/teleop-keyboard-husky-foxy-devel/install/husky_simulator:/home/cairlab/teleop-keyboard-husky-foxy-devel/install/husky_robot:/home/cairlab/teleop-keyboard-husky-foxy-devel/install/husky_gazebo:/home/cairlab/teleop-keyboard-husky-foxy-devel/install/teleop_twist_keyboard:/opt/ros/foxy PYTHONPATH=/home/cairlab/teleop-keyboard-husky-foxy-devel/install/husky_msgs/lib/python3.8/site-packages:/home/cairlab/teleop-keyboard-husky-foxy-devel/build/teleop_twist_keyboard:/home/cairlab/teleop-keyboard-husky-foxy-devel/install/teleop_twist_keyboard/lib/python3.8/site-packages:/opt/ros/foxy/lib/python3.8/site-packages /usr/bin/cmake /home/cairlab/teleop-keyboard-husky-foxy-devel/src/husky_robot -DAMENT_CMAKE_SYMLINK_INSTALL=1 -DCMAKE_INSTALL_PREFIX=/home/cairlab/teleop-keyboard-husky-foxy-devel/install/husky_robot
[0.674s] Invoking command in '/home/cairlab/teleop-keyboard-husky-foxy-devel/build/husky_robot': CMAKE_PREFIX_PATH=/home/cairlab/teleop-keyboard-husky-foxy-devel/install/husky_bringup:/home/cairlab/teleop-keyboard-husky-foxy-devel/install/husky_control:/home/cairlab/teleop-keyboard-husky-foxy-devel/install/husky_base:/home/cairlab/teleop-keyboard-husky-foxy-devel/install/husky_msgs:/home/cairlab/teleop-keyboard-husky-foxy-devel/install/husky_description:/home/cairlab/teleop-keyboard-husky-foxy-devel/install/multi_husky_gazebo:/home/cairlab/teleop-keyboard-husky-foxy-devel/install/husky_desktop:/home/cairlab/teleop-keyboard-husky-foxy-devel/install/husky_viz:/home/cairlab/teleop-keyboard-husky-foxy-devel/install/husky_simulator:/home/cairlab/teleop-keyboard-husky-foxy-devel/install/husky_robot:/home/cairlab/teleop-keyboard-husky-foxy-devel/install/husky_gazebo:/home/cairlab/teleop-keyboard-husky-foxy-devel/install/teleop_twist_keyboard:/opt/ros/foxy PYTHONPATH=/home/cairlab/teleop-keyboard-husky-foxy-devel/install/husky_msgs/lib/python3.8/site-packages:/home/cairlab/teleop-keyboard-husky-foxy-devel/build/teleop_twist_keyboard:/home/cairlab/teleop-keyboard-husky-foxy-devel/install/teleop_twist_keyboard/lib/python3.8/site-packages:/opt/ros/foxy/lib/python3.8/site-packages /usr/bin/cmake --build /home/cairlab/teleop-keyboard-husky-foxy-devel/build/husky_robot -- -j12 -l12
[0.705s] Invoked command in '/home/cairlab/teleop-keyboard-husky-foxy-devel/build/husky_robot' returned '0': CMAKE_PREFIX_PATH=/home/cairlab/teleop-keyboard-husky-foxy-devel/install/husky_bringup:/home/cairlab/teleop-keyboard-husky-foxy-devel/install/husky_control:/home/cairlab/teleop-keyboard-husky-foxy-devel/install/husky_base:/home/cairlab/teleop-keyboard-husky-foxy-devel/install/husky_msgs:/home/cairlab/teleop-keyboard-husky-foxy-devel/install/husky_description:/home/cairlab/teleop-keyboard-husky-foxy-devel/install/multi_husky_gazebo:/home/cairlab/teleop-keyboard-husky-foxy-devel/install/husky_desktop:/home/cairlab/teleop-keyboard-husky-foxy-devel/install/husky_viz:/home/cairlab/teleop-keyboard-husky-foxy-devel/install/husky_simulator:/home/cairlab/teleop-keyboard-husky-foxy-devel/install/husky_robot:/home/cairlab/teleop-keyboard-husky-foxy-devel/install/husky_gazebo:/home/cairlab/teleop-keyboard-husky-foxy-devel/install/teleop_twist_keyboard:/opt/ros/foxy PYTHONPATH=/home/cairlab/teleop-keyboard-husky-foxy-devel/install/husky_msgs/lib/python3.8/site-packages:/home/cairlab/teleop-keyboard-husky-foxy-devel/build/teleop_twist_keyboard:/home/cairlab/teleop-keyboard-husky-foxy-devel/install/teleop_twist_keyboard/lib/python3.8/site-packages:/opt/ros/foxy/lib/python3.8/site-packages /usr/bin/cmake --build /home/cairlab/teleop-keyboard-husky-foxy-devel/build/husky_robot -- -j12 -l12
[0.724s] Invoking command in '/home/cairlab/teleop-keyboard-husky-foxy-devel/build/husky_robot': CMAKE_PREFIX_PATH=/home/cairlab/teleop-keyboard-husky-foxy-devel/install/husky_bringup:/home/cairlab/teleop-keyboard-husky-foxy-devel/install/husky_control:/home/cairlab/teleop-keyboard-husky-foxy-devel/install/husky_base:/home/cairlab/teleop-keyboard-husky-foxy-devel/install/husky_msgs:/home/cairlab/teleop-keyboard-husky-foxy-devel/install/husky_description:/home/cairlab/teleop-keyboard-husky-foxy-devel/install/multi_husky_gazebo:/home/cairlab/teleop-keyboard-husky-foxy-devel/install/husky_desktop:/home/cairlab/teleop-keyboard-husky-foxy-devel/install/husky_viz:/home/cairlab/teleop-keyboard-husky-foxy-devel/install/husky_simulator:/home/cairlab/teleop-keyboard-husky-foxy-devel/install/husky_robot:/home/cairlab/teleop-keyboard-husky-foxy-devel/install/husky_gazebo:/home/cairlab/teleop-keyboard-husky-foxy-devel/install/teleop_twist_keyboard:/opt/ros/foxy PYTHONPATH=/home/cairlab/teleop-keyboard-husky-foxy-devel/install/husky_msgs/lib/python3.8/site-packages:/home/cairlab/teleop-keyboard-husky-foxy-devel/build/teleop_twist_keyboard:/home/cairlab/teleop-keyboard-husky-foxy-devel/install/teleop_twist_keyboard/lib/python3.8/site-packages:/opt/ros/foxy/lib/python3.8/site-packages /usr/bin/cmake --install /home/cairlab/teleop-keyboard-husky-foxy-devel/build/husky_robot
[0.732s] -- Install configuration: ""
[0.733s] -- Execute custom install script
[0.733s] -- Symlinking: /home/cairlab/teleop-keyboard-husky-foxy-devel/install/husky_robot/share/ament_index/resource_index/package_run_dependencies/husky_robot
[0.742s] -- Symlinking: /home/cairlab/teleop-keyboard-husky-foxy-devel/install/husky_robot/share/ament_index/resource_index/parent_prefix_path/husky_robot
[0.749s] -- Symlinking: /home/cairlab/teleop-keyboard-husky-foxy-devel/install/husky_robot/share/husky_robot/environment/ament_prefix_path.sh
[0.756s] -- Symlinking: /home/cairlab/teleop-keyboard-husky-foxy-devel/install/husky_robot/share/husky_robot/environment/ament_prefix_path.dsv
[0.764s] -- Symlinking: /home/cairlab/teleop-keyboard-husky-foxy-devel/install/husky_robot/share/husky_robot/environment/path.sh
[0.771s] -- Symlinking: /home/cairlab/teleop-keyboard-husky-foxy-devel/install/husky_robot/share/husky_robot/environment/path.dsv
[0.778s] -- Symlinking: /home/cairlab/teleop-keyboard-husky-foxy-devel/install/husky_robot/share/husky_robot/local_setup.bash
[0.785s] -- Symlinking: /home/cairlab/teleop-keyboard-husky-foxy-devel/install/husky_robot/share/husky_robot/local_setup.sh
[0.792s] -- Symlinking: /home/cairlab/teleop-keyboard-husky-foxy-devel/install/husky_robot/share/husky_robot/local_setup.zsh
[0.800s] -- Symlinking: /home/cairlab/teleop-keyboard-husky-foxy-devel/install/husky_robot/share/husky_robot/local_setup.dsv
[0.807s] -- Symlinking: /home/cairlab/teleop-keyboard-husky-foxy-devel/install/husky_robot/share/husky_robot/package.dsv
[0.814s] -- Symlinking: /home/cairlab/teleop-keyboard-husky-foxy-devel/install/husky_robot/share/ament_index/resource_index/packages/husky_robot
[0.821s] -- Symlinking: /home/cairlab/teleop-keyboard-husky-foxy-devel/install/husky_robot/share/husky_robot/cmake/husky_robotConfig.cmake
[0.828s] -- Symlinking: /home/cairlab/teleop-keyboard-husky-foxy-devel/install/husky_robot/share/husky_robot/cmake/husky_robotConfig-version.cmake
[0.838s] -- Symlinking: /home/cairlab/teleop-keyboard-husky-foxy-devel/install/husky_robot/share/husky_robot/package.xml
[0.852s] Invoked command in '/home/cairlab/teleop-keyboard-husky-foxy-devel/build/husky_robot' returned '0': CMAKE_PREFIX_PATH=/home/cairlab/teleop-keyboard-husky-foxy-devel/install/husky_bringup:/home/cairlab/teleop-keyboard-husky-foxy-devel/install/husky_control:/home/cairlab/teleop-keyboard-husky-foxy-devel/install/husky_base:/home/cairlab/teleop-keyboard-husky-foxy-devel/install/husky_msgs:/home/cairlab/teleop-keyboard-husky-foxy-devel/install/husky_description:/home/cairlab/teleop-keyboard-husky-foxy-devel/install/multi_husky_gazebo:/home/cairlab/teleop-keyboard-husky-foxy-devel/install/husky_desktop:/home/cairlab/teleop-keyboard-husky-foxy-devel/install/husky_viz:/home/cairlab/teleop-keyboard-husky-foxy-devel/install/husky_simulator:/home/cairlab/teleop-keyboard-husky-foxy-devel/install/husky_robot:/home/cairlab/teleop-keyboard-husky-foxy-devel/install/husky_gazebo:/home/cairlab/teleop-keyboard-husky-foxy-devel/install/teleop_twist_keyboard:/opt/ros/foxy PYTHONPATH=/home/cairlab/teleop-keyboard-husky-foxy-devel/install/husky_msgs/lib/python3.8/site-packages:/home/cairlab/teleop-keyboard-husky-foxy-devel/build/teleop_twist_keyboard:/home/cairlab/teleop-keyboard-husky-foxy-devel/install/teleop_twist_keyboard/lib/python3.8/site-packages:/opt/ros/foxy/lib/python3.8/site-packages /usr/bin/cmake --install /home/cairlab/teleop-keyboard-husky-foxy-devel/build/husky_robot
