[0.016s] Invoking command in '/home/cairlab/Documents/teleop-keyboard-husky-foxy-devel/src/build/husky_simulator': AMENT_PREFIX_PATH=/home/cairlab/Documents/teleop-keyboard-husky-foxy-devel/src/install/husky_gazebo:/home/cairlab/Documents/teleop-keyboard-husky-foxy-devel/src/install/husky_control:/home/cairlab/Documents/teleop-keyboard-husky-foxy-devel/src/install/husky_description:${AMENT_PREFIX_PATH} CMAKE_PREFIX_PATH=/home/cairlab/Documents/teleop-keyboard-husky-foxy-devel/src/install/husky_gazebo:/home/cairlab/Documents/teleop-keyboard-husky-foxy-devel/src/install/husky_control:/home/cairlab/Documents/teleop-keyboard-husky-foxy-devel/src/install/husky_description:/home/cairlab/Documents/husky-foxy-devel/install/husky_desktop:/home/cairlab/Documents/husky-foxy-devel/install/husky_viz:/home/cairlab/Documents/husky-foxy-devel/install/husky_simulator:/home/cairlab/Documents/husky-foxy-devel/install/husky_robot:/home/cairlab/Documents/husky-foxy-devel/install/husky_bringup:/home/cairlab/Documents/husky-foxy-devel/install/husky_base:/home/cairlab/Documents/husky-foxy-devel/install/husky_msgs:/home/cairlab/Documents/husky-foxy-devel/install/husky_gazebo:/home/cairlab/Documents/husky-foxy-devel/install/husky_control:/home/cairlab/Documents/husky-foxy-devel/install/husky_description:/path/to/xacro:/opt/ros/foxy /usr/bin/cmake /home/cairlab/Documents/teleop-keyboard-husky-foxy-devel/src/husky_simulator -DCMAKE_INSTALL_PREFIX=/home/cairlab/Documents/teleop-keyboard-husky-foxy-devel/src/install/husky_simulator
[0.059s] -- The C compiler identification is GNU 9.4.0
[0.105s] -- The CXX compiler identification is GNU 9.4.0
[0.109s] -- Check for working C compiler: /usr/bin/cc
[0.164s] -- Check for working C compiler: /usr/bin/cc -- works
[0.165s] -- Detecting C compiler ABI info
[0.221s] -- Detecting C compiler ABI info - done
[0.230s] -- Detecting C compile features
[0.230s] -- Detecting C compile features - done
[0.232s] -- Check for working CXX compiler: /usr/bin/c++
[0.296s] -- Check for working CXX compiler: /usr/bin/c++ -- works
[0.297s] -- Detecting CXX compiler ABI info
[0.361s] -- Detecting CXX compiler ABI info - done
[0.370s] -- Detecting CXX compile features
[0.371s] -- Detecting CXX compile features - done
[0.373s] -- Found ament_cmake: 0.9.12 (/opt/ros/foxy/share/ament_cmake/cmake)
[0.394s] -- Found PythonInterp: /usr/bin/python3 (found suitable version "3.8.10", minimum required is "3") 
[0.394s] -- Using PYTHON_EXECUTABLE: /usr/bin/python3
[0.610s] -- Configuring done
[0.612s] -- Generating done
[0.612s] -- Build files have been written to: /home/cairlab/Documents/teleop-keyboard-husky-foxy-devel/src/build/husky_simulator
[0.617s] Invoked command in '/home/cairlab/Documents/teleop-keyboard-husky-foxy-devel/src/build/husky_simulator' returned '0': AMENT_PREFIX_PATH=/home/cairlab/Documents/teleop-keyboard-husky-foxy-devel/src/install/husky_gazebo:/home/cairlab/Documents/teleop-keyboard-husky-foxy-devel/src/install/husky_control:/home/cairlab/Documents/teleop-keyboard-husky-foxy-devel/src/install/husky_description:${AMENT_PREFIX_PATH} CMAKE_PREFIX_PATH=/home/cairlab/Documents/teleop-keyboard-husky-foxy-devel/src/install/husky_gazebo:/home/cairlab/Documents/teleop-keyboard-husky-foxy-devel/src/install/husky_control:/home/cairlab/Documents/teleop-keyboard-husky-foxy-devel/src/install/husky_description:/home/cairlab/Documents/husky-foxy-devel/install/husky_desktop:/home/cairlab/Documents/husky-foxy-devel/install/husky_viz:/home/cairlab/Documents/husky-foxy-devel/install/husky_simulator:/home/cairlab/Documents/husky-foxy-devel/install/husky_robot:/home/cairlab/Documents/husky-foxy-devel/install/husky_bringup:/home/cairlab/Documents/husky-foxy-devel/install/husky_base:/home/cairlab/Documents/husky-foxy-devel/install/husky_msgs:/home/cairlab/Documents/husky-foxy-devel/install/husky_gazebo:/home/cairlab/Documents/husky-foxy-devel/install/husky_control:/home/cairlab/Documents/husky-foxy-devel/install/husky_description:/path/to/xacro:/opt/ros/foxy /usr/bin/cmake /home/cairlab/Documents/teleop-keyboard-husky-foxy-devel/src/husky_simulator -DCMAKE_INSTALL_PREFIX=/home/cairlab/Documents/teleop-keyboard-husky-foxy-devel/src/install/husky_simulator
[0.617s] Invoking command in '/home/cairlab/Documents/teleop-keyboard-husky-foxy-devel/src/build/husky_simulator': AMENT_PREFIX_PATH=/home/cairlab/Documents/teleop-keyboard-husky-foxy-devel/src/install/husky_gazebo:/home/cairlab/Documents/teleop-keyboard-husky-foxy-devel/src/install/husky_control:/home/cairlab/Documents/teleop-keyboard-husky-foxy-devel/src/install/husky_description:${AMENT_PREFIX_PATH} CMAKE_PREFIX_PATH=/home/cairlab/Documents/teleop-keyboard-husky-foxy-devel/src/install/husky_gazebo:/home/cairlab/Documents/teleop-keyboard-husky-foxy-devel/src/install/husky_control:/home/cairlab/Documents/teleop-keyboard-husky-foxy-devel/src/install/husky_description:/home/cairlab/Documents/husky-foxy-devel/install/husky_desktop:/home/cairlab/Documents/husky-foxy-devel/install/husky_viz:/home/cairlab/Documents/husky-foxy-devel/install/husky_simulator:/home/cairlab/Documents/husky-foxy-devel/install/husky_robot:/home/cairlab/Documents/husky-foxy-devel/install/husky_bringup:/home/cairlab/Documents/husky-foxy-devel/install/husky_base:/home/cairlab/Documents/husky-foxy-devel/install/husky_msgs:/home/cairlab/Documents/husky-foxy-devel/install/husky_gazebo:/home/cairlab/Documents/husky-foxy-devel/install/husky_control:/home/cairlab/Documents/husky-foxy-devel/install/husky_description:/path/to/xacro:/opt/ros/foxy /usr/bin/cmake --build /home/cairlab/Documents/teleop-keyboard-husky-foxy-devel/src/build/husky_simulator -- -j12 -l12
[0.648s] Invoked command in '/home/cairlab/Documents/teleop-keyboard-husky-foxy-devel/src/build/husky_simulator' returned '0': AMENT_PREFIX_PATH=/home/cairlab/Documents/teleop-keyboard-husky-foxy-devel/src/install/husky_gazebo:/home/cairlab/Documents/teleop-keyboard-husky-foxy-devel/src/install/husky_control:/home/cairlab/Documents/teleop-keyboard-husky-foxy-devel/src/install/husky_description:${AMENT_PREFIX_PATH} CMAKE_PREFIX_PATH=/home/cairlab/Documents/teleop-keyboard-husky-foxy-devel/src/install/husky_gazebo:/home/cairlab/Documents/teleop-keyboard-husky-foxy-devel/src/install/husky_control:/home/cairlab/Documents/teleop-keyboard-husky-foxy-devel/src/install/husky_description:/home/cairlab/Documents/husky-foxy-devel/install/husky_desktop:/home/cairlab/Documents/husky-foxy-devel/install/husky_viz:/home/cairlab/Documents/husky-foxy-devel/install/husky_simulator:/home/cairlab/Documents/husky-foxy-devel/install/husky_robot:/home/cairlab/Documents/husky-foxy-devel/install/husky_bringup:/home/cairlab/Documents/husky-foxy-devel/install/husky_base:/home/cairlab/Documents/husky-foxy-devel/install/husky_msgs:/home/cairlab/Documents/husky-foxy-devel/install/husky_gazebo:/home/cairlab/Documents/husky-foxy-devel/install/husky_control:/home/cairlab/Documents/husky-foxy-devel/install/husky_description:/path/to/xacro:/opt/ros/foxy /usr/bin/cmake --build /home/cairlab/Documents/teleop-keyboard-husky-foxy-devel/src/build/husky_simulator -- -j12 -l12
[0.668s] Invoking command in '/home/cairlab/Documents/teleop-keyboard-husky-foxy-devel/src/build/husky_simulator': AMENT_PREFIX_PATH=/home/cairlab/Documents/teleop-keyboard-husky-foxy-devel/src/install/husky_gazebo:/home/cairlab/Documents/teleop-keyboard-husky-foxy-devel/src/install/husky_control:/home/cairlab/Documents/teleop-keyboard-husky-foxy-devel/src/install/husky_description:${AMENT_PREFIX_PATH} CMAKE_PREFIX_PATH=/home/cairlab/Documents/teleop-keyboard-husky-foxy-devel/src/install/husky_gazebo:/home/cairlab/Documents/teleop-keyboard-husky-foxy-devel/src/install/husky_control:/home/cairlab/Documents/teleop-keyboard-husky-foxy-devel/src/install/husky_description:/home/cairlab/Documents/husky-foxy-devel/install/husky_desktop:/home/cairlab/Documents/husky-foxy-devel/install/husky_viz:/home/cairlab/Documents/husky-foxy-devel/install/husky_simulator:/home/cairlab/Documents/husky-foxy-devel/install/husky_robot:/home/cairlab/Documents/husky-foxy-devel/install/husky_bringup:/home/cairlab/Documents/husky-foxy-devel/install/husky_base:/home/cairlab/Documents/husky-foxy-devel/install/husky_msgs:/home/cairlab/Documents/husky-foxy-devel/install/husky_gazebo:/home/cairlab/Documents/husky-foxy-devel/install/husky_control:/home/cairlab/Documents/husky-foxy-devel/install/husky_description:/path/to/xacro:/opt/ros/foxy /usr/bin/cmake --install /home/cairlab/Documents/teleop-keyboard-husky-foxy-devel/src/build/husky_simulator
[0.675s] -- Install configuration: ""
[0.675s] -- Installing: /home/cairlab/Documents/teleop-keyboard-husky-foxy-devel/src/install/husky_simulator/share/ament_index/resource_index/package_run_dependencies/husky_simulator
[0.675s] -- Installing: /home/cairlab/Documents/teleop-keyboard-husky-foxy-devel/src/install/husky_simulator/share/ament_index/resource_index/parent_prefix_path/husky_simulator
[0.676s] -- Installing: /home/cairlab/Documents/teleop-keyboard-husky-foxy-devel/src/install/husky_simulator/share/husky_simulator/environment/ament_prefix_path.sh
[0.676s] -- Installing: /home/cairlab/Documents/teleop-keyboard-husky-foxy-devel/src/install/husky_simulator/share/husky_simulator/environment/ament_prefix_path.dsv
[0.676s] -- Installing: /home/cairlab/Documents/teleop-keyboard-husky-foxy-devel/src/install/husky_simulator/share/husky_simulator/environment/path.sh
[0.676s] -- Installing: /home/cairlab/Documents/teleop-keyboard-husky-foxy-devel/src/install/husky_simulator/share/husky_simulator/environment/path.dsv
[0.676s] -- Installing: /home/cairlab/Documents/teleop-keyboard-husky-foxy-devel/src/install/husky_simulator/share/husky_simulator/local_setup.bash
[0.676s] -- Installing: /home/cairlab/Documents/teleop-keyboard-husky-foxy-devel/src/install/husky_simulator/share/husky_simulator/local_setup.sh
[0.676s] -- Installing: /home/cairlab/Documents/teleop-keyboard-husky-foxy-devel/src/install/husky_simulator/share/husky_simulator/local_setup.zsh
[0.676s] -- Installing: /home/cairlab/Documents/teleop-keyboard-husky-foxy-devel/src/install/husky_simulator/share/husky_simulator/local_setup.dsv
[0.676s] -- Installing: /home/cairlab/Documents/teleop-keyboard-husky-foxy-devel/src/install/husky_simulator/share/husky_simulator/package.dsv
[0.677s] -- Installing: /home/cairlab/Documents/teleop-keyboard-husky-foxy-devel/src/install/husky_simulator/share/ament_index/resource_index/packages/husky_simulator
[0.677s] -- Installing: /home/cairlab/Documents/teleop-keyboard-husky-foxy-devel/src/install/husky_simulator/share/husky_simulator/cmake/husky_simulatorConfig.cmake
[0.677s] -- Installing: /home/cairlab/Documents/teleop-keyboard-husky-foxy-devel/src/install/husky_simulator/share/husky_simulator/cmake/husky_simulatorConfig-version.cmake
[0.677s] -- Installing: /home/cairlab/Documents/teleop-keyboard-husky-foxy-devel/src/install/husky_simulator/share/husky_simulator/package.xml
[0.684s] Invoked command in '/home/cairlab/Documents/teleop-keyboard-husky-foxy-devel/src/build/husky_simulator' returned '0': AMENT_PREFIX_PATH=/home/cairlab/Documents/teleop-keyboard-husky-foxy-devel/src/install/husky_gazebo:/home/cairlab/Documents/teleop-keyboard-husky-foxy-devel/src/install/husky_control:/home/cairlab/Documents/teleop-keyboard-husky-foxy-devel/src/install/husky_description:${AMENT_PREFIX_PATH} CMAKE_PREFIX_PATH=/home/cairlab/Documents/teleop-keyboard-husky-foxy-devel/src/install/husky_gazebo:/home/cairlab/Documents/teleop-keyboard-husky-foxy-devel/src/install/husky_control:/home/cairlab/Documents/teleop-keyboard-husky-foxy-devel/src/install/husky_description:/home/cairlab/Documents/husky-foxy-devel/install/husky_desktop:/home/cairlab/Documents/husky-foxy-devel/install/husky_viz:/home/cairlab/Documents/husky-foxy-devel/install/husky_simulator:/home/cairlab/Documents/husky-foxy-devel/install/husky_robot:/home/cairlab/Documents/husky-foxy-devel/install/husky_bringup:/home/cairlab/Documents/husky-foxy-devel/install/husky_base:/home/cairlab/Documents/husky-foxy-devel/install/husky_msgs:/home/cairlab/Documents/husky-foxy-devel/install/husky_gazebo:/home/cairlab/Documents/husky-foxy-devel/install/husky_control:/home/cairlab/Documents/husky-foxy-devel/install/husky_description:/path/to/xacro:/opt/ros/foxy /usr/bin/cmake --install /home/cairlab/Documents/teleop-keyboard-husky-foxy-devel/src/build/husky_simulator
