[0.083s] Invoking command in '/home/cairlab/teleop-keyboard-husky-foxy-devel/build/multi_husky_gazebo': AMENT_PREFIX_PATH=/home/cairlab/teleop-keyboard-husky-foxy-devel/install/husky_control:/home/cairlab/teleop-keyboard-husky-foxy-devel/install/husky_description:${AMENT_PREFIX_PATH} CMAKE_PREFIX_PATH=/home/cairlab/teleop-keyboard-husky-foxy-devel/install/husky_control:/home/cairlab/teleop-keyboard-husky-foxy-devel/install/husky_description:/opt/ros/foxy /usr/bin/cmake --build /home/cairlab/teleop-keyboard-husky-foxy-devel/build/multi_husky_gazebo -- -j12 -l12
[0.214s] Invoked command in '/home/cairlab/teleop-keyboard-husky-foxy-devel/build/multi_husky_gazebo' returned '0': AMENT_PREFIX_PATH=/home/cairlab/teleop-keyboard-husky-foxy-devel/install/husky_control:/home/cairlab/teleop-keyboard-husky-foxy-devel/install/husky_description:${AMENT_PREFIX_PATH} CMAKE_PREFIX_PATH=/home/cairlab/teleop-keyboard-husky-foxy-devel/install/husky_control:/home/cairlab/teleop-keyboard-husky-foxy-devel/install/husky_description:/opt/ros/foxy /usr/bin/cmake --build /home/cairlab/teleop-keyboard-husky-foxy-devel/build/multi_husky_gazebo -- -j12 -l12
[0.280s] Invoking command in '/home/cairlab/teleop-keyboard-husky-foxy-devel/build/multi_husky_gazebo': AMENT_PREFIX_PATH=/home/cairlab/teleop-keyboard-husky-foxy-devel/install/husky_control:/home/cairlab/teleop-keyboard-husky-foxy-devel/install/husky_description:${AMENT_PREFIX_PATH} CMAKE_PREFIX_PATH=/home/cairlab/teleop-keyboard-husky-foxy-devel/install/husky_control:/home/cairlab/teleop-keyboard-husky-foxy-devel/install/husky_description:/opt/ros/foxy /usr/bin/cmake --install /home/cairlab/teleop-keyboard-husky-foxy-devel/build/multi_husky_gazebo
[0.298s] -- Install configuration: ""
[0.298s] -- Execute custom install script
[0.298s] -- Up-to-date symlink: /home/cairlab/teleop-keyboard-husky-foxy-devel/install/multi_husky_gazebo/share/multi_husky_gazebo/launch/multi_gazebo.launch.py
[0.298s] -- Up-to-date symlink: /home/cairlab/teleop-keyboard-husky-foxy-devel/install/multi_husky_gazebo/share/multi_husky_gazebo/launch/multi_husky_playpen.launch.py
[0.299s] -- Up-to-date symlink: /home/cairlab/teleop-keyboard-husky-foxy-devel/install/multi_husky_gazebo/share/multi_husky_gazebo/launch/spawn_multi_husky.launch.py
[0.299s] -- Up-to-date symlink: /home/cairlab/teleop-keyboard-husky-foxy-devel/install/multi_husky_gazebo/share/ament_index/resource_index/package_run_dependencies/multi_husky_gazebo
[0.299s] -- Up-to-date symlink: /home/cairlab/teleop-keyboard-husky-foxy-devel/install/multi_husky_gazebo/share/ament_index/resource_index/parent_prefix_path/multi_husky_gazebo
[0.299s] -- Up-to-date symlink: /home/cairlab/teleop-keyboard-husky-foxy-devel/install/multi_husky_gazebo/share/multi_husky_gazebo/environment/ament_prefix_path.sh
[0.299s] -- Up-to-date symlink: /home/cairlab/teleop-keyboard-husky-foxy-devel/install/multi_husky_gazebo/share/multi_husky_gazebo/environment/ament_prefix_path.dsv
[0.299s] -- Up-to-date symlink: /home/cairlab/teleop-keyboard-husky-foxy-devel/install/multi_husky_gazebo/share/multi_husky_gazebo/environment/path.sh
[0.299s] -- Up-to-date symlink: /home/cairlab/teleop-keyboard-husky-foxy-devel/install/multi_husky_gazebo/share/multi_husky_gazebo/environment/path.dsv
[0.299s] -- Up-to-date symlink: /home/cairlab/teleop-keyboard-husky-foxy-devel/install/multi_husky_gazebo/share/multi_husky_gazebo/local_setup.bash
[0.299s] -- Up-to-date symlink: /home/cairlab/teleop-keyboard-husky-foxy-devel/install/multi_husky_gazebo/share/multi_husky_gazebo/local_setup.sh
[0.299s] -- Up-to-date symlink: /home/cairlab/teleop-keyboard-husky-foxy-devel/install/multi_husky_gazebo/share/multi_husky_gazebo/local_setup.zsh
[0.299s] -- Up-to-date symlink: /home/cairlab/teleop-keyboard-husky-foxy-devel/install/multi_husky_gazebo/share/multi_husky_gazebo/local_setup.dsv
[0.299s] -- Symlinking: /home/cairlab/teleop-keyboard-husky-foxy-devel/install/multi_husky_gazebo/share/multi_husky_gazebo/package.dsv
[0.312s] -- Up-to-date symlink: /home/cairlab/teleop-keyboard-husky-foxy-devel/install/multi_husky_gazebo/share/ament_index/resource_index/packages/multi_husky_gazebo
[0.313s] -- Up-to-date symlink: /home/cairlab/teleop-keyboard-husky-foxy-devel/install/multi_husky_gazebo/share/multi_husky_gazebo/cmake/multi_husky_gazeboConfig.cmake
[0.313s] -- Up-to-date symlink: /home/cairlab/teleop-keyboard-husky-foxy-devel/install/multi_husky_gazebo/share/multi_husky_gazebo/cmake/multi_husky_gazeboConfig-version.cmake
[0.314s] -- Up-to-date symlink: /home/cairlab/teleop-keyboard-husky-foxy-devel/install/multi_husky_gazebo/share/multi_husky_gazebo/package.xml
[0.341s] Invoked command in '/home/cairlab/teleop-keyboard-husky-foxy-devel/build/multi_husky_gazebo' returned '0': AMENT_PREFIX_PATH=/home/cairlab/teleop-keyboard-husky-foxy-devel/install/husky_control:/home/cairlab/teleop-keyboard-husky-foxy-devel/install/husky_description:${AMENT_PREFIX_PATH} CMAKE_PREFIX_PATH=/home/cairlab/teleop-keyboard-husky-foxy-devel/install/husky_control:/home/cairlab/teleop-keyboard-husky-foxy-devel/install/husky_description:/opt/ros/foxy /usr/bin/cmake --install /home/cairlab/teleop-keyboard-husky-foxy-devel/build/multi_husky_gazebo
