[0.038s] Invoking command in '/home/cairlab/teleop-keyboard-husky-foxy-devel/build/husky_control': CMAKE_PREFIX_PATH=/home/cairlab/teleop-keyboard-husky-foxy-devel/install/husky_description:/home/cairlab/teleop-keyboard-husky-foxy-devel/install/multi_husky_gazebo:/home/cairlab/teleop-keyboard-husky-foxy-devel/install/husky_desktop:/home/cairlab/teleop-keyboard-husky-foxy-devel/install/husky_viz:/home/cairlab/teleop-keyboard-husky-foxy-devel/install/husky_simulator:/home/cairlab/teleop-keyboard-husky-foxy-devel/install/husky_robot:/home/cairlab/teleop-keyboard-husky-foxy-devel/install/husky_bringup:/home/cairlab/teleop-keyboard-husky-foxy-devel/install/husky_base:/home/cairlab/teleop-keyboard-husky-foxy-devel/install/husky_msgs:/home/cairlab/teleop-keyboard-husky-foxy-devel/install/husky_gazebo:/home/cairlab/teleop-keyboard-husky-foxy-devel/install/husky_control:/home/cairlab/teleop-keyboard-husky-foxy-devel/install/teleop_twist_keyboard:/opt/ros/foxy /usr/bin/cmake /home/cairlab/teleop-keyboard-husky-foxy-devel/src/husky_control -DAMENT_CMAKE_SYMLINK_INSTALL=1 -DCMAKE_INSTALL_PREFIX=/home/cairlab/teleop-keyboard-husky-foxy-devel/install/husky_control
[0.085s] -- The C compiler identification is GNU 9.4.0
[0.136s] -- The CXX compiler identification is GNU 9.4.0
[0.140s] -- Check for working C compiler: /usr/bin/cc
[0.197s] -- Check for working C compiler: /usr/bin/cc -- works
[0.198s] -- Detecting C compiler ABI info
[0.256s] -- Detecting C compiler ABI info - done
[0.268s] -- Detecting C compile features
[0.269s] -- Detecting C compile features - done
[0.271s] -- Check for working CXX compiler: /usr/bin/c++
[0.341s] -- Check for working CXX compiler: /usr/bin/c++ -- works
[0.342s] -- Detecting CXX compiler ABI info
[0.410s] -- Detecting CXX compiler ABI info - done
[0.428s] -- Detecting CXX compile features
[0.429s] -- Detecting CXX compile features - done
[0.431s] -- Found ament_cmake: 0.9.12 (/opt/ros/foxy/share/ament_cmake/cmake)
[0.458s] -- Found PythonInterp: /usr/bin/python3 (found suitable version "3.8.10", minimum required is "3") 
[0.458s] -- Using PYTHON_EXECUTABLE: /usr/bin/python3
[0.610s] -- Override CMake install command with custom implementation using symlinks instead of copying resources
[0.728s] -- Configuring done
[0.731s] -- Generating done
[0.732s] -- Build files have been written to: /home/cairlab/teleop-keyboard-husky-foxy-devel/build/husky_control
[0.736s] Invoked command in '/home/cairlab/teleop-keyboard-husky-foxy-devel/build/husky_control' returned '0': CMAKE_PREFIX_PATH=/home/cairlab/teleop-keyboard-husky-foxy-devel/install/husky_description:/home/cairlab/teleop-keyboard-husky-foxy-devel/install/multi_husky_gazebo:/home/cairlab/teleop-keyboard-husky-foxy-devel/install/husky_desktop:/home/cairlab/teleop-keyboard-husky-foxy-devel/install/husky_viz:/home/cairlab/teleop-keyboard-husky-foxy-devel/install/husky_simulator:/home/cairlab/teleop-keyboard-husky-foxy-devel/install/husky_robot:/home/cairlab/teleop-keyboard-husky-foxy-devel/install/husky_bringup:/home/cairlab/teleop-keyboard-husky-foxy-devel/install/husky_base:/home/cairlab/teleop-keyboard-husky-foxy-devel/install/husky_msgs:/home/cairlab/teleop-keyboard-husky-foxy-devel/install/husky_gazebo:/home/cairlab/teleop-keyboard-husky-foxy-devel/install/husky_control:/home/cairlab/teleop-keyboard-husky-foxy-devel/install/teleop_twist_keyboard:/opt/ros/foxy /usr/bin/cmake /home/cairlab/teleop-keyboard-husky-foxy-devel/src/husky_control -DAMENT_CMAKE_SYMLINK_INSTALL=1 -DCMAKE_INSTALL_PREFIX=/home/cairlab/teleop-keyboard-husky-foxy-devel/install/husky_control
[0.738s] Invoking command in '/home/cairlab/teleop-keyboard-husky-foxy-devel/build/husky_control': CMAKE_PREFIX_PATH=/home/cairlab/teleop-keyboard-husky-foxy-devel/install/husky_description:/home/cairlab/teleop-keyboard-husky-foxy-devel/install/multi_husky_gazebo:/home/cairlab/teleop-keyboard-husky-foxy-devel/install/husky_desktop:/home/cairlab/teleop-keyboard-husky-foxy-devel/install/husky_viz:/home/cairlab/teleop-keyboard-husky-foxy-devel/install/husky_simulator:/home/cairlab/teleop-keyboard-husky-foxy-devel/install/husky_robot:/home/cairlab/teleop-keyboard-husky-foxy-devel/install/husky_bringup:/home/cairlab/teleop-keyboard-husky-foxy-devel/install/husky_base:/home/cairlab/teleop-keyboard-husky-foxy-devel/install/husky_msgs:/home/cairlab/teleop-keyboard-husky-foxy-devel/install/husky_gazebo:/home/cairlab/teleop-keyboard-husky-foxy-devel/install/husky_control:/home/cairlab/teleop-keyboard-husky-foxy-devel/install/teleop_twist_keyboard:/opt/ros/foxy /usr/bin/cmake --build /home/cairlab/teleop-keyboard-husky-foxy-devel/build/husky_control -- -j12 -l12
[0.783s] Invoked command in '/home/cairlab/teleop-keyboard-husky-foxy-devel/build/husky_control' returned '0': CMAKE_PREFIX_PATH=/home/cairlab/teleop-keyboard-husky-foxy-devel/install/husky_description:/home/cairlab/teleop-keyboard-husky-foxy-devel/install/multi_husky_gazebo:/home/cairlab/teleop-keyboard-husky-foxy-devel/install/husky_desktop:/home/cairlab/teleop-keyboard-husky-foxy-devel/install/husky_viz:/home/cairlab/teleop-keyboard-husky-foxy-devel/install/husky_simulator:/home/cairlab/teleop-keyboard-husky-foxy-devel/install/husky_robot:/home/cairlab/teleop-keyboard-husky-foxy-devel/install/husky_bringup:/home/cairlab/teleop-keyboard-husky-foxy-devel/install/husky_base:/home/cairlab/teleop-keyboard-husky-foxy-devel/install/husky_msgs:/home/cairlab/teleop-keyboard-husky-foxy-devel/install/husky_gazebo:/home/cairlab/teleop-keyboard-husky-foxy-devel/install/husky_control:/home/cairlab/teleop-keyboard-husky-foxy-devel/install/teleop_twist_keyboard:/opt/ros/foxy /usr/bin/cmake --build /home/cairlab/teleop-keyboard-husky-foxy-devel/build/husky_control -- -j12 -l12
[0.811s] Invoking command in '/home/cairlab/teleop-keyboard-husky-foxy-devel/build/husky_control': CMAKE_PREFIX_PATH=/home/cairlab/teleop-keyboard-husky-foxy-devel/install/husky_description:/home/cairlab/teleop-keyboard-husky-foxy-devel/install/multi_husky_gazebo:/home/cairlab/teleop-keyboard-husky-foxy-devel/install/husky_desktop:/home/cairlab/teleop-keyboard-husky-foxy-devel/install/husky_viz:/home/cairlab/teleop-keyboard-husky-foxy-devel/install/husky_simulator:/home/cairlab/teleop-keyboard-husky-foxy-devel/install/husky_robot:/home/cairlab/teleop-keyboard-husky-foxy-devel/install/husky_bringup:/home/cairlab/teleop-keyboard-husky-foxy-devel/install/husky_base:/home/cairlab/teleop-keyboard-husky-foxy-devel/install/husky_msgs:/home/cairlab/teleop-keyboard-husky-foxy-devel/install/husky_gazebo:/home/cairlab/teleop-keyboard-husky-foxy-devel/install/husky_control:/home/cairlab/teleop-keyboard-husky-foxy-devel/install/teleop_twist_keyboard:/opt/ros/foxy /usr/bin/cmake --install /home/cairlab/teleop-keyboard-husky-foxy-devel/build/husky_control
[0.821s] -- Install configuration: ""
[0.821s] -- Execute custom install script
[0.822s] -- Symlinking: /home/cairlab/teleop-keyboard-husky-foxy-devel/install/husky_control/share/husky_control/config/control.yaml
[0.833s] -- Symlinking: /home/cairlab/teleop-keyboard-husky-foxy-devel/install/husky_control/share/husky_control/config/empty.yaml
[0.844s] -- Symlinking: /home/cairlab/teleop-keyboard-husky-foxy-devel/install/husky_control/share/husky_control/config/gazebo_interface.yaml
[0.854s] -- Symlinking: /home/cairlab/teleop-keyboard-husky-foxy-devel/install/husky_control/share/husky_control/config/imu_filter.yaml
[0.863s] -- Symlinking: /home/cairlab/teleop-keyboard-husky-foxy-devel/install/husky_control/share/husky_control/config/localization.yaml
[0.871s] -- Symlinking: /home/cairlab/teleop-keyboard-husky-foxy-devel/install/husky_control/share/husky_control/config/public_interface.yaml
[0.879s] -- Symlinking: /home/cairlab/teleop-keyboard-husky-foxy-devel/install/husky_control/share/husky_control/config/teleop_interactive_markers.yaml
[0.891s] -- Symlinking: /home/cairlab/teleop-keyboard-husky-foxy-devel/install/husky_control/share/husky_control/config/teleop_logitech.yaml
[0.903s] -- Symlinking: /home/cairlab/teleop-keyboard-husky-foxy-devel/install/husky_control/share/husky_control/config/teleop_ps4.yaml
[0.914s] -- Symlinking: /home/cairlab/teleop-keyboard-husky-foxy-devel/install/husky_control/share/husky_control/config/twist_mux.yaml
[0.923s] -- Symlinking: /home/cairlab/teleop-keyboard-husky-foxy-devel/install/husky_control/share/husky_control/launch/control.launch
[0.932s] -- Symlinking: /home/cairlab/teleop-keyboard-husky-foxy-devel/install/husky_control/share/husky_control/launch/control.launch.py
[0.940s] -- Symlinking: /home/cairlab/teleop-keyboard-husky-foxy-devel/install/husky_control/share/husky_control/launch/teleop.launch
[0.948s] -- Symlinking: /home/cairlab/teleop-keyboard-husky-foxy-devel/install/husky_control/share/husky_control/launch/teleop_base.launch.py
[0.958s] -- Symlinking: /home/cairlab/teleop-keyboard-husky-foxy-devel/install/husky_control/share/husky_control/launch/teleop_joy.launch.py
[0.969s] -- Symlinking: /home/cairlab/teleop-keyboard-husky-foxy-devel/install/husky_control/share/ament_index/resource_index/package_run_dependencies/husky_control
[0.980s] -- Symlinking: /home/cairlab/teleop-keyboard-husky-foxy-devel/install/husky_control/share/ament_index/resource_index/parent_prefix_path/husky_control
[0.990s] -- Symlinking: /home/cairlab/teleop-keyboard-husky-foxy-devel/install/husky_control/share/husky_control/environment/ament_prefix_path.sh
[1.014s] -- Symlinking: /home/cairlab/teleop-keyboard-husky-foxy-devel/install/husky_control/share/husky_control/environment/ament_prefix_path.dsv
[1.014s] -- Symlinking: /home/cairlab/teleop-keyboard-husky-foxy-devel/install/husky_control/share/husky_control/environment/path.sh
[1.024s] -- Symlinking: /home/cairlab/teleop-keyboard-husky-foxy-devel/install/husky_control/share/husky_control/environment/path.dsv
[1.035s] -- Symlinking: /home/cairlab/teleop-keyboard-husky-foxy-devel/install/husky_control/share/husky_control/local_setup.bash
[1.036s] -- Symlinking: /home/cairlab/teleop-keyboard-husky-foxy-devel/install/husky_control/share/husky_control/local_setup.sh
[1.043s] -- Symlinking: /home/cairlab/teleop-keyboard-husky-foxy-devel/install/husky_control/share/husky_control/local_setup.zsh
[1.051s] -- Symlinking: /home/cairlab/teleop-keyboard-husky-foxy-devel/install/husky_control/share/husky_control/local_setup.dsv
[1.076s] -- Symlinking: /home/cairlab/teleop-keyboard-husky-foxy-devel/install/husky_control/share/husky_control/package.dsv
[1.076s] -- Symlinking: /home/cairlab/teleop-keyboard-husky-foxy-devel/install/husky_control/share/ament_index/resource_index/packages/husky_control
[1.076s] -- Symlinking: /home/cairlab/teleop-keyboard-husky-foxy-devel/install/husky_control/share/husky_control/cmake/husky_controlConfig.cmake
[1.086s] -- Symlinking: /home/cairlab/teleop-keyboard-husky-foxy-devel/install/husky_control/share/husky_control/cmake/husky_controlConfig-version.cmake
[1.097s] -- Symlinking: /home/cairlab/teleop-keyboard-husky-foxy-devel/install/husky_control/share/husky_control/package.xml
[1.112s] Invoked command in '/home/cairlab/teleop-keyboard-husky-foxy-devel/build/husky_control' returned '0': CMAKE_PREFIX_PATH=/home/cairlab/teleop-keyboard-husky-foxy-devel/install/husky_description:/home/cairlab/teleop-keyboard-husky-foxy-devel/install/multi_husky_gazebo:/home/cairlab/teleop-keyboard-husky-foxy-devel/install/husky_desktop:/home/cairlab/teleop-keyboard-husky-foxy-devel/install/husky_viz:/home/cairlab/teleop-keyboard-husky-foxy-devel/install/husky_simulator:/home/cairlab/teleop-keyboard-husky-foxy-devel/install/husky_robot:/home/cairlab/teleop-keyboard-husky-foxy-devel/install/husky_bringup:/home/cairlab/teleop-keyboard-husky-foxy-devel/install/husky_base:/home/cairlab/teleop-keyboard-husky-foxy-devel/install/husky_msgs:/home/cairlab/teleop-keyboard-husky-foxy-devel/install/husky_gazebo:/home/cairlab/teleop-keyboard-husky-foxy-devel/install/husky_control:/home/cairlab/teleop-keyboard-husky-foxy-devel/install/teleop_twist_keyboard:/opt/ros/foxy /usr/bin/cmake --install /home/cairlab/teleop-keyboard-husky-foxy-devel/build/husky_control
