[0.084s] Invoking command in '/home/cairlab/teleop-keyboard-husky-foxy-devel/build/husky_bringup': AMENT_PREFIX_PATH=/home/cairlab/teleop-keyboard-husky-foxy-devel/install/husky_control:/home/cairlab/teleop-keyboard-husky-foxy-devel/install/husky_base:/home/cairlab/teleop-keyboard-husky-foxy-devel/install/husky_msgs:/home/cairlab/teleop-keyboard-husky-foxy-devel/install/husky_description:${AMENT_PREFIX_PATH} CMAKE_PREFIX_PATH=/home/cairlab/teleop-keyboard-husky-foxy-devel/install/husky_control:/home/cairlab/teleop-keyboard-husky-foxy-devel/install/husky_base:/home/cairlab/teleop-keyboard-husky-foxy-devel/install/husky_msgs:/home/cairlab/teleop-keyboard-husky-foxy-devel/install/husky_description:/opt/ros/foxy LD_LIBRARY_PATH=/home/cairlab/teleop-keyboard-husky-foxy-devel/install/husky_base/lib:/home/cairlab/teleop-keyboard-husky-foxy-devel/install/husky_msgs/lib:${LD_LIBRARY_PATH} PYTHONPATH=/home/cairlab/teleop-keyboard-husky-foxy-devel/install/husky_msgs/lib/python3.8/site-packages:${PYTHONPATH} /usr/bin/cmake --build /home/cairlab/teleop-keyboard-husky-foxy-devel/build/husky_bringup -- -j12 -l12
[0.259s] Invoked command in '/home/cairlab/teleop-keyboard-husky-foxy-devel/build/husky_bringup' returned '0': AMENT_PREFIX_PATH=/home/cairlab/teleop-keyboard-husky-foxy-devel/install/husky_control:/home/cairlab/teleop-keyboard-husky-foxy-devel/install/husky_base:/home/cairlab/teleop-keyboard-husky-foxy-devel/install/husky_msgs:/home/cairlab/teleop-keyboard-husky-foxy-devel/install/husky_description:${AMENT_PREFIX_PATH} CMAKE_PREFIX_PATH=/home/cairlab/teleop-keyboard-husky-foxy-devel/install/husky_control:/home/cairlab/teleop-keyboard-husky-foxy-devel/install/husky_base:/home/cairlab/teleop-keyboard-husky-foxy-devel/install/husky_msgs:/home/cairlab/teleop-keyboard-husky-foxy-devel/install/husky_description:/opt/ros/foxy LD_LIBRARY_PATH=/home/cairlab/teleop-keyboard-husky-foxy-devel/install/husky_base/lib:/home/cairlab/teleop-keyboard-husky-foxy-devel/install/husky_msgs/lib:${LD_LIBRARY_PATH} PYTHONPATH=/home/cairlab/teleop-keyboard-husky-foxy-devel/install/husky_msgs/lib/python3.8/site-packages:${PYTHONPATH} /usr/bin/cmake --build /home/cairlab/teleop-keyboard-husky-foxy-devel/build/husky_bringup -- -j12 -l12
[0.400s] Invoking command in '/home/cairlab/teleop-keyboard-husky-foxy-devel/build/husky_bringup': AMENT_PREFIX_PATH=/home/cairlab/teleop-keyboard-husky-foxy-devel/install/husky_control:/home/cairlab/teleop-keyboard-husky-foxy-devel/install/husky_base:/home/cairlab/teleop-keyboard-husky-foxy-devel/install/husky_msgs:/home/cairlab/teleop-keyboard-husky-foxy-devel/install/husky_description:${AMENT_PREFIX_PATH} CMAKE_PREFIX_PATH=/home/cairlab/teleop-keyboard-husky-foxy-devel/install/husky_control:/home/cairlab/teleop-keyboard-husky-foxy-devel/install/husky_base:/home/cairlab/teleop-keyboard-husky-foxy-devel/install/husky_msgs:/home/cairlab/teleop-keyboard-husky-foxy-devel/install/husky_description:/opt/ros/foxy LD_LIBRARY_PATH=/home/cairlab/teleop-keyboard-husky-foxy-devel/install/husky_base/lib:/home/cairlab/teleop-keyboard-husky-foxy-devel/install/husky_msgs/lib:${LD_LIBRARY_PATH} PYTHONPATH=/home/cairlab/teleop-keyboard-husky-foxy-devel/install/husky_msgs/lib/python3.8/site-packages:${PYTHONPATH} /usr/bin/cmake --install /home/cairlab/teleop-keyboard-husky-foxy-devel/build/husky_bringup
[0.407s] -- Install configuration: ""
[0.408s] -- Execute custom install script
[0.408s] -- Up-to-date symlink: /home/cairlab/teleop-keyboard-husky-foxy-devel/install/husky_bringup/share/husky_bringup/config/mag_config_default.yaml
[0.408s] -- Up-to-date symlink: /home/cairlab/teleop-keyboard-husky-foxy-devel/install/husky_bringup/share/husky_bringup/launch/accessories.launch.py
[0.409s] -- Up-to-date symlink: /home/cairlab/teleop-keyboard-husky-foxy-devel/install/husky_bringup/share/husky_bringup/udev/10-microstrain.rules
[0.409s] -- Up-to-date symlink: /home/cairlab/teleop-keyboard-husky-foxy-devel/install/husky_bringup/share/husky_bringup/udev/41-clearpath.rules
[0.409s] -- Up-to-date symlink: /home/cairlab/teleop-keyboard-husky-foxy-devel/install/husky_bringup/share/husky_bringup/udev/41-hokuyo.rules
[0.409s] -- Up-to-date symlink: /home/cairlab/teleop-keyboard-husky-foxy-devel/install/husky_bringup/share/husky_bringup/udev/41-logitech.rules
[0.410s] -- Up-to-date symlink: /home/cairlab/teleop-keyboard-husky-foxy-devel/install/husky_bringup/share/husky_bringup/udev/52-ftdi.rules
[0.410s] -- Up-to-date symlink: /home/cairlab/teleop-keyboard-husky-foxy-devel/install/husky_bringup/share/husky_bringup/udev/README.md
[0.410s] -- Up-to-date symlink: /home/cairlab/teleop-keyboard-husky-foxy-devel/install/husky_bringup/lib/husky_bringup/install
[0.410s] -- Up-to-date symlink: /home/cairlab/teleop-keyboard-husky-foxy-devel/install/husky_bringup/share/ament_index/resource_index/package_run_dependencies/husky_bringup
[0.411s] -- Up-to-date symlink: /home/cairlab/teleop-keyboard-husky-foxy-devel/install/husky_bringup/share/ament_index/resource_index/parent_prefix_path/husky_bringup
[0.411s] -- Up-to-date symlink: /home/cairlab/teleop-keyboard-husky-foxy-devel/install/husky_bringup/share/husky_bringup/environment/ament_prefix_path.sh
[0.411s] -- Up-to-date symlink: /home/cairlab/teleop-keyboard-husky-foxy-devel/install/husky_bringup/share/husky_bringup/environment/ament_prefix_path.dsv
[0.412s] -- Up-to-date symlink: /home/cairlab/teleop-keyboard-husky-foxy-devel/install/husky_bringup/share/husky_bringup/environment/path.sh
[0.412s] -- Up-to-date symlink: /home/cairlab/teleop-keyboard-husky-foxy-devel/install/husky_bringup/share/husky_bringup/environment/path.dsv
[0.412s] -- Up-to-date symlink: /home/cairlab/teleop-keyboard-husky-foxy-devel/install/husky_bringup/share/husky_bringup/local_setup.bash
[0.412s] -- Up-to-date symlink: /home/cairlab/teleop-keyboard-husky-foxy-devel/install/husky_bringup/share/husky_bringup/local_setup.sh
[0.413s] -- Up-to-date symlink: /home/cairlab/teleop-keyboard-husky-foxy-devel/install/husky_bringup/share/husky_bringup/local_setup.zsh
[0.413s] -- Up-to-date symlink: /home/cairlab/teleop-keyboard-husky-foxy-devel/install/husky_bringup/share/husky_bringup/local_setup.dsv
[0.413s] -- Symlinking: /home/cairlab/teleop-keyboard-husky-foxy-devel/install/husky_bringup/share/husky_bringup/package.dsv
[0.429s] -- Up-to-date symlink: /home/cairlab/teleop-keyboard-husky-foxy-devel/install/husky_bringup/share/ament_index/resource_index/packages/husky_bringup
[0.429s] -- Up-to-date symlink: /home/cairlab/teleop-keyboard-husky-foxy-devel/install/husky_bringup/share/husky_bringup/cmake/husky_bringupConfig.cmake
[0.429s] -- Up-to-date symlink: /home/cairlab/teleop-keyboard-husky-foxy-devel/install/husky_bringup/share/husky_bringup/cmake/husky_bringupConfig-version.cmake
[0.430s] -- Up-to-date symlink: /home/cairlab/teleop-keyboard-husky-foxy-devel/install/husky_bringup/share/husky_bringup/package.xml
[0.441s] Invoked command in '/home/cairlab/teleop-keyboard-husky-foxy-devel/build/husky_bringup' returned '0': AMENT_PREFIX_PATH=/home/cairlab/teleop-keyboard-husky-foxy-devel/install/husky_control:/home/cairlab/teleop-keyboard-husky-foxy-devel/install/husky_base:/home/cairlab/teleop-keyboard-husky-foxy-devel/install/husky_msgs:/home/cairlab/teleop-keyboard-husky-foxy-devel/install/husky_description:${AMENT_PREFIX_PATH} CMAKE_PREFIX_PATH=/home/cairlab/teleop-keyboard-husky-foxy-devel/install/husky_control:/home/cairlab/teleop-keyboard-husky-foxy-devel/install/husky_base:/home/cairlab/teleop-keyboard-husky-foxy-devel/install/husky_msgs:/home/cairlab/teleop-keyboard-husky-foxy-devel/install/husky_description:/opt/ros/foxy LD_LIBRARY_PATH=/home/cairlab/teleop-keyboard-husky-foxy-devel/install/husky_base/lib:/home/cairlab/teleop-keyboard-husky-foxy-devel/install/husky_msgs/lib:${LD_LIBRARY_PATH} PYTHONPATH=/home/cairlab/teleop-keyboard-husky-foxy-devel/install/husky_msgs/lib/python3.8/site-packages:${PYTHONPATH} /usr/bin/cmake --install /home/cairlab/teleop-keyboard-husky-foxy-devel/build/husky_bringup
