[0.033s] Invoking command in '/home/cairlab/Documents/teleop-keyboard-husky-foxy-devel/src/build/husky_control': AMENT_PREFIX_PATH=/home/cairlab/Documents/teleop-keyboard-husky-foxy-devel/src/install/husky_description:${AMENT_PREFIX_PATH} CMAKE_PREFIX_PATH=/home/cairlab/Documents/teleop-keyboard-husky-foxy-devel/src/install/husky_description:/home/cairlab/Documents/husky-foxy-devel/install/husky_desktop:/home/cairlab/Documents/husky-foxy-devel/install/husky_viz:/home/cairlab/Documents/husky-foxy-devel/install/husky_simulator:/home/cairlab/Documents/husky-foxy-devel/install/husky_robot:/home/cairlab/Documents/husky-foxy-devel/install/husky_bringup:/home/cairlab/Documents/husky-foxy-devel/install/husky_base:/home/cairlab/Documents/husky-foxy-devel/install/husky_msgs:/home/cairlab/Documents/husky-foxy-devel/install/husky_gazebo:/home/cairlab/Documents/husky-foxy-devel/install/husky_control:/home/cairlab/Documents/husky-foxy-devel/install/husky_description:/path/to/xacro:/opt/ros/foxy /usr/bin/cmake /home/cairlab/Documents/teleop-keyboard-husky-foxy-devel/src/husky_control -DCMAKE_INSTALL_PREFIX=/home/cairlab/Documents/teleop-keyboard-husky-foxy-devel/src/install/husky_control
[0.081s] -- The C compiler identification is GNU 9.4.0
[0.127s] -- The CXX compiler identification is GNU 9.4.0
[0.134s] -- Check for working C compiler: /usr/bin/cc
[0.193s] -- Check for working C compiler: /usr/bin/cc -- works
[0.194s] -- Detecting C compiler ABI info
[0.249s] -- Detecting C compiler ABI info - done
[0.266s] -- Detecting C compile features
[0.266s] -- Detecting C compile features - done
[0.269s] -- Check for working CXX compiler: /usr/bin/c++
[0.332s] -- Check for working CXX compiler: /usr/bin/c++ -- works
[0.333s] -- Detecting CXX compiler ABI info
[0.399s] -- Detecting CXX compiler ABI info - done
[0.409s] -- Detecting CXX compile features
[0.409s] -- Detecting CXX compile features - done
[0.411s] -- Found ament_cmake: 0.9.12 (/opt/ros/foxy/share/ament_cmake/cmake)
[0.431s] -- Found PythonInterp: /usr/bin/python3 (found suitable version "3.8.10", minimum required is "3") 
[0.432s] -- Using PYTHON_EXECUTABLE: /usr/bin/python3
[0.657s] -- Configuring done
[0.659s] -- Generating done
[0.659s] -- Build files have been written to: /home/cairlab/Documents/teleop-keyboard-husky-foxy-devel/src/build/husky_control
[0.662s] Invoked command in '/home/cairlab/Documents/teleop-keyboard-husky-foxy-devel/src/build/husky_control' returned '0': AMENT_PREFIX_PATH=/home/cairlab/Documents/teleop-keyboard-husky-foxy-devel/src/install/husky_description:${AMENT_PREFIX_PATH} CMAKE_PREFIX_PATH=/home/cairlab/Documents/teleop-keyboard-husky-foxy-devel/src/install/husky_description:/home/cairlab/Documents/husky-foxy-devel/install/husky_desktop:/home/cairlab/Documents/husky-foxy-devel/install/husky_viz:/home/cairlab/Documents/husky-foxy-devel/install/husky_simulator:/home/cairlab/Documents/husky-foxy-devel/install/husky_robot:/home/cairlab/Documents/husky-foxy-devel/install/husky_bringup:/home/cairlab/Documents/husky-foxy-devel/install/husky_base:/home/cairlab/Documents/husky-foxy-devel/install/husky_msgs:/home/cairlab/Documents/husky-foxy-devel/install/husky_gazebo:/home/cairlab/Documents/husky-foxy-devel/install/husky_control:/home/cairlab/Documents/husky-foxy-devel/install/husky_description:/path/to/xacro:/opt/ros/foxy /usr/bin/cmake /home/cairlab/Documents/teleop-keyboard-husky-foxy-devel/src/husky_control -DCMAKE_INSTALL_PREFIX=/home/cairlab/Documents/teleop-keyboard-husky-foxy-devel/src/install/husky_control
[0.664s] Invoking command in '/home/cairlab/Documents/teleop-keyboard-husky-foxy-devel/src/build/husky_control': AMENT_PREFIX_PATH=/home/cairlab/Documents/teleop-keyboard-husky-foxy-devel/src/install/husky_description:${AMENT_PREFIX_PATH} CMAKE_PREFIX_PATH=/home/cairlab/Documents/teleop-keyboard-husky-foxy-devel/src/install/husky_description:/home/cairlab/Documents/husky-foxy-devel/install/husky_desktop:/home/cairlab/Documents/husky-foxy-devel/install/husky_viz:/home/cairlab/Documents/husky-foxy-devel/install/husky_simulator:/home/cairlab/Documents/husky-foxy-devel/install/husky_robot:/home/cairlab/Documents/husky-foxy-devel/install/husky_bringup:/home/cairlab/Documents/husky-foxy-devel/install/husky_base:/home/cairlab/Documents/husky-foxy-devel/install/husky_msgs:/home/cairlab/Documents/husky-foxy-devel/install/husky_gazebo:/home/cairlab/Documents/husky-foxy-devel/install/husky_control:/home/cairlab/Documents/husky-foxy-devel/install/husky_description:/path/to/xacro:/opt/ros/foxy /usr/bin/cmake --build /home/cairlab/Documents/teleop-keyboard-husky-foxy-devel/src/build/husky_control -- -j12 -l12
[0.699s] Invoked command in '/home/cairlab/Documents/teleop-keyboard-husky-foxy-devel/src/build/husky_control' returned '0': AMENT_PREFIX_PATH=/home/cairlab/Documents/teleop-keyboard-husky-foxy-devel/src/install/husky_description:${AMENT_PREFIX_PATH} CMAKE_PREFIX_PATH=/home/cairlab/Documents/teleop-keyboard-husky-foxy-devel/src/install/husky_description:/home/cairlab/Documents/husky-foxy-devel/install/husky_desktop:/home/cairlab/Documents/husky-foxy-devel/install/husky_viz:/home/cairlab/Documents/husky-foxy-devel/install/husky_simulator:/home/cairlab/Documents/husky-foxy-devel/install/husky_robot:/home/cairlab/Documents/husky-foxy-devel/install/husky_bringup:/home/cairlab/Documents/husky-foxy-devel/install/husky_base:/home/cairlab/Documents/husky-foxy-devel/install/husky_msgs:/home/cairlab/Documents/husky-foxy-devel/install/husky_gazebo:/home/cairlab/Documents/husky-foxy-devel/install/husky_control:/home/cairlab/Documents/husky-foxy-devel/install/husky_description:/path/to/xacro:/opt/ros/foxy /usr/bin/cmake --build /home/cairlab/Documents/teleop-keyboard-husky-foxy-devel/src/build/husky_control -- -j12 -l12
[0.720s] Invoking command in '/home/cairlab/Documents/teleop-keyboard-husky-foxy-devel/src/build/husky_control': AMENT_PREFIX_PATH=/home/cairlab/Documents/teleop-keyboard-husky-foxy-devel/src/install/husky_description:${AMENT_PREFIX_PATH} CMAKE_PREFIX_PATH=/home/cairlab/Documents/teleop-keyboard-husky-foxy-devel/src/install/husky_description:/home/cairlab/Documents/husky-foxy-devel/install/husky_desktop:/home/cairlab/Documents/husky-foxy-devel/install/husky_viz:/home/cairlab/Documents/husky-foxy-devel/install/husky_simulator:/home/cairlab/Documents/husky-foxy-devel/install/husky_robot:/home/cairlab/Documents/husky-foxy-devel/install/husky_bringup:/home/cairlab/Documents/husky-foxy-devel/install/husky_base:/home/cairlab/Documents/husky-foxy-devel/install/husky_msgs:/home/cairlab/Documents/husky-foxy-devel/install/husky_gazebo:/home/cairlab/Documents/husky-foxy-devel/install/husky_control:/home/cairlab/Documents/husky-foxy-devel/install/husky_description:/path/to/xacro:/opt/ros/foxy /usr/bin/cmake --install /home/cairlab/Documents/teleop-keyboard-husky-foxy-devel/src/build/husky_control
[0.734s] -- Install configuration: ""
[0.734s] -- Installing: /home/cairlab/Documents/teleop-keyboard-husky-foxy-devel/src/install/husky_control/share/husky_control/config
[0.734s] -- Installing: /home/cairlab/Documents/teleop-keyboard-husky-foxy-devel/src/install/husky_control/share/husky_control/config/public_interface.yaml
[0.742s] -- Installing: /home/cairlab/Documents/teleop-keyboard-husky-foxy-devel/src/install/husky_control/share/husky_control/config/empty.yaml
[0.743s] -- Installing: /home/cairlab/Documents/teleop-keyboard-husky-foxy-devel/src/install/husky_control/share/husky_control/config/twist_mux.yaml
[0.743s] -- Installing: /home/cairlab/Documents/teleop-keyboard-husky-foxy-devel/src/install/husky_control/share/husky_control/config/imu_filter.yaml
[0.743s] -- Installing: /home/cairlab/Documents/teleop-keyboard-husky-foxy-devel/src/install/husky_control/share/husky_control/config/control.yaml
[0.743s] -- Installing: /home/cairlab/Documents/teleop-keyboard-husky-foxy-devel/src/install/husky_control/share/husky_control/config/teleop_logitech.yaml
[0.744s] -- Installing: /home/cairlab/Documents/teleop-keyboard-husky-foxy-devel/src/install/husky_control/share/husky_control/config/localization.yaml
[0.744s] -- Installing: /home/cairlab/Documents/teleop-keyboard-husky-foxy-devel/src/install/husky_control/share/husky_control/config/gazebo_interface.yaml
[0.744s] -- Installing: /home/cairlab/Documents/teleop-keyboard-husky-foxy-devel/src/install/husky_control/share/husky_control/config/teleop_interactive_markers.yaml
[0.745s] -- Installing: /home/cairlab/Documents/teleop-keyboard-husky-foxy-devel/src/install/husky_control/share/husky_control/config/teleop_ps4.yaml
[0.750s] -- Installing: /home/cairlab/Documents/teleop-keyboard-husky-foxy-devel/src/install/husky_control/share/husky_control/launch
[0.750s] -- Installing: /home/cairlab/Documents/teleop-keyboard-husky-foxy-devel/src/install/husky_control/share/husky_control/launch/control.launch
[0.751s] -- Installing: /home/cairlab/Documents/teleop-keyboard-husky-foxy-devel/src/install/husky_control/share/husky_control/launch/teleop_joy.launch.py
[0.751s] -- Installing: /home/cairlab/Documents/teleop-keyboard-husky-foxy-devel/src/install/husky_control/share/husky_control/launch/teleop.launch
[0.751s] -- Installing: /home/cairlab/Documents/teleop-keyboard-husky-foxy-devel/src/install/husky_control/share/husky_control/launch/teleop_base.launch.py
[0.751s] -- Installing: /home/cairlab/Documents/teleop-keyboard-husky-foxy-devel/src/install/husky_control/share/husky_control/launch/control.launch.py
[0.751s] -- Installing: /home/cairlab/Documents/teleop-keyboard-husky-foxy-devel/src/install/husky_control/share/ament_index/resource_index/package_run_dependencies/husky_control
[0.751s] -- Installing: /home/cairlab/Documents/teleop-keyboard-husky-foxy-devel/src/install/husky_control/share/ament_index/resource_index/parent_prefix_path/husky_control
[0.752s] -- Installing: /home/cairlab/Documents/teleop-keyboard-husky-foxy-devel/src/install/husky_control/share/husky_control/environment/ament_prefix_path.sh
[0.752s] -- Installing: /home/cairlab/Documents/teleop-keyboard-husky-foxy-devel/src/install/husky_control/share/husky_control/environment/ament_prefix_path.dsv
[0.752s] -- Installing: /home/cairlab/Documents/teleop-keyboard-husky-foxy-devel/src/install/husky_control/share/husky_control/environment/path.sh
[0.752s] -- Installing: /home/cairlab/Documents/teleop-keyboard-husky-foxy-devel/src/install/husky_control/share/husky_control/environment/path.dsv
[0.752s] -- Installing: /home/cairlab/Documents/teleop-keyboard-husky-foxy-devel/src/install/husky_control/share/husky_control/local_setup.bash
[0.752s] -- Installing: /home/cairlab/Documents/teleop-keyboard-husky-foxy-devel/src/install/husky_control/share/husky_control/local_setup.sh
[0.752s] -- Installing: /home/cairlab/Documents/teleop-keyboard-husky-foxy-devel/src/install/husky_control/share/husky_control/local_setup.zsh
[0.753s] -- Installing: /home/cairlab/Documents/teleop-keyboard-husky-foxy-devel/src/install/husky_control/share/husky_control/local_setup.dsv
[0.753s] -- Installing: /home/cairlab/Documents/teleop-keyboard-husky-foxy-devel/src/install/husky_control/share/husky_control/package.dsv
[0.753s] -- Installing: /home/cairlab/Documents/teleop-keyboard-husky-foxy-devel/src/install/husky_control/share/ament_index/resource_index/packages/husky_control
[0.754s] -- Installing: /home/cairlab/Documents/teleop-keyboard-husky-foxy-devel/src/install/husky_control/share/husky_control/cmake/husky_controlConfig.cmake
[0.754s] -- Installing: /home/cairlab/Documents/teleop-keyboard-husky-foxy-devel/src/install/husky_control/share/husky_control/cmake/husky_controlConfig-version.cmake
[0.754s] -- Installing: /home/cairlab/Documents/teleop-keyboard-husky-foxy-devel/src/install/husky_control/share/husky_control/package.xml
[0.761s] Invoked command in '/home/cairlab/Documents/teleop-keyboard-husky-foxy-devel/src/build/husky_control' returned '0': AMENT_PREFIX_PATH=/home/cairlab/Documents/teleop-keyboard-husky-foxy-devel/src/install/husky_description:${AMENT_PREFIX_PATH} CMAKE_PREFIX_PATH=/home/cairlab/Documents/teleop-keyboard-husky-foxy-devel/src/install/husky_description:/home/cairlab/Documents/husky-foxy-devel/install/husky_desktop:/home/cairlab/Documents/husky-foxy-devel/install/husky_viz:/home/cairlab/Documents/husky-foxy-devel/install/husky_simulator:/home/cairlab/Documents/husky-foxy-devel/install/husky_robot:/home/cairlab/Documents/husky-foxy-devel/install/husky_bringup:/home/cairlab/Documents/husky-foxy-devel/install/husky_base:/home/cairlab/Documents/husky-foxy-devel/install/husky_msgs:/home/cairlab/Documents/husky-foxy-devel/install/husky_gazebo:/home/cairlab/Documents/husky-foxy-devel/install/husky_control:/home/cairlab/Documents/husky-foxy-devel/install/husky_description:/path/to/xacro:/opt/ros/foxy /usr/bin/cmake --install /home/cairlab/Documents/teleop-keyboard-husky-foxy-devel/src/build/husky_control
