[0.034s] Invoking command in '/home/cairlab/teleop-keyboard-husky-foxy-devel/build/husky_base': CMAKE_PREFIX_PATH=/home/cairlab/teleop-keyboard-husky-foxy-devel/install/husky_msgs:/home/cairlab/teleop-keyboard-husky-foxy-devel/install/multi_husky_gazebo:/home/cairlab/teleop-keyboard-husky-foxy-devel/install/husky_desktop:/home/cairlab/teleop-keyboard-husky-foxy-devel/install/husky_viz:/home/cairlab/teleop-keyboard-husky-foxy-devel/install/husky_simulator:/home/cairlab/teleop-keyboard-husky-foxy-devel/install/husky_robot:/home/cairlab/teleop-keyboard-husky-foxy-devel/install/husky_bringup:/home/cairlab/teleop-keyboard-husky-foxy-devel/install/husky_base:/home/cairlab/teleop-keyboard-husky-foxy-devel/install/husky_gazebo:/home/cairlab/teleop-keyboard-husky-foxy-devel/install/husky_control:/home/cairlab/teleop-keyboard-husky-foxy-devel/install/husky_description:/home/cairlab/teleop-keyboard-husky-foxy-devel/install/teleop_twist_keyboard:/opt/ros/foxy LD_LIBRARY_PATH=/home/cairlab/teleop-keyboard-husky-foxy-devel/install/husky_msgs/lib:/home/cairlab/teleop-keyboard-husky-foxy-devel/install/husky_base/lib:/usr/lib/x86_64-linux-gnu/gazebo-11/plugins:/opt/ros/foxy/opt/yaml_cpp_vendor/lib:/opt/ros/foxy/opt/rviz_ogre_vendor/lib:/opt/ros/foxy/lib/x86_64-linux-gnu:/opt/ros/foxy/lib PYTHONPATH=/home/cairlab/teleop-keyboard-husky-foxy-devel/install/husky_msgs/lib/python3.8/site-packages:/home/cairlab/teleop-keyboard-husky-foxy-devel/build/teleop_twist_keyboard:/home/cairlab/teleop-keyboard-husky-foxy-devel/install/teleop_twist_keyboard/lib/python3.8/site-packages:/opt/ros/foxy/lib/python3.8/site-packages /usr/bin/cmake /home/cairlab/teleop-keyboard-husky-foxy-devel/src/husky_base -DAMENT_CMAKE_SYMLINK_INSTALL=1 -DCMAKE_INSTALL_PREFIX=/home/cairlab/teleop-keyboard-husky-foxy-devel/install/husky_base
[0.085s] -- The C compiler identification is GNU 9.4.0
[0.136s] -- The CXX compiler identification is GNU 9.4.0
[0.142s] -- Check for working C compiler: /usr/bin/cc
[0.204s] -- Check for working C compiler: /usr/bin/cc -- works
[0.204s] -- Detecting C compiler ABI info
[0.259s] -- Detecting C compiler ABI info - done
[0.268s] -- Detecting C compile features
[0.269s] -- Detecting C compile features - done
[0.271s] -- Check for working CXX compiler: /usr/bin/c++
[0.338s] -- Check for working CXX compiler: /usr/bin/c++ -- works
[0.339s] -- Detecting CXX compiler ABI info
[0.406s] -- Detecting CXX compiler ABI info - done
[0.415s] -- Detecting CXX compile features
[0.416s] -- Detecting CXX compile features - done
[0.418s] -- Found ament_cmake: 0.9.12 (/opt/ros/foxy/share/ament_cmake/cmake)
[0.442s] -- Found PythonInterp: /usr/bin/python3 (found suitable version "3.8.10", minimum required is "3") 
[0.442s] -- Using PYTHON_EXECUTABLE: /usr/bin/python3
[0.578s] -- Override CMake install command with custom implementation using symlinks instead of copying resources
[0.604s] -- Found controller_interface: 0.11.0 (/opt/ros/foxy/share/controller_interface/cmake)
[0.638s] -- Using all available rosidl_typesupport_c: rosidl_typesupport_fastrtps_c;rosidl_typesupport_introspection_c
[0.645s] -- Found rosidl_adapter: 1.3.1 (/opt/ros/foxy/share/rosidl_adapter/cmake)
[0.721s] -- Found OpenSSL: /usr/lib/x86_64-linux-gnu/libcrypto.so (found version "1.1.1f")  
[0.747s] -- Found FastRTPS: /opt/ros/foxy/include  
[0.818s] -- Using all available rosidl_typesupport_cpp: rosidl_typesupport_fastrtps_cpp;rosidl_typesupport_introspection_cpp
[1.320s] -- Found rmw_implementation_cmake: 1.0.4 (/opt/ros/foxy/share/rmw_implementation_cmake/cmake)
[1.322s] -- Using RMW implementation 'rmw_fastrtps_cpp' as default
[1.323s] -- Looking for pthread.h
[1.381s] -- Looking for pthread.h - found
[1.382s] -- Performing Test CMAKE_HAVE_LIBC_PTHREAD
[1.443s] -- Performing Test CMAKE_HAVE_LIBC_PTHREAD - Failed
[1.443s] -- Looking for pthread_create in pthreads
[1.492s] -- Looking for pthread_create in pthreads - not found
[1.492s] -- Looking for pthread_create in pthread
[1.560s] -- Looking for pthread_create in pthread - found
[1.561s] -- Found Threads: TRUE  
[1.788s] -- Found controller_manager: 0.11.0 (/opt/ros/foxy/share/controller_manager/cmake)
[1.844s] -- Found husky_msgs: 1.0.9 (/home/cairlab/teleop-keyboard-husky-foxy-devel/install/husky_msgs/share/husky_msgs/cmake)
[1.875s] -- Found nav_msgs: 2.0.5 (/opt/ros/foxy/share/nav_msgs/cmake)
[1.937s] -- Found std_srvs: 2.0.5 (/opt/ros/foxy/share/std_srvs/cmake)
[1.946s] -- Found tf2: 0.13.14 (/opt/ros/foxy/share/tf2/cmake)
[1.954s] -- Found tf2_ros: 0.13.14 (/opt/ros/foxy/share/tf2_ros/cmake)
[2.263s] -- Configuring done
[2.282s] -- Generating done
[2.283s] -- Build files have been written to: /home/cairlab/teleop-keyboard-husky-foxy-devel/build/husky_base
[2.290s] Invoked command in '/home/cairlab/teleop-keyboard-husky-foxy-devel/build/husky_base' returned '0': CMAKE_PREFIX_PATH=/home/cairlab/teleop-keyboard-husky-foxy-devel/install/husky_msgs:/home/cairlab/teleop-keyboard-husky-foxy-devel/install/multi_husky_gazebo:/home/cairlab/teleop-keyboard-husky-foxy-devel/install/husky_desktop:/home/cairlab/teleop-keyboard-husky-foxy-devel/install/husky_viz:/home/cairlab/teleop-keyboard-husky-foxy-devel/install/husky_simulator:/home/cairlab/teleop-keyboard-husky-foxy-devel/install/husky_robot:/home/cairlab/teleop-keyboard-husky-foxy-devel/install/husky_bringup:/home/cairlab/teleop-keyboard-husky-foxy-devel/install/husky_base:/home/cairlab/teleop-keyboard-husky-foxy-devel/install/husky_gazebo:/home/cairlab/teleop-keyboard-husky-foxy-devel/install/husky_control:/home/cairlab/teleop-keyboard-husky-foxy-devel/install/husky_description:/home/cairlab/teleop-keyboard-husky-foxy-devel/install/teleop_twist_keyboard:/opt/ros/foxy LD_LIBRARY_PATH=/home/cairlab/teleop-keyboard-husky-foxy-devel/install/husky_msgs/lib:/home/cairlab/teleop-keyboard-husky-foxy-devel/install/husky_base/lib:/usr/lib/x86_64-linux-gnu/gazebo-11/plugins:/opt/ros/foxy/opt/yaml_cpp_vendor/lib:/opt/ros/foxy/opt/rviz_ogre_vendor/lib:/opt/ros/foxy/lib/x86_64-linux-gnu:/opt/ros/foxy/lib PYTHONPATH=/home/cairlab/teleop-keyboard-husky-foxy-devel/install/husky_msgs/lib/python3.8/site-packages:/home/cairlab/teleop-keyboard-husky-foxy-devel/build/teleop_twist_keyboard:/home/cairlab/teleop-keyboard-husky-foxy-devel/install/teleop_twist_keyboard/lib/python3.8/site-packages:/opt/ros/foxy/lib/python3.8/site-packages /usr/bin/cmake /home/cairlab/teleop-keyboard-husky-foxy-devel/src/husky_base -DAMENT_CMAKE_SYMLINK_INSTALL=1 -DCMAKE_INSTALL_PREFIX=/home/cairlab/teleop-keyboard-husky-foxy-devel/install/husky_base
[2.292s] Invoking command in '/home/cairlab/teleop-keyboard-husky-foxy-devel/build/husky_base': CMAKE_PREFIX_PATH=/home/cairlab/teleop-keyboard-husky-foxy-devel/install/husky_msgs:/home/cairlab/teleop-keyboard-husky-foxy-devel/install/multi_husky_gazebo:/home/cairlab/teleop-keyboard-husky-foxy-devel/install/husky_desktop:/home/cairlab/teleop-keyboard-husky-foxy-devel/install/husky_viz:/home/cairlab/teleop-keyboard-husky-foxy-devel/install/husky_simulator:/home/cairlab/teleop-keyboard-husky-foxy-devel/install/husky_robot:/home/cairlab/teleop-keyboard-husky-foxy-devel/install/husky_bringup:/home/cairlab/teleop-keyboard-husky-foxy-devel/install/husky_base:/home/cairlab/teleop-keyboard-husky-foxy-devel/install/husky_gazebo:/home/cairlab/teleop-keyboard-husky-foxy-devel/install/husky_control:/home/cairlab/teleop-keyboard-husky-foxy-devel/install/husky_description:/home/cairlab/teleop-keyboard-husky-foxy-devel/install/teleop_twist_keyboard:/opt/ros/foxy LD_LIBRARY_PATH=/home/cairlab/teleop-keyboard-husky-foxy-devel/install/husky_msgs/lib:/home/cairlab/teleop-keyboard-husky-foxy-devel/install/husky_base/lib:/usr/lib/x86_64-linux-gnu/gazebo-11/plugins:/opt/ros/foxy/opt/yaml_cpp_vendor/lib:/opt/ros/foxy/opt/rviz_ogre_vendor/lib:/opt/ros/foxy/lib/x86_64-linux-gnu:/opt/ros/foxy/lib PYTHONPATH=/home/cairlab/teleop-keyboard-husky-foxy-devel/install/husky_msgs/lib/python3.8/site-packages:/home/cairlab/teleop-keyboard-husky-foxy-devel/build/teleop_twist_keyboard:/home/cairlab/teleop-keyboard-husky-foxy-devel/install/teleop_twist_keyboard/lib/python3.8/site-packages:/opt/ros/foxy/lib/python3.8/site-packages /usr/bin/cmake --build /home/cairlab/teleop-keyboard-husky-foxy-devel/build/husky_base -- -j12 -l12
[2.329s] [35m[1mScanning dependencies of target husky_hardware[0m
[2.372s] [ 23%] [32mBuilding CXX object CMakeFiles/husky_hardware.dir/src/husky_hardware.cpp.o[0m
[2.372s] [ 23%] [32mBuilding CXX object CMakeFiles/husky_hardware.dir/src/husky_status.cpp.o[0m
[2.372s] [ 30%] [32mBuilding CXX object CMakeFiles/husky_hardware.dir/src/horizon_legacy/crc.cpp.o[0m
[2.372s] [ 23%] [32mBuilding CXX object CMakeFiles/husky_hardware.dir/src/horizon_legacy_wrapper.cpp.o[0m
[2.372s] [ 38%] [32mBuilding CXX object CMakeFiles/husky_hardware.dir/src/horizon_legacy/Logger.cpp.o[0m
[2.372s] [ 46%] [32mBuilding CXX object CMakeFiles/husky_hardware.dir/src/horizon_legacy/Message.cpp.o[0m
[2.373s] [ 61%] [32mBuilding CXX object CMakeFiles/husky_hardware.dir/src/horizon_legacy/Message_data.cpp.o[0m
[2.373s] [ 61%] [32mBuilding CXX object CMakeFiles/husky_hardware.dir/src/horizon_legacy/Message_request.cpp.o[0m
[2.373s] [ 69%] [32mBuilding CXX object CMakeFiles/husky_hardware.dir/src/horizon_legacy/Transport.cpp.o[0m
[2.373s] [ 76%] [32mBuilding CXX object CMakeFiles/husky_hardware.dir/src/horizon_legacy/Message_cmd.cpp.o[0m
[2.381s] [ 84%] [32mBuilding CXX object CMakeFiles/husky_hardware.dir/src/horizon_legacy/linux_serial.cpp.o[0m
[2.382s] [ 92%] [32mBuilding CXX object CMakeFiles/husky_hardware.dir/src/horizon_legacy/Number.cpp.o[0m
[4.684s] [100%] [32m[1mLinking CXX shared library libhusky_hardware.so[0m
[4.891s] [100%] Built target husky_hardware
[4.900s] Invoked command in '/home/cairlab/teleop-keyboard-husky-foxy-devel/build/husky_base' returned '0': CMAKE_PREFIX_PATH=/home/cairlab/teleop-keyboard-husky-foxy-devel/install/husky_msgs:/home/cairlab/teleop-keyboard-husky-foxy-devel/install/multi_husky_gazebo:/home/cairlab/teleop-keyboard-husky-foxy-devel/install/husky_desktop:/home/cairlab/teleop-keyboard-husky-foxy-devel/install/husky_viz:/home/cairlab/teleop-keyboard-husky-foxy-devel/install/husky_simulator:/home/cairlab/teleop-keyboard-husky-foxy-devel/install/husky_robot:/home/cairlab/teleop-keyboard-husky-foxy-devel/install/husky_bringup:/home/cairlab/teleop-keyboard-husky-foxy-devel/install/husky_base:/home/cairlab/teleop-keyboard-husky-foxy-devel/install/husky_gazebo:/home/cairlab/teleop-keyboard-husky-foxy-devel/install/husky_control:/home/cairlab/teleop-keyboard-husky-foxy-devel/install/husky_description:/home/cairlab/teleop-keyboard-husky-foxy-devel/install/teleop_twist_keyboard:/opt/ros/foxy LD_LIBRARY_PATH=/home/cairlab/teleop-keyboard-husky-foxy-devel/install/husky_msgs/lib:/home/cairlab/teleop-keyboard-husky-foxy-devel/install/husky_base/lib:/usr/lib/x86_64-linux-gnu/gazebo-11/plugins:/opt/ros/foxy/opt/yaml_cpp_vendor/lib:/opt/ros/foxy/opt/rviz_ogre_vendor/lib:/opt/ros/foxy/lib/x86_64-linux-gnu:/opt/ros/foxy/lib PYTHONPATH=/home/cairlab/teleop-keyboard-husky-foxy-devel/install/husky_msgs/lib/python3.8/site-packages:/home/cairlab/teleop-keyboard-husky-foxy-devel/build/teleop_twist_keyboard:/home/cairlab/teleop-keyboard-husky-foxy-devel/install/teleop_twist_keyboard/lib/python3.8/site-packages:/opt/ros/foxy/lib/python3.8/site-packages /usr/bin/cmake --build /home/cairlab/teleop-keyboard-husky-foxy-devel/build/husky_base -- -j12 -l12
[4.941s] Invoking command in '/home/cairlab/teleop-keyboard-husky-foxy-devel/build/husky_base': CMAKE_PREFIX_PATH=/home/cairlab/teleop-keyboard-husky-foxy-devel/install/husky_msgs:/home/cairlab/teleop-keyboard-husky-foxy-devel/install/multi_husky_gazebo:/home/cairlab/teleop-keyboard-husky-foxy-devel/install/husky_desktop:/home/cairlab/teleop-keyboard-husky-foxy-devel/install/husky_viz:/home/cairlab/teleop-keyboard-husky-foxy-devel/install/husky_simulator:/home/cairlab/teleop-keyboard-husky-foxy-devel/install/husky_robot:/home/cairlab/teleop-keyboard-husky-foxy-devel/install/husky_bringup:/home/cairlab/teleop-keyboard-husky-foxy-devel/install/husky_base:/home/cairlab/teleop-keyboard-husky-foxy-devel/install/husky_gazebo:/home/cairlab/teleop-keyboard-husky-foxy-devel/install/husky_control:/home/cairlab/teleop-keyboard-husky-foxy-devel/install/husky_description:/home/cairlab/teleop-keyboard-husky-foxy-devel/install/teleop_twist_keyboard:/opt/ros/foxy LD_LIBRARY_PATH=/home/cairlab/teleop-keyboard-husky-foxy-devel/install/husky_msgs/lib:/home/cairlab/teleop-keyboard-husky-foxy-devel/install/husky_base/lib:/usr/lib/x86_64-linux-gnu/gazebo-11/plugins:/opt/ros/foxy/opt/yaml_cpp_vendor/lib:/opt/ros/foxy/opt/rviz_ogre_vendor/lib:/opt/ros/foxy/lib/x86_64-linux-gnu:/opt/ros/foxy/lib PYTHONPATH=/home/cairlab/teleop-keyboard-husky-foxy-devel/install/husky_msgs/lib/python3.8/site-packages:/home/cairlab/teleop-keyboard-husky-foxy-devel/build/teleop_twist_keyboard:/home/cairlab/teleop-keyboard-husky-foxy-devel/install/teleop_twist_keyboard/lib/python3.8/site-packages:/opt/ros/foxy/lib/python3.8/site-packages /usr/bin/cmake --install /home/cairlab/teleop-keyboard-husky-foxy-devel/build/husky_base
[4.947s] -- Install configuration: ""
[4.948s] -- Execute custom install script
[4.948s] -- Symlinking: /home/cairlab/teleop-keyboard-husky-foxy-devel/install/husky_base/share/husky_base//husky_hardware.xml
[4.956s] -- Symlinking: /home/cairlab/teleop-keyboard-husky-foxy-devel/install/husky_base/lib/libhusky_hardware.so
[4.965s] -- Symlinking: /home/cairlab/teleop-keyboard-husky-foxy-devel/install/husky_base/include/husky_base/horizon_legacy/Exception.h
[4.973s] -- Symlinking: /home/cairlab/teleop-keyboard-husky-foxy-devel/install/husky_base/include/husky_base/horizon_legacy/Logger.h
[4.982s] -- Symlinking: /home/cairlab/teleop-keyboard-husky-foxy-devel/install/husky_base/include/husky_base/horizon_legacy/Message.h
[4.991s] -- Symlinking: /home/cairlab/teleop-keyboard-husky-foxy-devel/install/husky_base/include/husky_base/horizon_legacy/Message_cmd.h
[4.999s] -- Symlinking: /home/cairlab/teleop-keyboard-husky-foxy-devel/install/husky_base/include/husky_base/horizon_legacy/Message_data.h
[5.008s] -- Symlinking: /home/cairlab/teleop-keyboard-husky-foxy-devel/install/husky_base/include/husky_base/horizon_legacy/Message_request.h
[5.015s] -- Symlinking: /home/cairlab/teleop-keyboard-husky-foxy-devel/install/husky_base/include/husky_base/horizon_legacy/Number.h
[5.022s] -- Symlinking: /home/cairlab/teleop-keyboard-husky-foxy-devel/install/husky_base/include/husky_base/horizon_legacy/Transport.h
[5.029s] -- Symlinking: /home/cairlab/teleop-keyboard-husky-foxy-devel/install/husky_base/include/husky_base/horizon_legacy/clearpath.h
[5.037s] -- Symlinking: /home/cairlab/teleop-keyboard-husky-foxy-devel/install/husky_base/include/husky_base/horizon_legacy/crc.h
[5.044s] -- Symlinking: /home/cairlab/teleop-keyboard-husky-foxy-devel/install/husky_base/include/husky_base/horizon_legacy/serial.h
[5.051s] -- Symlinking: /home/cairlab/teleop-keyboard-husky-foxy-devel/install/husky_base/include/husky_base/horizon_legacy_wrapper.h
[5.057s] -- Symlinking: /home/cairlab/teleop-keyboard-husky-foxy-devel/install/husky_base/include/husky_base/husky_diagnostics.h
[5.064s] -- Symlinking: /home/cairlab/teleop-keyboard-husky-foxy-devel/install/husky_base/include/husky_base/husky_hardware.hpp
[5.071s] -- Symlinking: /home/cairlab/teleop-keyboard-husky-foxy-devel/install/husky_base/include/husky_base/husky_status.hpp
[5.079s] -- Symlinking: /home/cairlab/teleop-keyboard-husky-foxy-devel/install/husky_base/share/husky_base/launch/base.launch.py
[5.086s] -- Symlinking: /home/cairlab/teleop-keyboard-husky-foxy-devel/install/husky_base/share/husky_base/environment/library_path.sh
[5.093s] -- Symlinking: /home/cairlab/teleop-keyboard-husky-foxy-devel/install/husky_base/share/husky_base/environment/library_path.dsv
[5.100s] -- Symlinking: /home/cairlab/teleop-keyboard-husky-foxy-devel/install/husky_base/share/ament_index/resource_index/package_run_dependencies/husky_base
[5.110s] -- Symlinking: /home/cairlab/teleop-keyboard-husky-foxy-devel/install/husky_base/share/ament_index/resource_index/parent_prefix_path/husky_base
[5.118s] -- Symlinking: /home/cairlab/teleop-keyboard-husky-foxy-devel/install/husky_base/share/husky_base/environment/ament_prefix_path.sh
[5.125s] -- Symlinking: /home/cairlab/teleop-keyboard-husky-foxy-devel/install/husky_base/share/husky_base/environment/ament_prefix_path.dsv
[5.132s] -- Symlinking: /home/cairlab/teleop-keyboard-husky-foxy-devel/install/husky_base/share/husky_base/environment/path.sh
[5.138s] -- Symlinking: /home/cairlab/teleop-keyboard-husky-foxy-devel/install/husky_base/share/husky_base/environment/path.dsv
[5.145s] -- Symlinking: /home/cairlab/teleop-keyboard-husky-foxy-devel/install/husky_base/share/husky_base/local_setup.bash
[5.153s] -- Symlinking: /home/cairlab/teleop-keyboard-husky-foxy-devel/install/husky_base/share/husky_base/local_setup.sh
[5.160s] -- Symlinking: /home/cairlab/teleop-keyboard-husky-foxy-devel/install/husky_base/share/husky_base/local_setup.zsh
[5.167s] -- Symlinking: /home/cairlab/teleop-keyboard-husky-foxy-devel/install/husky_base/share/husky_base/local_setup.dsv
[5.174s] -- Symlinking: /home/cairlab/teleop-keyboard-husky-foxy-devel/install/husky_base/share/husky_base/package.dsv
[5.181s] -- Symlinking: /home/cairlab/teleop-keyboard-husky-foxy-devel/install/husky_base/share/ament_index/resource_index/packages/husky_base
[5.188s] -- Symlinking: /home/cairlab/teleop-keyboard-husky-foxy-devel/install/husky_base/share/ament_index/resource_index/hardware_interface__pluginlib__plugin/husky_base
[5.195s] -- Symlinking: /home/cairlab/teleop-keyboard-husky-foxy-devel/install/husky_base/share/husky_base/cmake/ament_cmake_export_include_directories-extras.cmake
[5.204s] -- Symlinking: /home/cairlab/teleop-keyboard-husky-foxy-devel/install/husky_base/share/husky_base/cmake/ament_cmake_export_libraries-extras.cmake
[5.212s] -- Symlinking: /home/cairlab/teleop-keyboard-husky-foxy-devel/install/husky_base/share/husky_base/cmake/ament_cmake_export_dependencies-extras.cmake
[5.219s] -- Symlinking: /home/cairlab/teleop-keyboard-husky-foxy-devel/install/husky_base/share/husky_base/cmake/husky_baseConfig.cmake
[5.226s] -- Symlinking: /home/cairlab/teleop-keyboard-husky-foxy-devel/install/husky_base/share/husky_base/cmake/husky_baseConfig-version.cmake
[5.233s] -- Symlinking: /home/cairlab/teleop-keyboard-husky-foxy-devel/install/husky_base/share/husky_base/package.xml
[5.247s] Invoked command in '/home/cairlab/teleop-keyboard-husky-foxy-devel/build/husky_base' returned '0': CMAKE_PREFIX_PATH=/home/cairlab/teleop-keyboard-husky-foxy-devel/install/husky_msgs:/home/cairlab/teleop-keyboard-husky-foxy-devel/install/multi_husky_gazebo:/home/cairlab/teleop-keyboard-husky-foxy-devel/install/husky_desktop:/home/cairlab/teleop-keyboard-husky-foxy-devel/install/husky_viz:/home/cairlab/teleop-keyboard-husky-foxy-devel/install/husky_simulator:/home/cairlab/teleop-keyboard-husky-foxy-devel/install/husky_robot:/home/cairlab/teleop-keyboard-husky-foxy-devel/install/husky_bringup:/home/cairlab/teleop-keyboard-husky-foxy-devel/install/husky_base:/home/cairlab/teleop-keyboard-husky-foxy-devel/install/husky_gazebo:/home/cairlab/teleop-keyboard-husky-foxy-devel/install/husky_control:/home/cairlab/teleop-keyboard-husky-foxy-devel/install/husky_description:/home/cairlab/teleop-keyboard-husky-foxy-devel/install/teleop_twist_keyboard:/opt/ros/foxy LD_LIBRARY_PATH=/home/cairlab/teleop-keyboard-husky-foxy-devel/install/husky_msgs/lib:/home/cairlab/teleop-keyboard-husky-foxy-devel/install/husky_base/lib:/usr/lib/x86_64-linux-gnu/gazebo-11/plugins:/opt/ros/foxy/opt/yaml_cpp_vendor/lib:/opt/ros/foxy/opt/rviz_ogre_vendor/lib:/opt/ros/foxy/lib/x86_64-linux-gnu:/opt/ros/foxy/lib PYTHONPATH=/home/cairlab/teleop-keyboard-husky-foxy-devel/install/husky_msgs/lib/python3.8/site-packages:/home/cairlab/teleop-keyboard-husky-foxy-devel/build/teleop_twist_keyboard:/home/cairlab/teleop-keyboard-husky-foxy-devel/install/teleop_twist_keyboard/lib/python3.8/site-packages:/opt/ros/foxy/lib/python3.8/site-packages /usr/bin/cmake --install /home/cairlab/teleop-keyboard-husky-foxy-devel/build/husky_base
