[0.016s] Invoking command in '/home/cairlab/Documents/teleop-keyboard-husky-foxy-devel/src/build/husky_gazebo': AMENT_PREFIX_PATH=/home/cairlab/Documents/teleop-keyboard-husky-foxy-devel/src/install/husky_control:/home/cairlab/Documents/teleop-keyboard-husky-foxy-devel/src/install/husky_description:${AMENT_PREFIX_PATH} CMAKE_PREFIX_PATH=/home/cairlab/Documents/teleop-keyboard-husky-foxy-devel/src/install/husky_control:/home/cairlab/Documents/teleop-keyboard-husky-foxy-devel/src/install/husky_description:/home/cairlab/Documents/husky-foxy-devel/install/husky_desktop:/home/cairlab/Documents/husky-foxy-devel/install/husky_viz:/home/cairlab/Documents/husky-foxy-devel/install/husky_simulator:/home/cairlab/Documents/husky-foxy-devel/install/husky_robot:/home/cairlab/Documents/husky-foxy-devel/install/husky_bringup:/home/cairlab/Documents/husky-foxy-devel/install/husky_base:/home/cairlab/Documents/husky-foxy-devel/install/husky_msgs:/home/cairlab/Documents/husky-foxy-devel/install/husky_gazebo:/home/cairlab/Documents/husky-foxy-devel/install/husky_control:/home/cairlab/Documents/husky-foxy-devel/install/husky_description:/path/to/xacro:/opt/ros/foxy /usr/bin/cmake /home/cairlab/Documents/teleop-keyboard-husky-foxy-devel/src/husky_gazebo -DCMAKE_INSTALL_PREFIX=/home/cairlab/Documents/teleop-keyboard-husky-foxy-devel/src/install/husky_gazebo
[0.062s] -- The C compiler identification is GNU 9.4.0
[0.110s] -- The CXX compiler identification is GNU 9.4.0
[0.114s] -- Check for working C compiler: /usr/bin/cc
[0.172s] -- Check for working C compiler: /usr/bin/cc -- works
[0.173s] -- Detecting C compiler ABI info
[0.231s] -- Detecting C compiler ABI info - done
[0.247s] -- Detecting C compile features
[0.247s] -- Detecting C compile features - done
[0.250s] -- Check for working CXX compiler: /usr/bin/c++
[0.330s] -- Check for working CXX compiler: /usr/bin/c++ -- works
[0.331s] -- Detecting CXX compiler ABI info
[0.405s] -- Detecting CXX compiler ABI info - done
[0.418s] -- Detecting CXX compile features
[0.418s] -- Detecting CXX compile features - done
[0.421s] -- Found ament_cmake: 0.9.12 (/opt/ros/foxy/share/ament_cmake/cmake)
[0.442s] -- Found PythonInterp: /usr/bin/python3 (found suitable version "3.8.10", minimum required is "3") 
[0.442s] -- Using PYTHON_EXECUTABLE: /usr/bin/python3
[0.607s] -- Found urdf: 2.4.0 (/opt/ros/foxy/share/urdf/cmake)
[0.637s] -- Found xacro: 2.0.7 (/opt/ros/foxy/share/xacro/cmake)
[0.701s] -- Configuring done
[0.703s] -- Generating done
[0.704s] -- Build files have been written to: /home/cairlab/Documents/teleop-keyboard-husky-foxy-devel/src/build/husky_gazebo
[0.708s] Invoked command in '/home/cairlab/Documents/teleop-keyboard-husky-foxy-devel/src/build/husky_gazebo' returned '0': AMENT_PREFIX_PATH=/home/cairlab/Documents/teleop-keyboard-husky-foxy-devel/src/install/husky_control:/home/cairlab/Documents/teleop-keyboard-husky-foxy-devel/src/install/husky_description:${AMENT_PREFIX_PATH} CMAKE_PREFIX_PATH=/home/cairlab/Documents/teleop-keyboard-husky-foxy-devel/src/install/husky_control:/home/cairlab/Documents/teleop-keyboard-husky-foxy-devel/src/install/husky_description:/home/cairlab/Documents/husky-foxy-devel/install/husky_desktop:/home/cairlab/Documents/husky-foxy-devel/install/husky_viz:/home/cairlab/Documents/husky-foxy-devel/install/husky_simulator:/home/cairlab/Documents/husky-foxy-devel/install/husky_robot:/home/cairlab/Documents/husky-foxy-devel/install/husky_bringup:/home/cairlab/Documents/husky-foxy-devel/install/husky_base:/home/cairlab/Documents/husky-foxy-devel/install/husky_msgs:/home/cairlab/Documents/husky-foxy-devel/install/husky_gazebo:/home/cairlab/Documents/husky-foxy-devel/install/husky_control:/home/cairlab/Documents/husky-foxy-devel/install/husky_description:/path/to/xacro:/opt/ros/foxy /usr/bin/cmake /home/cairlab/Documents/teleop-keyboard-husky-foxy-devel/src/husky_gazebo -DCMAKE_INSTALL_PREFIX=/home/cairlab/Documents/teleop-keyboard-husky-foxy-devel/src/install/husky_gazebo
[0.711s] Invoking command in '/home/cairlab/Documents/teleop-keyboard-husky-foxy-devel/src/build/husky_gazebo': AMENT_PREFIX_PATH=/home/cairlab/Documents/teleop-keyboard-husky-foxy-devel/src/install/husky_control:/home/cairlab/Documents/teleop-keyboard-husky-foxy-devel/src/install/husky_description:${AMENT_PREFIX_PATH} CMAKE_PREFIX_PATH=/home/cairlab/Documents/teleop-keyboard-husky-foxy-devel/src/install/husky_control:/home/cairlab/Documents/teleop-keyboard-husky-foxy-devel/src/install/husky_description:/home/cairlab/Documents/husky-foxy-devel/install/husky_desktop:/home/cairlab/Documents/husky-foxy-devel/install/husky_viz:/home/cairlab/Documents/husky-foxy-devel/install/husky_simulator:/home/cairlab/Documents/husky-foxy-devel/install/husky_robot:/home/cairlab/Documents/husky-foxy-devel/install/husky_bringup:/home/cairlab/Documents/husky-foxy-devel/install/husky_base:/home/cairlab/Documents/husky-foxy-devel/install/husky_msgs:/home/cairlab/Documents/husky-foxy-devel/install/husky_gazebo:/home/cairlab/Documents/husky-foxy-devel/install/husky_control:/home/cairlab/Documents/husky-foxy-devel/install/husky_description:/path/to/xacro:/opt/ros/foxy /usr/bin/cmake --build /home/cairlab/Documents/teleop-keyboard-husky-foxy-devel/src/build/husky_gazebo -- -j12 -l12
[0.743s] Invoked command in '/home/cairlab/Documents/teleop-keyboard-husky-foxy-devel/src/build/husky_gazebo' returned '0': AMENT_PREFIX_PATH=/home/cairlab/Documents/teleop-keyboard-husky-foxy-devel/src/install/husky_control:/home/cairlab/Documents/teleop-keyboard-husky-foxy-devel/src/install/husky_description:${AMENT_PREFIX_PATH} CMAKE_PREFIX_PATH=/home/cairlab/Documents/teleop-keyboard-husky-foxy-devel/src/install/husky_control:/home/cairlab/Documents/teleop-keyboard-husky-foxy-devel/src/install/husky_description:/home/cairlab/Documents/husky-foxy-devel/install/husky_desktop:/home/cairlab/Documents/husky-foxy-devel/install/husky_viz:/home/cairlab/Documents/husky-foxy-devel/install/husky_simulator:/home/cairlab/Documents/husky-foxy-devel/install/husky_robot:/home/cairlab/Documents/husky-foxy-devel/install/husky_bringup:/home/cairlab/Documents/husky-foxy-devel/install/husky_base:/home/cairlab/Documents/husky-foxy-devel/install/husky_msgs:/home/cairlab/Documents/husky-foxy-devel/install/husky_gazebo:/home/cairlab/Documents/husky-foxy-devel/install/husky_control:/home/cairlab/Documents/husky-foxy-devel/install/husky_description:/path/to/xacro:/opt/ros/foxy /usr/bin/cmake --build /home/cairlab/Documents/teleop-keyboard-husky-foxy-devel/src/build/husky_gazebo -- -j12 -l12
[0.763s] Invoking command in '/home/cairlab/Documents/teleop-keyboard-husky-foxy-devel/src/build/husky_gazebo': AMENT_PREFIX_PATH=/home/cairlab/Documents/teleop-keyboard-husky-foxy-devel/src/install/husky_control:/home/cairlab/Documents/teleop-keyboard-husky-foxy-devel/src/install/husky_description:${AMENT_PREFIX_PATH} CMAKE_PREFIX_PATH=/home/cairlab/Documents/teleop-keyboard-husky-foxy-devel/src/install/husky_control:/home/cairlab/Documents/teleop-keyboard-husky-foxy-devel/src/install/husky_description:/home/cairlab/Documents/husky-foxy-devel/install/husky_desktop:/home/cairlab/Documents/husky-foxy-devel/install/husky_viz:/home/cairlab/Documents/husky-foxy-devel/install/husky_simulator:/home/cairlab/Documents/husky-foxy-devel/install/husky_robot:/home/cairlab/Documents/husky-foxy-devel/install/husky_bringup:/home/cairlab/Documents/husky-foxy-devel/install/husky_base:/home/cairlab/Documents/husky-foxy-devel/install/husky_msgs:/home/cairlab/Documents/husky-foxy-devel/install/husky_gazebo:/home/cairlab/Documents/husky-foxy-devel/install/husky_control:/home/cairlab/Documents/husky-foxy-devel/install/husky_description:/path/to/xacro:/opt/ros/foxy /usr/bin/cmake --install /home/cairlab/Documents/teleop-keyboard-husky-foxy-devel/src/build/husky_gazebo
[0.770s] -- Install configuration: ""
[0.770s] -- Installing: /home/cairlab/Documents/teleop-keyboard-husky-foxy-devel/src/install/husky_gazebo/share/husky_gazebo/launch
[0.770s] -- Installing: /home/cairlab/Documents/teleop-keyboard-husky-foxy-devel/src/install/husky_gazebo/share/husky_gazebo/launch/playpen.launch
[0.770s] -- Installing: /home/cairlab/Documents/teleop-keyboard-husky-foxy-devel/src/install/husky_gazebo/share/husky_gazebo/launch/realsense.launch
[0.770s] -- Installing: /home/cairlab/Documents/teleop-keyboard-husky-foxy-devel/src/install/husky_gazebo/share/husky_gazebo/launch/multi_husky_playpen.launch
[0.770s] -- Installing: /home/cairlab/Documents/teleop-keyboard-husky-foxy-devel/src/install/husky_gazebo/share/husky_gazebo/launch/husky_playpen.launch.py
[0.770s] -- Installing: /home/cairlab/Documents/teleop-keyboard-husky-foxy-devel/src/install/husky_gazebo/share/husky_gazebo/launch/husky_empty_world.launch
[0.771s] -- Installing: /home/cairlab/Documents/teleop-keyboard-husky-foxy-devel/src/install/husky_gazebo/share/husky_gazebo/launch/husky_playpen.launch
[0.771s] -- Installing: /home/cairlab/Documents/teleop-keyboard-husky-foxy-devel/src/install/husky_gazebo/share/husky_gazebo/launch/gazebo.launch.py
[0.771s] -- Installing: /home/cairlab/Documents/teleop-keyboard-husky-foxy-devel/src/install/husky_gazebo/share/husky_gazebo/launch/spawn_husky.launch
[0.771s] -- Installing: /home/cairlab/Documents/teleop-keyboard-husky-foxy-devel/src/install/husky_gazebo/share/husky_gazebo/worlds
[0.771s] -- Installing: /home/cairlab/Documents/teleop-keyboard-husky-foxy-devel/src/install/husky_gazebo/share/husky_gazebo/worlds/clearpath_playpen.world
[0.771s] -- Installing: /home/cairlab/Documents/teleop-keyboard-husky-foxy-devel/src/install/husky_gazebo/share/ament_index/resource_index/package_run_dependencies/husky_gazebo
[0.771s] -- Installing: /home/cairlab/Documents/teleop-keyboard-husky-foxy-devel/src/install/husky_gazebo/share/ament_index/resource_index/parent_prefix_path/husky_gazebo
[0.771s] -- Installing: /home/cairlab/Documents/teleop-keyboard-husky-foxy-devel/src/install/husky_gazebo/share/husky_gazebo/environment/ament_prefix_path.sh
[0.771s] -- Installing: /home/cairlab/Documents/teleop-keyboard-husky-foxy-devel/src/install/husky_gazebo/share/husky_gazebo/environment/ament_prefix_path.dsv
[0.771s] -- Installing: /home/cairlab/Documents/teleop-keyboard-husky-foxy-devel/src/install/husky_gazebo/share/husky_gazebo/environment/path.sh
[0.771s] -- Installing: /home/cairlab/Documents/teleop-keyboard-husky-foxy-devel/src/install/husky_gazebo/share/husky_gazebo/environment/path.dsv
[0.771s] -- Installing: /home/cairlab/Documents/teleop-keyboard-husky-foxy-devel/src/install/husky_gazebo/share/husky_gazebo/local_setup.bash
[0.772s] -- Installing: /home/cairlab/Documents/teleop-keyboard-husky-foxy-devel/src/install/husky_gazebo/share/husky_gazebo/local_setup.sh
[0.772s] -- Installing: /home/cairlab/Documents/teleop-keyboard-husky-foxy-devel/src/install/husky_gazebo/share/husky_gazebo/local_setup.zsh
[0.772s] -- Installing: /home/cairlab/Documents/teleop-keyboard-husky-foxy-devel/src/install/husky_gazebo/share/husky_gazebo/local_setup.dsv
[0.772s] -- Installing: /home/cairlab/Documents/teleop-keyboard-husky-foxy-devel/src/install/husky_gazebo/share/husky_gazebo/package.dsv
[0.772s] -- Installing: /home/cairlab/Documents/teleop-keyboard-husky-foxy-devel/src/install/husky_gazebo/share/ament_index/resource_index/packages/husky_gazebo
[0.772s] -- Installing: /home/cairlab/Documents/teleop-keyboard-husky-foxy-devel/src/install/husky_gazebo/share/husky_gazebo/cmake/husky_gazeboConfig.cmake
[0.772s] -- Installing: /home/cairlab/Documents/teleop-keyboard-husky-foxy-devel/src/install/husky_gazebo/share/husky_gazebo/cmake/husky_gazeboConfig-version.cmake
[0.772s] -- Installing: /home/cairlab/Documents/teleop-keyboard-husky-foxy-devel/src/install/husky_gazebo/share/husky_gazebo/package.xml
[0.779s] Invoked command in '/home/cairlab/Documents/teleop-keyboard-husky-foxy-devel/src/build/husky_gazebo' returned '0': AMENT_PREFIX_PATH=/home/cairlab/Documents/teleop-keyboard-husky-foxy-devel/src/install/husky_control:/home/cairlab/Documents/teleop-keyboard-husky-foxy-devel/src/install/husky_description:${AMENT_PREFIX_PATH} CMAKE_PREFIX_PATH=/home/cairlab/Documents/teleop-keyboard-husky-foxy-devel/src/install/husky_control:/home/cairlab/Documents/teleop-keyboard-husky-foxy-devel/src/install/husky_description:/home/cairlab/Documents/husky-foxy-devel/install/husky_desktop:/home/cairlab/Documents/husky-foxy-devel/install/husky_viz:/home/cairlab/Documents/husky-foxy-devel/install/husky_simulator:/home/cairlab/Documents/husky-foxy-devel/install/husky_robot:/home/cairlab/Documents/husky-foxy-devel/install/husky_bringup:/home/cairlab/Documents/husky-foxy-devel/install/husky_base:/home/cairlab/Documents/husky-foxy-devel/install/husky_msgs:/home/cairlab/Documents/husky-foxy-devel/install/husky_gazebo:/home/cairlab/Documents/husky-foxy-devel/install/husky_control:/home/cairlab/Documents/husky-foxy-devel/install/husky_description:/path/to/xacro:/opt/ros/foxy /usr/bin/cmake --install /home/cairlab/Documents/teleop-keyboard-husky-foxy-devel/src/build/husky_gazebo
