[0.549s] Invoking command in '/home/cairlab/teleop-keyboard-husky-foxy-devel/build/teleop_twist_keyboard': PYTHONPATH=/home/cairlab/teleop-keyboard-husky-foxy-devel/build/teleop_twist_keyboard/prefix_override:/home/cairlab/teleop-keyboard-husky-foxy-devel/install/teleop_twist_keyboard/lib/python3.8/site-packages:${PYTHONPATH} /usr/bin/python3 setup.py develop --editable --build-directory /home/cairlab/teleop-keyboard-husky-foxy-devel/build/teleop_twist_keyboard/build --no-deps install_data
[0.733s] running develop
[0.836s] running egg_info
[0.836s] creating teleop_twist_keyboard.egg-info
[0.836s] writing teleop_twist_keyboard.egg-info/PKG-INFO
[0.837s] writing dependency_links to teleop_twist_keyboard.egg-info/dependency_links.txt
[0.837s] writing entry points to teleop_twist_keyboard.egg-info/entry_points.txt
[0.837s] writing requirements to teleop_twist_keyboard.egg-info/requires.txt
[0.837s] writing top-level names to teleop_twist_keyboard.egg-info/top_level.txt
[0.837s] writing manifest file 'teleop_twist_keyboard.egg-info/SOURCES.txt'
[0.862s] reading manifest file 'teleop_twist_keyboard.egg-info/SOURCES.txt'
[0.862s] writing manifest file 'teleop_twist_keyboard.egg-info/SOURCES.txt'
[0.891s] running build_ext
[0.891s] Creating /home/cairlab/teleop-keyboard-husky-foxy-devel/install/teleop_twist_keyboard/lib/python3.8/site-packages/site.py
[0.893s] Creating /home/cairlab/teleop-keyboard-husky-foxy-devel/install/teleop_twist_keyboard/lib/python3.8/site-packages/teleop-twist-keyboard.egg-link (link to .)
[0.893s] Installing teleop_twist_keyboard script to /home/cairlab/teleop-keyboard-husky-foxy-devel/install/teleop_twist_keyboard/lib/teleop_twist_keyboard
[0.894s] 
[0.894s] Installed /home/cairlab/teleop-keyboard-husky-foxy-devel/build/teleop_twist_keyboard
[0.894s] running install_data
[0.894s] creating /home/cairlab/teleop-keyboard-husky-foxy-devel/install/teleop_twist_keyboard/share/ament_index
[0.894s] creating /home/cairlab/teleop-keyboard-husky-foxy-devel/install/teleop_twist_keyboard/share/ament_index/resource_index
[0.894s] creating /home/cairlab/teleop-keyboard-husky-foxy-devel/install/teleop_twist_keyboard/share/ament_index/resource_index/packages
[0.894s] copying resource/teleop_twist_keyboard -> /home/cairlab/teleop-keyboard-husky-foxy-devel/install/teleop_twist_keyboard/share/ament_index/resource_index/packages
[0.894s] copying package.xml -> /home/cairlab/teleop-keyboard-husky-foxy-devel/install/teleop_twist_keyboard/share/teleop_twist_keyboard
[0.923s] Invoked command in '/home/cairlab/teleop-keyboard-husky-foxy-devel/build/teleop_twist_keyboard' returned '0': PYTHONPATH=/home/cairlab/teleop-keyboard-husky-foxy-devel/build/teleop_twist_keyboard/prefix_override:/home/cairlab/teleop-keyboard-husky-foxy-devel/install/teleop_twist_keyboard/lib/python3.8/site-packages:${PYTHONPATH} /usr/bin/python3 setup.py develop --editable --build-directory /home/cairlab/teleop-keyboard-husky-foxy-devel/build/teleop_twist_keyboard/build --no-deps install_data
