[0.115s] Invoking command in '/home/cairlab/teleop-keyboard-husky-foxy-devel/build/husky_viz': AMENT_PREFIX_PATH=/home/cairlab/teleop-keyboard-husky-foxy-devel/install/husky_description:${AMENT_PREFIX_PATH} CMAKE_PREFIX_PATH=/home/cairlab/teleop-keyboard-husky-foxy-devel/install/husky_description:/opt/ros/foxy /usr/bin/cmake --build /home/cairlab/teleop-keyboard-husky-foxy-devel/build/husky_viz -- -j12 -l12
[0.186s] Invoked command in '/home/cairlab/teleop-keyboard-husky-foxy-devel/build/husky_viz' returned '0': AMENT_PREFIX_PATH=/home/cairlab/teleop-keyboard-husky-foxy-devel/install/husky_description:${AMENT_PREFIX_PATH} CMAKE_PREFIX_PATH=/home/cairlab/teleop-keyboard-husky-foxy-devel/install/husky_description:/opt/ros/foxy /usr/bin/cmake --build /home/cairlab/teleop-keyboard-husky-foxy-devel/build/husky_viz -- -j12 -l12
[0.218s] Invoking command in '/home/cairlab/teleop-keyboard-husky-foxy-devel/build/husky_viz': AMENT_PREFIX_PATH=/home/cairlab/teleop-keyboard-husky-foxy-devel/install/husky_description:${AMENT_PREFIX_PATH} CMAKE_PREFIX_PATH=/home/cairlab/teleop-keyboard-husky-foxy-devel/install/husky_description:/opt/ros/foxy /usr/bin/cmake --install /home/cairlab/teleop-keyboard-husky-foxy-devel/build/husky_viz
[0.231s] -- Install configuration: ""
[0.232s] -- Execute custom install script
[0.235s] -- Up-to-date symlink: /home/cairlab/teleop-keyboard-husky-foxy-devel/install/husky_viz/share/husky_viz/launch/view_model.launch
[0.236s] -- Up-to-date symlink: /home/cairlab/teleop-keyboard-husky-foxy-devel/install/husky_viz/share/husky_viz/launch/view_model.launch.py
[0.236s] -- Up-to-date symlink: /home/cairlab/teleop-keyboard-husky-foxy-devel/install/husky_viz/share/husky_viz/launch/view_robot.launch
[0.236s] -- Up-to-date symlink: /home/cairlab/teleop-keyboard-husky-foxy-devel/install/husky_viz/share/husky_viz/launch/view_robot.launch.py
[0.237s] -- Up-to-date symlink: /home/cairlab/teleop-keyboard-husky-foxy-devel/install/husky_viz/share/husky_viz/rviz/model.rviz
[0.237s] -- Up-to-date symlink: /home/cairlab/teleop-keyboard-husky-foxy-devel/install/husky_viz/share/husky_viz/rviz/robot.rviz
[0.237s] -- Up-to-date symlink: /home/cairlab/teleop-keyboard-husky-foxy-devel/install/husky_viz/share/husky_viz/rviz/test.rviz
[0.238s] -- Up-to-date symlink: /home/cairlab/teleop-keyboard-husky-foxy-devel/install/husky_viz/share/ament_index/resource_index/package_run_dependencies/husky_viz
[0.239s] -- Up-to-date symlink: /home/cairlab/teleop-keyboard-husky-foxy-devel/install/husky_viz/share/ament_index/resource_index/parent_prefix_path/husky_viz
[0.239s] -- Up-to-date symlink: /home/cairlab/teleop-keyboard-husky-foxy-devel/install/husky_viz/share/husky_viz/environment/ament_prefix_path.sh
[0.239s] -- Up-to-date symlink: /home/cairlab/teleop-keyboard-husky-foxy-devel/install/husky_viz/share/husky_viz/environment/ament_prefix_path.dsv
[0.239s] -- Up-to-date symlink: /home/cairlab/teleop-keyboard-husky-foxy-devel/install/husky_viz/share/husky_viz/environment/path.sh
[0.240s] -- Up-to-date symlink: /home/cairlab/teleop-keyboard-husky-foxy-devel/install/husky_viz/share/husky_viz/environment/path.dsv
[0.240s] -- Up-to-date symlink: /home/cairlab/teleop-keyboard-husky-foxy-devel/install/husky_viz/share/husky_viz/local_setup.bash
[0.240s] -- Up-to-date symlink: /home/cairlab/teleop-keyboard-husky-foxy-devel/install/husky_viz/share/husky_viz/local_setup.sh
[0.241s] -- Up-to-date symlink: /home/cairlab/teleop-keyboard-husky-foxy-devel/install/husky_viz/share/husky_viz/local_setup.zsh
[0.241s] -- Up-to-date symlink: /home/cairlab/teleop-keyboard-husky-foxy-devel/install/husky_viz/share/husky_viz/local_setup.dsv
[0.242s] -- Symlinking: /home/cairlab/teleop-keyboard-husky-foxy-devel/install/husky_viz/share/husky_viz/package.dsv
[0.261s] -- Up-to-date symlink: /home/cairlab/teleop-keyboard-husky-foxy-devel/install/husky_viz/share/ament_index/resource_index/packages/husky_viz
[0.267s] -- Up-to-date symlink: /home/cairlab/teleop-keyboard-husky-foxy-devel/install/husky_viz/share/husky_viz/cmake/husky_vizConfig.cmake
[0.273s] -- Up-to-date symlink: /home/cairlab/teleop-keyboard-husky-foxy-devel/install/husky_viz/share/husky_viz/cmake/husky_vizConfig-version.cmake
[0.273s] -- Up-to-date symlink: /home/cairlab/teleop-keyboard-husky-foxy-devel/install/husky_viz/share/husky_viz/package.xml
[0.314s] Invoked command in '/home/cairlab/teleop-keyboard-husky-foxy-devel/build/husky_viz' returned '0': AMENT_PREFIX_PATH=/home/cairlab/teleop-keyboard-husky-foxy-devel/install/husky_description:${AMENT_PREFIX_PATH} CMAKE_PREFIX_PATH=/home/cairlab/teleop-keyboard-husky-foxy-devel/install/husky_description:/opt/ros/foxy /usr/bin/cmake --install /home/cairlab/teleop-keyboard-husky-foxy-devel/build/husky_viz
