[0.056s] Invoking command in '/home/cairlab/Documents/teleop-keyboard-husky-foxy-devel/src/build/husky_description': CMAKE_PREFIX_PATH=${CMAKE_PREFIX_PATH}:/opt/ros/foxy /usr/bin/cmake /home/cairlab/Documents/teleop-keyboard-husky-foxy-devel/src/husky_description -DCMAKE_INSTALL_PREFIX=/home/cairlab/Documents/teleop-keyboard-husky-foxy-devel/src/install/husky_description
[0.116s] -- The C compiler identification is GNU 9.4.0
[0.162s] -- The CXX compiler identification is GNU 9.4.0
[0.166s] -- Check for working C compiler: /usr/bin/cc
[0.222s] -- Check for working C compiler: /usr/bin/cc -- works
[0.223s] -- Detecting C compiler ABI info
[0.280s] -- Detecting C compiler ABI info - done
[0.289s] -- Detecting C compile features
[0.289s] -- Detecting C compile features - done
[0.291s] -- Check for working CXX compiler: /usr/bin/c++
[0.356s] -- Check for working CXX compiler: /usr/bin/c++ -- works
[0.357s] -- Detecting CXX compiler ABI info
[0.422s] -- Detecting CXX compiler ABI info - done
[0.432s] -- Detecting CXX compile features
[0.432s] -- Detecting CXX compile features - done
[0.435s] -- Found ament_cmake: 0.9.12 (/opt/ros/foxy/share/ament_cmake/cmake)
[0.455s] -- Found PythonInterp: /usr/bin/python3 (found suitable version "3.8.10", minimum required is "3") 
[0.455s] -- Using PYTHON_EXECUTABLE: /usr/bin/python3
[0.615s] -- Found urdf: 2.4.0 (/opt/ros/foxy/share/urdf/cmake)
[0.703s] -- Configuring done
[0.704s] -- Generating done
[0.705s] -- Build files have been written to: /home/cairlab/Documents/teleop-keyboard-husky-foxy-devel/src/build/husky_description
[0.711s] Invoked command in '/home/cairlab/Documents/teleop-keyboard-husky-foxy-devel/src/build/husky_description' returned '0': CMAKE_PREFIX_PATH=${CMAKE_PREFIX_PATH}:/opt/ros/foxy /usr/bin/cmake /home/cairlab/Documents/teleop-keyboard-husky-foxy-devel/src/husky_description -DCMAKE_INSTALL_PREFIX=/home/cairlab/Documents/teleop-keyboard-husky-foxy-devel/src/install/husky_description
[0.712s] Invoking command in '/home/cairlab/Documents/teleop-keyboard-husky-foxy-devel/src/build/husky_description': CMAKE_PREFIX_PATH=${CMAKE_PREFIX_PATH}:/opt/ros/foxy /usr/bin/cmake --build /home/cairlab/Documents/teleop-keyboard-husky-foxy-devel/src/build/husky_description -- -j12 -l12
[0.744s] Invoked command in '/home/cairlab/Documents/teleop-keyboard-husky-foxy-devel/src/build/husky_description' returned '0': CMAKE_PREFIX_PATH=${CMAKE_PREFIX_PATH}:/opt/ros/foxy /usr/bin/cmake --build /home/cairlab/Documents/teleop-keyboard-husky-foxy-devel/src/build/husky_description -- -j12 -l12
[0.774s] Invoking command in '/home/cairlab/Documents/teleop-keyboard-husky-foxy-devel/src/build/husky_description': CMAKE_PREFIX_PATH=${CMAKE_PREFIX_PATH}:/opt/ros/foxy /usr/bin/cmake --install /home/cairlab/Documents/teleop-keyboard-husky-foxy-devel/src/build/husky_description
[0.782s] -- Install configuration: ""
[0.782s] -- Installing: /home/cairlab/Documents/teleop-keyboard-husky-foxy-devel/src/install/husky_description/share/husky_description/launch
[0.785s] -- Installing: /home/cairlab/Documents/teleop-keyboard-husky-foxy-devel/src/install/husky_description/share/husky_description/launch/description.launch.py
[0.785s] -- Installing: /home/cairlab/Documents/teleop-keyboard-husky-foxy-devel/src/install/husky_description/share/husky_description/launch/description.launch
[0.785s] -- Installing: /home/cairlab/Documents/teleop-keyboard-husky-foxy-devel/src/install/husky_description/share/husky_description/meshes
[0.786s] -- Installing: /home/cairlab/Documents/teleop-keyboard-husky-foxy-devel/src/install/husky_description/share/husky_description/meshes/user_rail.dae
[0.786s] -- Installing: /home/cairlab/Documents/teleop-keyboard-husky-foxy-devel/src/install/husky_description/share/husky_description/meshes/accessories
[0.786s] -- Installing: /home/cairlab/Documents/teleop-keyboard-husky-foxy-devel/src/install/husky_description/share/husky_description/meshes/accessories/lms1xx_mount.dae
[0.786s] -- Installing: /home/cairlab/Documents/teleop-keyboard-husky-foxy-devel/src/install/husky_description/share/husky_description/meshes/accessories/300_mm_sensor_arch.stl
[0.787s] -- Installing: /home/cairlab/Documents/teleop-keyboard-husky-foxy-devel/src/install/husky_description/share/husky_description/meshes/accessories/300_mm_sensor_arch.dae
[0.789s] -- Installing: /home/cairlab/Documents/teleop-keyboard-husky-foxy-devel/src/install/husky_description/share/husky_description/meshes/accessories/lidar_mount.stl
[0.789s] -- Installing: /home/cairlab/Documents/teleop-keyboard-husky-foxy-devel/src/install/husky_description/share/husky_description/meshes/accessories/lms1xx_mount.stl
[0.789s] -- Installing: /home/cairlab/Documents/teleop-keyboard-husky-foxy-devel/src/install/husky_description/share/husky_description/meshes/accessories/510_mm_sensor_arch.dae
[0.789s] -- Installing: /home/cairlab/Documents/teleop-keyboard-husky-foxy-devel/src/install/husky_description/share/husky_description/meshes/accessories/510_mm_sensor_arch.stl
[0.789s] -- Installing: /home/cairlab/Documents/teleop-keyboard-husky-foxy-devel/src/install/husky_description/share/husky_description/meshes/bumper.dae
[0.790s] -- Installing: /home/cairlab/Documents/teleop-keyboard-husky-foxy-devel/src/install/husky_description/share/husky_description/meshes/top_chassis.stl
[0.790s] -- Installing: /home/cairlab/Documents/teleop-keyboard-husky-foxy-devel/src/install/husky_description/share/husky_description/meshes/bumper_extension.dae
[0.790s] -- Installing: /home/cairlab/Documents/teleop-keyboard-husky-foxy-devel/src/install/husky_description/share/husky_description/meshes/top_plate.dae
[0.792s] -- Installing: /home/cairlab/Documents/teleop-keyboard-husky-foxy-devel/src/install/husky_description/share/husky_description/meshes/large_top_plate_collision.stl
[0.792s] -- Installing: /home/cairlab/Documents/teleop-keyboard-husky-foxy-devel/src/install/husky_description/share/husky_description/meshes/base_link.dae
[0.793s] -- Installing: /home/cairlab/Documents/teleop-keyboard-husky-foxy-devel/src/install/husky_description/share/husky_description/meshes/top_chassis.dae
[0.794s] -- Installing: /home/cairlab/Documents/teleop-keyboard-husky-foxy-devel/src/install/husky_description/share/husky_description/meshes/wheel.dae
[0.795s] -- Installing: /home/cairlab/Documents/teleop-keyboard-husky-foxy-devel/src/install/husky_description/share/husky_description/meshes/wheel.stl
[0.797s] -- Installing: /home/cairlab/Documents/teleop-keyboard-husky-foxy-devel/src/install/husky_description/share/husky_description/meshes/top_plate.stl
[0.798s] -- Installing: /home/cairlab/Documents/teleop-keyboard-husky-foxy-devel/src/install/husky_description/share/husky_description/meshes/large_top_plate.dae
[0.798s] -- Installing: /home/cairlab/Documents/teleop-keyboard-husky-foxy-devel/src/install/husky_description/share/husky_description/meshes/user_rail.stl
[0.798s] -- Installing: /home/cairlab/Documents/teleop-keyboard-husky-foxy-devel/src/install/husky_description/share/husky_description/meshes/base_link.stl
[0.798s] -- Installing: /home/cairlab/Documents/teleop-keyboard-husky-foxy-devel/src/install/husky_description/share/husky_description/urdf
[0.798s] -- Installing: /home/cairlab/Documents/teleop-keyboard-husky-foxy-devel/src/install/husky_description/share/husky_description/urdf/accessories
[0.799s] -- Installing: /home/cairlab/Documents/teleop-keyboard-husky-foxy-devel/src/install/husky_description/share/husky_description/urdf/accessories/sensor_arch.urdf.xacro
[0.799s] -- Installing: /home/cairlab/Documents/teleop-keyboard-husky-foxy-devel/src/install/husky_description/share/husky_description/urdf/accessories/sick_lms1xx_mount.urdf.xacro
[0.799s] -- Installing: /home/cairlab/Documents/teleop-keyboard-husky-foxy-devel/src/install/husky_description/share/husky_description/urdf/accessories/intel_realsense.urdf.xacro
[0.799s] -- Installing: /home/cairlab/Documents/teleop-keyboard-husky-foxy-devel/src/install/husky_description/share/husky_description/urdf/husky_macro.urdf.xacro
[0.799s] -- Installing: /home/cairlab/Documents/teleop-keyboard-husky-foxy-devel/src/install/husky_description/share/husky_description/urdf/husky.urdf.xacro
[0.799s] -- Installing: /home/cairlab/Documents/teleop-keyboard-husky-foxy-devel/src/install/husky_description/share/husky_description/urdf/wheel.urdf.xacro
[0.800s] -- Installing: /home/cairlab/Documents/teleop-keyboard-husky-foxy-devel/src/install/husky_description/share/husky_description/urdf/empty.urdf
[0.800s] -- Installing: /home/cairlab/Documents/teleop-keyboard-husky-foxy-devel/src/install/husky_description/share/husky_description/urdf/decorations.urdf.xacro
[0.800s] -- Installing: /home/cairlab/Documents/teleop-keyboard-husky-foxy-devel/src/install/husky_description/share/ament_index/resource_index/package_run_dependencies/husky_description
[0.800s] -- Installing: /home/cairlab/Documents/teleop-keyboard-husky-foxy-devel/src/install/husky_description/share/ament_index/resource_index/parent_prefix_path/husky_description
[0.800s] -- Installing: /home/cairlab/Documents/teleop-keyboard-husky-foxy-devel/src/install/husky_description/share/husky_description/environment/ament_prefix_path.sh
[0.800s] -- Installing: /home/cairlab/Documents/teleop-keyboard-husky-foxy-devel/src/install/husky_description/share/husky_description/environment/ament_prefix_path.dsv
[0.800s] -- Installing: /home/cairlab/Documents/teleop-keyboard-husky-foxy-devel/src/install/husky_description/share/husky_description/environment/path.sh
[0.801s] -- Installing: /home/cairlab/Documents/teleop-keyboard-husky-foxy-devel/src/install/husky_description/share/husky_description/environment/path.dsv
[0.801s] -- Installing: /home/cairlab/Documents/teleop-keyboard-husky-foxy-devel/src/install/husky_description/share/husky_description/local_setup.bash
[0.801s] -- Installing: /home/cairlab/Documents/teleop-keyboard-husky-foxy-devel/src/install/husky_description/share/husky_description/local_setup.sh
[0.802s] -- Installing: /home/cairlab/Documents/teleop-keyboard-husky-foxy-devel/src/install/husky_description/share/husky_description/local_setup.zsh
[0.802s] -- Installing: /home/cairlab/Documents/teleop-keyboard-husky-foxy-devel/src/install/husky_description/share/husky_description/local_setup.dsv
[0.808s] -- Installing: /home/cairlab/Documents/teleop-keyboard-husky-foxy-devel/src/install/husky_description/share/husky_description/package.dsv
[0.808s] -- Installing: /home/cairlab/Documents/teleop-keyboard-husky-foxy-devel/src/install/husky_description/share/ament_index/resource_index/packages/husky_description
[0.809s] -- Installing: /home/cairlab/Documents/teleop-keyboard-husky-foxy-devel/src/install/husky_description/share/husky_description/cmake/ament_cmake_export_dependencies-extras.cmake
[0.809s] -- Installing: /home/cairlab/Documents/teleop-keyboard-husky-foxy-devel/src/install/husky_description/share/husky_description/cmake/husky_descriptionConfig.cmake
[0.809s] -- Installing: /home/cairlab/Documents/teleop-keyboard-husky-foxy-devel/src/install/husky_description/share/husky_description/cmake/husky_descriptionConfig-version.cmake
[0.809s] -- Installing: /home/cairlab/Documents/teleop-keyboard-husky-foxy-devel/src/install/husky_description/share/husky_description/package.xml
[0.826s] Invoked command in '/home/cairlab/Documents/teleop-keyboard-husky-foxy-devel/src/build/husky_description' returned '0': CMAKE_PREFIX_PATH=${CMAKE_PREFIX_PATH}:/opt/ros/foxy /usr/bin/cmake --install /home/cairlab/Documents/teleop-keyboard-husky-foxy-devel/src/build/husky_description
